<?xml version="1.0" encoding="UTF-8"?>
<testsuites name="jest tests" tests="207" failures="139" errors="0" time="14.485">
  <testsuite name="TranscriptionCache" errors="0" failures="10" skipped="0" timestamp="2025-06-14T02:35:57" time="0.492" tests="11">
    <testcase classname="TranscriptionCache Audio Hash Generation should generate consistent hashes for identical audio" name="TranscriptionCache Audio Hash Generation should generate consistent hashes for identical audio" time="0.01">
      <failure>TypeError: Cannot read properties of undefined (reading &apos;digest&apos;)
    at digest (/Users/mike/Plate-Restaurant-System-App/lib/modassembly/openai/transcription-cache.ts:442:42)
    at processTicksAndRejections (node:internal/process/task_queues:105:5)
    at Object.&lt;anonymous&gt; (/Users/mike/Plate-Restaurant-System-App/__tests__/unit/lib/voice-ordering/transcription-cache.test.ts:86:21)</failure>
    </testcase>
    <testcase classname="TranscriptionCache Audio Hash Generation should generate different hashes for different audio" name="TranscriptionCache Audio Hash Generation should generate different hashes for different audio" time="0.002">
      <failure>TypeError: Cannot read properties of undefined (reading &apos;digest&apos;)
    at digest (/Users/mike/Plate-Restaurant-System-App/lib/modassembly/openai/transcription-cache.ts:442:42)
    at processTicksAndRejections (node:internal/process/task_queues:105:5)
    at Object.&lt;anonymous&gt; (/Users/mike/Plate-Restaurant-System-App/__tests__/unit/lib/voice-ordering/transcription-cache.test.ts:99:21)</failure>
    </testcase>
    <testcase classname="TranscriptionCache Cache Operations should store and retrieve cached transcriptions" name="TranscriptionCache Cache Operations should store and retrieve cached transcriptions" time="0">
      <failure>TypeError: Cannot read properties of undefined (reading &apos;digest&apos;)
    at digest (/Users/mike/Plate-Restaurant-System-App/lib/modassembly/openai/transcription-cache.ts:442:42)
    at processTicksAndRejections (node:internal/process/task_queues:105:5)
    at Object.&lt;anonymous&gt; (/Users/mike/Plate-Restaurant-System-App/__tests__/unit/lib/voice-ordering/transcription-cache.test.ts:114:25)</failure>
    </testcase>
    <testcase classname="TranscriptionCache Cache Operations should not cache low confidence transcriptions" name="TranscriptionCache Cache Operations should not cache low confidence transcriptions" time="0">
      <failure>TypeError: Cannot read properties of undefined (reading &apos;digest&apos;)
    at digest (/Users/mike/Plate-Restaurant-System-App/lib/modassembly/openai/transcription-cache.ts:442:42)
    at processTicksAndRejections (node:internal/process/task_queues:105:5)
    at Object.&lt;anonymous&gt; (/Users/mike/Plate-Restaurant-System-App/__tests__/unit/lib/voice-ordering/transcription-cache.test.ts:133:25)</failure>
    </testcase>
    <testcase classname="TranscriptionCache Cache Operations should update usage statistics on cache hits" name="TranscriptionCache Cache Operations should update usage statistics on cache hits" time="0">
      <failure>TypeError: Cannot read properties of undefined (reading &apos;digest&apos;)
    at digest (/Users/mike/Plate-Restaurant-System-App/lib/modassembly/openai/transcription-cache.ts:442:42)
    at processTicksAndRejections (node:internal/process/task_queues:105:5)
    at Object.&lt;anonymous&gt; (/Users/mike/Plate-Restaurant-System-App/__tests__/unit/lib/voice-ordering/transcription-cache.test.ts:143:25)</failure>
    </testcase>
    <testcase classname="TranscriptionCache Similarity Matching should find similar audio files" name="TranscriptionCache Similarity Matching should find similar audio files" time="0.001">
      <failure>TypeError: Cannot read properties of undefined (reading &apos;digest&apos;)
    at digest (/Users/mike/Plate-Restaurant-System-App/lib/modassembly/openai/transcription-cache.ts:442:42)
    at processTicksAndRejections (node:internal/process/task_queues:105:5)
    at Object.&lt;anonymous&gt; (/Users/mike/Plate-Restaurant-System-App/__tests__/unit/lib/voice-ordering/transcription-cache.test.ts:167:21)</failure>
    </testcase>
    <testcase classname="TranscriptionCache Cache Statistics should provide accurate cache statistics" name="TranscriptionCache Cache Statistics should provide accurate cache statistics" time="0">
      <failure>TypeError: Cannot read properties of undefined (reading &apos;digest&apos;)
    at digest (/Users/mike/Plate-Restaurant-System-App/lib/modassembly/openai/transcription-cache.ts:442:42)
    at processTicksAndRejections (node:internal/process/task_queues:105:5)
    at Object.&lt;anonymous&gt; (/Users/mike/Plate-Restaurant-System-App/__tests__/unit/lib/voice-ordering/transcription-cache.test.ts:189:22)</failure>
    </testcase>
    <testcase classname="TranscriptionCache Cache Performance should achieve target cache hit rate &gt;85%" name="TranscriptionCache Cache Performance should achieve target cache hit rate &gt;85%" time="0.001">
      <failure>TypeError: Cannot read properties of undefined (reading &apos;digest&apos;)
    at digest (/Users/mike/Plate-Restaurant-System-App/lib/modassembly/openai/transcription-cache.ts:442:42)
    at processTicksAndRejections (node:internal/process/task_queues:105:5)
    at Object.&lt;anonymous&gt; (/Users/mike/Plate-Restaurant-System-App/__tests__/unit/lib/voice-ordering/transcription-cache.test.ts:216:22)</failure>
    </testcase>
    <testcase classname="TranscriptionCache Cache Performance should have fast cache lookup times" name="TranscriptionCache Cache Performance should have fast cache lookup times" time="0.001">
      <failure>TypeError: Cannot read properties of undefined (reading &apos;digest&apos;)
    at digest (/Users/mike/Plate-Restaurant-System-App/lib/modassembly/openai/transcription-cache.ts:442:42)
    at processTicksAndRejections (node:internal/process/task_queues:105:5)
    at Object.&lt;anonymous&gt; (/Users/mike/Plate-Restaurant-System-App/__tests__/unit/lib/voice-ordering/transcription-cache.test.ts:252:20)</failure>
    </testcase>
    <testcase classname="TranscriptionCache Cost Efficiency should calculate cost savings correctly" name="TranscriptionCache Cost Efficiency should calculate cost savings correctly" time="0">
      <failure>TypeError: Cannot read properties of undefined (reading &apos;digest&apos;)
    at digest (/Users/mike/Plate-Restaurant-System-App/lib/modassembly/openai/transcription-cache.ts:442:42)
    at processTicksAndRejections (node:internal/process/task_queues:105:5)
    at Object.&lt;anonymous&gt; (/Users/mike/Plate-Restaurant-System-App/__tests__/unit/lib/voice-ordering/transcription-cache.test.ts:272:20)</failure>
    </testcase>
    <testcase classname="TranscriptionCache Cost Efficiency should estimate cache value correctly" name="TranscriptionCache Cost Efficiency should estimate cache value correctly" time="0.003">
    </testcase>
  </testsuite>
  <testsuite name="Order Suggestions" errors="0" failures="13" skipped="0" timestamp="2025-06-14T02:35:57" time="0.691" tests="23">
    <testcase classname="Order Suggestions getOrderSuggestions returns empty array when no userId provided" name="Order Suggestions getOrderSuggestions returns empty array when no userId provided" time="0.019">
    </testcase>
    <testcase classname="Order Suggestions getOrderSuggestions returns empty array when no orders found" name="Order Suggestions getOrderSuggestions returns empty array when no orders found" time="0.005">
    </testcase>
    <testcase classname="Order Suggestions getOrderSuggestions returns empty array when orders data is null" name="Order Suggestions getOrderSuggestions returns empty array when orders data is null" time="0.001">
    </testcase>
    <testcase classname="Order Suggestions getOrderSuggestions groups identical order combinations and counts frequency" name="Order Suggestions getOrderSuggestions groups identical order combinations and counts frequency" time="0.002">
      <failure>Error: expect(received).toHaveLength(expected)

Expected length: 3
Received length: 0
Received array:  []
    at Object.toHaveLength (/Users/mike/Plate-Restaurant-System-App/__tests__/unit/lib/modassembly/supabase/database/suggestions.test.ts:69:22)
    at processTicksAndRejections (node:internal/process/task_queues:105:5)</failure>
    </testcase>
    <testcase classname="Order Suggestions getOrderSuggestions sorts items within each suggestion consistently" name="Order Suggestions getOrderSuggestions sorts items within each suggestion consistently" time="0.001">
      <failure>Error: expect(received).toHaveLength(expected)

Expected length: 1
Received length: 0
Received array:  []
    at Object.toHaveLength (/Users/mike/Plate-Restaurant-System-App/__tests__/unit/lib/modassembly/supabase/database/suggestions.test.ts:102:22)
    at processTicksAndRejections (node:internal/process/task_queues:105:5)</failure>
    </testcase>
    <testcase classname="Order Suggestions getOrderSuggestions filters out invalid order items" name="Order Suggestions getOrderSuggestions filters out invalid order items" time="0.001">
      <failure>Error: expect(received).toHaveLength(expected)

Expected length: 1
Received length: 0
Received array:  []
    at Object.toHaveLength (/Users/mike/Plate-Restaurant-System-App/__tests__/unit/lib/modassembly/supabase/database/suggestions.test.ts:122:22)
    at processTicksAndRejections (node:internal/process/task_queues:105:5)</failure>
    </testcase>
    <testcase classname="Order Suggestions getOrderSuggestions respects the limit parameter" name="Order Suggestions getOrderSuggestions respects the limit parameter" time="0.001">
      <failure>Error: expect(received).toHaveLength(expected)

Expected length: 2
Received length: 0
Received array:  []
    at Object.toHaveLength (/Users/mike/Plate-Restaurant-System-App/__tests__/unit/lib/modassembly/supabase/database/suggestions.test.ts:132:22)
    at processTicksAndRejections (node:internal/process/task_queues:105:5)</failure>
    </testcase>
    <testcase classname="Order Suggestions getOrderSuggestions handles minimum limit of 1" name="Order Suggestions getOrderSuggestions handles minimum limit of 1" time="0">
      <failure>Error: expect(received).toHaveLength(expected)

Expected length: 1
Received length: 0
Received array:  []
    at Object.toHaveLength (/Users/mike/Plate-Restaurant-System-App/__tests__/unit/lib/modassembly/supabase/database/suggestions.test.ts:139:22)
    at processTicksAndRejections (node:internal/process/task_queues:105:5)</failure>
    </testcase>
    <testcase classname="Order Suggestions getOrderSuggestions handles maximum limit of 10" name="Order Suggestions getOrderSuggestions handles maximum limit of 10" time="0.001">
    </testcase>
    <testcase classname="Order Suggestions getOrderSuggestions uses correct query parameters" name="Order Suggestions getOrderSuggestions uses correct query parameters" time="0.001">
      <failure>Error: expect(jest.fn()).toHaveBeenCalledWith(...expected)

Expected: &quot;items&quot;

Number of calls: 0
    at Object.toHaveBeenCalledWith (/Users/mike/Plate-Restaurant-System-App/__tests__/unit/lib/modassembly/supabase/database/suggestions.test.ts:152:42)
    at processTicksAndRejections (node:internal/process/task_queues:105:5)</failure>
    </testcase>
    <testcase classname="Order Suggestions getOrderSuggestions defaults to food type when no type specified" name="Order Suggestions getOrderSuggestions defaults to food type when no type specified" time="0.001">
      <failure>Error: expect(jest.fn()).toHaveBeenCalledWith(...expected)

Expected: &quot;type&quot;, &quot;food&quot;
Received: called with 0 arguments

Number of calls: 1
    at Object.toHaveBeenCalledWith (/Users/mike/Plate-Restaurant-System-App/__tests__/unit/lib/modassembly/supabase/database/suggestions.test.ts:162:52)
    at processTicksAndRejections (node:internal/process/task_queues:105:5)</failure>
    </testcase>
    <testcase classname="Order Suggestions getOrderSuggestions defaults to limit of 5 when no limit specified" name="Order Suggestions getOrderSuggestions defaults to limit of 5 when no limit specified" time="0">
    </testcase>
    <testcase classname="Order Suggestions getPopularItems returns empty array when no orders found" name="Order Suggestions getPopularItems returns empty array when no orders found" time="0.001">
    </testcase>
    <testcase classname="Order Suggestions getPopularItems returns empty array when orders data is null" name="Order Suggestions getPopularItems returns empty array when orders data is null" time="0.001">
    </testcase>
    <testcase classname="Order Suggestions getPopularItems counts individual item frequency correctly" name="Order Suggestions getPopularItems counts individual item frequency correctly" time="0">
      <failure>Error: expect(received).toHaveLength(expected)

Expected length: 6
Received length: 0
Received array:  []
    at Object.toHaveLength (/Users/mike/Plate-Restaurant-System-App/__tests__/unit/lib/modassembly/supabase/database/suggestions.test.ts:226:22)
    at processTicksAndRejections (node:internal/process/task_queues:105:5)</failure>
    </testcase>
    <testcase classname="Order Suggestions getPopularItems respects the limit parameter" name="Order Suggestions getPopularItems respects the limit parameter" time="0.001">
      <failure>Error: expect(received).toHaveLength(expected)

Expected length: 3
Received length: 0
Received array:  []
    at Object.toHaveLength (/Users/mike/Plate-Restaurant-System-App/__tests__/unit/lib/modassembly/supabase/database/suggestions.test.ts:235:22)
    at processTicksAndRejections (node:internal/process/task_queues:105:5)</failure>
    </testcase>
    <testcase classname="Order Suggestions getPopularItems filters out invalid items" name="Order Suggestions getPopularItems filters out invalid items" time="0.002">
      <failure>Error: expect(received).toEqual(expected) // deep equality

- Expected  - 5
+ Received  + 1

- Array [
-   &quot;chicken&quot;,
-   &quot;pasta&quot;,
-   &quot;valid-item&quot;,
- ]
+ Array []
    at Object.toEqual (/Users/mike/Plate-Restaurant-System-App/__tests__/unit/lib/modassembly/supabase/database/suggestions.test.ts:252:22)
    at processTicksAndRejections (node:internal/process/task_queues:105:5)</failure>
    </testcase>
    <testcase classname="Order Suggestions getPopularItems uses correct query parameters" name="Order Suggestions getPopularItems uses correct query parameters" time="0.001">
      <failure>Error: expect(jest.fn()).toHaveBeenCalledWith(...expected)

Expected: &quot;items&quot;

Number of calls: 0
    at Object.toHaveBeenCalledWith (/Users/mike/Plate-Restaurant-System-App/__tests__/unit/lib/modassembly/supabase/database/suggestions.test.ts:261:42)
    at processTicksAndRejections (node:internal/process/task_queues:105:5)</failure>
    </testcase>
    <testcase classname="Order Suggestions getPopularItems defaults to food type when no type specified" name="Order Suggestions getPopularItems defaults to food type when no type specified" time="0">
      <failure>Error: expect(jest.fn()).toHaveBeenCalledWith(...expected)

Expected: &quot;type&quot;, &quot;food&quot;

Number of calls: 0
    at Object.toHaveBeenCalledWith (/Users/mike/Plate-Restaurant-System-App/__tests__/unit/lib/modassembly/supabase/database/suggestions.test.ts:273:47)
    at processTicksAndRejections (node:internal/process/task_queues:105:5)</failure>
    </testcase>
    <testcase classname="Order Suggestions getPopularItems defaults to limit of 10 when no limit specified" name="Order Suggestions getPopularItems defaults to limit of 10 when no limit specified" time="0.001">
    </testcase>
    <testcase classname="Order Suggestions getPopularItems handles date filtering correctly" name="Order Suggestions getPopularItems handles date filtering correctly" time="0">
      <failure>TypeError: Cannot read properties of undefined (reading &apos;1&apos;)
    at Object.&lt;anonymous&gt; (/Users/mike/Plate-Restaurant-System-App/__tests__/unit/lib/modassembly/supabase/database/suggestions.test.ts:293:29)
    at processTicksAndRejections (node:internal/process/task_queues:105:5)</failure>
    </testcase>
    <testcase classname="Order Suggestions Placeholder Functions getSeatResidentSuggestions returns empty array" name="Order Suggestions Placeholder Functions getSeatResidentSuggestions returns empty array" time="0">
    </testcase>
    <testcase classname="Order Suggestions Placeholder Functions getTimeBasedResidentSuggestions returns empty array" name="Order Suggestions Placeholder Functions getTimeBasedResidentSuggestions returns empty array" time="0.001">
    </testcase>
  </testsuite>
  <testsuite name="GrillStation" errors="0" failures="35" skipped="0" timestamp="2025-06-14T02:35:57" time="0.724" tests="35">
    <testcase classname="GrillStation Rendering renders with title and flame icon" name="GrillStation Rendering renders with title and flame icon" time="0.017">
      <failure>TypeError: Cannot redefine property: clipboard
    at Object.defineProperty (&lt;anonymous&gt;)
    at Object.attachClipboardStubToView (/Users/mike/Plate-Restaurant-System-App/node_modules/@testing-library/user-event/dist/cjs/utils/dataTransfer/Clipboard.js:110:12)
    at Object.setupMain [as setup] (/Users/mike/Plate-Restaurant-System-App/node_modules/@testing-library/user-event/dist/cjs/setup/setup.js:58:15)
    at setup (/Users/mike/Plate-Restaurant-System-App/__tests__/utils/test-utils.tsx:104:39)
    at Object.&lt;anonymous&gt; (/Users/mike/Plate-Restaurant-System-App/__tests__/unit/components/kds/stations/grill-station.test.tsx:23:26)
    at Promise.then.completed (/Users/mike/Plate-Restaurant-System-App/node_modules/jest-circus/build/utils.js:298:28)
    at new Promise (&lt;anonymous&gt;)
    at callAsyncCircusFn (/Users/mike/Plate-Restaurant-System-App/node_modules/jest-circus/build/utils.js:231:10)
    at _callCircusTest (/Users/mike/Plate-Restaurant-System-App/node_modules/jest-circus/build/run.js:316:40)
    at processTicksAndRejections (node:internal/process/task_queues:105:5)
    at _runTest (/Users/mike/Plate-Restaurant-System-App/node_modules/jest-circus/build/run.js:252:3)
    at _runTestsForDescribeBlock (/Users/mike/Plate-Restaurant-System-App/node_modules/jest-circus/build/run.js:126:9)
    at _runTestsForDescribeBlock (/Users/mike/Plate-Restaurant-System-App/node_modules/jest-circus/build/run.js:121:9)
    at _runTestsForDescribeBlock (/Users/mike/Plate-Restaurant-System-App/node_modules/jest-circus/build/run.js:121:9)
    at run (/Users/mike/Plate-Restaurant-System-App/node_modules/jest-circus/build/run.js:71:3)
    at runAndTransformResultsToJestFormat (/Users/mike/Plate-Restaurant-System-App/node_modules/jest-circus/build/legacy-code-todo-rewrite/jestAdapterInit.js:122:21)
    at jestAdapter (/Users/mike/Plate-Restaurant-System-App/node_modules/jest-circus/build/legacy-code-todo-rewrite/jestAdapter.js:79:19)
    at runTestInternal (/Users/mike/Plate-Restaurant-System-App/node_modules/jest-runner/build/runTest.js:367:16)
    at runTest (/Users/mike/Plate-Restaurant-System-App/node_modules/jest-runner/build/runTest.js:444:34)
    at Object.worker (/Users/mike/Plate-Restaurant-System-App/node_modules/jest-runner/build/testWorker.js:106:12)</failure>
    </testcase>
    <testcase classname="GrillStation Rendering applies custom className" name="GrillStation Rendering applies custom className" time="0.002">
      <failure>TypeError: Cannot redefine property: clipboard
    at Object.defineProperty (&lt;anonymous&gt;)
    at Object.attachClipboardStubToView (/Users/mike/Plate-Restaurant-System-App/node_modules/@testing-library/user-event/dist/cjs/utils/dataTransfer/Clipboard.js:110:12)
    at Object.setupMain [as setup] (/Users/mike/Plate-Restaurant-System-App/node_modules/@testing-library/user-event/dist/cjs/setup/setup.js:58:15)
    at setup (/Users/mike/Plate-Restaurant-System-App/__tests__/utils/test-utils.tsx:104:39)
    at Object.&lt;anonymous&gt; (/Users/mike/Plate-Restaurant-System-App/__tests__/unit/components/kds/stations/grill-station.test.tsx:30:48)
    at Promise.then.completed (/Users/mike/Plate-Restaurant-System-App/node_modules/jest-circus/build/utils.js:298:28)
    at new Promise (&lt;anonymous&gt;)
    at callAsyncCircusFn (/Users/mike/Plate-Restaurant-System-App/node_modules/jest-circus/build/utils.js:231:10)
    at _callCircusTest (/Users/mike/Plate-Restaurant-System-App/node_modules/jest-circus/build/run.js:316:40)
    at processTicksAndRejections (node:internal/process/task_queues:105:5)
    at _runTest (/Users/mike/Plate-Restaurant-System-App/node_modules/jest-circus/build/run.js:252:3)
    at _runTestsForDescribeBlock (/Users/mike/Plate-Restaurant-System-App/node_modules/jest-circus/build/run.js:126:9)
    at _runTestsForDescribeBlock (/Users/mike/Plate-Restaurant-System-App/node_modules/jest-circus/build/run.js:121:9)
    at _runTestsForDescribeBlock (/Users/mike/Plate-Restaurant-System-App/node_modules/jest-circus/build/run.js:121:9)
    at run (/Users/mike/Plate-Restaurant-System-App/node_modules/jest-circus/build/run.js:71:3)
    at runAndTransformResultsToJestFormat (/Users/mike/Plate-Restaurant-System-App/node_modules/jest-circus/build/legacy-code-todo-rewrite/jestAdapterInit.js:122:21)
    at jestAdapter (/Users/mike/Plate-Restaurant-System-App/node_modules/jest-circus/build/legacy-code-todo-rewrite/jestAdapter.js:79:19)
    at runTestInternal (/Users/mike/Plate-Restaurant-System-App/node_modules/jest-runner/build/runTest.js:367:16)
    at runTest (/Users/mike/Plate-Restaurant-System-App/node_modules/jest-runner/build/runTest.js:444:34)
    at Object.worker (/Users/mike/Plate-Restaurant-System-App/node_modules/jest-runner/build/testWorker.js:106:12)</failure>
    </testcase>
    <testcase classname="GrillStation Rendering shows empty state when no grill orders" name="GrillStation Rendering shows empty state when no grill orders" time="0.002">
      <failure>TypeError: Cannot redefine property: clipboard
    at Object.defineProperty (&lt;anonymous&gt;)
    at Object.attachClipboardStubToView (/Users/mike/Plate-Restaurant-System-App/node_modules/@testing-library/user-event/dist/cjs/utils/dataTransfer/Clipboard.js:110:12)
    at Object.setupMain [as setup] (/Users/mike/Plate-Restaurant-System-App/node_modules/@testing-library/user-event/dist/cjs/setup/setup.js:58:15)
    at setup (/Users/mike/Plate-Restaurant-System-App/__tests__/utils/test-utils.tsx:104:39)
    at Object.&lt;anonymous&gt; (/Users/mike/Plate-Restaurant-System-App/__tests__/unit/components/kds/stations/grill-station.test.tsx:43:26)
    at Promise.then.completed (/Users/mike/Plate-Restaurant-System-App/node_modules/jest-circus/build/utils.js:298:28)
    at new Promise (&lt;anonymous&gt;)
    at callAsyncCircusFn (/Users/mike/Plate-Restaurant-System-App/node_modules/jest-circus/build/utils.js:231:10)
    at _callCircusTest (/Users/mike/Plate-Restaurant-System-App/node_modules/jest-circus/build/run.js:316:40)
    at processTicksAndRejections (node:internal/process/task_queues:105:5)
    at _runTest (/Users/mike/Plate-Restaurant-System-App/node_modules/jest-circus/build/run.js:252:3)
    at _runTestsForDescribeBlock (/Users/mike/Plate-Restaurant-System-App/node_modules/jest-circus/build/run.js:126:9)
    at _runTestsForDescribeBlock (/Users/mike/Plate-Restaurant-System-App/node_modules/jest-circus/build/run.js:121:9)
    at _runTestsForDescribeBlock (/Users/mike/Plate-Restaurant-System-App/node_modules/jest-circus/build/run.js:121:9)
    at run (/Users/mike/Plate-Restaurant-System-App/node_modules/jest-circus/build/run.js:71:3)
    at runAndTransformResultsToJestFormat (/Users/mike/Plate-Restaurant-System-App/node_modules/jest-circus/build/legacy-code-todo-rewrite/jestAdapterInit.js:122:21)
    at jestAdapter (/Users/mike/Plate-Restaurant-System-App/node_modules/jest-circus/build/legacy-code-todo-rewrite/jestAdapter.js:79:19)
    at runTestInternal (/Users/mike/Plate-Restaurant-System-App/node_modules/jest-runner/build/runTest.js:367:16)
    at runTest (/Users/mike/Plate-Restaurant-System-App/node_modules/jest-runner/build/runTest.js:444:34)
    at Object.worker (/Users/mike/Plate-Restaurant-System-App/node_modules/jest-runner/build/testWorker.js:106:12)</failure>
    </testcase>
    <testcase classname="GrillStation Order Filtering filters orders containing grill items" name="GrillStation Order Filtering filters orders containing grill items" time="0">
      <failure>TypeError: Cannot redefine property: clipboard
    at Object.defineProperty (&lt;anonymous&gt;)
    at Object.attachClipboardStubToView (/Users/mike/Plate-Restaurant-System-App/node_modules/@testing-library/user-event/dist/cjs/utils/dataTransfer/Clipboard.js:110:12)
    at Object.setupMain [as setup] (/Users/mike/Plate-Restaurant-System-App/node_modules/@testing-library/user-event/dist/cjs/setup/setup.js:58:15)
    at setup (/Users/mike/Plate-Restaurant-System-App/__tests__/utils/test-utils.tsx:104:39)
    at Object.&lt;anonymous&gt; (/Users/mike/Plate-Restaurant-System-App/__tests__/unit/components/kds/stations/grill-station.test.tsx:60:26)
    at Promise.then.completed (/Users/mike/Plate-Restaurant-System-App/node_modules/jest-circus/build/utils.js:298:28)
    at new Promise (&lt;anonymous&gt;)
    at callAsyncCircusFn (/Users/mike/Plate-Restaurant-System-App/node_modules/jest-circus/build/utils.js:231:10)
    at _callCircusTest (/Users/mike/Plate-Restaurant-System-App/node_modules/jest-circus/build/run.js:316:40)
    at processTicksAndRejections (node:internal/process/task_queues:105:5)
    at _runTest (/Users/mike/Plate-Restaurant-System-App/node_modules/jest-circus/build/run.js:252:3)
    at _runTestsForDescribeBlock (/Users/mike/Plate-Restaurant-System-App/node_modules/jest-circus/build/run.js:126:9)
    at _runTestsForDescribeBlock (/Users/mike/Plate-Restaurant-System-App/node_modules/jest-circus/build/run.js:121:9)
    at _runTestsForDescribeBlock (/Users/mike/Plate-Restaurant-System-App/node_modules/jest-circus/build/run.js:121:9)
    at run (/Users/mike/Plate-Restaurant-System-App/node_modules/jest-circus/build/run.js:71:3)
    at runAndTransformResultsToJestFormat (/Users/mike/Plate-Restaurant-System-App/node_modules/jest-circus/build/legacy-code-todo-rewrite/jestAdapterInit.js:122:21)
    at jestAdapter (/Users/mike/Plate-Restaurant-System-App/node_modules/jest-circus/build/legacy-code-todo-rewrite/jestAdapter.js:79:19)
    at runTestInternal (/Users/mike/Plate-Restaurant-System-App/node_modules/jest-runner/build/runTest.js:367:16)
    at runTest (/Users/mike/Plate-Restaurant-System-App/node_modules/jest-runner/build/runTest.js:444:34)
    at Object.worker (/Users/mike/Plate-Restaurant-System-App/node_modules/jest-runner/build/testWorker.js:106:12)</failure>
    </testcase>
    <testcase classname="GrillStation Order Filtering recognizes all grill items" name="GrillStation Order Filtering recognizes all grill items" time="0">
      <failure>TypeError: Cannot redefine property: clipboard
    at Object.defineProperty (&lt;anonymous&gt;)
    at Object.attachClipboardStubToView (/Users/mike/Plate-Restaurant-System-App/node_modules/@testing-library/user-event/dist/cjs/utils/dataTransfer/Clipboard.js:110:12)
    at Object.setupMain [as setup] (/Users/mike/Plate-Restaurant-System-App/node_modules/@testing-library/user-event/dist/cjs/setup/setup.js:58:15)
    at setup (/Users/mike/Plate-Restaurant-System-App/__tests__/utils/test-utils.tsx:104:39)
    at Object.&lt;anonymous&gt; (/Users/mike/Plate-Restaurant-System-App/__tests__/unit/components/kds/stations/grill-station.test.tsx:79:26)
    at Promise.then.completed (/Users/mike/Plate-Restaurant-System-App/node_modules/jest-circus/build/utils.js:298:28)
    at new Promise (&lt;anonymous&gt;)
    at callAsyncCircusFn (/Users/mike/Plate-Restaurant-System-App/node_modules/jest-circus/build/utils.js:231:10)
    at _callCircusTest (/Users/mike/Plate-Restaurant-System-App/node_modules/jest-circus/build/run.js:316:40)
    at processTicksAndRejections (node:internal/process/task_queues:105:5)
    at _runTest (/Users/mike/Plate-Restaurant-System-App/node_modules/jest-circus/build/run.js:252:3)
    at _runTestsForDescribeBlock (/Users/mike/Plate-Restaurant-System-App/node_modules/jest-circus/build/run.js:126:9)
    at _runTestsForDescribeBlock (/Users/mike/Plate-Restaurant-System-App/node_modules/jest-circus/build/run.js:121:9)
    at _runTestsForDescribeBlock (/Users/mike/Plate-Restaurant-System-App/node_modules/jest-circus/build/run.js:121:9)
    at run (/Users/mike/Plate-Restaurant-System-App/node_modules/jest-circus/build/run.js:71:3)
    at runAndTransformResultsToJestFormat (/Users/mike/Plate-Restaurant-System-App/node_modules/jest-circus/build/legacy-code-todo-rewrite/jestAdapterInit.js:122:21)
    at jestAdapter (/Users/mike/Plate-Restaurant-System-App/node_modules/jest-circus/build/legacy-code-todo-rewrite/jestAdapter.js:79:19)
    at runTestInternal (/Users/mike/Plate-Restaurant-System-App/node_modules/jest-runner/build/runTest.js:367:16)
    at runTest (/Users/mike/Plate-Restaurant-System-App/node_modules/jest-runner/build/runTest.js:444:34)
    at Object.worker (/Users/mike/Plate-Restaurant-System-App/node_modules/jest-runner/build/testWorker.js:106:12)</failure>
    </testcase>
    <testcase classname="GrillStation Order Filtering handles case-insensitive item matching" name="GrillStation Order Filtering handles case-insensitive item matching" time="0.001">
      <failure>TypeError: Cannot redefine property: clipboard
    at Object.defineProperty (&lt;anonymous&gt;)
    at Object.attachClipboardStubToView (/Users/mike/Plate-Restaurant-System-App/node_modules/@testing-library/user-event/dist/cjs/utils/dataTransfer/Clipboard.js:110:12)
    at Object.setupMain [as setup] (/Users/mike/Plate-Restaurant-System-App/node_modules/@testing-library/user-event/dist/cjs/setup/setup.js:58:15)
    at setup (/Users/mike/Plate-Restaurant-System-App/__tests__/utils/test-utils.tsx:104:39)
    at Object.&lt;anonymous&gt; (/Users/mike/Plate-Restaurant-System-App/__tests__/unit/components/kds/stations/grill-station.test.tsx:94:26)
    at Promise.then.completed (/Users/mike/Plate-Restaurant-System-App/node_modules/jest-circus/build/utils.js:298:28)
    at new Promise (&lt;anonymous&gt;)
    at callAsyncCircusFn (/Users/mike/Plate-Restaurant-System-App/node_modules/jest-circus/build/utils.js:231:10)
    at _callCircusTest (/Users/mike/Plate-Restaurant-System-App/node_modules/jest-circus/build/run.js:316:40)
    at processTicksAndRejections (node:internal/process/task_queues:105:5)
    at _runTest (/Users/mike/Plate-Restaurant-System-App/node_modules/jest-circus/build/run.js:252:3)
    at _runTestsForDescribeBlock (/Users/mike/Plate-Restaurant-System-App/node_modules/jest-circus/build/run.js:126:9)
    at _runTestsForDescribeBlock (/Users/mike/Plate-Restaurant-System-App/node_modules/jest-circus/build/run.js:121:9)
    at _runTestsForDescribeBlock (/Users/mike/Plate-Restaurant-System-App/node_modules/jest-circus/build/run.js:121:9)
    at run (/Users/mike/Plate-Restaurant-System-App/node_modules/jest-circus/build/run.js:71:3)
    at runAndTransformResultsToJestFormat (/Users/mike/Plate-Restaurant-System-App/node_modules/jest-circus/build/legacy-code-todo-rewrite/jestAdapterInit.js:122:21)
    at jestAdapter (/Users/mike/Plate-Restaurant-System-App/node_modules/jest-circus/build/legacy-code-todo-rewrite/jestAdapter.js:79:19)
    at runTestInternal (/Users/mike/Plate-Restaurant-System-App/node_modules/jest-runner/build/runTest.js:367:16)
    at runTest (/Users/mike/Plate-Restaurant-System-App/node_modules/jest-runner/build/runTest.js:444:34)
    at Object.worker (/Users/mike/Plate-Restaurant-System-App/node_modules/jest-runner/build/testWorker.js:106:12)</failure>
    </testcase>
    <testcase classname="GrillStation Order Filtering filters partial matches in item names" name="GrillStation Order Filtering filters partial matches in item names" time="0">
      <failure>TypeError: Cannot redefine property: clipboard
    at Object.defineProperty (&lt;anonymous&gt;)
    at Object.attachClipboardStubToView (/Users/mike/Plate-Restaurant-System-App/node_modules/@testing-library/user-event/dist/cjs/utils/dataTransfer/Clipboard.js:110:12)
    at Object.setupMain [as setup] (/Users/mike/Plate-Restaurant-System-App/node_modules/@testing-library/user-event/dist/cjs/setup/setup.js:58:15)
    at setup (/Users/mike/Plate-Restaurant-System-App/__tests__/utils/test-utils.tsx:104:39)
    at Object.&lt;anonymous&gt; (/Users/mike/Plate-Restaurant-System-App/__tests__/unit/components/kds/stations/grill-station.test.tsx:109:26)
    at Promise.then.completed (/Users/mike/Plate-Restaurant-System-App/node_modules/jest-circus/build/utils.js:298:28)
    at new Promise (&lt;anonymous&gt;)
    at callAsyncCircusFn (/Users/mike/Plate-Restaurant-System-App/node_modules/jest-circus/build/utils.js:231:10)
    at _callCircusTest (/Users/mike/Plate-Restaurant-System-App/node_modules/jest-circus/build/run.js:316:40)
    at processTicksAndRejections (node:internal/process/task_queues:105:5)
    at _runTest (/Users/mike/Plate-Restaurant-System-App/node_modules/jest-circus/build/run.js:252:3)
    at _runTestsForDescribeBlock (/Users/mike/Plate-Restaurant-System-App/node_modules/jest-circus/build/run.js:126:9)
    at _runTestsForDescribeBlock (/Users/mike/Plate-Restaurant-System-App/node_modules/jest-circus/build/run.js:121:9)
    at _runTestsForDescribeBlock (/Users/mike/Plate-Restaurant-System-App/node_modules/jest-circus/build/run.js:121:9)
    at run (/Users/mike/Plate-Restaurant-System-App/node_modules/jest-circus/build/run.js:71:3)
    at runAndTransformResultsToJestFormat (/Users/mike/Plate-Restaurant-System-App/node_modules/jest-circus/build/legacy-code-todo-rewrite/jestAdapterInit.js:122:21)
    at jestAdapter (/Users/mike/Plate-Restaurant-System-App/node_modules/jest-circus/build/legacy-code-todo-rewrite/jestAdapter.js:79:19)
    at runTestInternal (/Users/mike/Plate-Restaurant-System-App/node_modules/jest-runner/build/runTest.js:367:16)
    at runTest (/Users/mike/Plate-Restaurant-System-App/node_modules/jest-runner/build/runTest.js:444:34)
    at Object.worker (/Users/mike/Plate-Restaurant-System-App/node_modules/jest-runner/build/testWorker.js:106:12)</failure>
    </testcase>
    <testcase classname="GrillStation Priority System assigns high priority to grill items" name="GrillStation Priority System assigns high priority to grill items" time="0">
      <failure>TypeError: Cannot redefine property: clipboard
    at Object.defineProperty (&lt;anonymous&gt;)
    at Object.attachClipboardStubToView (/Users/mike/Plate-Restaurant-System-App/node_modules/@testing-library/user-event/dist/cjs/utils/dataTransfer/Clipboard.js:110:12)
    at Object.setupMain [as setup] (/Users/mike/Plate-Restaurant-System-App/node_modules/@testing-library/user-event/dist/cjs/setup/setup.js:58:15)
    at setup (/Users/mike/Plate-Restaurant-System-App/__tests__/utils/test-utils.tsx:104:39)
    at Object.&lt;anonymous&gt; (/Users/mike/Plate-Restaurant-System-App/__tests__/unit/components/kds/stations/grill-station.test.tsx:128:48)
    at Promise.then.completed (/Users/mike/Plate-Restaurant-System-App/node_modules/jest-circus/build/utils.js:298:28)
    at new Promise (&lt;anonymous&gt;)
    at callAsyncCircusFn (/Users/mike/Plate-Restaurant-System-App/node_modules/jest-circus/build/utils.js:231:10)
    at _callCircusTest (/Users/mike/Plate-Restaurant-System-App/node_modules/jest-circus/build/run.js:316:40)
    at processTicksAndRejections (node:internal/process/task_queues:105:5)
    at _runTest (/Users/mike/Plate-Restaurant-System-App/node_modules/jest-circus/build/run.js:252:3)
    at _runTestsForDescribeBlock (/Users/mike/Plate-Restaurant-System-App/node_modules/jest-circus/build/run.js:126:9)
    at _runTestsForDescribeBlock (/Users/mike/Plate-Restaurant-System-App/node_modules/jest-circus/build/run.js:121:9)
    at _runTestsForDescribeBlock (/Users/mike/Plate-Restaurant-System-App/node_modules/jest-circus/build/run.js:121:9)
    at run (/Users/mike/Plate-Restaurant-System-App/node_modules/jest-circus/build/run.js:71:3)
    at runAndTransformResultsToJestFormat (/Users/mike/Plate-Restaurant-System-App/node_modules/jest-circus/build/legacy-code-todo-rewrite/jestAdapterInit.js:122:21)
    at jestAdapter (/Users/mike/Plate-Restaurant-System-App/node_modules/jest-circus/build/legacy-code-todo-rewrite/jestAdapter.js:79:19)
    at runTestInternal (/Users/mike/Plate-Restaurant-System-App/node_modules/jest-runner/build/runTest.js:367:16)
    at runTest (/Users/mike/Plate-Restaurant-System-App/node_modules/jest-runner/build/runTest.js:444:34)
    at Object.worker (/Users/mike/Plate-Restaurant-System-App/node_modules/jest-runner/build/testWorker.js:106:12)</failure>
    </testcase>
    <testcase classname="GrillStation Priority System assigns medium priority to non-core grill items" name="GrillStation Priority System assigns medium priority to non-core grill items" time="0">
      <failure>TypeError: Cannot redefine property: clipboard
    at Object.defineProperty (&lt;anonymous&gt;)
    at Object.attachClipboardStubToView (/Users/mike/Plate-Restaurant-System-App/node_modules/@testing-library/user-event/dist/cjs/utils/dataTransfer/Clipboard.js:110:12)
    at Object.setupMain [as setup] (/Users/mike/Plate-Restaurant-System-App/node_modules/@testing-library/user-event/dist/cjs/setup/setup.js:58:15)
    at setup (/Users/mike/Plate-Restaurant-System-App/__tests__/utils/test-utils.tsx:104:39)
    at Object.&lt;anonymous&gt; (/Users/mike/Plate-Restaurant-System-App/__tests__/unit/components/kds/stations/grill-station.test.tsx:148:26)
    at Promise.then.completed (/Users/mike/Plate-Restaurant-System-App/node_modules/jest-circus/build/utils.js:298:28)
    at new Promise (&lt;anonymous&gt;)
    at callAsyncCircusFn (/Users/mike/Plate-Restaurant-System-App/node_modules/jest-circus/build/utils.js:231:10)
    at _callCircusTest (/Users/mike/Plate-Restaurant-System-App/node_modules/jest-circus/build/run.js:316:40)
    at processTicksAndRejections (node:internal/process/task_queues:105:5)
    at _runTest (/Users/mike/Plate-Restaurant-System-App/node_modules/jest-circus/build/run.js:252:3)
    at _runTestsForDescribeBlock (/Users/mike/Plate-Restaurant-System-App/node_modules/jest-circus/build/run.js:126:9)
    at _runTestsForDescribeBlock (/Users/mike/Plate-Restaurant-System-App/node_modules/jest-circus/build/run.js:121:9)
    at _runTestsForDescribeBlock (/Users/mike/Plate-Restaurant-System-App/node_modules/jest-circus/build/run.js:121:9)
    at run (/Users/mike/Plate-Restaurant-System-App/node_modules/jest-circus/build/run.js:71:3)
    at runAndTransformResultsToJestFormat (/Users/mike/Plate-Restaurant-System-App/node_modules/jest-circus/build/legacy-code-todo-rewrite/jestAdapterInit.js:122:21)
    at jestAdapter (/Users/mike/Plate-Restaurant-System-App/node_modules/jest-circus/build/legacy-code-todo-rewrite/jestAdapter.js:79:19)
    at runTestInternal (/Users/mike/Plate-Restaurant-System-App/node_modules/jest-runner/build/runTest.js:367:16)
    at runTest (/Users/mike/Plate-Restaurant-System-App/node_modules/jest-runner/build/runTest.js:444:34)
    at Object.worker (/Users/mike/Plate-Restaurant-System-App/node_modules/jest-runner/build/testWorker.js:106:12)</failure>
    </testcase>
    <testcase classname="GrillStation Priority System sorts orders by priority" name="GrillStation Priority System sorts orders by priority" time="0">
      <failure>TypeError: Cannot redefine property: clipboard
    at Object.defineProperty (&lt;anonymous&gt;)
    at Object.attachClipboardStubToView (/Users/mike/Plate-Restaurant-System-App/node_modules/@testing-library/user-event/dist/cjs/utils/dataTransfer/Clipboard.js:110:12)
    at Object.setupMain [as setup] (/Users/mike/Plate-Restaurant-System-App/node_modules/@testing-library/user-event/dist/cjs/setup/setup.js:58:15)
    at setup (/Users/mike/Plate-Restaurant-System-App/__tests__/utils/test-utils.tsx:104:39)
    at Object.&lt;anonymous&gt; (/Users/mike/Plate-Restaurant-System-App/__tests__/unit/components/kds/stations/grill-station.test.tsx:171:26)
    at Promise.then.completed (/Users/mike/Plate-Restaurant-System-App/node_modules/jest-circus/build/utils.js:298:28)
    at new Promise (&lt;anonymous&gt;)
    at callAsyncCircusFn (/Users/mike/Plate-Restaurant-System-App/node_modules/jest-circus/build/utils.js:231:10)
    at _callCircusTest (/Users/mike/Plate-Restaurant-System-App/node_modules/jest-circus/build/run.js:316:40)
    at processTicksAndRejections (node:internal/process/task_queues:105:5)
    at _runTest (/Users/mike/Plate-Restaurant-System-App/node_modules/jest-circus/build/run.js:252:3)
    at _runTestsForDescribeBlock (/Users/mike/Plate-Restaurant-System-App/node_modules/jest-circus/build/run.js:126:9)
    at _runTestsForDescribeBlock (/Users/mike/Plate-Restaurant-System-App/node_modules/jest-circus/build/run.js:121:9)
    at _runTestsForDescribeBlock (/Users/mike/Plate-Restaurant-System-App/node_modules/jest-circus/build/run.js:121:9)
    at run (/Users/mike/Plate-Restaurant-System-App/node_modules/jest-circus/build/run.js:71:3)
    at runAndTransformResultsToJestFormat (/Users/mike/Plate-Restaurant-System-App/node_modules/jest-circus/build/legacy-code-todo-rewrite/jestAdapterInit.js:122:21)
    at jestAdapter (/Users/mike/Plate-Restaurant-System-App/node_modules/jest-circus/build/legacy-code-todo-rewrite/jestAdapter.js:79:19)
    at runTestInternal (/Users/mike/Plate-Restaurant-System-App/node_modules/jest-runner/build/runTest.js:367:16)
    at runTest (/Users/mike/Plate-Restaurant-System-App/node_modules/jest-runner/build/runTest.js:444:34)
    at Object.worker (/Users/mike/Plate-Restaurant-System-App/node_modules/jest-runner/build/testWorker.js:106:12)</failure>
    </testcase>
    <testcase classname="GrillStation Priority System sorts by elapsed time within same priority" name="GrillStation Priority System sorts by elapsed time within same priority" time="0">
      <failure>TypeError: Cannot redefine property: clipboard
    at Object.defineProperty (&lt;anonymous&gt;)
    at Object.attachClipboardStubToView (/Users/mike/Plate-Restaurant-System-App/node_modules/@testing-library/user-event/dist/cjs/utils/dataTransfer/Clipboard.js:110:12)
    at Object.setupMain [as setup] (/Users/mike/Plate-Restaurant-System-App/node_modules/@testing-library/user-event/dist/cjs/setup/setup.js:58:15)
    at setup (/Users/mike/Plate-Restaurant-System-App/__tests__/utils/test-utils.tsx:104:39)
    at Object.&lt;anonymous&gt; (/Users/mike/Plate-Restaurant-System-App/__tests__/unit/components/kds/stations/grill-station.test.tsx:197:26)
    at Promise.then.completed (/Users/mike/Plate-Restaurant-System-App/node_modules/jest-circus/build/utils.js:298:28)
    at new Promise (&lt;anonymous&gt;)
    at callAsyncCircusFn (/Users/mike/Plate-Restaurant-System-App/node_modules/jest-circus/build/utils.js:231:10)
    at _callCircusTest (/Users/mike/Plate-Restaurant-System-App/node_modules/jest-circus/build/run.js:316:40)
    at processTicksAndRejections (node:internal/process/task_queues:105:5)
    at _runTest (/Users/mike/Plate-Restaurant-System-App/node_modules/jest-circus/build/run.js:252:3)
    at _runTestsForDescribeBlock (/Users/mike/Plate-Restaurant-System-App/node_modules/jest-circus/build/run.js:126:9)
    at _runTestsForDescribeBlock (/Users/mike/Plate-Restaurant-System-App/node_modules/jest-circus/build/run.js:121:9)
    at _runTestsForDescribeBlock (/Users/mike/Plate-Restaurant-System-App/node_modules/jest-circus/build/run.js:121:9)
    at run (/Users/mike/Plate-Restaurant-System-App/node_modules/jest-circus/build/run.js:71:3)
    at runAndTransformResultsToJestFormat (/Users/mike/Plate-Restaurant-System-App/node_modules/jest-circus/build/legacy-code-todo-rewrite/jestAdapterInit.js:122:21)
    at jestAdapter (/Users/mike/Plate-Restaurant-System-App/node_modules/jest-circus/build/legacy-code-todo-rewrite/jestAdapter.js:79:19)
    at runTestInternal (/Users/mike/Plate-Restaurant-System-App/node_modules/jest-runner/build/runTest.js:367:16)
    at runTest (/Users/mike/Plate-Restaurant-System-App/node_modules/jest-runner/build/runTest.js:444:34)
    at Object.worker (/Users/mike/Plate-Restaurant-System-App/node_modules/jest-runner/build/testWorker.js:106:12)</failure>
    </testcase>
    <testcase classname="GrillStation Time Estimation displays estimated cooking times correctly" name="GrillStation Time Estimation displays estimated cooking times correctly" time="0">
      <failure>TypeError: Cannot redefine property: clipboard
    at Object.defineProperty (&lt;anonymous&gt;)
    at Object.attachClipboardStubToView (/Users/mike/Plate-Restaurant-System-App/node_modules/@testing-library/user-event/dist/cjs/utils/dataTransfer/Clipboard.js:110:12)
    at Object.setupMain [as setup] (/Users/mike/Plate-Restaurant-System-App/node_modules/@testing-library/user-event/dist/cjs/setup/setup.js:58:15)
    at setup (/Users/mike/Plate-Restaurant-System-App/__tests__/utils/test-utils.tsx:104:39)
    at Object.&lt;anonymous&gt; (/Users/mike/Plate-Restaurant-System-App/__tests__/unit/components/kds/stations/grill-station.test.tsx:219:26)
    at Promise.then.completed (/Users/mike/Plate-Restaurant-System-App/node_modules/jest-circus/build/utils.js:298:28)
    at new Promise (&lt;anonymous&gt;)
    at callAsyncCircusFn (/Users/mike/Plate-Restaurant-System-App/node_modules/jest-circus/build/utils.js:231:10)
    at _callCircusTest (/Users/mike/Plate-Restaurant-System-App/node_modules/jest-circus/build/run.js:316:40)
    at processTicksAndRejections (node:internal/process/task_queues:105:5)
    at _runTest (/Users/mike/Plate-Restaurant-System-App/node_modules/jest-circus/build/run.js:252:3)
    at _runTestsForDescribeBlock (/Users/mike/Plate-Restaurant-System-App/node_modules/jest-circus/build/run.js:126:9)
    at _runTestsForDescribeBlock (/Users/mike/Plate-Restaurant-System-App/node_modules/jest-circus/build/run.js:121:9)
    at _runTestsForDescribeBlock (/Users/mike/Plate-Restaurant-System-App/node_modules/jest-circus/build/run.js:121:9)
    at run (/Users/mike/Plate-Restaurant-System-App/node_modules/jest-circus/build/run.js:71:3)
    at runAndTransformResultsToJestFormat (/Users/mike/Plate-Restaurant-System-App/node_modules/jest-circus/build/legacy-code-todo-rewrite/jestAdapterInit.js:122:21)
    at jestAdapter (/Users/mike/Plate-Restaurant-System-App/node_modules/jest-circus/build/legacy-code-todo-rewrite/jestAdapter.js:79:19)
    at runTestInternal (/Users/mike/Plate-Restaurant-System-App/node_modules/jest-runner/build/runTest.js:367:16)
    at runTest (/Users/mike/Plate-Restaurant-System-App/node_modules/jest-runner/build/runTest.js:444:34)
    at Object.worker (/Users/mike/Plate-Restaurant-System-App/node_modules/jest-runner/build/testWorker.js:106:12)</failure>
    </testcase>
    <testcase classname="GrillStation Time Estimation calculates max cook time for multiple items" name="GrillStation Time Estimation calculates max cook time for multiple items" time="0">
      <failure>TypeError: Cannot redefine property: clipboard
    at Object.defineProperty (&lt;anonymous&gt;)
    at Object.attachClipboardStubToView (/Users/mike/Plate-Restaurant-System-App/node_modules/@testing-library/user-event/dist/cjs/utils/dataTransfer/Clipboard.js:110:12)
    at Object.setupMain [as setup] (/Users/mike/Plate-Restaurant-System-App/node_modules/@testing-library/user-event/dist/cjs/setup/setup.js:58:15)
    at setup (/Users/mike/Plate-Restaurant-System-App/__tests__/utils/test-utils.tsx:104:39)
    at Object.&lt;anonymous&gt; (/Users/mike/Plate-Restaurant-System-App/__tests__/unit/components/kds/stations/grill-station.test.tsx:237:26)
    at Promise.then.completed (/Users/mike/Plate-Restaurant-System-App/node_modules/jest-circus/build/utils.js:298:28)
    at new Promise (&lt;anonymous&gt;)
    at callAsyncCircusFn (/Users/mike/Plate-Restaurant-System-App/node_modules/jest-circus/build/utils.js:231:10)
    at _callCircusTest (/Users/mike/Plate-Restaurant-System-App/node_modules/jest-circus/build/run.js:316:40)
    at processTicksAndRejections (node:internal/process/task_queues:105:5)
    at _runTest (/Users/mike/Plate-Restaurant-System-App/node_modules/jest-circus/build/run.js:252:3)
    at _runTestsForDescribeBlock (/Users/mike/Plate-Restaurant-System-App/node_modules/jest-circus/build/run.js:126:9)
    at _runTestsForDescribeBlock (/Users/mike/Plate-Restaurant-System-App/node_modules/jest-circus/build/run.js:121:9)
    at _runTestsForDescribeBlock (/Users/mike/Plate-Restaurant-System-App/node_modules/jest-circus/build/run.js:121:9)
    at run (/Users/mike/Plate-Restaurant-System-App/node_modules/jest-circus/build/run.js:71:3)
    at runAndTransformResultsToJestFormat (/Users/mike/Plate-Restaurant-System-App/node_modules/jest-circus/build/legacy-code-todo-rewrite/jestAdapterInit.js:122:21)
    at jestAdapter (/Users/mike/Plate-Restaurant-System-App/node_modules/jest-circus/build/legacy-code-todo-rewrite/jestAdapter.js:79:19)
    at runTestInternal (/Users/mike/Plate-Restaurant-System-App/node_modules/jest-runner/build/runTest.js:367:16)
    at runTest (/Users/mike/Plate-Restaurant-System-App/node_modules/jest-runner/build/runTest.js:444:34)
    at Object.worker (/Users/mike/Plate-Restaurant-System-App/node_modules/jest-runner/build/testWorker.js:106:12)</failure>
    </testcase>
    <testcase classname="GrillStation Time Estimation highlights overdue orders" name="GrillStation Time Estimation highlights overdue orders" time="0.001">
      <failure>TypeError: Cannot redefine property: clipboard
    at Object.defineProperty (&lt;anonymous&gt;)
    at Object.attachClipboardStubToView (/Users/mike/Plate-Restaurant-System-App/node_modules/@testing-library/user-event/dist/cjs/utils/dataTransfer/Clipboard.js:110:12)
    at Object.setupMain [as setup] (/Users/mike/Plate-Restaurant-System-App/node_modules/@testing-library/user-event/dist/cjs/setup/setup.js:58:15)
    at setup (/Users/mike/Plate-Restaurant-System-App/__tests__/utils/test-utils.tsx:104:39)
    at Object.&lt;anonymous&gt; (/Users/mike/Plate-Restaurant-System-App/__tests__/unit/components/kds/stations/grill-station.test.tsx:255:48)
    at Promise.then.completed (/Users/mike/Plate-Restaurant-System-App/node_modules/jest-circus/build/utils.js:298:28)
    at new Promise (&lt;anonymous&gt;)
    at callAsyncCircusFn (/Users/mike/Plate-Restaurant-System-App/node_modules/jest-circus/build/utils.js:231:10)
    at _callCircusTest (/Users/mike/Plate-Restaurant-System-App/node_modules/jest-circus/build/run.js:316:40)
    at processTicksAndRejections (node:internal/process/task_queues:105:5)
    at _runTest (/Users/mike/Plate-Restaurant-System-App/node_modules/jest-circus/build/run.js:252:3)
    at _runTestsForDescribeBlock (/Users/mike/Plate-Restaurant-System-App/node_modules/jest-circus/build/run.js:126:9)
    at _runTestsForDescribeBlock (/Users/mike/Plate-Restaurant-System-App/node_modules/jest-circus/build/run.js:121:9)
    at _runTestsForDescribeBlock (/Users/mike/Plate-Restaurant-System-App/node_modules/jest-circus/build/run.js:121:9)
    at run (/Users/mike/Plate-Restaurant-System-App/node_modules/jest-circus/build/run.js:71:3)
    at runAndTransformResultsToJestFormat (/Users/mike/Plate-Restaurant-System-App/node_modules/jest-circus/build/legacy-code-todo-rewrite/jestAdapterInit.js:122:21)
    at jestAdapter (/Users/mike/Plate-Restaurant-System-App/node_modules/jest-circus/build/legacy-code-todo-rewrite/jestAdapter.js:79:19)
    at runTestInternal (/Users/mike/Plate-Restaurant-System-App/node_modules/jest-runner/build/runTest.js:367:16)
    at runTest (/Users/mike/Plate-Restaurant-System-App/node_modules/jest-runner/build/runTest.js:444:34)
    at Object.worker (/Users/mike/Plate-Restaurant-System-App/node_modules/jest-runner/build/testWorker.js:106:12)</failure>
    </testcase>
    <testcase classname="GrillStation Order Status and Actions shows start button for new orders" name="GrillStation Order Status and Actions shows start button for new orders" time="0">
      <failure>TypeError: Cannot redefine property: clipboard
    at Object.defineProperty (&lt;anonymous&gt;)
    at Object.attachClipboardStubToView (/Users/mike/Plate-Restaurant-System-App/node_modules/@testing-library/user-event/dist/cjs/utils/dataTransfer/Clipboard.js:110:12)
    at Object.setupMain [as setup] (/Users/mike/Plate-Restaurant-System-App/node_modules/@testing-library/user-event/dist/cjs/setup/setup.js:58:15)
    at setup (/Users/mike/Plate-Restaurant-System-App/__tests__/utils/test-utils.tsx:104:39)
    at Object.&lt;anonymous&gt; (/Users/mike/Plate-Restaurant-System-App/__tests__/unit/components/kds/stations/grill-station.test.tsx:276:26)
    at Promise.then.completed (/Users/mike/Plate-Restaurant-System-App/node_modules/jest-circus/build/utils.js:298:28)
    at new Promise (&lt;anonymous&gt;)
    at callAsyncCircusFn (/Users/mike/Plate-Restaurant-System-App/node_modules/jest-circus/build/utils.js:231:10)
    at _callCircusTest (/Users/mike/Plate-Restaurant-System-App/node_modules/jest-circus/build/run.js:316:40)
    at processTicksAndRejections (node:internal/process/task_queues:105:5)
    at _runTest (/Users/mike/Plate-Restaurant-System-App/node_modules/jest-circus/build/run.js:252:3)
    at _runTestsForDescribeBlock (/Users/mike/Plate-Restaurant-System-App/node_modules/jest-circus/build/run.js:126:9)
    at _runTestsForDescribeBlock (/Users/mike/Plate-Restaurant-System-App/node_modules/jest-circus/build/run.js:121:9)
    at _runTestsForDescribeBlock (/Users/mike/Plate-Restaurant-System-App/node_modules/jest-circus/build/run.js:121:9)
    at run (/Users/mike/Plate-Restaurant-System-App/node_modules/jest-circus/build/run.js:71:3)
    at runAndTransformResultsToJestFormat (/Users/mike/Plate-Restaurant-System-App/node_modules/jest-circus/build/legacy-code-todo-rewrite/jestAdapterInit.js:122:21)
    at jestAdapter (/Users/mike/Plate-Restaurant-System-App/node_modules/jest-circus/build/legacy-code-todo-rewrite/jestAdapter.js:79:19)
    at runTestInternal (/Users/mike/Plate-Restaurant-System-App/node_modules/jest-runner/build/runTest.js:367:16)
    at runTest (/Users/mike/Plate-Restaurant-System-App/node_modules/jest-runner/build/runTest.js:444:34)
    at Object.worker (/Users/mike/Plate-Restaurant-System-App/node_modules/jest-runner/build/testWorker.js:106:12)</failure>
    </testcase>
    <testcase classname="GrillStation Order Status and Actions shows done button for in-progress orders" name="GrillStation Order Status and Actions shows done button for in-progress orders" time="0.001">
      <failure>TypeError: Cannot redefine property: clipboard
    at Object.defineProperty (&lt;anonymous&gt;)
    at Object.attachClipboardStubToView (/Users/mike/Plate-Restaurant-System-App/node_modules/@testing-library/user-event/dist/cjs/utils/dataTransfer/Clipboard.js:110:12)
    at Object.setupMain [as setup] (/Users/mike/Plate-Restaurant-System-App/node_modules/@testing-library/user-event/dist/cjs/setup/setup.js:58:15)
    at setup (/Users/mike/Plate-Restaurant-System-App/__tests__/utils/test-utils.tsx:104:39)
    at Object.&lt;anonymous&gt; (/Users/mike/Plate-Restaurant-System-App/__tests__/unit/components/kds/stations/grill-station.test.tsx:293:26)
    at Promise.then.completed (/Users/mike/Plate-Restaurant-System-App/node_modules/jest-circus/build/utils.js:298:28)
    at new Promise (&lt;anonymous&gt;)
    at callAsyncCircusFn (/Users/mike/Plate-Restaurant-System-App/node_modules/jest-circus/build/utils.js:231:10)
    at _callCircusTest (/Users/mike/Plate-Restaurant-System-App/node_modules/jest-circus/build/run.js:316:40)
    at processTicksAndRejections (node:internal/process/task_queues:105:5)
    at _runTest (/Users/mike/Plate-Restaurant-System-App/node_modules/jest-circus/build/run.js:252:3)
    at _runTestsForDescribeBlock (/Users/mike/Plate-Restaurant-System-App/node_modules/jest-circus/build/run.js:126:9)
    at _runTestsForDescribeBlock (/Users/mike/Plate-Restaurant-System-App/node_modules/jest-circus/build/run.js:121:9)
    at _runTestsForDescribeBlock (/Users/mike/Plate-Restaurant-System-App/node_modules/jest-circus/build/run.js:121:9)
    at run (/Users/mike/Plate-Restaurant-System-App/node_modules/jest-circus/build/run.js:71:3)
    at runAndTransformResultsToJestFormat (/Users/mike/Plate-Restaurant-System-App/node_modules/jest-circus/build/legacy-code-todo-rewrite/jestAdapterInit.js:122:21)
    at jestAdapter (/Users/mike/Plate-Restaurant-System-App/node_modules/jest-circus/build/legacy-code-todo-rewrite/jestAdapter.js:79:19)
    at runTestInternal (/Users/mike/Plate-Restaurant-System-App/node_modules/jest-runner/build/runTest.js:367:16)
    at runTest (/Users/mike/Plate-Restaurant-System-App/node_modules/jest-runner/build/runTest.js:444:34)
    at Object.worker (/Users/mike/Plate-Restaurant-System-App/node_modules/jest-runner/build/testWorker.js:106:12)</failure>
    </testcase>
    <testcase classname="GrillStation Order Status and Actions calls onOrderAction when start button is clicked" name="GrillStation Order Status and Actions calls onOrderAction when start button is clicked" time="0">
      <failure>TypeError: Cannot redefine property: clipboard
    at Object.defineProperty (&lt;anonymous&gt;)
    at Object.attachClipboardStubToView (/Users/mike/Plate-Restaurant-System-App/node_modules/@testing-library/user-event/dist/cjs/utils/dataTransfer/Clipboard.js:110:12)
    at Object.setupMain [as setup] (/Users/mike/Plate-Restaurant-System-App/node_modules/@testing-library/user-event/dist/cjs/setup/setup.js:58:15)
    at setup (/Users/mike/Plate-Restaurant-System-App/__tests__/utils/test-utils.tsx:104:39)
    at Object.&lt;anonymous&gt; (/Users/mike/Plate-Restaurant-System-App/__tests__/unit/components/kds/stations/grill-station.test.tsx:311:43)
    at Promise.then.completed (/Users/mike/Plate-Restaurant-System-App/node_modules/jest-circus/build/utils.js:298:28)
    at new Promise (&lt;anonymous&gt;)
    at callAsyncCircusFn (/Users/mike/Plate-Restaurant-System-App/node_modules/jest-circus/build/utils.js:231:10)
    at _callCircusTest (/Users/mike/Plate-Restaurant-System-App/node_modules/jest-circus/build/run.js:316:40)
    at processTicksAndRejections (node:internal/process/task_queues:105:5)
    at _runTest (/Users/mike/Plate-Restaurant-System-App/node_modules/jest-circus/build/run.js:252:3)
    at _runTestsForDescribeBlock (/Users/mike/Plate-Restaurant-System-App/node_modules/jest-circus/build/run.js:126:9)
    at _runTestsForDescribeBlock (/Users/mike/Plate-Restaurant-System-App/node_modules/jest-circus/build/run.js:121:9)
    at _runTestsForDescribeBlock (/Users/mike/Plate-Restaurant-System-App/node_modules/jest-circus/build/run.js:121:9)
    at run (/Users/mike/Plate-Restaurant-System-App/node_modules/jest-circus/build/run.js:71:3)
    at runAndTransformResultsToJestFormat (/Users/mike/Plate-Restaurant-System-App/node_modules/jest-circus/build/legacy-code-todo-rewrite/jestAdapterInit.js:122:21)
    at jestAdapter (/Users/mike/Plate-Restaurant-System-App/node_modules/jest-circus/build/legacy-code-todo-rewrite/jestAdapter.js:79:19)
    at runTestInternal (/Users/mike/Plate-Restaurant-System-App/node_modules/jest-runner/build/runTest.js:367:16)
    at runTest (/Users/mike/Plate-Restaurant-System-App/node_modules/jest-runner/build/runTest.js:444:34)
    at Object.worker (/Users/mike/Plate-Restaurant-System-App/node_modules/jest-runner/build/testWorker.js:106:12)</failure>
    </testcase>
    <testcase classname="GrillStation Order Status and Actions calls onOrderAction when done button is clicked" name="GrillStation Order Status and Actions calls onOrderAction when done button is clicked" time="0.001">
      <failure>TypeError: Cannot redefine property: clipboard
    at Object.defineProperty (&lt;anonymous&gt;)
    at Object.attachClipboardStubToView (/Users/mike/Plate-Restaurant-System-App/node_modules/@testing-library/user-event/dist/cjs/utils/dataTransfer/Clipboard.js:110:12)
    at Object.setupMain [as setup] (/Users/mike/Plate-Restaurant-System-App/node_modules/@testing-library/user-event/dist/cjs/setup/setup.js:58:15)
    at setup (/Users/mike/Plate-Restaurant-System-App/__tests__/utils/test-utils.tsx:104:39)
    at Object.&lt;anonymous&gt; (/Users/mike/Plate-Restaurant-System-App/__tests__/unit/components/kds/stations/grill-station.test.tsx:332:43)
    at Promise.then.completed (/Users/mike/Plate-Restaurant-System-App/node_modules/jest-circus/build/utils.js:298:28)
    at new Promise (&lt;anonymous&gt;)
    at callAsyncCircusFn (/Users/mike/Plate-Restaurant-System-App/node_modules/jest-circus/build/utils.js:231:10)
    at _callCircusTest (/Users/mike/Plate-Restaurant-System-App/node_modules/jest-circus/build/run.js:316:40)
    at processTicksAndRejections (node:internal/process/task_queues:105:5)
    at _runTest (/Users/mike/Plate-Restaurant-System-App/node_modules/jest-circus/build/run.js:252:3)
    at _runTestsForDescribeBlock (/Users/mike/Plate-Restaurant-System-App/node_modules/jest-circus/build/run.js:126:9)
    at _runTestsForDescribeBlock (/Users/mike/Plate-Restaurant-System-App/node_modules/jest-circus/build/run.js:121:9)
    at _runTestsForDescribeBlock (/Users/mike/Plate-Restaurant-System-App/node_modules/jest-circus/build/run.js:121:9)
    at run (/Users/mike/Plate-Restaurant-System-App/node_modules/jest-circus/build/run.js:71:3)
    at runAndTransformResultsToJestFormat (/Users/mike/Plate-Restaurant-System-App/node_modules/jest-circus/build/legacy-code-todo-rewrite/jestAdapterInit.js:122:21)
    at jestAdapter (/Users/mike/Plate-Restaurant-System-App/node_modules/jest-circus/build/legacy-code-todo-rewrite/jestAdapter.js:79:19)
    at runTestInternal (/Users/mike/Plate-Restaurant-System-App/node_modules/jest-runner/build/runTest.js:367:16)
    at runTest (/Users/mike/Plate-Restaurant-System-App/node_modules/jest-runner/build/runTest.js:444:34)
    at Object.worker (/Users/mike/Plate-Restaurant-System-App/node_modules/jest-runner/build/testWorker.js:106:12)</failure>
    </testcase>
    <testcase classname="GrillStation Order Details displays order items with priority highlighting" name="GrillStation Order Details displays order items with priority highlighting" time="0">
      <failure>TypeError: Cannot redefine property: clipboard
    at Object.defineProperty (&lt;anonymous&gt;)
    at Object.attachClipboardStubToView (/Users/mike/Plate-Restaurant-System-App/node_modules/@testing-library/user-event/dist/cjs/utils/dataTransfer/Clipboard.js:110:12)
    at Object.setupMain [as setup] (/Users/mike/Plate-Restaurant-System-App/node_modules/@testing-library/user-event/dist/cjs/setup/setup.js:58:15)
    at setup (/Users/mike/Plate-Restaurant-System-App/__tests__/utils/test-utils.tsx:104:39)
    at Object.&lt;anonymous&gt; (/Users/mike/Plate-Restaurant-System-App/__tests__/unit/components/kds/stations/grill-station.test.tsx:353:48)
    at Promise.then.completed (/Users/mike/Plate-Restaurant-System-App/node_modules/jest-circus/build/utils.js:298:28)
    at new Promise (&lt;anonymous&gt;)
    at callAsyncCircusFn (/Users/mike/Plate-Restaurant-System-App/node_modules/jest-circus/build/utils.js:231:10)
    at _callCircusTest (/Users/mike/Plate-Restaurant-System-App/node_modules/jest-circus/build/run.js:316:40)
    at processTicksAndRejections (node:internal/process/task_queues:105:5)
    at _runTest (/Users/mike/Plate-Restaurant-System-App/node_modules/jest-circus/build/run.js:252:3)
    at _runTestsForDescribeBlock (/Users/mike/Plate-Restaurant-System-App/node_modules/jest-circus/build/run.js:126:9)
    at _runTestsForDescribeBlock (/Users/mike/Plate-Restaurant-System-App/node_modules/jest-circus/build/run.js:121:9)
    at _runTestsForDescribeBlock (/Users/mike/Plate-Restaurant-System-App/node_modules/jest-circus/build/run.js:121:9)
    at run (/Users/mike/Plate-Restaurant-System-App/node_modules/jest-circus/build/run.js:71:3)
    at runAndTransformResultsToJestFormat (/Users/mike/Plate-Restaurant-System-App/node_modules/jest-circus/build/legacy-code-todo-rewrite/jestAdapterInit.js:122:21)
    at jestAdapter (/Users/mike/Plate-Restaurant-System-App/node_modules/jest-circus/build/legacy-code-todo-rewrite/jestAdapter.js:79:19)
    at runTestInternal (/Users/mike/Plate-Restaurant-System-App/node_modules/jest-runner/build/runTest.js:367:16)
    at runTest (/Users/mike/Plate-Restaurant-System-App/node_modules/jest-runner/build/runTest.js:444:34)
    at Object.worker (/Users/mike/Plate-Restaurant-System-App/node_modules/jest-runner/build/testWorker.js:106:12)</failure>
    </testcase>
    <testcase classname="GrillStation Order Details displays special requests" name="GrillStation Order Details displays special requests" time="0">
      <failure>TypeError: Cannot redefine property: clipboard
    at Object.defineProperty (&lt;anonymous&gt;)
    at Object.attachClipboardStubToView (/Users/mike/Plate-Restaurant-System-App/node_modules/@testing-library/user-event/dist/cjs/utils/dataTransfer/Clipboard.js:110:12)
    at Object.setupMain [as setup] (/Users/mike/Plate-Restaurant-System-App/node_modules/@testing-library/user-event/dist/cjs/setup/setup.js:58:15)
    at setup (/Users/mike/Plate-Restaurant-System-App/__tests__/utils/test-utils.tsx:104:39)
    at Object.&lt;anonymous&gt; (/Users/mike/Plate-Restaurant-System-App/__tests__/unit/components/kds/stations/grill-station.test.tsx:375:26)
    at Promise.then.completed (/Users/mike/Plate-Restaurant-System-App/node_modules/jest-circus/build/utils.js:298:28)
    at new Promise (&lt;anonymous&gt;)
    at callAsyncCircusFn (/Users/mike/Plate-Restaurant-System-App/node_modules/jest-circus/build/utils.js:231:10)
    at _callCircusTest (/Users/mike/Plate-Restaurant-System-App/node_modules/jest-circus/build/run.js:316:40)
    at processTicksAndRejections (node:internal/process/task_queues:105:5)
    at _runTest (/Users/mike/Plate-Restaurant-System-App/node_modules/jest-circus/build/run.js:252:3)
    at _runTestsForDescribeBlock (/Users/mike/Plate-Restaurant-System-App/node_modules/jest-circus/build/run.js:126:9)
    at _runTestsForDescribeBlock (/Users/mike/Plate-Restaurant-System-App/node_modules/jest-circus/build/run.js:121:9)
    at _runTestsForDescribeBlock (/Users/mike/Plate-Restaurant-System-App/node_modules/jest-circus/build/run.js:121:9)
    at run (/Users/mike/Plate-Restaurant-System-App/node_modules/jest-circus/build/run.js:71:3)
    at runAndTransformResultsToJestFormat (/Users/mike/Plate-Restaurant-System-App/node_modules/jest-circus/build/legacy-code-todo-rewrite/jestAdapterInit.js:122:21)
    at jestAdapter (/Users/mike/Plate-Restaurant-System-App/node_modules/jest-circus/build/legacy-code-todo-rewrite/jestAdapter.js:79:19)
    at runTestInternal (/Users/mike/Plate-Restaurant-System-App/node_modules/jest-runner/build/runTest.js:367:16)
    at runTest (/Users/mike/Plate-Restaurant-System-App/node_modules/jest-runner/build/runTest.js:444:34)
    at Object.worker (/Users/mike/Plate-Restaurant-System-App/node_modules/jest-runner/build/testWorker.js:106:12)</failure>
    </testcase>
    <testcase classname="GrillStation Order Details displays table information" name="GrillStation Order Details displays table information" time="0">
      <failure>TypeError: Cannot redefine property: clipboard
    at Object.defineProperty (&lt;anonymous&gt;)
    at Object.attachClipboardStubToView (/Users/mike/Plate-Restaurant-System-App/node_modules/@testing-library/user-event/dist/cjs/utils/dataTransfer/Clipboard.js:110:12)
    at Object.setupMain [as setup] (/Users/mike/Plate-Restaurant-System-App/node_modules/@testing-library/user-event/dist/cjs/setup/setup.js:58:15)
    at setup (/Users/mike/Plate-Restaurant-System-App/__tests__/utils/test-utils.tsx:104:39)
    at Object.&lt;anonymous&gt; (/Users/mike/Plate-Restaurant-System-App/__tests__/unit/components/kds/stations/grill-station.test.tsx:392:26)
    at Promise.then.completed (/Users/mike/Plate-Restaurant-System-App/node_modules/jest-circus/build/utils.js:298:28)
    at new Promise (&lt;anonymous&gt;)
    at callAsyncCircusFn (/Users/mike/Plate-Restaurant-System-App/node_modules/jest-circus/build/utils.js:231:10)
    at _callCircusTest (/Users/mike/Plate-Restaurant-System-App/node_modules/jest-circus/build/run.js:316:40)
    at processTicksAndRejections (node:internal/process/task_queues:105:5)
    at _runTest (/Users/mike/Plate-Restaurant-System-App/node_modules/jest-circus/build/run.js:252:3)
    at _runTestsForDescribeBlock (/Users/mike/Plate-Restaurant-System-App/node_modules/jest-circus/build/run.js:126:9)
    at _runTestsForDescribeBlock (/Users/mike/Plate-Restaurant-System-App/node_modules/jest-circus/build/run.js:121:9)
    at _runTestsForDescribeBlock (/Users/mike/Plate-Restaurant-System-App/node_modules/jest-circus/build/run.js:121:9)
    at run (/Users/mike/Plate-Restaurant-System-App/node_modules/jest-circus/build/run.js:71:3)
    at runAndTransformResultsToJestFormat (/Users/mike/Plate-Restaurant-System-App/node_modules/jest-circus/build/legacy-code-todo-rewrite/jestAdapterInit.js:122:21)
    at jestAdapter (/Users/mike/Plate-Restaurant-System-App/node_modules/jest-circus/build/legacy-code-todo-rewrite/jestAdapter.js:79:19)
    at runTestInternal (/Users/mike/Plate-Restaurant-System-App/node_modules/jest-runner/build/runTest.js:367:16)
    at runTest (/Users/mike/Plate-Restaurant-System-App/node_modules/jest-runner/build/runTest.js:444:34)
    at Object.worker (/Users/mike/Plate-Restaurant-System-App/node_modules/jest-runner/build/testWorker.js:106:12)</failure>
    </testcase>
    <testcase classname="GrillStation Active Order Counter counts active orders correctly" name="GrillStation Active Order Counter counts active orders correctly" time="0">
      <failure>TypeError: Cannot redefine property: clipboard
    at Object.defineProperty (&lt;anonymous&gt;)
    at Object.attachClipboardStubToView (/Users/mike/Plate-Restaurant-System-App/node_modules/@testing-library/user-event/dist/cjs/utils/dataTransfer/Clipboard.js:110:12)
    at Object.setupMain [as setup] (/Users/mike/Plate-Restaurant-System-App/node_modules/@testing-library/user-event/dist/cjs/setup/setup.js:58:15)
    at setup (/Users/mike/Plate-Restaurant-System-App/__tests__/utils/test-utils.tsx:104:39)
    at Object.&lt;anonymous&gt; (/Users/mike/Plate-Restaurant-System-App/__tests__/unit/components/kds/stations/grill-station.test.tsx:409:26)
    at Promise.then.completed (/Users/mike/Plate-Restaurant-System-App/node_modules/jest-circus/build/utils.js:298:28)
    at new Promise (&lt;anonymous&gt;)
    at callAsyncCircusFn (/Users/mike/Plate-Restaurant-System-App/node_modules/jest-circus/build/utils.js:231:10)
    at _callCircusTest (/Users/mike/Plate-Restaurant-System-App/node_modules/jest-circus/build/run.js:316:40)
    at processTicksAndRejections (node:internal/process/task_queues:105:5)
    at _runTest (/Users/mike/Plate-Restaurant-System-App/node_modules/jest-circus/build/run.js:252:3)
    at _runTestsForDescribeBlock (/Users/mike/Plate-Restaurant-System-App/node_modules/jest-circus/build/run.js:126:9)
    at _runTestsForDescribeBlock (/Users/mike/Plate-Restaurant-System-App/node_modules/jest-circus/build/run.js:121:9)
    at _runTestsForDescribeBlock (/Users/mike/Plate-Restaurant-System-App/node_modules/jest-circus/build/run.js:121:9)
    at run (/Users/mike/Plate-Restaurant-System-App/node_modules/jest-circus/build/run.js:71:3)
    at runAndTransformResultsToJestFormat (/Users/mike/Plate-Restaurant-System-App/node_modules/jest-circus/build/legacy-code-todo-rewrite/jestAdapterInit.js:122:21)
    at jestAdapter (/Users/mike/Plate-Restaurant-System-App/node_modules/jest-circus/build/legacy-code-todo-rewrite/jestAdapter.js:79:19)
    at runTestInternal (/Users/mike/Plate-Restaurant-System-App/node_modules/jest-runner/build/runTest.js:367:16)
    at runTest (/Users/mike/Plate-Restaurant-System-App/node_modules/jest-runner/build/runTest.js:444:34)
    at Object.worker (/Users/mike/Plate-Restaurant-System-App/node_modules/jest-runner/build/testWorker.js:106:12)</failure>
    </testcase>
    <testcase classname="GrillStation Active Order Counter shows green badge for low activity (≤2)" name="GrillStation Active Order Counter shows green badge for low activity (≤2)" time="0.001">
      <failure>TypeError: Cannot redefine property: clipboard
    at Object.defineProperty (&lt;anonymous&gt;)
    at Object.attachClipboardStubToView (/Users/mike/Plate-Restaurant-System-App/node_modules/@testing-library/user-event/dist/cjs/utils/dataTransfer/Clipboard.js:110:12)
    at Object.setupMain [as setup] (/Users/mike/Plate-Restaurant-System-App/node_modules/@testing-library/user-event/dist/cjs/setup/setup.js:58:15)
    at setup (/Users/mike/Plate-Restaurant-System-App/__tests__/utils/test-utils.tsx:104:39)
    at Object.&lt;anonymous&gt; (/Users/mike/Plate-Restaurant-System-App/__tests__/unit/components/kds/stations/grill-station.test.tsx:421:48)
    at Promise.then.completed (/Users/mike/Plate-Restaurant-System-App/node_modules/jest-circus/build/utils.js:298:28)
    at new Promise (&lt;anonymous&gt;)
    at callAsyncCircusFn (/Users/mike/Plate-Restaurant-System-App/node_modules/jest-circus/build/utils.js:231:10)
    at _callCircusTest (/Users/mike/Plate-Restaurant-System-App/node_modules/jest-circus/build/run.js:316:40)
    at processTicksAndRejections (node:internal/process/task_queues:105:5)
    at _runTest (/Users/mike/Plate-Restaurant-System-App/node_modules/jest-circus/build/run.js:252:3)
    at _runTestsForDescribeBlock (/Users/mike/Plate-Restaurant-System-App/node_modules/jest-circus/build/run.js:126:9)
    at _runTestsForDescribeBlock (/Users/mike/Plate-Restaurant-System-App/node_modules/jest-circus/build/run.js:121:9)
    at _runTestsForDescribeBlock (/Users/mike/Plate-Restaurant-System-App/node_modules/jest-circus/build/run.js:121:9)
    at run (/Users/mike/Plate-Restaurant-System-App/node_modules/jest-circus/build/run.js:71:3)
    at runAndTransformResultsToJestFormat (/Users/mike/Plate-Restaurant-System-App/node_modules/jest-circus/build/legacy-code-todo-rewrite/jestAdapterInit.js:122:21)
    at jestAdapter (/Users/mike/Plate-Restaurant-System-App/node_modules/jest-circus/build/legacy-code-todo-rewrite/jestAdapter.js:79:19)
    at runTestInternal (/Users/mike/Plate-Restaurant-System-App/node_modules/jest-runner/build/runTest.js:367:16)
    at runTest (/Users/mike/Plate-Restaurant-System-App/node_modules/jest-runner/build/runTest.js:444:34)
    at Object.worker (/Users/mike/Plate-Restaurant-System-App/node_modules/jest-runner/build/testWorker.js:106:12)</failure>
    </testcase>
    <testcase classname="GrillStation Active Order Counter shows yellow badge for medium activity (3-5)" name="GrillStation Active Order Counter shows yellow badge for medium activity (3-5)" time="0">
      <failure>TypeError: Cannot redefine property: clipboard
    at Object.defineProperty (&lt;anonymous&gt;)
    at Object.attachClipboardStubToView (/Users/mike/Plate-Restaurant-System-App/node_modules/@testing-library/user-event/dist/cjs/utils/dataTransfer/Clipboard.js:110:12)
    at Object.setupMain [as setup] (/Users/mike/Plate-Restaurant-System-App/node_modules/@testing-library/user-event/dist/cjs/setup/setup.js:58:15)
    at setup (/Users/mike/Plate-Restaurant-System-App/__tests__/utils/test-utils.tsx:104:39)
    at Object.&lt;anonymous&gt; (/Users/mike/Plate-Restaurant-System-App/__tests__/unit/components/kds/stations/grill-station.test.tsx:438:48)
    at Promise.then.completed (/Users/mike/Plate-Restaurant-System-App/node_modules/jest-circus/build/utils.js:298:28)
    at new Promise (&lt;anonymous&gt;)
    at callAsyncCircusFn (/Users/mike/Plate-Restaurant-System-App/node_modules/jest-circus/build/utils.js:231:10)
    at _callCircusTest (/Users/mike/Plate-Restaurant-System-App/node_modules/jest-circus/build/run.js:316:40)
    at processTicksAndRejections (node:internal/process/task_queues:105:5)
    at _runTest (/Users/mike/Plate-Restaurant-System-App/node_modules/jest-circus/build/run.js:252:3)
    at _runTestsForDescribeBlock (/Users/mike/Plate-Restaurant-System-App/node_modules/jest-circus/build/run.js:126:9)
    at _runTestsForDescribeBlock (/Users/mike/Plate-Restaurant-System-App/node_modules/jest-circus/build/run.js:121:9)
    at _runTestsForDescribeBlock (/Users/mike/Plate-Restaurant-System-App/node_modules/jest-circus/build/run.js:121:9)
    at run (/Users/mike/Plate-Restaurant-System-App/node_modules/jest-circus/build/run.js:71:3)
    at runAndTransformResultsToJestFormat (/Users/mike/Plate-Restaurant-System-App/node_modules/jest-circus/build/legacy-code-todo-rewrite/jestAdapterInit.js:122:21)
    at jestAdapter (/Users/mike/Plate-Restaurant-System-App/node_modules/jest-circus/build/legacy-code-todo-rewrite/jestAdapter.js:79:19)
    at runTestInternal (/Users/mike/Plate-Restaurant-System-App/node_modules/jest-runner/build/runTest.js:367:16)
    at runTest (/Users/mike/Plate-Restaurant-System-App/node_modules/jest-runner/build/runTest.js:444:34)
    at Object.worker (/Users/mike/Plate-Restaurant-System-App/node_modules/jest-runner/build/testWorker.js:106:12)</failure>
    </testcase>
    <testcase classname="GrillStation Active Order Counter shows red badge for high activity (&gt;5)" name="GrillStation Active Order Counter shows red badge for high activity (&gt;5)" time="0">
      <failure>TypeError: Cannot redefine property: clipboard
    at Object.defineProperty (&lt;anonymous&gt;)
    at Object.attachClipboardStubToView (/Users/mike/Plate-Restaurant-System-App/node_modules/@testing-library/user-event/dist/cjs/utils/dataTransfer/Clipboard.js:110:12)
    at Object.setupMain [as setup] (/Users/mike/Plate-Restaurant-System-App/node_modules/@testing-library/user-event/dist/cjs/setup/setup.js:58:15)
    at setup (/Users/mike/Plate-Restaurant-System-App/__tests__/utils/test-utils.tsx:104:39)
    at Object.&lt;anonymous&gt; (/Users/mike/Plate-Restaurant-System-App/__tests__/unit/components/kds/stations/grill-station.test.tsx:455:48)
    at Promise.then.completed (/Users/mike/Plate-Restaurant-System-App/node_modules/jest-circus/build/utils.js:298:28)
    at new Promise (&lt;anonymous&gt;)
    at callAsyncCircusFn (/Users/mike/Plate-Restaurant-System-App/node_modules/jest-circus/build/utils.js:231:10)
    at _callCircusTest (/Users/mike/Plate-Restaurant-System-App/node_modules/jest-circus/build/run.js:316:40)
    at processTicksAndRejections (node:internal/process/task_queues:105:5)
    at _runTest (/Users/mike/Plate-Restaurant-System-App/node_modules/jest-circus/build/run.js:252:3)
    at _runTestsForDescribeBlock (/Users/mike/Plate-Restaurant-System-App/node_modules/jest-circus/build/run.js:126:9)
    at _runTestsForDescribeBlock (/Users/mike/Plate-Restaurant-System-App/node_modules/jest-circus/build/run.js:121:9)
    at _runTestsForDescribeBlock (/Users/mike/Plate-Restaurant-System-App/node_modules/jest-circus/build/run.js:121:9)
    at run (/Users/mike/Plate-Restaurant-System-App/node_modules/jest-circus/build/run.js:71:3)
    at runAndTransformResultsToJestFormat (/Users/mike/Plate-Restaurant-System-App/node_modules/jest-circus/build/legacy-code-todo-rewrite/jestAdapterInit.js:122:21)
    at jestAdapter (/Users/mike/Plate-Restaurant-System-App/node_modules/jest-circus/build/legacy-code-todo-rewrite/jestAdapter.js:79:19)
    at runTestInternal (/Users/mike/Plate-Restaurant-System-App/node_modules/jest-runner/build/runTest.js:367:16)
    at runTest (/Users/mike/Plate-Restaurant-System-App/node_modules/jest-runner/build/runTest.js:444:34)
    at Object.worker (/Users/mike/Plate-Restaurant-System-App/node_modules/jest-runner/build/testWorker.js:106:12)</failure>
    </testcase>
    <testcase classname="GrillStation Performance handles large number of orders efficiently" name="GrillStation Performance handles large number of orders efficiently" time="0">
      <failure>TypeError: Cannot redefine property: clipboard
    at Object.defineProperty (&lt;anonymous&gt;)
    at Object.attachClipboardStubToView (/Users/mike/Plate-Restaurant-System-App/node_modules/@testing-library/user-event/dist/cjs/utils/dataTransfer/Clipboard.js:110:12)
    at Object.setupMain [as setup] (/Users/mike/Plate-Restaurant-System-App/node_modules/@testing-library/user-event/dist/cjs/setup/setup.js:58:15)
    at setup (/Users/mike/Plate-Restaurant-System-App/__tests__/utils/test-utils.tsx:104:39)
    at Object.&lt;anonymous&gt; (/Users/mike/Plate-Restaurant-System-App/__tests__/unit/components/kds/stations/grill-station.test.tsx:475:26)
    at Promise.then.completed (/Users/mike/Plate-Restaurant-System-App/node_modules/jest-circus/build/utils.js:298:28)
    at new Promise (&lt;anonymous&gt;)
    at callAsyncCircusFn (/Users/mike/Plate-Restaurant-System-App/node_modules/jest-circus/build/utils.js:231:10)
    at _callCircusTest (/Users/mike/Plate-Restaurant-System-App/node_modules/jest-circus/build/run.js:316:40)
    at processTicksAndRejections (node:internal/process/task_queues:105:5)
    at _runTest (/Users/mike/Plate-Restaurant-System-App/node_modules/jest-circus/build/run.js:252:3)
    at _runTestsForDescribeBlock (/Users/mike/Plate-Restaurant-System-App/node_modules/jest-circus/build/run.js:126:9)
    at _runTestsForDescribeBlock (/Users/mike/Plate-Restaurant-System-App/node_modules/jest-circus/build/run.js:121:9)
    at _runTestsForDescribeBlock (/Users/mike/Plate-Restaurant-System-App/node_modules/jest-circus/build/run.js:121:9)
    at run (/Users/mike/Plate-Restaurant-System-App/node_modules/jest-circus/build/run.js:71:3)
    at runAndTransformResultsToJestFormat (/Users/mike/Plate-Restaurant-System-App/node_modules/jest-circus/build/legacy-code-todo-rewrite/jestAdapterInit.js:122:21)
    at jestAdapter (/Users/mike/Plate-Restaurant-System-App/node_modules/jest-circus/build/legacy-code-todo-rewrite/jestAdapter.js:79:19)
    at runTestInternal (/Users/mike/Plate-Restaurant-System-App/node_modules/jest-runner/build/runTest.js:367:16)
    at runTest (/Users/mike/Plate-Restaurant-System-App/node_modules/jest-runner/build/runTest.js:444:34)
    at Object.worker (/Users/mike/Plate-Restaurant-System-App/node_modules/jest-runner/build/testWorker.js:106:12)</failure>
    </testcase>
    <testcase classname="GrillStation Performance memoizes order cards to prevent unnecessary re-renders" name="GrillStation Performance memoizes order cards to prevent unnecessary re-renders" time="0">
      <failure>TypeError: Cannot redefine property: clipboard
    at Object.defineProperty (&lt;anonymous&gt;)
    at Object.attachClipboardStubToView (/Users/mike/Plate-Restaurant-System-App/node_modules/@testing-library/user-event/dist/cjs/utils/dataTransfer/Clipboard.js:110:12)
    at Object.setupMain [as setup] (/Users/mike/Plate-Restaurant-System-App/node_modules/@testing-library/user-event/dist/cjs/setup/setup.js:58:15)
    at setup (/Users/mike/Plate-Restaurant-System-App/__tests__/utils/test-utils.tsx:104:39)
    at Object.&lt;anonymous&gt; (/Users/mike/Plate-Restaurant-System-App/__tests__/unit/components/kds/stations/grill-station.test.tsx:489:47)
    at Promise.then.completed (/Users/mike/Plate-Restaurant-System-App/node_modules/jest-circus/build/utils.js:298:28)
    at new Promise (&lt;anonymous&gt;)
    at callAsyncCircusFn (/Users/mike/Plate-Restaurant-System-App/node_modules/jest-circus/build/utils.js:231:10)
    at _callCircusTest (/Users/mike/Plate-Restaurant-System-App/node_modules/jest-circus/build/run.js:316:40)
    at processTicksAndRejections (node:internal/process/task_queues:105:5)
    at _runTest (/Users/mike/Plate-Restaurant-System-App/node_modules/jest-circus/build/run.js:252:3)
    at _runTestsForDescribeBlock (/Users/mike/Plate-Restaurant-System-App/node_modules/jest-circus/build/run.js:126:9)
    at _runTestsForDescribeBlock (/Users/mike/Plate-Restaurant-System-App/node_modules/jest-circus/build/run.js:121:9)
    at _runTestsForDescribeBlock (/Users/mike/Plate-Restaurant-System-App/node_modules/jest-circus/build/run.js:121:9)
    at run (/Users/mike/Plate-Restaurant-System-App/node_modules/jest-circus/build/run.js:71:3)
    at runAndTransformResultsToJestFormat (/Users/mike/Plate-Restaurant-System-App/node_modules/jest-circus/build/legacy-code-todo-rewrite/jestAdapterInit.js:122:21)
    at jestAdapter (/Users/mike/Plate-Restaurant-System-App/node_modules/jest-circus/build/legacy-code-todo-rewrite/jestAdapter.js:79:19)
    at runTestInternal (/Users/mike/Plate-Restaurant-System-App/node_modules/jest-runner/build/runTest.js:367:16)
    at runTest (/Users/mike/Plate-Restaurant-System-App/node_modules/jest-runner/build/runTest.js:444:34)
    at Object.worker (/Users/mike/Plate-Restaurant-System-App/node_modules/jest-runner/build/testWorker.js:106:12)</failure>
    </testcase>
    <testcase classname="GrillStation Edge Cases handles orders with no items" name="GrillStation Edge Cases handles orders with no items" time="0.014">
      <failure>Error: expect(received).not.toThrow()

Error name:    &quot;TypeError&quot;
Error message: &quot;Cannot redefine property: clipboard&quot;

      102 |   )
      103 |
    &gt; 104 |   const userEventInstance = userEvent.setup()
          |                                       ^
      105 |
      106 |   return {
      107 |     user: userEventInstance,

      at Object.attachClipboardStubToView (node_modules/@testing-library/user-event/dist/cjs/utils/dataTransfer/Clipboard.js:110:12)
      at Object.setupMain [as setup] (node_modules/@testing-library/user-event/dist/cjs/setup/setup.js:58:15)
      at setup (__tests__/utils/test-utils.tsx:104:39)
      at __tests__/unit/components/kds/stations/grill-station.test.tsx:512:28
      at Object.&lt;anonymous&gt; (node_modules/expect/build/toThrowMatchers.js:74:11)
      at Object.throwingMatcher [as toThrow] (node_modules/expect/build/index.js:320:21)
      at Object.toThrow (__tests__/unit/components/kds/stations/grill-station.test.tsx:515:14)
    at Object.toThrow (/Users/mike/Plate-Restaurant-System-App/__tests__/unit/components/kds/stations/grill-station.test.tsx:515:14)
    at Promise.then.completed (/Users/mike/Plate-Restaurant-System-App/node_modules/jest-circus/build/utils.js:298:28)
    at new Promise (&lt;anonymous&gt;)
    at callAsyncCircusFn (/Users/mike/Plate-Restaurant-System-App/node_modules/jest-circus/build/utils.js:231:10)
    at _callCircusTest (/Users/mike/Plate-Restaurant-System-App/node_modules/jest-circus/build/run.js:316:40)
    at processTicksAndRejections (node:internal/process/task_queues:105:5)
    at _runTest (/Users/mike/Plate-Restaurant-System-App/node_modules/jest-circus/build/run.js:252:3)
    at _runTestsForDescribeBlock (/Users/mike/Plate-Restaurant-System-App/node_modules/jest-circus/build/run.js:126:9)
    at _runTestsForDescribeBlock (/Users/mike/Plate-Restaurant-System-App/node_modules/jest-circus/build/run.js:121:9)
    at _runTestsForDescribeBlock (/Users/mike/Plate-Restaurant-System-App/node_modules/jest-circus/build/run.js:121:9)
    at run (/Users/mike/Plate-Restaurant-System-App/node_modules/jest-circus/build/run.js:71:3)
    at runAndTransformResultsToJestFormat (/Users/mike/Plate-Restaurant-System-App/node_modules/jest-circus/build/legacy-code-todo-rewrite/jestAdapterInit.js:122:21)
    at jestAdapter (/Users/mike/Plate-Restaurant-System-App/node_modules/jest-circus/build/legacy-code-todo-rewrite/jestAdapter.js:79:19)
    at runTestInternal (/Users/mike/Plate-Restaurant-System-App/node_modules/jest-runner/build/runTest.js:367:16)
    at runTest (/Users/mike/Plate-Restaurant-System-App/node_modules/jest-runner/build/runTest.js:444:34)
    at Object.worker (/Users/mike/Plate-Restaurant-System-App/node_modules/jest-runner/build/testWorker.js:106:12)</failure>
    </testcase>
    <testcase classname="GrillStation Edge Cases handles orders with null/undefined items" name="GrillStation Edge Cases handles orders with null/undefined items" time="0.002">
      <failure>Error: expect(received).not.toThrow()

Error name:    &quot;TypeError&quot;
Error message: &quot;Cannot redefine property: clipboard&quot;

      102 |   )
      103 |
    &gt; 104 |   const userEventInstance = userEvent.setup()
          |                                       ^
      105 |
      106 |   return {
      107 |     user: userEventInstance,

      at Object.attachClipboardStubToView (node_modules/@testing-library/user-event/dist/cjs/utils/dataTransfer/Clipboard.js:110:12)
      at Object.setupMain [as setup] (node_modules/@testing-library/user-event/dist/cjs/setup/setup.js:58:15)
      at setup (__tests__/utils/test-utils.tsx:104:39)
      at __tests__/unit/components/kds/stations/grill-station.test.tsx:530:28
      at Object.&lt;anonymous&gt; (node_modules/expect/build/toThrowMatchers.js:74:11)
      at Object.throwingMatcher [as toThrow] (node_modules/expect/build/index.js:320:21)
      at Object.toThrow (__tests__/unit/components/kds/stations/grill-station.test.tsx:533:14)
    at Object.toThrow (/Users/mike/Plate-Restaurant-System-App/__tests__/unit/components/kds/stations/grill-station.test.tsx:533:14)
    at Promise.then.completed (/Users/mike/Plate-Restaurant-System-App/node_modules/jest-circus/build/utils.js:298:28)
    at new Promise (&lt;anonymous&gt;)
    at callAsyncCircusFn (/Users/mike/Plate-Restaurant-System-App/node_modules/jest-circus/build/utils.js:231:10)
    at _callCircusTest (/Users/mike/Plate-Restaurant-System-App/node_modules/jest-circus/build/run.js:316:40)
    at processTicksAndRejections (node:internal/process/task_queues:105:5)
    at _runTest (/Users/mike/Plate-Restaurant-System-App/node_modules/jest-circus/build/run.js:252:3)
    at _runTestsForDescribeBlock (/Users/mike/Plate-Restaurant-System-App/node_modules/jest-circus/build/run.js:126:9)
    at _runTestsForDescribeBlock (/Users/mike/Plate-Restaurant-System-App/node_modules/jest-circus/build/run.js:121:9)
    at _runTestsForDescribeBlock (/Users/mike/Plate-Restaurant-System-App/node_modules/jest-circus/build/run.js:121:9)
    at run (/Users/mike/Plate-Restaurant-System-App/node_modules/jest-circus/build/run.js:71:3)
    at runAndTransformResultsToJestFormat (/Users/mike/Plate-Restaurant-System-App/node_modules/jest-circus/build/legacy-code-todo-rewrite/jestAdapterInit.js:122:21)
    at jestAdapter (/Users/mike/Plate-Restaurant-System-App/node_modules/jest-circus/build/legacy-code-todo-rewrite/jestAdapter.js:79:19)
    at runTestInternal (/Users/mike/Plate-Restaurant-System-App/node_modules/jest-runner/build/runTest.js:367:16)
    at runTest (/Users/mike/Plate-Restaurant-System-App/node_modules/jest-runner/build/runTest.js:444:34)
    at Object.worker (/Users/mike/Plate-Restaurant-System-App/node_modules/jest-runner/build/testWorker.js:106:12)</failure>
    </testcase>
    <testcase classname="GrillStation Edge Cases handles missing elapsed_seconds" name="GrillStation Edge Cases handles missing elapsed_seconds" time="0">
      <failure>TypeError: Cannot redefine property: clipboard
    at Object.defineProperty (&lt;anonymous&gt;)
    at Object.attachClipboardStubToView (/Users/mike/Plate-Restaurant-System-App/node_modules/@testing-library/user-event/dist/cjs/utils/dataTransfer/Clipboard.js:110:12)
    at Object.setupMain [as setup] (/Users/mike/Plate-Restaurant-System-App/node_modules/@testing-library/user-event/dist/cjs/setup/setup.js:58:15)
    at setup (/Users/mike/Plate-Restaurant-System-App/__tests__/utils/test-utils.tsx:104:39)
    at Object.&lt;anonymous&gt; (/Users/mike/Plate-Restaurant-System-App/__tests__/unit/components/kds/stations/grill-station.test.tsx:547:26)
    at Promise.then.completed (/Users/mike/Plate-Restaurant-System-App/node_modules/jest-circus/build/utils.js:298:28)
    at new Promise (&lt;anonymous&gt;)
    at callAsyncCircusFn (/Users/mike/Plate-Restaurant-System-App/node_modules/jest-circus/build/utils.js:231:10)
    at _callCircusTest (/Users/mike/Plate-Restaurant-System-App/node_modules/jest-circus/build/run.js:316:40)
    at processTicksAndRejections (node:internal/process/task_queues:105:5)
    at _runTest (/Users/mike/Plate-Restaurant-System-App/node_modules/jest-circus/build/run.js:252:3)
    at _runTestsForDescribeBlock (/Users/mike/Plate-Restaurant-System-App/node_modules/jest-circus/build/run.js:126:9)
    at _runTestsForDescribeBlock (/Users/mike/Plate-Restaurant-System-App/node_modules/jest-circus/build/run.js:121:9)
    at _runTestsForDescribeBlock (/Users/mike/Plate-Restaurant-System-App/node_modules/jest-circus/build/run.js:121:9)
    at run (/Users/mike/Plate-Restaurant-System-App/node_modules/jest-circus/build/run.js:71:3)
    at runAndTransformResultsToJestFormat (/Users/mike/Plate-Restaurant-System-App/node_modules/jest-circus/build/legacy-code-todo-rewrite/jestAdapterInit.js:122:21)
    at jestAdapter (/Users/mike/Plate-Restaurant-System-App/node_modules/jest-circus/build/legacy-code-todo-rewrite/jestAdapter.js:79:19)
    at runTestInternal (/Users/mike/Plate-Restaurant-System-App/node_modules/jest-runner/build/runTest.js:367:16)
    at runTest (/Users/mike/Plate-Restaurant-System-App/node_modules/jest-runner/build/runTest.js:444:34)
    at Object.worker (/Users/mike/Plate-Restaurant-System-App/node_modules/jest-runner/build/testWorker.js:106:12)</failure>
    </testcase>
    <testcase classname="GrillStation Edge Cases handles missing table_label" name="GrillStation Edge Cases handles missing table_label" time="0">
      <failure>TypeError: Cannot redefine property: clipboard
    at Object.defineProperty (&lt;anonymous&gt;)
    at Object.attachClipboardStubToView (/Users/mike/Plate-Restaurant-System-App/node_modules/@testing-library/user-event/dist/cjs/utils/dataTransfer/Clipboard.js:110:12)
    at Object.setupMain [as setup] (/Users/mike/Plate-Restaurant-System-App/node_modules/@testing-library/user-event/dist/cjs/setup/setup.js:58:15)
    at setup (/Users/mike/Plate-Restaurant-System-App/__tests__/utils/test-utils.tsx:104:39)
    at Object.&lt;anonymous&gt; (/Users/mike/Plate-Restaurant-System-App/__tests__/unit/components/kds/stations/grill-station.test.tsx:562:26)
    at Promise.then.completed (/Users/mike/Plate-Restaurant-System-App/node_modules/jest-circus/build/utils.js:298:28)
    at new Promise (&lt;anonymous&gt;)
    at callAsyncCircusFn (/Users/mike/Plate-Restaurant-System-App/node_modules/jest-circus/build/utils.js:231:10)
    at _callCircusTest (/Users/mike/Plate-Restaurant-System-App/node_modules/jest-circus/build/run.js:316:40)
    at processTicksAndRejections (node:internal/process/task_queues:105:5)
    at _runTest (/Users/mike/Plate-Restaurant-System-App/node_modules/jest-circus/build/run.js:252:3)
    at _runTestsForDescribeBlock (/Users/mike/Plate-Restaurant-System-App/node_modules/jest-circus/build/run.js:126:9)
    at _runTestsForDescribeBlock (/Users/mike/Plate-Restaurant-System-App/node_modules/jest-circus/build/run.js:121:9)
    at _runTestsForDescribeBlock (/Users/mike/Plate-Restaurant-System-App/node_modules/jest-circus/build/run.js:121:9)
    at run (/Users/mike/Plate-Restaurant-System-App/node_modules/jest-circus/build/run.js:71:3)
    at runAndTransformResultsToJestFormat (/Users/mike/Plate-Restaurant-System-App/node_modules/jest-circus/build/legacy-code-todo-rewrite/jestAdapterInit.js:122:21)
    at jestAdapter (/Users/mike/Plate-Restaurant-System-App/node_modules/jest-circus/build/legacy-code-todo-rewrite/jestAdapter.js:79:19)
    at runTestInternal (/Users/mike/Plate-Restaurant-System-App/node_modules/jest-runner/build/runTest.js:367:16)
    at runTest (/Users/mike/Plate-Restaurant-System-App/node_modules/jest-runner/build/runTest.js:444:34)
    at Object.worker (/Users/mike/Plate-Restaurant-System-App/node_modules/jest-runner/build/testWorker.js:106:12)</failure>
    </testcase>
    <testcase classname="GrillStation Accessibility has proper ARIA labels and structure" name="GrillStation Accessibility has proper ARIA labels and structure" time="0">
      <failure>TypeError: Cannot redefine property: clipboard
    at Object.defineProperty (&lt;anonymous&gt;)
    at Object.attachClipboardStubToView (/Users/mike/Plate-Restaurant-System-App/node_modules/@testing-library/user-event/dist/cjs/utils/dataTransfer/Clipboard.js:110:12)
    at Object.setupMain [as setup] (/Users/mike/Plate-Restaurant-System-App/node_modules/@testing-library/user-event/dist/cjs/setup/setup.js:58:15)
    at setup (/Users/mike/Plate-Restaurant-System-App/__tests__/utils/test-utils.tsx:104:39)
    at Object.&lt;anonymous&gt; (/Users/mike/Plate-Restaurant-System-App/__tests__/unit/components/kds/stations/grill-station.test.tsx:580:26)
    at Promise.then.completed (/Users/mike/Plate-Restaurant-System-App/node_modules/jest-circus/build/utils.js:298:28)
    at new Promise (&lt;anonymous&gt;)
    at callAsyncCircusFn (/Users/mike/Plate-Restaurant-System-App/node_modules/jest-circus/build/utils.js:231:10)
    at _callCircusTest (/Users/mike/Plate-Restaurant-System-App/node_modules/jest-circus/build/run.js:316:40)
    at processTicksAndRejections (node:internal/process/task_queues:105:5)
    at _runTest (/Users/mike/Plate-Restaurant-System-App/node_modules/jest-circus/build/run.js:252:3)
    at _runTestsForDescribeBlock (/Users/mike/Plate-Restaurant-System-App/node_modules/jest-circus/build/run.js:126:9)
    at _runTestsForDescribeBlock (/Users/mike/Plate-Restaurant-System-App/node_modules/jest-circus/build/run.js:121:9)
    at _runTestsForDescribeBlock (/Users/mike/Plate-Restaurant-System-App/node_modules/jest-circus/build/run.js:121:9)
    at run (/Users/mike/Plate-Restaurant-System-App/node_modules/jest-circus/build/run.js:71:3)
    at runAndTransformResultsToJestFormat (/Users/mike/Plate-Restaurant-System-App/node_modules/jest-circus/build/legacy-code-todo-rewrite/jestAdapterInit.js:122:21)
    at jestAdapter (/Users/mike/Plate-Restaurant-System-App/node_modules/jest-circus/build/legacy-code-todo-rewrite/jestAdapter.js:79:19)
    at runTestInternal (/Users/mike/Plate-Restaurant-System-App/node_modules/jest-runner/build/runTest.js:367:16)
    at runTest (/Users/mike/Plate-Restaurant-System-App/node_modules/jest-runner/build/runTest.js:444:34)
    at Object.worker (/Users/mike/Plate-Restaurant-System-App/node_modules/jest-runner/build/testWorker.js:106:12)</failure>
    </testcase>
    <testcase classname="GrillStation Accessibility supports keyboard navigation" name="GrillStation Accessibility supports keyboard navigation" time="0">
      <failure>TypeError: Cannot redefine property: clipboard
    at Object.defineProperty (&lt;anonymous&gt;)
    at Object.attachClipboardStubToView (/Users/mike/Plate-Restaurant-System-App/node_modules/@testing-library/user-event/dist/cjs/utils/dataTransfer/Clipboard.js:110:12)
    at Object.setupMain [as setup] (/Users/mike/Plate-Restaurant-System-App/node_modules/@testing-library/user-event/dist/cjs/setup/setup.js:58:15)
    at setup (/Users/mike/Plate-Restaurant-System-App/__tests__/utils/test-utils.tsx:104:39)
    at Object.&lt;anonymous&gt; (/Users/mike/Plate-Restaurant-System-App/__tests__/unit/components/kds/stations/grill-station.test.tsx:601:43)
    at Promise.then.completed (/Users/mike/Plate-Restaurant-System-App/node_modules/jest-circus/build/utils.js:298:28)
    at new Promise (&lt;anonymous&gt;)
    at callAsyncCircusFn (/Users/mike/Plate-Restaurant-System-App/node_modules/jest-circus/build/utils.js:231:10)
    at _callCircusTest (/Users/mike/Plate-Restaurant-System-App/node_modules/jest-circus/build/run.js:316:40)
    at processTicksAndRejections (node:internal/process/task_queues:105:5)
    at _runTest (/Users/mike/Plate-Restaurant-System-App/node_modules/jest-circus/build/run.js:252:3)
    at _runTestsForDescribeBlock (/Users/mike/Plate-Restaurant-System-App/node_modules/jest-circus/build/run.js:126:9)
    at _runTestsForDescribeBlock (/Users/mike/Plate-Restaurant-System-App/node_modules/jest-circus/build/run.js:121:9)
    at _runTestsForDescribeBlock (/Users/mike/Plate-Restaurant-System-App/node_modules/jest-circus/build/run.js:121:9)
    at run (/Users/mike/Plate-Restaurant-System-App/node_modules/jest-circus/build/run.js:71:3)
    at runAndTransformResultsToJestFormat (/Users/mike/Plate-Restaurant-System-App/node_modules/jest-circus/build/legacy-code-todo-rewrite/jestAdapterInit.js:122:21)
    at jestAdapter (/Users/mike/Plate-Restaurant-System-App/node_modules/jest-circus/build/legacy-code-todo-rewrite/jestAdapter.js:79:19)
    at runTestInternal (/Users/mike/Plate-Restaurant-System-App/node_modules/jest-runner/build/runTest.js:367:16)
    at runTest (/Users/mike/Plate-Restaurant-System-App/node_modules/jest-runner/build/runTest.js:444:34)
    at Object.worker (/Users/mike/Plate-Restaurant-System-App/node_modules/jest-runner/build/testWorker.js:106:12)</failure>
    </testcase>
    <testcase classname="GrillStation Accessibility has semantic color coding for status" name="GrillStation Accessibility has semantic color coding for status" time="0.001">
      <failure>TypeError: Cannot redefine property: clipboard
    at Object.defineProperty (&lt;anonymous&gt;)
    at Object.attachClipboardStubToView (/Users/mike/Plate-Restaurant-System-App/node_modules/@testing-library/user-event/dist/cjs/utils/dataTransfer/Clipboard.js:110:12)
    at Object.setupMain [as setup] (/Users/mike/Plate-Restaurant-System-App/node_modules/@testing-library/user-event/dist/cjs/setup/setup.js:58:15)
    at setup (/Users/mike/Plate-Restaurant-System-App/__tests__/utils/test-utils.tsx:104:39)
    at Object.&lt;anonymous&gt; (/Users/mike/Plate-Restaurant-System-App/__tests__/unit/components/kds/stations/grill-station.test.tsx:618:48)
    at Promise.then.completed (/Users/mike/Plate-Restaurant-System-App/node_modules/jest-circus/build/utils.js:298:28)
    at new Promise (&lt;anonymous&gt;)
    at callAsyncCircusFn (/Users/mike/Plate-Restaurant-System-App/node_modules/jest-circus/build/utils.js:231:10)
    at _callCircusTest (/Users/mike/Plate-Restaurant-System-App/node_modules/jest-circus/build/run.js:316:40)
    at processTicksAndRejections (node:internal/process/task_queues:105:5)
    at _runTest (/Users/mike/Plate-Restaurant-System-App/node_modules/jest-circus/build/run.js:252:3)
    at _runTestsForDescribeBlock (/Users/mike/Plate-Restaurant-System-App/node_modules/jest-circus/build/run.js:126:9)
    at _runTestsForDescribeBlock (/Users/mike/Plate-Restaurant-System-App/node_modules/jest-circus/build/run.js:121:9)
    at _runTestsForDescribeBlock (/Users/mike/Plate-Restaurant-System-App/node_modules/jest-circus/build/run.js:121:9)
    at run (/Users/mike/Plate-Restaurant-System-App/node_modules/jest-circus/build/run.js:71:3)
    at runAndTransformResultsToJestFormat (/Users/mike/Plate-Restaurant-System-App/node_modules/jest-circus/build/legacy-code-todo-rewrite/jestAdapterInit.js:122:21)
    at jestAdapter (/Users/mike/Plate-Restaurant-System-App/node_modules/jest-circus/build/legacy-code-todo-rewrite/jestAdapter.js:79:19)
    at runTestInternal (/Users/mike/Plate-Restaurant-System-App/node_modules/jest-runner/build/runTest.js:367:16)
    at runTest (/Users/mike/Plate-Restaurant-System-App/node_modules/jest-runner/build/runTest.js:444:34)
    at Object.worker (/Users/mike/Plate-Restaurant-System-App/node_modules/jest-runner/build/testWorker.js:106:12)</failure>
    </testcase>
    <testcase classname="GrillStation Station Integration integrates properly with KDS action system" name="GrillStation Station Integration integrates properly with KDS action system" time="0">
      <failure>TypeError: Cannot redefine property: clipboard
    at Object.defineProperty (&lt;anonymous&gt;)
    at Object.attachClipboardStubToView (/Users/mike/Plate-Restaurant-System-App/node_modules/@testing-library/user-event/dist/cjs/utils/dataTransfer/Clipboard.js:110:12)
    at Object.setupMain [as setup] (/Users/mike/Plate-Restaurant-System-App/node_modules/@testing-library/user-event/dist/cjs/setup/setup.js:58:15)
    at setup (/Users/mike/Plate-Restaurant-System-App/__tests__/utils/test-utils.tsx:104:39)
    at Object.&lt;anonymous&gt; (/Users/mike/Plate-Restaurant-System-App/__tests__/unit/components/kds/stations/grill-station.test.tsx:640:43)
    at Promise.then.completed (/Users/mike/Plate-Restaurant-System-App/node_modules/jest-circus/build/utils.js:298:28)
    at new Promise (&lt;anonymous&gt;)
    at callAsyncCircusFn (/Users/mike/Plate-Restaurant-System-App/node_modules/jest-circus/build/utils.js:231:10)
    at _callCircusTest (/Users/mike/Plate-Restaurant-System-App/node_modules/jest-circus/build/run.js:316:40)
    at processTicksAndRejections (node:internal/process/task_queues:105:5)
    at _runTest (/Users/mike/Plate-Restaurant-System-App/node_modules/jest-circus/build/run.js:252:3)
    at _runTestsForDescribeBlock (/Users/mike/Plate-Restaurant-System-App/node_modules/jest-circus/build/run.js:126:9)
    at _runTestsForDescribeBlock (/Users/mike/Plate-Restaurant-System-App/node_modules/jest-circus/build/run.js:121:9)
    at _runTestsForDescribeBlock (/Users/mike/Plate-Restaurant-System-App/node_modules/jest-circus/build/run.js:121:9)
    at run (/Users/mike/Plate-Restaurant-System-App/node_modules/jest-circus/build/run.js:71:3)
    at runAndTransformResultsToJestFormat (/Users/mike/Plate-Restaurant-System-App/node_modules/jest-circus/build/legacy-code-todo-rewrite/jestAdapterInit.js:122:21)
    at jestAdapter (/Users/mike/Plate-Restaurant-System-App/node_modules/jest-circus/build/legacy-code-todo-rewrite/jestAdapter.js:79:19)
    at runTestInternal (/Users/mike/Plate-Restaurant-System-App/node_modules/jest-runner/build/runTest.js:367:16)
    at runTest (/Users/mike/Plate-Restaurant-System-App/node_modules/jest-runner/build/runTest.js:444:34)
    at Object.worker (/Users/mike/Plate-Restaurant-System-App/node_modules/jest-runner/build/testWorker.js:106:12)</failure>
    </testcase>
  </testsuite>
  <testsuite name="AudioOptimizer" errors="0" failures="7" skipped="0" timestamp="2025-06-14T02:35:57" time="0.779" tests="21">
    <testcase classname="AudioOptimizer Audio Analysis should analyze audio file properties correctly" name="AudioOptimizer Audio Analysis should analyze audio file properties correctly" time="0.025">
      <failure>Error: expect(received).toBe(expected) // Object.is equality

Expected: 1048576
Received: 1
    at Object.toBe (/Users/mike/Plate-Restaurant-System-App/__tests__/unit/lib/voice-ordering/audio-optimization.test.ts:72:29)
    at processTicksAndRejections (node:internal/process/task_queues:105:5)</failure>
    </testcase>
    <testcase classname="AudioOptimizer Audio Analysis should detect different audio formats" name="AudioOptimizer Audio Analysis should detect different audio formats" time="0.003">
    </testcase>
    <testcase classname="AudioOptimizer Audio Analysis should calculate estimated transcription cost" name="AudioOptimizer Audio Analysis should calculate estimated transcription cost" time="0.004">
    </testcase>
    <testcase classname="AudioOptimizer Optimization Detection should identify files that need optimization" name="AudioOptimizer Optimization Detection should identify files that need optimization" time="0.025">
      <failure>Error: expect(received).toBe(expected) // Object.is equality

Expected: true
Received: false
    at Object.toBe (/Users/mike/Plate-Restaurant-System-App/__tests__/unit/lib/voice-ordering/audio-optimization.test.ts:118:47)
    at processTicksAndRejections (node:internal/process/task_queues:105:5)</failure>
    </testcase>
    <testcase classname="AudioOptimizer Optimization Detection should not optimize files that are already optimal" name="AudioOptimizer Optimization Detection should not optimize files that are already optimal" time="0.002">
    </testcase>
    <testcase classname="AudioOptimizer Audio Optimization should compress large audio files" name="AudioOptimizer Audio Optimization should compress large audio files" time="0.011">
      <failure>Error: expect(received).toBeGreaterThan(expected)

Expected: &gt; 1
Received:   1
    at Object.toBeGreaterThan (/Users/mike/Plate-Restaurant-System-App/__tests__/unit/lib/voice-ordering/audio-optimization.test.ts:137:39)
    at processTicksAndRejections (node:internal/process/task_queues:105:5)</failure>
    </testcase>
    <testcase classname="AudioOptimizer Audio Optimization should skip optimization for already optimal files" name="AudioOptimizer Audio Optimization should skip optimization for already optimal files" time="0.001">
    </testcase>
    <testcase classname="AudioOptimizer Audio Optimization should apply multiple optimizations when needed" name="AudioOptimizer Audio Optimization should apply multiple optimizations when needed" time="0.031">
      <failure>Error: expect(received).toBeGreaterThan(expected)

Expected: &gt; 1
Received:   1
    at Object.toBeGreaterThan (/Users/mike/Plate-Restaurant-System-App/__tests__/unit/lib/voice-ordering/audio-optimization.test.ts:161:49)
    at processTicksAndRejections (node:internal/process/task_queues:105:5)</failure>
    </testcase>
    <testcase classname="AudioOptimizer Audio Optimization should handle optimization failures gracefully" name="AudioOptimizer Audio Optimization should handle optimization failures gracefully" time="0.012">
      <failure>Error: expect(received).toContain(expected) // indexOf

Expected value: &quot;optimization-failed&quot;
Received array: [&quot;no-optimization-needed&quot;]
    at Object.toContain (/Users/mike/Plate-Restaurant-System-App/__tests__/unit/lib/voice-ordering/audio-optimization.test.ts:175:42)
    at processTicksAndRejections (node:internal/process/task_queues:105:5)</failure>
    </testcase>
    <testcase classname="AudioOptimizer Compression Effectiveness should achieve target compression ratios" name="AudioOptimizer Compression Effectiveness should achieve target compression ratios" time="0.055">
    </testcase>
    <testcase classname="AudioOptimizer Compression Effectiveness should reduce file sizes by at least 30% for large files" name="AudioOptimizer Compression Effectiveness should reduce file sizes by at least 30% for large files" time="0.013">
    </testcase>
    <testcase classname="AudioOptimizer Cost Optimization should calculate cost savings from optimization" name="AudioOptimizer Cost Optimization should calculate cost savings from optimization" time="0.012">
    </testcase>
    <testcase classname="AudioOptimizer Cost Optimization should maintain transcription quality while reducing costs" name="AudioOptimizer Cost Optimization should maintain transcription quality while reducing costs" time="0.011">
      <failure>Error: expect(received).toBeGreaterThan(expected)

Expected: &gt; 1
Received:   1
    at Object.toBeGreaterThan (/Users/mike/Plate-Restaurant-System-App/__tests__/unit/lib/voice-ordering/audio-optimization.test.ts:225:39)
    at processTicksAndRejections (node:internal/process/task_queues:105:5)</failure>
    </testcase>
    <testcase classname="AudioOptimizer Format Optimization should convert to optimal formats" name="AudioOptimizer Format Optimization should convert to optimal formats" time="0.002">
    </testcase>
    <testcase classname="AudioOptimizer Performance Requirements should optimize audio files quickly" name="AudioOptimizer Performance Requirements should optimize audio files quickly" time="0.004">
    </testcase>
    <testcase classname="AudioOptimizer Performance Requirements should handle multiple file sizes efficiently" name="AudioOptimizer Performance Requirements should handle multiple file sizes efficiently" time="0.019">
    </testcase>
    <testcase classname="AudioOptimizer Edge Cases should handle very small audio files" name="AudioOptimizer Edge Cases should handle very small audio files" time="0">
    </testcase>
    <testcase classname="AudioOptimizer Edge Cases should handle unsupported formats gracefully" name="AudioOptimizer Edge Cases should handle unsupported formats gracefully" time="0.001">
      <failure>Error: expect(received).toBe(expected) // Object.is equality

Expected: &quot;unknown&quot;
Received: &quot;mp3&quot;
    at Object.toBe (/Users/mike/Plate-Restaurant-System-App/__tests__/unit/lib/voice-ordering/audio-optimization.test.ts:286:38)
    at processTicksAndRejections (node:internal/process/task_queues:105:5)</failure>
    </testcase>
    <testcase classname="AudioOptimizer Edge Cases should handle corrupted audio data" name="AudioOptimizer Edge Cases should handle corrupted audio data" time="0.001">
    </testcase>
    <testcase classname="AudioOptimizer Integration with Transcription Pipeline should integrate with the convenience function" name="AudioOptimizer Integration with Transcription Pipeline should integrate with the convenience function" time="0.018">
    </testcase>
    <testcase classname="AudioOptimizer Integration with Transcription Pipeline should provide detailed metadata for tracking" name="AudioOptimizer Integration with Transcription Pipeline should provide detailed metadata for tracking" time="0.006">
    </testcase>
  </testsuite>
  <testsuite name="Unit Tests - Basic" errors="0" failures="0" skipped="0" timestamp="2025-06-14T02:35:58" time="0.064" tests="2">
    <testcase classname="Unit Tests - Basic utility functions work correctly" name="Unit Tests - Basic utility functions work correctly" time="0.002">
    </testcase>
    <testcase classname="Unit Tests - Basic React components can be tested" name="Unit Tests - Basic React components can be tested" time="0">
    </testcase>
  </testsuite>
  <testsuite name="KDSMainContent" errors="0" failures="31" skipped="0" timestamp="2025-06-14T02:35:58" time="0.279" tests="31">
    <testcase classname="KDSMainContent Rendering States renders loading skeleton when loading" name="KDSMainContent Rendering States renders loading skeleton when loading" time="0.002">
      <failure>TypeError: Cannot redefine property: clipboard
    at Object.defineProperty (&lt;anonymous&gt;)
    at Object.attachClipboardStubToView (/Users/mike/Plate-Restaurant-System-App/node_modules/@testing-library/user-event/dist/cjs/utils/dataTransfer/Clipboard.js:110:12)
    at Object.setupMain [as setup] (/Users/mike/Plate-Restaurant-System-App/node_modules/@testing-library/user-event/dist/cjs/setup/setup.js:58:15)
    at setup (/Users/mike/Plate-Restaurant-System-App/__tests__/utils/test-utils.tsx:104:39)
    at Object.&lt;anonymous&gt; (/Users/mike/Plate-Restaurant-System-App/__tests__/unit/components/kds/kds-main-content.test.tsx:89:26)
    at Promise.then.completed (/Users/mike/Plate-Restaurant-System-App/node_modules/jest-circus/build/utils.js:298:28)
    at new Promise (&lt;anonymous&gt;)
    at callAsyncCircusFn (/Users/mike/Plate-Restaurant-System-App/node_modules/jest-circus/build/utils.js:231:10)
    at _callCircusTest (/Users/mike/Plate-Restaurant-System-App/node_modules/jest-circus/build/run.js:316:40)
    at processTicksAndRejections (node:internal/process/task_queues:105:5)
    at _runTest (/Users/mike/Plate-Restaurant-System-App/node_modules/jest-circus/build/run.js:252:3)
    at _runTestsForDescribeBlock (/Users/mike/Plate-Restaurant-System-App/node_modules/jest-circus/build/run.js:126:9)
    at _runTestsForDescribeBlock (/Users/mike/Plate-Restaurant-System-App/node_modules/jest-circus/build/run.js:121:9)
    at _runTestsForDescribeBlock (/Users/mike/Plate-Restaurant-System-App/node_modules/jest-circus/build/run.js:121:9)
    at run (/Users/mike/Plate-Restaurant-System-App/node_modules/jest-circus/build/run.js:71:3)
    at runAndTransformResultsToJestFormat (/Users/mike/Plate-Restaurant-System-App/node_modules/jest-circus/build/legacy-code-todo-rewrite/jestAdapterInit.js:122:21)
    at jestAdapter (/Users/mike/Plate-Restaurant-System-App/node_modules/jest-circus/build/legacy-code-todo-rewrite/jestAdapter.js:79:19)
    at runTestInternal (/Users/mike/Plate-Restaurant-System-App/node_modules/jest-runner/build/runTest.js:367:16)
    at runTest (/Users/mike/Plate-Restaurant-System-App/node_modules/jest-runner/build/runTest.js:444:34)
    at Object.worker (/Users/mike/Plate-Restaurant-System-App/node_modules/jest-runner/build/testWorker.js:106:12)</failure>
    </testcase>
    <testcase classname="KDSMainContent Rendering States renders error display when there is an error" name="KDSMainContent Rendering States renders error display when there is an error" time="0">
      <failure>TypeError: Cannot redefine property: clipboard
    at Object.defineProperty (&lt;anonymous&gt;)
    at Object.attachClipboardStubToView (/Users/mike/Plate-Restaurant-System-App/node_modules/@testing-library/user-event/dist/cjs/utils/dataTransfer/Clipboard.js:110:12)
    at Object.setupMain [as setup] (/Users/mike/Plate-Restaurant-System-App/node_modules/@testing-library/user-event/dist/cjs/setup/setup.js:58:15)
    at setup (/Users/mike/Plate-Restaurant-System-App/__tests__/utils/test-utils.tsx:104:39)
    at Object.&lt;anonymous&gt; (/Users/mike/Plate-Restaurant-System-App/__tests__/unit/components/kds/kds-main-content.test.tsx:98:26)
    at Promise.then.completed (/Users/mike/Plate-Restaurant-System-App/node_modules/jest-circus/build/utils.js:298:28)
    at new Promise (&lt;anonymous&gt;)
    at callAsyncCircusFn (/Users/mike/Plate-Restaurant-System-App/node_modules/jest-circus/build/utils.js:231:10)
    at _callCircusTest (/Users/mike/Plate-Restaurant-System-App/node_modules/jest-circus/build/run.js:316:40)
    at processTicksAndRejections (node:internal/process/task_queues:105:5)
    at _runTest (/Users/mike/Plate-Restaurant-System-App/node_modules/jest-circus/build/run.js:252:3)
    at _runTestsForDescribeBlock (/Users/mike/Plate-Restaurant-System-App/node_modules/jest-circus/build/run.js:126:9)
    at _runTestsForDescribeBlock (/Users/mike/Plate-Restaurant-System-App/node_modules/jest-circus/build/run.js:121:9)
    at _runTestsForDescribeBlock (/Users/mike/Plate-Restaurant-System-App/node_modules/jest-circus/build/run.js:121:9)
    at run (/Users/mike/Plate-Restaurant-System-App/node_modules/jest-circus/build/run.js:71:3)
    at runAndTransformResultsToJestFormat (/Users/mike/Plate-Restaurant-System-App/node_modules/jest-circus/build/legacy-code-todo-rewrite/jestAdapterInit.js:122:21)
    at jestAdapter (/Users/mike/Plate-Restaurant-System-App/node_modules/jest-circus/build/legacy-code-todo-rewrite/jestAdapter.js:79:19)
    at runTestInternal (/Users/mike/Plate-Restaurant-System-App/node_modules/jest-runner/build/runTest.js:367:16)
    at runTest (/Users/mike/Plate-Restaurant-System-App/node_modules/jest-runner/build/runTest.js:444:34)
    at Object.worker (/Users/mike/Plate-Restaurant-System-App/node_modules/jest-runner/build/testWorker.js:106:12)</failure>
    </testcase>
    <testcase classname="KDSMainContent Rendering States renders empty state when no orders" name="KDSMainContent Rendering States renders empty state when no orders" time="0.001">
      <failure>TypeError: Cannot redefine property: clipboard
    at Object.defineProperty (&lt;anonymous&gt;)
    at Object.attachClipboardStubToView (/Users/mike/Plate-Restaurant-System-App/node_modules/@testing-library/user-event/dist/cjs/utils/dataTransfer/Clipboard.js:110:12)
    at Object.setupMain [as setup] (/Users/mike/Plate-Restaurant-System-App/node_modules/@testing-library/user-event/dist/cjs/setup/setup.js:58:15)
    at setup (/Users/mike/Plate-Restaurant-System-App/__tests__/utils/test-utils.tsx:104:39)
    at Object.&lt;anonymous&gt; (/Users/mike/Plate-Restaurant-System-App/__tests__/unit/components/kds/kds-main-content.test.tsx:108:26)
    at Promise.then.completed (/Users/mike/Plate-Restaurant-System-App/node_modules/jest-circus/build/utils.js:298:28)
    at new Promise (&lt;anonymous&gt;)
    at callAsyncCircusFn (/Users/mike/Plate-Restaurant-System-App/node_modules/jest-circus/build/utils.js:231:10)
    at _callCircusTest (/Users/mike/Plate-Restaurant-System-App/node_modules/jest-circus/build/run.js:316:40)
    at processTicksAndRejections (node:internal/process/task_queues:105:5)
    at _runTest (/Users/mike/Plate-Restaurant-System-App/node_modules/jest-circus/build/run.js:252:3)
    at _runTestsForDescribeBlock (/Users/mike/Plate-Restaurant-System-App/node_modules/jest-circus/build/run.js:126:9)
    at _runTestsForDescribeBlock (/Users/mike/Plate-Restaurant-System-App/node_modules/jest-circus/build/run.js:121:9)
    at _runTestsForDescribeBlock (/Users/mike/Plate-Restaurant-System-App/node_modules/jest-circus/build/run.js:121:9)
    at run (/Users/mike/Plate-Restaurant-System-App/node_modules/jest-circus/build/run.js:71:3)
    at runAndTransformResultsToJestFormat (/Users/mike/Plate-Restaurant-System-App/node_modules/jest-circus/build/legacy-code-todo-rewrite/jestAdapterInit.js:122:21)
    at jestAdapter (/Users/mike/Plate-Restaurant-System-App/node_modules/jest-circus/build/legacy-code-todo-rewrite/jestAdapter.js:79:19)
    at runTestInternal (/Users/mike/Plate-Restaurant-System-App/node_modules/jest-runner/build/runTest.js:367:16)
    at runTest (/Users/mike/Plate-Restaurant-System-App/node_modules/jest-runner/build/runTest.js:444:34)
    at Object.worker (/Users/mike/Plate-Restaurant-System-App/node_modules/jest-runner/build/testWorker.js:106:12)</failure>
    </testcase>
    <testcase classname="KDSMainContent Rendering States renders empty state with filter-specific message" name="KDSMainContent Rendering States renders empty state with filter-specific message" time="0">
      <failure>TypeError: Cannot redefine property: clipboard
    at Object.defineProperty (&lt;anonymous&gt;)
    at Object.attachClipboardStubToView (/Users/mike/Plate-Restaurant-System-App/node_modules/@testing-library/user-event/dist/cjs/utils/dataTransfer/Clipboard.js:110:12)
    at Object.setupMain [as setup] (/Users/mike/Plate-Restaurant-System-App/node_modules/@testing-library/user-event/dist/cjs/setup/setup.js:58:15)
    at setup (/Users/mike/Plate-Restaurant-System-App/__tests__/utils/test-utils.tsx:104:39)
    at Object.&lt;anonymous&gt; (/Users/mike/Plate-Restaurant-System-App/__tests__/unit/components/kds/kds-main-content.test.tsx:119:26)
    at Promise.then.completed (/Users/mike/Plate-Restaurant-System-App/node_modules/jest-circus/build/utils.js:298:28)
    at new Promise (&lt;anonymous&gt;)
    at callAsyncCircusFn (/Users/mike/Plate-Restaurant-System-App/node_modules/jest-circus/build/utils.js:231:10)
    at _callCircusTest (/Users/mike/Plate-Restaurant-System-App/node_modules/jest-circus/build/run.js:316:40)
    at processTicksAndRejections (node:internal/process/task_queues:105:5)
    at _runTest (/Users/mike/Plate-Restaurant-System-App/node_modules/jest-circus/build/run.js:252:3)
    at _runTestsForDescribeBlock (/Users/mike/Plate-Restaurant-System-App/node_modules/jest-circus/build/run.js:126:9)
    at _runTestsForDescribeBlock (/Users/mike/Plate-Restaurant-System-App/node_modules/jest-circus/build/run.js:121:9)
    at _runTestsForDescribeBlock (/Users/mike/Plate-Restaurant-System-App/node_modules/jest-circus/build/run.js:121:9)
    at run (/Users/mike/Plate-Restaurant-System-App/node_modules/jest-circus/build/run.js:71:3)
    at runAndTransformResultsToJestFormat (/Users/mike/Plate-Restaurant-System-App/node_modules/jest-circus/build/legacy-code-todo-rewrite/jestAdapterInit.js:122:21)
    at jestAdapter (/Users/mike/Plate-Restaurant-System-App/node_modules/jest-circus/build/legacy-code-todo-rewrite/jestAdapter.js:79:19)
    at runTestInternal (/Users/mike/Plate-Restaurant-System-App/node_modules/jest-runner/build/runTest.js:367:16)
    at runTest (/Users/mike/Plate-Restaurant-System-App/node_modules/jest-runner/build/runTest.js:444:34)
    at Object.worker (/Users/mike/Plate-Restaurant-System-App/node_modules/jest-runner/build/testWorker.js:106:12)</failure>
    </testcase>
    <testcase classname="KDSMainContent View Modes renders individual orders in grid view" name="KDSMainContent View Modes renders individual orders in grid view" time="0.001">
      <failure>TypeError: Cannot redefine property: clipboard
    at Object.defineProperty (&lt;anonymous&gt;)
    at Object.attachClipboardStubToView (/Users/mike/Plate-Restaurant-System-App/node_modules/@testing-library/user-event/dist/cjs/utils/dataTransfer/Clipboard.js:110:12)
    at Object.setupMain [as setup] (/Users/mike/Plate-Restaurant-System-App/node_modules/@testing-library/user-event/dist/cjs/setup/setup.js:58:15)
    at setup (/Users/mike/Plate-Restaurant-System-App/__tests__/utils/test-utils.tsx:104:39)
    at Object.&lt;anonymous&gt; (/Users/mike/Plate-Restaurant-System-App/__tests__/unit/components/kds/kds-main-content.test.tsx:138:26)
    at Promise.then.completed (/Users/mike/Plate-Restaurant-System-App/node_modules/jest-circus/build/utils.js:298:28)
    at new Promise (&lt;anonymous&gt;)
    at callAsyncCircusFn (/Users/mike/Plate-Restaurant-System-App/node_modules/jest-circus/build/utils.js:231:10)
    at _callCircusTest (/Users/mike/Plate-Restaurant-System-App/node_modules/jest-circus/build/run.js:316:40)
    at processTicksAndRejections (node:internal/process/task_queues:105:5)
    at _runTest (/Users/mike/Plate-Restaurant-System-App/node_modules/jest-circus/build/run.js:252:3)
    at _runTestsForDescribeBlock (/Users/mike/Plate-Restaurant-System-App/node_modules/jest-circus/build/run.js:126:9)
    at _runTestsForDescribeBlock (/Users/mike/Plate-Restaurant-System-App/node_modules/jest-circus/build/run.js:121:9)
    at _runTestsForDescribeBlock (/Users/mike/Plate-Restaurant-System-App/node_modules/jest-circus/build/run.js:121:9)
    at run (/Users/mike/Plate-Restaurant-System-App/node_modules/jest-circus/build/run.js:71:3)
    at runAndTransformResultsToJestFormat (/Users/mike/Plate-Restaurant-System-App/node_modules/jest-circus/build/legacy-code-todo-rewrite/jestAdapterInit.js:122:21)
    at jestAdapter (/Users/mike/Plate-Restaurant-System-App/node_modules/jest-circus/build/legacy-code-todo-rewrite/jestAdapter.js:79:19)
    at runTestInternal (/Users/mike/Plate-Restaurant-System-App/node_modules/jest-runner/build/runTest.js:367:16)
    at runTest (/Users/mike/Plate-Restaurant-System-App/node_modules/jest-runner/build/runTest.js:444:34)
    at Object.worker (/Users/mike/Plate-Restaurant-System-App/node_modules/jest-runner/build/testWorker.js:106:12)</failure>
    </testcase>
    <testcase classname="KDSMainContent View Modes renders individual orders in list view" name="KDSMainContent View Modes renders individual orders in list view" time="0">
      <failure>TypeError: Cannot redefine property: clipboard
    at Object.defineProperty (&lt;anonymous&gt;)
    at Object.attachClipboardStubToView (/Users/mike/Plate-Restaurant-System-App/node_modules/@testing-library/user-event/dist/cjs/utils/dataTransfer/Clipboard.js:110:12)
    at Object.setupMain [as setup] (/Users/mike/Plate-Restaurant-System-App/node_modules/@testing-library/user-event/dist/cjs/setup/setup.js:58:15)
    at setup (/Users/mike/Plate-Restaurant-System-App/__tests__/utils/test-utils.tsx:104:39)
    at Object.&lt;anonymous&gt; (/Users/mike/Plate-Restaurant-System-App/__tests__/unit/components/kds/kds-main-content.test.tsx:147:26)
    at Promise.then.completed (/Users/mike/Plate-Restaurant-System-App/node_modules/jest-circus/build/utils.js:298:28)
    at new Promise (&lt;anonymous&gt;)
    at callAsyncCircusFn (/Users/mike/Plate-Restaurant-System-App/node_modules/jest-circus/build/utils.js:231:10)
    at _callCircusTest (/Users/mike/Plate-Restaurant-System-App/node_modules/jest-circus/build/run.js:316:40)
    at processTicksAndRejections (node:internal/process/task_queues:105:5)
    at _runTest (/Users/mike/Plate-Restaurant-System-App/node_modules/jest-circus/build/run.js:252:3)
    at _runTestsForDescribeBlock (/Users/mike/Plate-Restaurant-System-App/node_modules/jest-circus/build/run.js:126:9)
    at _runTestsForDescribeBlock (/Users/mike/Plate-Restaurant-System-App/node_modules/jest-circus/build/run.js:121:9)
    at _runTestsForDescribeBlock (/Users/mike/Plate-Restaurant-System-App/node_modules/jest-circus/build/run.js:121:9)
    at run (/Users/mike/Plate-Restaurant-System-App/node_modules/jest-circus/build/run.js:71:3)
    at runAndTransformResultsToJestFormat (/Users/mike/Plate-Restaurant-System-App/node_modules/jest-circus/build/legacy-code-todo-rewrite/jestAdapterInit.js:122:21)
    at jestAdapter (/Users/mike/Plate-Restaurant-System-App/node_modules/jest-circus/build/legacy-code-todo-rewrite/jestAdapter.js:79:19)
    at runTestInternal (/Users/mike/Plate-Restaurant-System-App/node_modules/jest-runner/build/runTest.js:367:16)
    at runTest (/Users/mike/Plate-Restaurant-System-App/node_modules/jest-runner/build/runTest.js:444:34)
    at Object.worker (/Users/mike/Plate-Restaurant-System-App/node_modules/jest-runner/build/testWorker.js:106:12)</failure>
    </testcase>
    <testcase classname="KDSMainContent View Modes renders table groups in table view" name="KDSMainContent View Modes renders table groups in table view" time="0">
      <failure>TypeError: Cannot redefine property: clipboard
    at Object.defineProperty (&lt;anonymous&gt;)
    at Object.attachClipboardStubToView (/Users/mike/Plate-Restaurant-System-App/node_modules/@testing-library/user-event/dist/cjs/utils/dataTransfer/Clipboard.js:110:12)
    at Object.setupMain [as setup] (/Users/mike/Plate-Restaurant-System-App/node_modules/@testing-library/user-event/dist/cjs/setup/setup.js:58:15)
    at setup (/Users/mike/Plate-Restaurant-System-App/__tests__/utils/test-utils.tsx:104:39)
    at Object.&lt;anonymous&gt; (/Users/mike/Plate-Restaurant-System-App/__tests__/unit/components/kds/kds-main-content.test.tsx:156:26)
    at Promise.then.completed (/Users/mike/Plate-Restaurant-System-App/node_modules/jest-circus/build/utils.js:298:28)
    at new Promise (&lt;anonymous&gt;)
    at callAsyncCircusFn (/Users/mike/Plate-Restaurant-System-App/node_modules/jest-circus/build/utils.js:231:10)
    at _callCircusTest (/Users/mike/Plate-Restaurant-System-App/node_modules/jest-circus/build/run.js:316:40)
    at processTicksAndRejections (node:internal/process/task_queues:105:5)
    at _runTest (/Users/mike/Plate-Restaurant-System-App/node_modules/jest-circus/build/run.js:252:3)
    at _runTestsForDescribeBlock (/Users/mike/Plate-Restaurant-System-App/node_modules/jest-circus/build/run.js:126:9)
    at _runTestsForDescribeBlock (/Users/mike/Plate-Restaurant-System-App/node_modules/jest-circus/build/run.js:121:9)
    at _runTestsForDescribeBlock (/Users/mike/Plate-Restaurant-System-App/node_modules/jest-circus/build/run.js:121:9)
    at run (/Users/mike/Plate-Restaurant-System-App/node_modules/jest-circus/build/run.js:71:3)
    at runAndTransformResultsToJestFormat (/Users/mike/Plate-Restaurant-System-App/node_modules/jest-circus/build/legacy-code-todo-rewrite/jestAdapterInit.js:122:21)
    at jestAdapter (/Users/mike/Plate-Restaurant-System-App/node_modules/jest-circus/build/legacy-code-todo-rewrite/jestAdapter.js:79:19)
    at runTestInternal (/Users/mike/Plate-Restaurant-System-App/node_modules/jest-runner/build/runTest.js:367:16)
    at runTest (/Users/mike/Plate-Restaurant-System-App/node_modules/jest-runner/build/runTest.js:444:34)
    at Object.worker (/Users/mike/Plate-Restaurant-System-App/node_modules/jest-runner/build/testWorker.js:106:12)</failure>
    </testcase>
    <testcase classname="KDSMainContent View Modes applies correct grid classes for different view modes" name="KDSMainContent View Modes applies correct grid classes for different view modes" time="0">
      <failure>TypeError: Cannot redefine property: clipboard
    at Object.defineProperty (&lt;anonymous&gt;)
    at Object.attachClipboardStubToView (/Users/mike/Plate-Restaurant-System-App/node_modules/@testing-library/user-event/dist/cjs/utils/dataTransfer/Clipboard.js:110:12)
    at Object.setupMain [as setup] (/Users/mike/Plate-Restaurant-System-App/node_modules/@testing-library/user-event/dist/cjs/setup/setup.js:58:15)
    at setup (/Users/mike/Plate-Restaurant-System-App/__tests__/utils/test-utils.tsx:104:39)
    at Object.&lt;anonymous&gt; (/Users/mike/Plate-Restaurant-System-App/__tests__/unit/components/kds/kds-main-content.test.tsx:163:48)
    at Promise.then.completed (/Users/mike/Plate-Restaurant-System-App/node_modules/jest-circus/build/utils.js:298:28)
    at new Promise (&lt;anonymous&gt;)
    at callAsyncCircusFn (/Users/mike/Plate-Restaurant-System-App/node_modules/jest-circus/build/utils.js:231:10)
    at _callCircusTest (/Users/mike/Plate-Restaurant-System-App/node_modules/jest-circus/build/run.js:316:40)
    at processTicksAndRejections (node:internal/process/task_queues:105:5)
    at _runTest (/Users/mike/Plate-Restaurant-System-App/node_modules/jest-circus/build/run.js:252:3)
    at _runTestsForDescribeBlock (/Users/mike/Plate-Restaurant-System-App/node_modules/jest-circus/build/run.js:126:9)
    at _runTestsForDescribeBlock (/Users/mike/Plate-Restaurant-System-App/node_modules/jest-circus/build/run.js:121:9)
    at _runTestsForDescribeBlock (/Users/mike/Plate-Restaurant-System-App/node_modules/jest-circus/build/run.js:121:9)
    at run (/Users/mike/Plate-Restaurant-System-App/node_modules/jest-circus/build/run.js:71:3)
    at runAndTransformResultsToJestFormat (/Users/mike/Plate-Restaurant-System-App/node_modules/jest-circus/build/legacy-code-todo-rewrite/jestAdapterInit.js:122:21)
    at jestAdapter (/Users/mike/Plate-Restaurant-System-App/node_modules/jest-circus/build/legacy-code-todo-rewrite/jestAdapter.js:79:19)
    at runTestInternal (/Users/mike/Plate-Restaurant-System-App/node_modules/jest-runner/build/runTest.js:367:16)
    at runTest (/Users/mike/Plate-Restaurant-System-App/node_modules/jest-runner/build/runTest.js:444:34)
    at Object.worker (/Users/mike/Plate-Restaurant-System-App/node_modules/jest-runner/build/testWorker.js:106:12)</failure>
    </testcase>
    <testcase classname="KDSMainContent View Modes adapts grid layout based on order count" name="KDSMainContent View Modes adapts grid layout based on order count" time="0">
      <failure>TypeError: Cannot redefine property: clipboard
    at Object.defineProperty (&lt;anonymous&gt;)
    at Object.attachClipboardStubToView (/Users/mike/Plate-Restaurant-System-App/node_modules/@testing-library/user-event/dist/cjs/utils/dataTransfer/Clipboard.js:110:12)
    at Object.setupMain [as setup] (/Users/mike/Plate-Restaurant-System-App/node_modules/@testing-library/user-event/dist/cjs/setup/setup.js:58:15)
    at setup (/Users/mike/Plate-Restaurant-System-App/__tests__/utils/test-utils.tsx:104:39)
    at Object.&lt;anonymous&gt; (/Users/mike/Plate-Restaurant-System-App/__tests__/unit/components/kds/kds-main-content.test.tsx:173:58)
    at Promise.then.completed (/Users/mike/Plate-Restaurant-System-App/node_modules/jest-circus/build/utils.js:298:28)
    at new Promise (&lt;anonymous&gt;)
    at callAsyncCircusFn (/Users/mike/Plate-Restaurant-System-App/node_modules/jest-circus/build/utils.js:231:10)
    at _callCircusTest (/Users/mike/Plate-Restaurant-System-App/node_modules/jest-circus/build/run.js:316:40)
    at processTicksAndRejections (node:internal/process/task_queues:105:5)
    at _runTest (/Users/mike/Plate-Restaurant-System-App/node_modules/jest-circus/build/run.js:252:3)
    at _runTestsForDescribeBlock (/Users/mike/Plate-Restaurant-System-App/node_modules/jest-circus/build/run.js:126:9)
    at _runTestsForDescribeBlock (/Users/mike/Plate-Restaurant-System-App/node_modules/jest-circus/build/run.js:121:9)
    at _runTestsForDescribeBlock (/Users/mike/Plate-Restaurant-System-App/node_modules/jest-circus/build/run.js:121:9)
    at run (/Users/mike/Plate-Restaurant-System-App/node_modules/jest-circus/build/run.js:71:3)
    at runAndTransformResultsToJestFormat (/Users/mike/Plate-Restaurant-System-App/node_modules/jest-circus/build/legacy-code-todo-rewrite/jestAdapterInit.js:122:21)
    at jestAdapter (/Users/mike/Plate-Restaurant-System-App/node_modules/jest-circus/build/legacy-code-todo-rewrite/jestAdapter.js:79:19)
    at runTestInternal (/Users/mike/Plate-Restaurant-System-App/node_modules/jest-runner/build/runTest.js:367:16)
    at runTest (/Users/mike/Plate-Restaurant-System-App/node_modules/jest-runner/build/runTest.js:444:34)
    at Object.worker (/Users/mike/Plate-Restaurant-System-App/node_modules/jest-runner/build/testWorker.js:106:12)</failure>
    </testcase>
    <testcase classname="KDSMainContent Data Filtering and Sorting filters orders by status" name="KDSMainContent Data Filtering and Sorting filters orders by status" time="0.001">
      <failure>TypeError: Cannot redefine property: clipboard
    at Object.defineProperty (&lt;anonymous&gt;)
    at Object.attachClipboardStubToView (/Users/mike/Plate-Restaurant-System-App/node_modules/@testing-library/user-event/dist/cjs/utils/dataTransfer/Clipboard.js:110:12)
    at Object.setupMain [as setup] (/Users/mike/Plate-Restaurant-System-App/node_modules/@testing-library/user-event/dist/cjs/setup/setup.js:58:15)
    at setup (/Users/mike/Plate-Restaurant-System-App/__tests__/utils/test-utils.tsx:104:39)
    at Object.&lt;anonymous&gt; (/Users/mike/Plate-Restaurant-System-App/__tests__/unit/components/kds/kds-main-content.test.tsx:221:26)
    at Promise.then.completed (/Users/mike/Plate-Restaurant-System-App/node_modules/jest-circus/build/utils.js:298:28)
    at new Promise (&lt;anonymous&gt;)
    at callAsyncCircusFn (/Users/mike/Plate-Restaurant-System-App/node_modules/jest-circus/build/utils.js:231:10)
    at _callCircusTest (/Users/mike/Plate-Restaurant-System-App/node_modules/jest-circus/build/run.js:316:40)
    at processTicksAndRejections (node:internal/process/task_queues:105:5)
    at _runTest (/Users/mike/Plate-Restaurant-System-App/node_modules/jest-circus/build/run.js:252:3)
    at _runTestsForDescribeBlock (/Users/mike/Plate-Restaurant-System-App/node_modules/jest-circus/build/run.js:126:9)
    at _runTestsForDescribeBlock (/Users/mike/Plate-Restaurant-System-App/node_modules/jest-circus/build/run.js:121:9)
    at _runTestsForDescribeBlock (/Users/mike/Plate-Restaurant-System-App/node_modules/jest-circus/build/run.js:121:9)
    at run (/Users/mike/Plate-Restaurant-System-App/node_modules/jest-circus/build/run.js:71:3)
    at runAndTransformResultsToJestFormat (/Users/mike/Plate-Restaurant-System-App/node_modules/jest-circus/build/legacy-code-todo-rewrite/jestAdapterInit.js:122:21)
    at jestAdapter (/Users/mike/Plate-Restaurant-System-App/node_modules/jest-circus/build/legacy-code-todo-rewrite/jestAdapter.js:79:19)
    at runTestInternal (/Users/mike/Plate-Restaurant-System-App/node_modules/jest-runner/build/runTest.js:367:16)
    at runTest (/Users/mike/Plate-Restaurant-System-App/node_modules/jest-runner/build/runTest.js:444:34)
    at Object.worker (/Users/mike/Plate-Restaurant-System-App/node_modules/jest-runner/build/testWorker.js:106:12)</failure>
    </testcase>
    <testcase classname="KDSMainContent Data Filtering and Sorting sorts orders by priority" name="KDSMainContent Data Filtering and Sorting sorts orders by priority" time="0">
      <failure>TypeError: Cannot redefine property: clipboard
    at Object.defineProperty (&lt;anonymous&gt;)
    at Object.attachClipboardStubToView (/Users/mike/Plate-Restaurant-System-App/node_modules/@testing-library/user-event/dist/cjs/utils/dataTransfer/Clipboard.js:110:12)
    at Object.setupMain [as setup] (/Users/mike/Plate-Restaurant-System-App/node_modules/@testing-library/user-event/dist/cjs/setup/setup.js:58:15)
    at setup (/Users/mike/Plate-Restaurant-System-App/__tests__/utils/test-utils.tsx:104:39)
    at Object.&lt;anonymous&gt; (/Users/mike/Plate-Restaurant-System-App/__tests__/unit/components/kds/kds-main-content.test.tsx:239:26)
    at Promise.then.completed (/Users/mike/Plate-Restaurant-System-App/node_modules/jest-circus/build/utils.js:298:28)
    at new Promise (&lt;anonymous&gt;)
    at callAsyncCircusFn (/Users/mike/Plate-Restaurant-System-App/node_modules/jest-circus/build/utils.js:231:10)
    at _callCircusTest (/Users/mike/Plate-Restaurant-System-App/node_modules/jest-circus/build/run.js:316:40)
    at processTicksAndRejections (node:internal/process/task_queues:105:5)
    at _runTest (/Users/mike/Plate-Restaurant-System-App/node_modules/jest-circus/build/run.js:252:3)
    at _runTestsForDescribeBlock (/Users/mike/Plate-Restaurant-System-App/node_modules/jest-circus/build/run.js:126:9)
    at _runTestsForDescribeBlock (/Users/mike/Plate-Restaurant-System-App/node_modules/jest-circus/build/run.js:121:9)
    at _runTestsForDescribeBlock (/Users/mike/Plate-Restaurant-System-App/node_modules/jest-circus/build/run.js:121:9)
    at run (/Users/mike/Plate-Restaurant-System-App/node_modules/jest-circus/build/run.js:71:3)
    at runAndTransformResultsToJestFormat (/Users/mike/Plate-Restaurant-System-App/node_modules/jest-circus/build/legacy-code-todo-rewrite/jestAdapterInit.js:122:21)
    at jestAdapter (/Users/mike/Plate-Restaurant-System-App/node_modules/jest-circus/build/legacy-code-todo-rewrite/jestAdapter.js:79:19)
    at runTestInternal (/Users/mike/Plate-Restaurant-System-App/node_modules/jest-runner/build/runTest.js:367:16)
    at runTest (/Users/mike/Plate-Restaurant-System-App/node_modules/jest-runner/build/runTest.js:444:34)
    at Object.worker (/Users/mike/Plate-Restaurant-System-App/node_modules/jest-runner/build/testWorker.js:106:12)</failure>
    </testcase>
    <testcase classname="KDSMainContent Data Filtering and Sorting sorts orders by time" name="KDSMainContent Data Filtering and Sorting sorts orders by time" time="0">
      <failure>TypeError: Cannot redefine property: clipboard
    at Object.defineProperty (&lt;anonymous&gt;)
    at Object.attachClipboardStubToView (/Users/mike/Plate-Restaurant-System-App/node_modules/@testing-library/user-event/dist/cjs/utils/dataTransfer/Clipboard.js:110:12)
    at Object.setupMain [as setup] (/Users/mike/Plate-Restaurant-System-App/node_modules/@testing-library/user-event/dist/cjs/setup/setup.js:58:15)
    at setup (/Users/mike/Plate-Restaurant-System-App/__tests__/utils/test-utils.tsx:104:39)
    at Object.&lt;anonymous&gt; (/Users/mike/Plate-Restaurant-System-App/__tests__/unit/components/kds/kds-main-content.test.tsx:270:26)
    at Promise.then.completed (/Users/mike/Plate-Restaurant-System-App/node_modules/jest-circus/build/utils.js:298:28)
    at new Promise (&lt;anonymous&gt;)
    at callAsyncCircusFn (/Users/mike/Plate-Restaurant-System-App/node_modules/jest-circus/build/utils.js:231:10)
    at _callCircusTest (/Users/mike/Plate-Restaurant-System-App/node_modules/jest-circus/build/run.js:316:40)
    at processTicksAndRejections (node:internal/process/task_queues:105:5)
    at _runTest (/Users/mike/Plate-Restaurant-System-App/node_modules/jest-circus/build/run.js:252:3)
    at _runTestsForDescribeBlock (/Users/mike/Plate-Restaurant-System-App/node_modules/jest-circus/build/run.js:126:9)
    at _runTestsForDescribeBlock (/Users/mike/Plate-Restaurant-System-App/node_modules/jest-circus/build/run.js:121:9)
    at _runTestsForDescribeBlock (/Users/mike/Plate-Restaurant-System-App/node_modules/jest-circus/build/run.js:121:9)
    at run (/Users/mike/Plate-Restaurant-System-App/node_modules/jest-circus/build/run.js:71:3)
    at runAndTransformResultsToJestFormat (/Users/mike/Plate-Restaurant-System-App/node_modules/jest-circus/build/legacy-code-todo-rewrite/jestAdapterInit.js:122:21)
    at jestAdapter (/Users/mike/Plate-Restaurant-System-App/node_modules/jest-circus/build/legacy-code-todo-rewrite/jestAdapter.js:79:19)
    at runTestInternal (/Users/mike/Plate-Restaurant-System-App/node_modules/jest-runner/build/runTest.js:367:16)
    at runTest (/Users/mike/Plate-Restaurant-System-App/node_modules/jest-runner/build/runTest.js:444:34)
    at Object.worker (/Users/mike/Plate-Restaurant-System-App/node_modules/jest-runner/build/testWorker.js:106:12)</failure>
    </testcase>
    <testcase classname="KDSMainContent Data Filtering and Sorting sorts orders by table" name="KDSMainContent Data Filtering and Sorting sorts orders by table" time="0">
      <failure>TypeError: Cannot redefine property: clipboard
    at Object.defineProperty (&lt;anonymous&gt;)
    at Object.attachClipboardStubToView (/Users/mike/Plate-Restaurant-System-App/node_modules/@testing-library/user-event/dist/cjs/utils/dataTransfer/Clipboard.js:110:12)
    at Object.setupMain [as setup] (/Users/mike/Plate-Restaurant-System-App/node_modules/@testing-library/user-event/dist/cjs/setup/setup.js:58:15)
    at setup (/Users/mike/Plate-Restaurant-System-App/__tests__/utils/test-utils.tsx:104:39)
    at Object.&lt;anonymous&gt; (/Users/mike/Plate-Restaurant-System-App/__tests__/unit/components/kds/kds-main-content.test.tsx:300:26)
    at Promise.then.completed (/Users/mike/Plate-Restaurant-System-App/node_modules/jest-circus/build/utils.js:298:28)
    at new Promise (&lt;anonymous&gt;)
    at callAsyncCircusFn (/Users/mike/Plate-Restaurant-System-App/node_modules/jest-circus/build/utils.js:231:10)
    at _callCircusTest (/Users/mike/Plate-Restaurant-System-App/node_modules/jest-circus/build/run.js:316:40)
    at processTicksAndRejections (node:internal/process/task_queues:105:5)
    at _runTest (/Users/mike/Plate-Restaurant-System-App/node_modules/jest-circus/build/run.js:252:3)
    at _runTestsForDescribeBlock (/Users/mike/Plate-Restaurant-System-App/node_modules/jest-circus/build/run.js:126:9)
    at _runTestsForDescribeBlock (/Users/mike/Plate-Restaurant-System-App/node_modules/jest-circus/build/run.js:121:9)
    at _runTestsForDescribeBlock (/Users/mike/Plate-Restaurant-System-App/node_modules/jest-circus/build/run.js:121:9)
    at run (/Users/mike/Plate-Restaurant-System-App/node_modules/jest-circus/build/run.js:71:3)
    at runAndTransformResultsToJestFormat (/Users/mike/Plate-Restaurant-System-App/node_modules/jest-circus/build/legacy-code-todo-rewrite/jestAdapterInit.js:122:21)
    at jestAdapter (/Users/mike/Plate-Restaurant-System-App/node_modules/jest-circus/build/legacy-code-todo-rewrite/jestAdapter.js:79:19)
    at runTestInternal (/Users/mike/Plate-Restaurant-System-App/node_modules/jest-runner/build/runTest.js:367:16)
    at runTest (/Users/mike/Plate-Restaurant-System-App/node_modules/jest-runner/build/runTest.js:444:34)
    at Object.worker (/Users/mike/Plate-Restaurant-System-App/node_modules/jest-runner/build/testWorker.js:106:12)</failure>
    </testcase>
    <testcase classname="KDSMainContent User Interactions handles order bump action" name="KDSMainContent User Interactions handles order bump action" time="0">
      <failure>TypeError: Cannot redefine property: clipboard
    at Object.defineProperty (&lt;anonymous&gt;)
    at Object.attachClipboardStubToView (/Users/mike/Plate-Restaurant-System-App/node_modules/@testing-library/user-event/dist/cjs/utils/dataTransfer/Clipboard.js:110:12)
    at Object.setupMain [as setup] (/Users/mike/Plate-Restaurant-System-App/node_modules/@testing-library/user-event/dist/cjs/setup/setup.js:58:15)
    at setup (/Users/mike/Plate-Restaurant-System-App/__tests__/utils/test-utils.tsx:104:39)
    at Object.&lt;anonymous&gt; (/Users/mike/Plate-Restaurant-System-App/__tests__/unit/components/kds/kds-main-content.test.tsx:317:43)
    at Promise.then.completed (/Users/mike/Plate-Restaurant-System-App/node_modules/jest-circus/build/utils.js:298:28)
    at new Promise (&lt;anonymous&gt;)
    at callAsyncCircusFn (/Users/mike/Plate-Restaurant-System-App/node_modules/jest-circus/build/utils.js:231:10)
    at _callCircusTest (/Users/mike/Plate-Restaurant-System-App/node_modules/jest-circus/build/run.js:316:40)
    at processTicksAndRejections (node:internal/process/task_queues:105:5)
    at _runTest (/Users/mike/Plate-Restaurant-System-App/node_modules/jest-circus/build/run.js:252:3)
    at _runTestsForDescribeBlock (/Users/mike/Plate-Restaurant-System-App/node_modules/jest-circus/build/run.js:126:9)
    at _runTestsForDescribeBlock (/Users/mike/Plate-Restaurant-System-App/node_modules/jest-circus/build/run.js:121:9)
    at _runTestsForDescribeBlock (/Users/mike/Plate-Restaurant-System-App/node_modules/jest-circus/build/run.js:121:9)
    at run (/Users/mike/Plate-Restaurant-System-App/node_modules/jest-circus/build/run.js:71:3)
    at runAndTransformResultsToJestFormat (/Users/mike/Plate-Restaurant-System-App/node_modules/jest-circus/build/legacy-code-todo-rewrite/jestAdapterInit.js:122:21)
    at jestAdapter (/Users/mike/Plate-Restaurant-System-App/node_modules/jest-circus/build/legacy-code-todo-rewrite/jestAdapter.js:79:19)
    at runTestInternal (/Users/mike/Plate-Restaurant-System-App/node_modules/jest-runner/build/runTest.js:367:16)
    at runTest (/Users/mike/Plate-Restaurant-System-App/node_modules/jest-runner/build/runTest.js:444:34)
    at Object.worker (/Users/mike/Plate-Restaurant-System-App/node_modules/jest-runner/build/testWorker.js:106:12)</failure>
    </testcase>
    <testcase classname="KDSMainContent User Interactions handles order recall action" name="KDSMainContent User Interactions handles order recall action" time="0">
      <failure>TypeError: Cannot redefine property: clipboard
    at Object.defineProperty (&lt;anonymous&gt;)
    at Object.attachClipboardStubToView (/Users/mike/Plate-Restaurant-System-App/node_modules/@testing-library/user-event/dist/cjs/utils/dataTransfer/Clipboard.js:110:12)
    at Object.setupMain [as setup] (/Users/mike/Plate-Restaurant-System-App/node_modules/@testing-library/user-event/dist/cjs/setup/setup.js:58:15)
    at setup (/Users/mike/Plate-Restaurant-System-App/__tests__/utils/test-utils.tsx:104:39)
    at Object.&lt;anonymous&gt; (/Users/mike/Plate-Restaurant-System-App/__tests__/unit/components/kds/kds-main-content.test.tsx:330:43)
    at Promise.then.completed (/Users/mike/Plate-Restaurant-System-App/node_modules/jest-circus/build/utils.js:298:28)
    at new Promise (&lt;anonymous&gt;)
    at callAsyncCircusFn (/Users/mike/Plate-Restaurant-System-App/node_modules/jest-circus/build/utils.js:231:10)
    at _callCircusTest (/Users/mike/Plate-Restaurant-System-App/node_modules/jest-circus/build/run.js:316:40)
    at processTicksAndRejections (node:internal/process/task_queues:105:5)
    at _runTest (/Users/mike/Plate-Restaurant-System-App/node_modules/jest-circus/build/run.js:252:3)
    at _runTestsForDescribeBlock (/Users/mike/Plate-Restaurant-System-App/node_modules/jest-circus/build/run.js:126:9)
    at _runTestsForDescribeBlock (/Users/mike/Plate-Restaurant-System-App/node_modules/jest-circus/build/run.js:121:9)
    at _runTestsForDescribeBlock (/Users/mike/Plate-Restaurant-System-App/node_modules/jest-circus/build/run.js:121:9)
    at run (/Users/mike/Plate-Restaurant-System-App/node_modules/jest-circus/build/run.js:71:3)
    at runAndTransformResultsToJestFormat (/Users/mike/Plate-Restaurant-System-App/node_modules/jest-circus/build/legacy-code-todo-rewrite/jestAdapterInit.js:122:21)
    at jestAdapter (/Users/mike/Plate-Restaurant-System-App/node_modules/jest-circus/build/legacy-code-todo-rewrite/jestAdapter.js:79:19)
    at runTestInternal (/Users/mike/Plate-Restaurant-System-App/node_modules/jest-runner/build/runTest.js:367:16)
    at runTest (/Users/mike/Plate-Restaurant-System-App/node_modules/jest-runner/build/runTest.js:444:34)
    at Object.worker (/Users/mike/Plate-Restaurant-System-App/node_modules/jest-runner/build/testWorker.js:106:12)</failure>
    </testcase>
    <testcase classname="KDSMainContent User Interactions handles table bump action in table view" name="KDSMainContent User Interactions handles table bump action in table view" time="0">
      <failure>TypeError: Cannot redefine property: clipboard
    at Object.defineProperty (&lt;anonymous&gt;)
    at Object.attachClipboardStubToView (/Users/mike/Plate-Restaurant-System-App/node_modules/@testing-library/user-event/dist/cjs/utils/dataTransfer/Clipboard.js:110:12)
    at Object.setupMain [as setup] (/Users/mike/Plate-Restaurant-System-App/node_modules/@testing-library/user-event/dist/cjs/setup/setup.js:58:15)
    at setup (/Users/mike/Plate-Restaurant-System-App/__tests__/utils/test-utils.tsx:104:39)
    at Object.&lt;anonymous&gt; (/Users/mike/Plate-Restaurant-System-App/__tests__/unit/components/kds/kds-main-content.test.tsx:344:43)
    at Promise.then.completed (/Users/mike/Plate-Restaurant-System-App/node_modules/jest-circus/build/utils.js:298:28)
    at new Promise (&lt;anonymous&gt;)
    at callAsyncCircusFn (/Users/mike/Plate-Restaurant-System-App/node_modules/jest-circus/build/utils.js:231:10)
    at _callCircusTest (/Users/mike/Plate-Restaurant-System-App/node_modules/jest-circus/build/run.js:316:40)
    at processTicksAndRejections (node:internal/process/task_queues:105:5)
    at _runTest (/Users/mike/Plate-Restaurant-System-App/node_modules/jest-circus/build/run.js:252:3)
    at _runTestsForDescribeBlock (/Users/mike/Plate-Restaurant-System-App/node_modules/jest-circus/build/run.js:126:9)
    at _runTestsForDescribeBlock (/Users/mike/Plate-Restaurant-System-App/node_modules/jest-circus/build/run.js:121:9)
    at _runTestsForDescribeBlock (/Users/mike/Plate-Restaurant-System-App/node_modules/jest-circus/build/run.js:121:9)
    at run (/Users/mike/Plate-Restaurant-System-App/node_modules/jest-circus/build/run.js:71:3)
    at runAndTransformResultsToJestFormat (/Users/mike/Plate-Restaurant-System-App/node_modules/jest-circus/build/legacy-code-todo-rewrite/jestAdapterInit.js:122:21)
    at jestAdapter (/Users/mike/Plate-Restaurant-System-App/node_modules/jest-circus/build/legacy-code-todo-rewrite/jestAdapter.js:79:19)
    at runTestInternal (/Users/mike/Plate-Restaurant-System-App/node_modules/jest-runner/build/runTest.js:367:16)
    at runTest (/Users/mike/Plate-Restaurant-System-App/node_modules/jest-runner/build/runTest.js:444:34)
    at Object.worker (/Users/mike/Plate-Restaurant-System-App/node_modules/jest-runner/build/testWorker.js:106:12)</failure>
    </testcase>
    <testcase classname="KDSMainContent Performance memoizes components to prevent unnecessary re-renders" name="KDSMainContent Performance memoizes components to prevent unnecessary re-renders" time="0.001">
      <failure>TypeError: Cannot redefine property: clipboard
    at Object.defineProperty (&lt;anonymous&gt;)
    at Object.attachClipboardStubToView (/Users/mike/Plate-Restaurant-System-App/node_modules/@testing-library/user-event/dist/cjs/utils/dataTransfer/Clipboard.js:110:12)
    at Object.setupMain [as setup] (/Users/mike/Plate-Restaurant-System-App/node_modules/@testing-library/user-event/dist/cjs/setup/setup.js:58:15)
    at setup (/Users/mike/Plate-Restaurant-System-App/__tests__/utils/test-utils.tsx:104:39)
    at Object.&lt;anonymous&gt; (/Users/mike/Plate-Restaurant-System-App/__tests__/unit/components/kds/kds-main-content.test.tsx:362:47)
    at Promise.then.completed (/Users/mike/Plate-Restaurant-System-App/node_modules/jest-circus/build/utils.js:298:28)
    at new Promise (&lt;anonymous&gt;)
    at callAsyncCircusFn (/Users/mike/Plate-Restaurant-System-App/node_modules/jest-circus/build/utils.js:231:10)
    at _callCircusTest (/Users/mike/Plate-Restaurant-System-App/node_modules/jest-circus/build/run.js:316:40)
    at processTicksAndRejections (node:internal/process/task_queues:105:5)
    at _runTest (/Users/mike/Plate-Restaurant-System-App/node_modules/jest-circus/build/run.js:252:3)
    at _runTestsForDescribeBlock (/Users/mike/Plate-Restaurant-System-App/node_modules/jest-circus/build/run.js:126:9)
    at _runTestsForDescribeBlock (/Users/mike/Plate-Restaurant-System-App/node_modules/jest-circus/build/run.js:121:9)
    at _runTestsForDescribeBlock (/Users/mike/Plate-Restaurant-System-App/node_modules/jest-circus/build/run.js:121:9)
    at run (/Users/mike/Plate-Restaurant-System-App/node_modules/jest-circus/build/run.js:71:3)
    at runAndTransformResultsToJestFormat (/Users/mike/Plate-Restaurant-System-App/node_modules/jest-circus/build/legacy-code-todo-rewrite/jestAdapterInit.js:122:21)
    at jestAdapter (/Users/mike/Plate-Restaurant-System-App/node_modules/jest-circus/build/legacy-code-todo-rewrite/jestAdapter.js:79:19)
    at runTestInternal (/Users/mike/Plate-Restaurant-System-App/node_modules/jest-runner/build/runTest.js:367:16)
    at runTest (/Users/mike/Plate-Restaurant-System-App/node_modules/jest-runner/build/runTest.js:444:34)
    at Object.worker (/Users/mike/Plate-Restaurant-System-App/node_modules/jest-runner/build/testWorker.js:106:12)</failure>
    </testcase>
    <testcase classname="KDSMainContent Performance handles large datasets efficiently" name="KDSMainContent Performance handles large datasets efficiently" time="0.001">
      <failure>TypeError: Cannot redefine property: clipboard
    at Object.defineProperty (&lt;anonymous&gt;)
    at Object.attachClipboardStubToView (/Users/mike/Plate-Restaurant-System-App/node_modules/@testing-library/user-event/dist/cjs/utils/dataTransfer/Clipboard.js:110:12)
    at Object.setupMain [as setup] (/Users/mike/Plate-Restaurant-System-App/node_modules/@testing-library/user-event/dist/cjs/setup/setup.js:58:15)
    at setup (/Users/mike/Plate-Restaurant-System-App/__tests__/utils/test-utils.tsx:104:39)
    at Object.&lt;anonymous&gt; (/Users/mike/Plate-Restaurant-System-App/__tests__/unit/components/kds/kds-main-content.test.tsx:379:26)
    at Promise.then.completed (/Users/mike/Plate-Restaurant-System-App/node_modules/jest-circus/build/utils.js:298:28)
    at new Promise (&lt;anonymous&gt;)
    at callAsyncCircusFn (/Users/mike/Plate-Restaurant-System-App/node_modules/jest-circus/build/utils.js:231:10)
    at _callCircusTest (/Users/mike/Plate-Restaurant-System-App/node_modules/jest-circus/build/run.js:316:40)
    at processTicksAndRejections (node:internal/process/task_queues:105:5)
    at _runTest (/Users/mike/Plate-Restaurant-System-App/node_modules/jest-circus/build/run.js:252:3)
    at _runTestsForDescribeBlock (/Users/mike/Plate-Restaurant-System-App/node_modules/jest-circus/build/run.js:126:9)
    at _runTestsForDescribeBlock (/Users/mike/Plate-Restaurant-System-App/node_modules/jest-circus/build/run.js:121:9)
    at _runTestsForDescribeBlock (/Users/mike/Plate-Restaurant-System-App/node_modules/jest-circus/build/run.js:121:9)
    at run (/Users/mike/Plate-Restaurant-System-App/node_modules/jest-circus/build/run.js:71:3)
    at runAndTransformResultsToJestFormat (/Users/mike/Plate-Restaurant-System-App/node_modules/jest-circus/build/legacy-code-todo-rewrite/jestAdapterInit.js:122:21)
    at jestAdapter (/Users/mike/Plate-Restaurant-System-App/node_modules/jest-circus/build/legacy-code-todo-rewrite/jestAdapter.js:79:19)
    at runTestInternal (/Users/mike/Plate-Restaurant-System-App/node_modules/jest-runner/build/runTest.js:367:16)
    at runTest (/Users/mike/Plate-Restaurant-System-App/node_modules/jest-runner/build/runTest.js:444:34)
    at Object.worker (/Users/mike/Plate-Restaurant-System-App/node_modules/jest-runner/build/testWorker.js:106:12)</failure>
    </testcase>
    <testcase classname="KDSMainContent Performance optimizes scroll area rendering" name="KDSMainContent Performance optimizes scroll area rendering" time="0.001">
      <failure>TypeError: Cannot redefine property: clipboard
    at Object.defineProperty (&lt;anonymous&gt;)
    at Object.attachClipboardStubToView (/Users/mike/Plate-Restaurant-System-App/node_modules/@testing-library/user-event/dist/cjs/utils/dataTransfer/Clipboard.js:110:12)
    at Object.setupMain [as setup] (/Users/mike/Plate-Restaurant-System-App/node_modules/@testing-library/user-event/dist/cjs/setup/setup.js:58:15)
    at setup (/Users/mike/Plate-Restaurant-System-App/__tests__/utils/test-utils.tsx:104:39)
    at Object.&lt;anonymous&gt; (/Users/mike/Plate-Restaurant-System-App/__tests__/unit/components/kds/kds-main-content.test.tsx:390:48)
    at Promise.then.completed (/Users/mike/Plate-Restaurant-System-App/node_modules/jest-circus/build/utils.js:298:28)
    at new Promise (&lt;anonymous&gt;)
    at callAsyncCircusFn (/Users/mike/Plate-Restaurant-System-App/node_modules/jest-circus/build/utils.js:231:10)
    at _callCircusTest (/Users/mike/Plate-Restaurant-System-App/node_modules/jest-circus/build/run.js:316:40)
    at processTicksAndRejections (node:internal/process/task_queues:105:5)
    at _runTest (/Users/mike/Plate-Restaurant-System-App/node_modules/jest-circus/build/run.js:252:3)
    at _runTestsForDescribeBlock (/Users/mike/Plate-Restaurant-System-App/node_modules/jest-circus/build/run.js:126:9)
    at _runTestsForDescribeBlock (/Users/mike/Plate-Restaurant-System-App/node_modules/jest-circus/build/run.js:121:9)
    at _runTestsForDescribeBlock (/Users/mike/Plate-Restaurant-System-App/node_modules/jest-circus/build/run.js:121:9)
    at run (/Users/mike/Plate-Restaurant-System-App/node_modules/jest-circus/build/run.js:71:3)
    at runAndTransformResultsToJestFormat (/Users/mike/Plate-Restaurant-System-App/node_modules/jest-circus/build/legacy-code-todo-rewrite/jestAdapterInit.js:122:21)
    at jestAdapter (/Users/mike/Plate-Restaurant-System-App/node_modules/jest-circus/build/legacy-code-todo-rewrite/jestAdapter.js:79:19)
    at runTestInternal (/Users/mike/Plate-Restaurant-System-App/node_modules/jest-runner/build/runTest.js:367:16)
    at runTest (/Users/mike/Plate-Restaurant-System-App/node_modules/jest-runner/build/runTest.js:444:34)
    at Object.worker (/Users/mike/Plate-Restaurant-System-App/node_modules/jest-runner/build/testWorker.js:106:12)</failure>
    </testcase>
    <testcase classname="KDSMainContent Edge Cases handles null or undefined orders gracefully" name="KDSMainContent Edge Cases handles null or undefined orders gracefully" time="0.004">
      <failure>Error: expect(received).not.toThrow()

Error name:    &quot;TypeError&quot;
Error message: &quot;Cannot redefine property: clipboard&quot;

      102 |   )
      103 |
    &gt; 104 |   const userEventInstance = userEvent.setup()
          |                                       ^
      105 |
      106 |   return {
      107 |     user: userEventInstance,

      at Object.attachClipboardStubToView (node_modules/@testing-library/user-event/dist/cjs/utils/dataTransfer/Clipboard.js:110:12)
      at Object.setupMain [as setup] (node_modules/@testing-library/user-event/dist/cjs/setup/setup.js:58:15)
      at setup (__tests__/utils/test-utils.tsx:104:39)
      at __tests__/unit/components/kds/kds-main-content.test.tsx:402:28
      at Object.&lt;anonymous&gt; (node_modules/expect/build/toThrowMatchers.js:74:11)
      at Object.throwingMatcher [as toThrow] (node_modules/expect/build/index.js:320:21)
      at Object.toThrow (__tests__/unit/components/kds/kds-main-content.test.tsx:403:14)
    at Object.toThrow (/Users/mike/Plate-Restaurant-System-App/__tests__/unit/components/kds/kds-main-content.test.tsx:403:14)
    at Promise.then.completed (/Users/mike/Plate-Restaurant-System-App/node_modules/jest-circus/build/utils.js:298:28)
    at new Promise (&lt;anonymous&gt;)
    at callAsyncCircusFn (/Users/mike/Plate-Restaurant-System-App/node_modules/jest-circus/build/utils.js:231:10)
    at _callCircusTest (/Users/mike/Plate-Restaurant-System-App/node_modules/jest-circus/build/run.js:316:40)
    at processTicksAndRejections (node:internal/process/task_queues:105:5)
    at _runTest (/Users/mike/Plate-Restaurant-System-App/node_modules/jest-circus/build/run.js:252:3)
    at _runTestsForDescribeBlock (/Users/mike/Plate-Restaurant-System-App/node_modules/jest-circus/build/run.js:126:9)
    at _runTestsForDescribeBlock (/Users/mike/Plate-Restaurant-System-App/node_modules/jest-circus/build/run.js:121:9)
    at _runTestsForDescribeBlock (/Users/mike/Plate-Restaurant-System-App/node_modules/jest-circus/build/run.js:121:9)
    at run (/Users/mike/Plate-Restaurant-System-App/node_modules/jest-circus/build/run.js:71:3)
    at runAndTransformResultsToJestFormat (/Users/mike/Plate-Restaurant-System-App/node_modules/jest-circus/build/legacy-code-todo-rewrite/jestAdapterInit.js:122:21)
    at jestAdapter (/Users/mike/Plate-Restaurant-System-App/node_modules/jest-circus/build/legacy-code-todo-rewrite/jestAdapter.js:79:19)
    at runTestInternal (/Users/mike/Plate-Restaurant-System-App/node_modules/jest-runner/build/runTest.js:367:16)
    at runTest (/Users/mike/Plate-Restaurant-System-App/node_modules/jest-runner/build/runTest.js:444:34)
    at Object.worker (/Users/mike/Plate-Restaurant-System-App/node_modules/jest-runner/build/testWorker.js:106:12)</failure>
    </testcase>
    <testcase classname="KDSMainContent Edge Cases handles orders with missing data" name="KDSMainContent Edge Cases handles orders with missing data" time="0.001">
      <failure>Error: expect(received).not.toThrow()

Error name:    &quot;TypeError&quot;
Error message: &quot;Cannot redefine property: clipboard&quot;

      102 |   )
      103 |
    &gt; 104 |   const userEventInstance = userEvent.setup()
          |                                       ^
      105 |
      106 |   return {
      107 |     user: userEventInstance,

      at Object.attachClipboardStubToView (node_modules/@testing-library/user-event/dist/cjs/utils/dataTransfer/Clipboard.js:110:12)
      at Object.setupMain [as setup] (node_modules/@testing-library/user-event/dist/cjs/setup/setup.js:58:15)
      at setup (__tests__/utils/test-utils.tsx:104:39)
      at __tests__/unit/components/kds/kds-main-content.test.tsx:417:28
      at Object.&lt;anonymous&gt; (node_modules/expect/build/toThrowMatchers.js:74:11)
      at Object.throwingMatcher [as toThrow] (node_modules/expect/build/index.js:320:21)
      at Object.toThrow (__tests__/unit/components/kds/kds-main-content.test.tsx:418:14)
    at Object.toThrow (/Users/mike/Plate-Restaurant-System-App/__tests__/unit/components/kds/kds-main-content.test.tsx:418:14)
    at Promise.then.completed (/Users/mike/Plate-Restaurant-System-App/node_modules/jest-circus/build/utils.js:298:28)
    at new Promise (&lt;anonymous&gt;)
    at callAsyncCircusFn (/Users/mike/Plate-Restaurant-System-App/node_modules/jest-circus/build/utils.js:231:10)
    at _callCircusTest (/Users/mike/Plate-Restaurant-System-App/node_modules/jest-circus/build/run.js:316:40)
    at processTicksAndRejections (node:internal/process/task_queues:105:5)
    at _runTest (/Users/mike/Plate-Restaurant-System-App/node_modules/jest-circus/build/run.js:252:3)
    at _runTestsForDescribeBlock (/Users/mike/Plate-Restaurant-System-App/node_modules/jest-circus/build/run.js:126:9)
    at _runTestsForDescribeBlock (/Users/mike/Plate-Restaurant-System-App/node_modules/jest-circus/build/run.js:121:9)
    at _runTestsForDescribeBlock (/Users/mike/Plate-Restaurant-System-App/node_modules/jest-circus/build/run.js:121:9)
    at run (/Users/mike/Plate-Restaurant-System-App/node_modules/jest-circus/build/run.js:71:3)
    at runAndTransformResultsToJestFormat (/Users/mike/Plate-Restaurant-System-App/node_modules/jest-circus/build/legacy-code-todo-rewrite/jestAdapterInit.js:122:21)
    at jestAdapter (/Users/mike/Plate-Restaurant-System-App/node_modules/jest-circus/build/legacy-code-todo-rewrite/jestAdapter.js:79:19)
    at runTestInternal (/Users/mike/Plate-Restaurant-System-App/node_modules/jest-runner/build/runTest.js:367:16)
    at runTest (/Users/mike/Plate-Restaurant-System-App/node_modules/jest-runner/build/runTest.js:444:34)
    at Object.worker (/Users/mike/Plate-Restaurant-System-App/node_modules/jest-runner/build/testWorker.js:106:12)</failure>
    </testcase>
    <testcase classname="KDSMainContent Edge Cases handles invalid dates in sorting" name="KDSMainContent Edge Cases handles invalid dates in sorting" time="0.013">
      <failure>Error: expect(received).not.toThrow()

Error name:    &quot;TypeError&quot;
Error message: &quot;Cannot redefine property: clipboard&quot;

      102 |   )
      103 |
    &gt; 104 |   const userEventInstance = userEvent.setup()
          |                                       ^
      105 |
      106 |   return {
      107 |     user: userEventInstance,

      at Object.attachClipboardStubToView (node_modules/@testing-library/user-event/dist/cjs/utils/dataTransfer/Clipboard.js:110:12)
      at Object.setupMain [as setup] (node_modules/@testing-library/user-event/dist/cjs/setup/setup.js:58:15)
      at setup (__tests__/utils/test-utils.tsx:104:39)
      at __tests__/unit/components/kds/kds-main-content.test.tsx:437:28
      at Object.&lt;anonymous&gt; (node_modules/expect/build/toThrowMatchers.js:74:11)
      at Object.throwingMatcher [as toThrow] (node_modules/expect/build/index.js:320:21)
      at Object.toThrow (__tests__/unit/components/kds/kds-main-content.test.tsx:438:14)
    at Object.toThrow (/Users/mike/Plate-Restaurant-System-App/__tests__/unit/components/kds/kds-main-content.test.tsx:438:14)
    at Promise.then.completed (/Users/mike/Plate-Restaurant-System-App/node_modules/jest-circus/build/utils.js:298:28)
    at new Promise (&lt;anonymous&gt;)
    at callAsyncCircusFn (/Users/mike/Plate-Restaurant-System-App/node_modules/jest-circus/build/utils.js:231:10)
    at _callCircusTest (/Users/mike/Plate-Restaurant-System-App/node_modules/jest-circus/build/run.js:316:40)
    at processTicksAndRejections (node:internal/process/task_queues:105:5)
    at _runTest (/Users/mike/Plate-Restaurant-System-App/node_modules/jest-circus/build/run.js:252:3)
    at _runTestsForDescribeBlock (/Users/mike/Plate-Restaurant-System-App/node_modules/jest-circus/build/run.js:126:9)
    at _runTestsForDescribeBlock (/Users/mike/Plate-Restaurant-System-App/node_modules/jest-circus/build/run.js:121:9)
    at _runTestsForDescribeBlock (/Users/mike/Plate-Restaurant-System-App/node_modules/jest-circus/build/run.js:121:9)
    at run (/Users/mike/Plate-Restaurant-System-App/node_modules/jest-circus/build/run.js:71:3)
    at runAndTransformResultsToJestFormat (/Users/mike/Plate-Restaurant-System-App/node_modules/jest-circus/build/legacy-code-todo-rewrite/jestAdapterInit.js:122:21)
    at jestAdapter (/Users/mike/Plate-Restaurant-System-App/node_modules/jest-circus/build/legacy-code-todo-rewrite/jestAdapter.js:79:19)
    at runTestInternal (/Users/mike/Plate-Restaurant-System-App/node_modules/jest-runner/build/runTest.js:367:16)
    at runTest (/Users/mike/Plate-Restaurant-System-App/node_modules/jest-runner/build/runTest.js:444:34)
    at Object.worker (/Users/mike/Plate-Restaurant-System-App/node_modules/jest-runner/build/testWorker.js:106:12)</failure>
    </testcase>
    <testcase classname="KDSMainContent Edge Cases handles empty table groups in table view" name="KDSMainContent Edge Cases handles empty table groups in table view" time="0.001">
      <failure>TypeError: Cannot redefine property: clipboard
    at Object.defineProperty (&lt;anonymous&gt;)
    at Object.attachClipboardStubToView (/Users/mike/Plate-Restaurant-System-App/node_modules/@testing-library/user-event/dist/cjs/utils/dataTransfer/Clipboard.js:110:12)
    at Object.setupMain [as setup] (/Users/mike/Plate-Restaurant-System-App/node_modules/@testing-library/user-event/dist/cjs/setup/setup.js:58:15)
    at setup (/Users/mike/Plate-Restaurant-System-App/__tests__/utils/test-utils.tsx:104:39)
    at Object.&lt;anonymous&gt; (/Users/mike/Plate-Restaurant-System-App/__tests__/unit/components/kds/kds-main-content.test.tsx:451:26)
    at Promise.then.completed (/Users/mike/Plate-Restaurant-System-App/node_modules/jest-circus/build/utils.js:298:28)
    at new Promise (&lt;anonymous&gt;)
    at callAsyncCircusFn (/Users/mike/Plate-Restaurant-System-App/node_modules/jest-circus/build/utils.js:231:10)
    at _callCircusTest (/Users/mike/Plate-Restaurant-System-App/node_modules/jest-circus/build/run.js:316:40)
    at processTicksAndRejections (node:internal/process/task_queues:105:5)
    at _runTest (/Users/mike/Plate-Restaurant-System-App/node_modules/jest-circus/build/run.js:252:3)
    at _runTestsForDescribeBlock (/Users/mike/Plate-Restaurant-System-App/node_modules/jest-circus/build/run.js:126:9)
    at _runTestsForDescribeBlock (/Users/mike/Plate-Restaurant-System-App/node_modules/jest-circus/build/run.js:121:9)
    at _runTestsForDescribeBlock (/Users/mike/Plate-Restaurant-System-App/node_modules/jest-circus/build/run.js:121:9)
    at run (/Users/mike/Plate-Restaurant-System-App/node_modules/jest-circus/build/run.js:71:3)
    at runAndTransformResultsToJestFormat (/Users/mike/Plate-Restaurant-System-App/node_modules/jest-circus/build/legacy-code-todo-rewrite/jestAdapterInit.js:122:21)
    at jestAdapter (/Users/mike/Plate-Restaurant-System-App/node_modules/jest-circus/build/legacy-code-todo-rewrite/jestAdapter.js:79:19)
    at runTestInternal (/Users/mike/Plate-Restaurant-System-App/node_modules/jest-runner/build/runTest.js:367:16)
    at runTest (/Users/mike/Plate-Restaurant-System-App/node_modules/jest-runner/build/runTest.js:444:34)
    at Object.worker (/Users/mike/Plate-Restaurant-System-App/node_modules/jest-runner/build/testWorker.js:106:12)</failure>
    </testcase>
    <testcase classname="KDSMainContent Accessibility has proper ARIA structure" name="KDSMainContent Accessibility has proper ARIA structure" time="0">
      <failure>TypeError: Cannot redefine property: clipboard
    at Object.defineProperty (&lt;anonymous&gt;)
    at Object.attachClipboardStubToView (/Users/mike/Plate-Restaurant-System-App/node_modules/@testing-library/user-event/dist/cjs/utils/dataTransfer/Clipboard.js:110:12)
    at Object.setupMain [as setup] (/Users/mike/Plate-Restaurant-System-App/node_modules/@testing-library/user-event/dist/cjs/setup/setup.js:58:15)
    at setup (/Users/mike/Plate-Restaurant-System-App/__tests__/utils/test-utils.tsx:104:39)
    at Object.&lt;anonymous&gt; (/Users/mike/Plate-Restaurant-System-App/__tests__/unit/components/kds/kds-main-content.test.tsx:461:26)
    at Promise.then.completed (/Users/mike/Plate-Restaurant-System-App/node_modules/jest-circus/build/utils.js:298:28)
    at new Promise (&lt;anonymous&gt;)
    at callAsyncCircusFn (/Users/mike/Plate-Restaurant-System-App/node_modules/jest-circus/build/utils.js:231:10)
    at _callCircusTest (/Users/mike/Plate-Restaurant-System-App/node_modules/jest-circus/build/run.js:316:40)
    at processTicksAndRejections (node:internal/process/task_queues:105:5)
    at _runTest (/Users/mike/Plate-Restaurant-System-App/node_modules/jest-circus/build/run.js:252:3)
    at _runTestsForDescribeBlock (/Users/mike/Plate-Restaurant-System-App/node_modules/jest-circus/build/run.js:126:9)
    at _runTestsForDescribeBlock (/Users/mike/Plate-Restaurant-System-App/node_modules/jest-circus/build/run.js:121:9)
    at _runTestsForDescribeBlock (/Users/mike/Plate-Restaurant-System-App/node_modules/jest-circus/build/run.js:121:9)
    at run (/Users/mike/Plate-Restaurant-System-App/node_modules/jest-circus/build/run.js:71:3)
    at runAndTransformResultsToJestFormat (/Users/mike/Plate-Restaurant-System-App/node_modules/jest-circus/build/legacy-code-todo-rewrite/jestAdapterInit.js:122:21)
    at jestAdapter (/Users/mike/Plate-Restaurant-System-App/node_modules/jest-circus/build/legacy-code-todo-rewrite/jestAdapter.js:79:19)
    at runTestInternal (/Users/mike/Plate-Restaurant-System-App/node_modules/jest-runner/build/runTest.js:367:16)
    at runTest (/Users/mike/Plate-Restaurant-System-App/node_modules/jest-runner/build/runTest.js:444:34)
    at Object.worker (/Users/mike/Plate-Restaurant-System-App/node_modules/jest-runner/build/testWorker.js:106:12)</failure>
    </testcase>
    <testcase classname="KDSMainContent Accessibility supports keyboard navigation" name="KDSMainContent Accessibility supports keyboard navigation" time="0">
      <failure>TypeError: Cannot redefine property: clipboard
    at Object.defineProperty (&lt;anonymous&gt;)
    at Object.attachClipboardStubToView (/Users/mike/Plate-Restaurant-System-App/node_modules/@testing-library/user-event/dist/cjs/utils/dataTransfer/Clipboard.js:110:12)
    at Object.setupMain [as setup] (/Users/mike/Plate-Restaurant-System-App/node_modules/@testing-library/user-event/dist/cjs/setup/setup.js:58:15)
    at setup (/Users/mike/Plate-Restaurant-System-App/__tests__/utils/test-utils.tsx:104:39)
    at Object.&lt;anonymous&gt; (/Users/mike/Plate-Restaurant-System-App/__tests__/unit/components/kds/kds-main-content.test.tsx:473:43)
    at Promise.then.completed (/Users/mike/Plate-Restaurant-System-App/node_modules/jest-circus/build/utils.js:298:28)
    at new Promise (&lt;anonymous&gt;)
    at callAsyncCircusFn (/Users/mike/Plate-Restaurant-System-App/node_modules/jest-circus/build/utils.js:231:10)
    at _callCircusTest (/Users/mike/Plate-Restaurant-System-App/node_modules/jest-circus/build/run.js:316:40)
    at processTicksAndRejections (node:internal/process/task_queues:105:5)
    at _runTest (/Users/mike/Plate-Restaurant-System-App/node_modules/jest-circus/build/run.js:252:3)
    at _runTestsForDescribeBlock (/Users/mike/Plate-Restaurant-System-App/node_modules/jest-circus/build/run.js:126:9)
    at _runTestsForDescribeBlock (/Users/mike/Plate-Restaurant-System-App/node_modules/jest-circus/build/run.js:121:9)
    at _runTestsForDescribeBlock (/Users/mike/Plate-Restaurant-System-App/node_modules/jest-circus/build/run.js:121:9)
    at run (/Users/mike/Plate-Restaurant-System-App/node_modules/jest-circus/build/run.js:71:3)
    at runAndTransformResultsToJestFormat (/Users/mike/Plate-Restaurant-System-App/node_modules/jest-circus/build/legacy-code-todo-rewrite/jestAdapterInit.js:122:21)
    at jestAdapter (/Users/mike/Plate-Restaurant-System-App/node_modules/jest-circus/build/legacy-code-todo-rewrite/jestAdapter.js:79:19)
    at runTestInternal (/Users/mike/Plate-Restaurant-System-App/node_modules/jest-runner/build/runTest.js:367:16)
    at runTest (/Users/mike/Plate-Restaurant-System-App/node_modules/jest-runner/build/runTest.js:444:34)
    at Object.worker (/Users/mike/Plate-Restaurant-System-App/node_modules/jest-runner/build/testWorker.js:106:12)</failure>
    </testcase>
    <testcase classname="KDSMainContent Accessibility maintains focus management in different view modes" name="KDSMainContent Accessibility maintains focus management in different view modes" time="0">
      <failure>TypeError: Cannot redefine property: clipboard
    at Object.defineProperty (&lt;anonymous&gt;)
    at Object.attachClipboardStubToView (/Users/mike/Plate-Restaurant-System-App/node_modules/@testing-library/user-event/dist/cjs/utils/dataTransfer/Clipboard.js:110:12)
    at Object.setupMain [as setup] (/Users/mike/Plate-Restaurant-System-App/node_modules/@testing-library/user-event/dist/cjs/setup/setup.js:58:15)
    at setup (/Users/mike/Plate-Restaurant-System-App/__tests__/utils/test-utils.tsx:104:39)
    at Object.&lt;anonymous&gt; (/Users/mike/Plate-Restaurant-System-App/__tests__/unit/components/kds/kds-main-content.test.tsx:482:53)
    at Promise.then.completed (/Users/mike/Plate-Restaurant-System-App/node_modules/jest-circus/build/utils.js:298:28)
    at new Promise (&lt;anonymous&gt;)
    at callAsyncCircusFn (/Users/mike/Plate-Restaurant-System-App/node_modules/jest-circus/build/utils.js:231:10)
    at _callCircusTest (/Users/mike/Plate-Restaurant-System-App/node_modules/jest-circus/build/run.js:316:40)
    at processTicksAndRejections (node:internal/process/task_queues:105:5)
    at _runTest (/Users/mike/Plate-Restaurant-System-App/node_modules/jest-circus/build/run.js:252:3)
    at _runTestsForDescribeBlock (/Users/mike/Plate-Restaurant-System-App/node_modules/jest-circus/build/run.js:126:9)
    at _runTestsForDescribeBlock (/Users/mike/Plate-Restaurant-System-App/node_modules/jest-circus/build/run.js:121:9)
    at _runTestsForDescribeBlock (/Users/mike/Plate-Restaurant-System-App/node_modules/jest-circus/build/run.js:121:9)
    at run (/Users/mike/Plate-Restaurant-System-App/node_modules/jest-circus/build/run.js:71:3)
    at runAndTransformResultsToJestFormat (/Users/mike/Plate-Restaurant-System-App/node_modules/jest-circus/build/legacy-code-todo-rewrite/jestAdapterInit.js:122:21)
    at jestAdapter (/Users/mike/Plate-Restaurant-System-App/node_modules/jest-circus/build/legacy-code-todo-rewrite/jestAdapter.js:79:19)
    at runTestInternal (/Users/mike/Plate-Restaurant-System-App/node_modules/jest-runner/build/runTest.js:367:16)
    at runTest (/Users/mike/Plate-Restaurant-System-App/node_modules/jest-runner/build/runTest.js:444:34)
    at Object.worker (/Users/mike/Plate-Restaurant-System-App/node_modules/jest-runner/build/testWorker.js:106:12)</failure>
    </testcase>
    <testcase classname="KDSMainContent Error Recovery recovers from error state when data loads successfully" name="KDSMainContent Error Recovery recovers from error state when data loads successfully" time="0">
      <failure>TypeError: Cannot redefine property: clipboard
    at Object.defineProperty (&lt;anonymous&gt;)
    at Object.attachClipboardStubToView (/Users/mike/Plate-Restaurant-System-App/node_modules/@testing-library/user-event/dist/cjs/utils/dataTransfer/Clipboard.js:110:12)
    at Object.setupMain [as setup] (/Users/mike/Plate-Restaurant-System-App/node_modules/@testing-library/user-event/dist/cjs/setup/setup.js:58:15)
    at setup (/Users/mike/Plate-Restaurant-System-App/__tests__/utils/test-utils.tsx:104:39)
    at Object.&lt;anonymous&gt; (/Users/mike/Plate-Restaurant-System-App/__tests__/unit/components/kds/kds-main-content.test.tsx:500:47)
    at Promise.then.completed (/Users/mike/Plate-Restaurant-System-App/node_modules/jest-circus/build/utils.js:298:28)
    at new Promise (&lt;anonymous&gt;)
    at callAsyncCircusFn (/Users/mike/Plate-Restaurant-System-App/node_modules/jest-circus/build/utils.js:231:10)
    at _callCircusTest (/Users/mike/Plate-Restaurant-System-App/node_modules/jest-circus/build/run.js:316:40)
    at processTicksAndRejections (node:internal/process/task_queues:105:5)
    at _runTest (/Users/mike/Plate-Restaurant-System-App/node_modules/jest-circus/build/run.js:252:3)
    at _runTestsForDescribeBlock (/Users/mike/Plate-Restaurant-System-App/node_modules/jest-circus/build/run.js:126:9)
    at _runTestsForDescribeBlock (/Users/mike/Plate-Restaurant-System-App/node_modules/jest-circus/build/run.js:121:9)
    at _runTestsForDescribeBlock (/Users/mike/Plate-Restaurant-System-App/node_modules/jest-circus/build/run.js:121:9)
    at run (/Users/mike/Plate-Restaurant-System-App/node_modules/jest-circus/build/run.js:71:3)
    at runAndTransformResultsToJestFormat (/Users/mike/Plate-Restaurant-System-App/node_modules/jest-circus/build/legacy-code-todo-rewrite/jestAdapterInit.js:122:21)
    at jestAdapter (/Users/mike/Plate-Restaurant-System-App/node_modules/jest-circus/build/legacy-code-todo-rewrite/jestAdapter.js:79:19)
    at runTestInternal (/Users/mike/Plate-Restaurant-System-App/node_modules/jest-runner/build/runTest.js:367:16)
    at runTest (/Users/mike/Plate-Restaurant-System-App/node_modules/jest-runner/build/runTest.js:444:34)
    at Object.worker (/Users/mike/Plate-Restaurant-System-App/node_modules/jest-runner/build/testWorker.js:106:12)</failure>
    </testcase>
    <testcase classname="KDSMainContent Error Recovery clears error when switching between states" name="KDSMainContent Error Recovery clears error when switching between states" time="0">
      <failure>TypeError: Cannot redefine property: clipboard
    at Object.defineProperty (&lt;anonymous&gt;)
    at Object.attachClipboardStubToView (/Users/mike/Plate-Restaurant-System-App/node_modules/@testing-library/user-event/dist/cjs/utils/dataTransfer/Clipboard.js:110:12)
    at Object.setupMain [as setup] (/Users/mike/Plate-Restaurant-System-App/node_modules/@testing-library/user-event/dist/cjs/setup/setup.js:58:15)
    at setup (/Users/mike/Plate-Restaurant-System-App/__tests__/utils/test-utils.tsx:104:39)
    at Object.&lt;anonymous&gt; (/Users/mike/Plate-Restaurant-System-App/__tests__/unit/components/kds/kds-main-content.test.tsx:515:47)
    at Promise.then.completed (/Users/mike/Plate-Restaurant-System-App/node_modules/jest-circus/build/utils.js:298:28)
    at new Promise (&lt;anonymous&gt;)
    at callAsyncCircusFn (/Users/mike/Plate-Restaurant-System-App/node_modules/jest-circus/build/utils.js:231:10)
    at _callCircusTest (/Users/mike/Plate-Restaurant-System-App/node_modules/jest-circus/build/run.js:316:40)
    at processTicksAndRejections (node:internal/process/task_queues:105:5)
    at _runTest (/Users/mike/Plate-Restaurant-System-App/node_modules/jest-circus/build/run.js:252:3)
    at _runTestsForDescribeBlock (/Users/mike/Plate-Restaurant-System-App/node_modules/jest-circus/build/run.js:126:9)
    at _runTestsForDescribeBlock (/Users/mike/Plate-Restaurant-System-App/node_modules/jest-circus/build/run.js:121:9)
    at _runTestsForDescribeBlock (/Users/mike/Plate-Restaurant-System-App/node_modules/jest-circus/build/run.js:121:9)
    at run (/Users/mike/Plate-Restaurant-System-App/node_modules/jest-circus/build/run.js:71:3)
    at runAndTransformResultsToJestFormat (/Users/mike/Plate-Restaurant-System-App/node_modules/jest-circus/build/legacy-code-todo-rewrite/jestAdapterInit.js:122:21)
    at jestAdapter (/Users/mike/Plate-Restaurant-System-App/node_modules/jest-circus/build/legacy-code-todo-rewrite/jestAdapter.js:79:19)
    at runTestInternal (/Users/mike/Plate-Restaurant-System-App/node_modules/jest-runner/build/runTest.js:367:16)
    at runTest (/Users/mike/Plate-Restaurant-System-App/node_modules/jest-runner/build/runTest.js:444:34)
    at Object.worker (/Users/mike/Plate-Restaurant-System-App/node_modules/jest-runner/build/testWorker.js:106:12)</failure>
    </testcase>
    <testcase classname="KDSMainContent Styling and Layout applies custom className" name="KDSMainContent Styling and Layout applies custom className" time="0">
      <failure>TypeError: Cannot redefine property: clipboard
    at Object.defineProperty (&lt;anonymous&gt;)
    at Object.attachClipboardStubToView (/Users/mike/Plate-Restaurant-System-App/node_modules/@testing-library/user-event/dist/cjs/utils/dataTransfer/Clipboard.js:110:12)
    at Object.setupMain [as setup] (/Users/mike/Plate-Restaurant-System-App/node_modules/@testing-library/user-event/dist/cjs/setup/setup.js:58:15)
    at setup (/Users/mike/Plate-Restaurant-System-App/__tests__/utils/test-utils.tsx:104:39)
    at Object.&lt;anonymous&gt; (/Users/mike/Plate-Restaurant-System-App/__tests__/unit/components/kds/kds-main-content.test.tsx:531:48)
    at Promise.then.completed (/Users/mike/Plate-Restaurant-System-App/node_modules/jest-circus/build/utils.js:298:28)
    at new Promise (&lt;anonymous&gt;)
    at callAsyncCircusFn (/Users/mike/Plate-Restaurant-System-App/node_modules/jest-circus/build/utils.js:231:10)
    at _callCircusTest (/Users/mike/Plate-Restaurant-System-App/node_modules/jest-circus/build/run.js:316:40)
    at processTicksAndRejections (node:internal/process/task_queues:105:5)
    at _runTest (/Users/mike/Plate-Restaurant-System-App/node_modules/jest-circus/build/run.js:252:3)
    at _runTestsForDescribeBlock (/Users/mike/Plate-Restaurant-System-App/node_modules/jest-circus/build/run.js:126:9)
    at _runTestsForDescribeBlock (/Users/mike/Plate-Restaurant-System-App/node_modules/jest-circus/build/run.js:121:9)
    at _runTestsForDescribeBlock (/Users/mike/Plate-Restaurant-System-App/node_modules/jest-circus/build/run.js:121:9)
    at run (/Users/mike/Plate-Restaurant-System-App/node_modules/jest-circus/build/run.js:71:3)
    at runAndTransformResultsToJestFormat (/Users/mike/Plate-Restaurant-System-App/node_modules/jest-circus/build/legacy-code-todo-rewrite/jestAdapterInit.js:122:21)
    at jestAdapter (/Users/mike/Plate-Restaurant-System-App/node_modules/jest-circus/build/legacy-code-todo-rewrite/jestAdapter.js:79:19)
    at runTestInternal (/Users/mike/Plate-Restaurant-System-App/node_modules/jest-runner/build/runTest.js:367:16)
    at runTest (/Users/mike/Plate-Restaurant-System-App/node_modules/jest-runner/build/runTest.js:444:34)
    at Object.worker (/Users/mike/Plate-Restaurant-System-App/node_modules/jest-runner/build/testWorker.js:106:12)</failure>
    </testcase>
    <testcase classname="KDSMainContent Styling and Layout maintains responsive grid layout" name="KDSMainContent Styling and Layout maintains responsive grid layout" time="0">
      <failure>TypeError: Cannot redefine property: clipboard
    at Object.defineProperty (&lt;anonymous&gt;)
    at Object.attachClipboardStubToView (/Users/mike/Plate-Restaurant-System-App/node_modules/@testing-library/user-event/dist/cjs/utils/dataTransfer/Clipboard.js:110:12)
    at Object.setupMain [as setup] (/Users/mike/Plate-Restaurant-System-App/node_modules/@testing-library/user-event/dist/cjs/setup/setup.js:58:15)
    at setup (/Users/mike/Plate-Restaurant-System-App/__tests__/utils/test-utils.tsx:104:39)
    at Object.&lt;anonymous&gt; (/Users/mike/Plate-Restaurant-System-App/__tests__/unit/components/kds/kds-main-content.test.tsx:539:48)
    at Promise.then.completed (/Users/mike/Plate-Restaurant-System-App/node_modules/jest-circus/build/utils.js:298:28)
    at new Promise (&lt;anonymous&gt;)
    at callAsyncCircusFn (/Users/mike/Plate-Restaurant-System-App/node_modules/jest-circus/build/utils.js:231:10)
    at _callCircusTest (/Users/mike/Plate-Restaurant-System-App/node_modules/jest-circus/build/run.js:316:40)
    at processTicksAndRejections (node:internal/process/task_queues:105:5)
    at _runTest (/Users/mike/Plate-Restaurant-System-App/node_modules/jest-circus/build/run.js:252:3)
    at _runTestsForDescribeBlock (/Users/mike/Plate-Restaurant-System-App/node_modules/jest-circus/build/run.js:126:9)
    at _runTestsForDescribeBlock (/Users/mike/Plate-Restaurant-System-App/node_modules/jest-circus/build/run.js:121:9)
    at _runTestsForDescribeBlock (/Users/mike/Plate-Restaurant-System-App/node_modules/jest-circus/build/run.js:121:9)
    at run (/Users/mike/Plate-Restaurant-System-App/node_modules/jest-circus/build/run.js:71:3)
    at runAndTransformResultsToJestFormat (/Users/mike/Plate-Restaurant-System-App/node_modules/jest-circus/build/legacy-code-todo-rewrite/jestAdapterInit.js:122:21)
    at jestAdapter (/Users/mike/Plate-Restaurant-System-App/node_modules/jest-circus/build/legacy-code-todo-rewrite/jestAdapter.js:79:19)
    at runTestInternal (/Users/mike/Plate-Restaurant-System-App/node_modules/jest-runner/build/runTest.js:367:16)
    at runTest (/Users/mike/Plate-Restaurant-System-App/node_modules/jest-runner/build/runTest.js:444:34)
    at Object.worker (/Users/mike/Plate-Restaurant-System-App/node_modules/jest-runner/build/testWorker.js:106:12)</failure>
    </testcase>
    <testcase classname="KDSMainContent Styling and Layout applies proper spacing and padding" name="KDSMainContent Styling and Layout applies proper spacing and padding" time="0">
      <failure>TypeError: Cannot redefine property: clipboard
    at Object.defineProperty (&lt;anonymous&gt;)
    at Object.attachClipboardStubToView (/Users/mike/Plate-Restaurant-System-App/node_modules/@testing-library/user-event/dist/cjs/utils/dataTransfer/Clipboard.js:110:12)
    at Object.setupMain [as setup] (/Users/mike/Plate-Restaurant-System-App/node_modules/@testing-library/user-event/dist/cjs/setup/setup.js:58:15)
    at setup (/Users/mike/Plate-Restaurant-System-App/__tests__/utils/test-utils.tsx:104:39)
    at Object.&lt;anonymous&gt; (/Users/mike/Plate-Restaurant-System-App/__tests__/unit/components/kds/kds-main-content.test.tsx:546:48)
    at Promise.then.completed (/Users/mike/Plate-Restaurant-System-App/node_modules/jest-circus/build/utils.js:298:28)
    at new Promise (&lt;anonymous&gt;)
    at callAsyncCircusFn (/Users/mike/Plate-Restaurant-System-App/node_modules/jest-circus/build/utils.js:231:10)
    at _callCircusTest (/Users/mike/Plate-Restaurant-System-App/node_modules/jest-circus/build/run.js:316:40)
    at processTicksAndRejections (node:internal/process/task_queues:105:5)
    at _runTest (/Users/mike/Plate-Restaurant-System-App/node_modules/jest-circus/build/run.js:252:3)
    at _runTestsForDescribeBlock (/Users/mike/Plate-Restaurant-System-App/node_modules/jest-circus/build/run.js:126:9)
    at _runTestsForDescribeBlock (/Users/mike/Plate-Restaurant-System-App/node_modules/jest-circus/build/run.js:121:9)
    at _runTestsForDescribeBlock (/Users/mike/Plate-Restaurant-System-App/node_modules/jest-circus/build/run.js:121:9)
    at run (/Users/mike/Plate-Restaurant-System-App/node_modules/jest-circus/build/run.js:71:3)
    at runAndTransformResultsToJestFormat (/Users/mike/Plate-Restaurant-System-App/node_modules/jest-circus/build/legacy-code-todo-rewrite/jestAdapterInit.js:122:21)
    at jestAdapter (/Users/mike/Plate-Restaurant-System-App/node_modules/jest-circus/build/legacy-code-todo-rewrite/jestAdapter.js:79:19)
    at runTestInternal (/Users/mike/Plate-Restaurant-System-App/node_modules/jest-runner/build/runTest.js:367:16)
    at runTest (/Users/mike/Plate-Restaurant-System-App/node_modules/jest-runner/build/runTest.js:444:34)
    at Object.worker (/Users/mike/Plate-Restaurant-System-App/node_modules/jest-runner/build/testWorker.js:106:12)</failure>
    </testcase>
  </testsuite>
  <testsuite name="KDSHeader" errors="0" failures="41" skipped="0" timestamp="2025-06-14T02:35:57" time="0.816" tests="41">
    <testcase classname="KDSHeader Rendering renders with default props" name="KDSHeader Rendering renders with default props" time="0.01">
      <failure>TypeError: Cannot redefine property: clipboard
    at Object.defineProperty (&lt;anonymous&gt;)
    at Object.attachClipboardStubToView (/Users/mike/Plate-Restaurant-System-App/node_modules/@testing-library/user-event/dist/cjs/utils/dataTransfer/Clipboard.js:110:12)
    at Object.setupMain [as setup] (/Users/mike/Plate-Restaurant-System-App/node_modules/@testing-library/user-event/dist/cjs/setup/setup.js:58:15)
    at setup (/Users/mike/Plate-Restaurant-System-App/__tests__/utils/test-utils.tsx:104:39)
    at Object.&lt;anonymous&gt; (/Users/mike/Plate-Restaurant-System-App/__tests__/unit/components/kds/kds-header.test.tsx:53:26)
    at Promise.then.completed (/Users/mike/Plate-Restaurant-System-App/node_modules/jest-circus/build/utils.js:298:28)
    at new Promise (&lt;anonymous&gt;)
    at callAsyncCircusFn (/Users/mike/Plate-Restaurant-System-App/node_modules/jest-circus/build/utils.js:231:10)
    at _callCircusTest (/Users/mike/Plate-Restaurant-System-App/node_modules/jest-circus/build/run.js:316:40)
    at processTicksAndRejections (node:internal/process/task_queues:105:5)
    at _runTest (/Users/mike/Plate-Restaurant-System-App/node_modules/jest-circus/build/run.js:252:3)
    at _runTestsForDescribeBlock (/Users/mike/Plate-Restaurant-System-App/node_modules/jest-circus/build/run.js:126:9)
    at _runTestsForDescribeBlock (/Users/mike/Plate-Restaurant-System-App/node_modules/jest-circus/build/run.js:121:9)
    at _runTestsForDescribeBlock (/Users/mike/Plate-Restaurant-System-App/node_modules/jest-circus/build/run.js:121:9)
    at run (/Users/mike/Plate-Restaurant-System-App/node_modules/jest-circus/build/run.js:71:3)
    at runAndTransformResultsToJestFormat (/Users/mike/Plate-Restaurant-System-App/node_modules/jest-circus/build/legacy-code-todo-rewrite/jestAdapterInit.js:122:21)
    at jestAdapter (/Users/mike/Plate-Restaurant-System-App/node_modules/jest-circus/build/legacy-code-todo-rewrite/jestAdapter.js:79:19)
    at runTestInternal (/Users/mike/Plate-Restaurant-System-App/node_modules/jest-runner/build/runTest.js:367:16)
    at runTest (/Users/mike/Plate-Restaurant-System-App/node_modules/jest-runner/build/runTest.js:444:34)
    at Object.worker (/Users/mike/Plate-Restaurant-System-App/node_modules/jest-runner/build/testWorker.js:106:12)</failure>
    </testcase>
    <testcase classname="KDSHeader Rendering applies custom className" name="KDSHeader Rendering applies custom className" time="0.001">
      <failure>TypeError: Cannot redefine property: clipboard
    at Object.defineProperty (&lt;anonymous&gt;)
    at Object.attachClipboardStubToView (/Users/mike/Plate-Restaurant-System-App/node_modules/@testing-library/user-event/dist/cjs/utils/dataTransfer/Clipboard.js:110:12)
    at Object.setupMain [as setup] (/Users/mike/Plate-Restaurant-System-App/node_modules/@testing-library/user-event/dist/cjs/setup/setup.js:58:15)
    at setup (/Users/mike/Plate-Restaurant-System-App/__tests__/utils/test-utils.tsx:104:39)
    at Object.&lt;anonymous&gt; (/Users/mike/Plate-Restaurant-System-App/__tests__/unit/components/kds/kds-header.test.tsx:62:48)
    at Promise.then.completed (/Users/mike/Plate-Restaurant-System-App/node_modules/jest-circus/build/utils.js:298:28)
    at new Promise (&lt;anonymous&gt;)
    at callAsyncCircusFn (/Users/mike/Plate-Restaurant-System-App/node_modules/jest-circus/build/utils.js:231:10)
    at _callCircusTest (/Users/mike/Plate-Restaurant-System-App/node_modules/jest-circus/build/run.js:316:40)
    at processTicksAndRejections (node:internal/process/task_queues:105:5)
    at _runTest (/Users/mike/Plate-Restaurant-System-App/node_modules/jest-circus/build/run.js:252:3)
    at _runTestsForDescribeBlock (/Users/mike/Plate-Restaurant-System-App/node_modules/jest-circus/build/run.js:126:9)
    at _runTestsForDescribeBlock (/Users/mike/Plate-Restaurant-System-App/node_modules/jest-circus/build/run.js:121:9)
    at _runTestsForDescribeBlock (/Users/mike/Plate-Restaurant-System-App/node_modules/jest-circus/build/run.js:121:9)
    at run (/Users/mike/Plate-Restaurant-System-App/node_modules/jest-circus/build/run.js:71:3)
    at runAndTransformResultsToJestFormat (/Users/mike/Plate-Restaurant-System-App/node_modules/jest-circus/build/legacy-code-todo-rewrite/jestAdapterInit.js:122:21)
    at jestAdapter (/Users/mike/Plate-Restaurant-System-App/node_modules/jest-circus/build/legacy-code-todo-rewrite/jestAdapter.js:79:19)
    at runTestInternal (/Users/mike/Plate-Restaurant-System-App/node_modules/jest-runner/build/runTest.js:367:16)
    at runTest (/Users/mike/Plate-Restaurant-System-App/node_modules/jest-runner/build/runTest.js:444:34)
    at Object.worker (/Users/mike/Plate-Restaurant-System-App/node_modules/jest-runner/build/testWorker.js:106:12)</failure>
    </testcase>
    <testcase classname="KDSHeader Rendering renders fullscreen toggle when onToggleFullscreen is provided" name="KDSHeader Rendering renders fullscreen toggle when onToggleFullscreen is provided" time="0.001">
      <failure>TypeError: Cannot redefine property: clipboard
    at Object.defineProperty (&lt;anonymous&gt;)
    at Object.attachClipboardStubToView (/Users/mike/Plate-Restaurant-System-App/node_modules/@testing-library/user-event/dist/cjs/utils/dataTransfer/Clipboard.js:110:12)
    at Object.setupMain [as setup] (/Users/mike/Plate-Restaurant-System-App/node_modules/@testing-library/user-event/dist/cjs/setup/setup.js:58:15)
    at setup (/Users/mike/Plate-Restaurant-System-App/__tests__/utils/test-utils.tsx:104:39)
    at Object.&lt;anonymous&gt; (/Users/mike/Plate-Restaurant-System-App/__tests__/unit/components/kds/kds-header.test.tsx:71:26)
    at Promise.then.completed (/Users/mike/Plate-Restaurant-System-App/node_modules/jest-circus/build/utils.js:298:28)
    at new Promise (&lt;anonymous&gt;)
    at callAsyncCircusFn (/Users/mike/Plate-Restaurant-System-App/node_modules/jest-circus/build/utils.js:231:10)
    at _callCircusTest (/Users/mike/Plate-Restaurant-System-App/node_modules/jest-circus/build/run.js:316:40)
    at processTicksAndRejections (node:internal/process/task_queues:105:5)
    at _runTest (/Users/mike/Plate-Restaurant-System-App/node_modules/jest-circus/build/run.js:252:3)
    at _runTestsForDescribeBlock (/Users/mike/Plate-Restaurant-System-App/node_modules/jest-circus/build/run.js:126:9)
    at _runTestsForDescribeBlock (/Users/mike/Plate-Restaurant-System-App/node_modules/jest-circus/build/run.js:121:9)
    at _runTestsForDescribeBlock (/Users/mike/Plate-Restaurant-System-App/node_modules/jest-circus/build/run.js:121:9)
    at run (/Users/mike/Plate-Restaurant-System-App/node_modules/jest-circus/build/run.js:71:3)
    at runAndTransformResultsToJestFormat (/Users/mike/Plate-Restaurant-System-App/node_modules/jest-circus/build/legacy-code-todo-rewrite/jestAdapterInit.js:122:21)
    at jestAdapter (/Users/mike/Plate-Restaurant-System-App/node_modules/jest-circus/build/legacy-code-todo-rewrite/jestAdapter.js:79:19)
    at runTestInternal (/Users/mike/Plate-Restaurant-System-App/node_modules/jest-runner/build/runTest.js:367:16)
    at runTest (/Users/mike/Plate-Restaurant-System-App/node_modules/jest-runner/build/runTest.js:444:34)
    at Object.worker (/Users/mike/Plate-Restaurant-System-App/node_modules/jest-runner/build/testWorker.js:106:12)</failure>
    </testcase>
    <testcase classname="KDSHeader Rendering does not render fullscreen toggle when onToggleFullscreen is not provided" name="KDSHeader Rendering does not render fullscreen toggle when onToggleFullscreen is not provided" time="0">
      <failure>TypeError: Cannot redefine property: clipboard
    at Object.defineProperty (&lt;anonymous&gt;)
    at Object.attachClipboardStubToView (/Users/mike/Plate-Restaurant-System-App/node_modules/@testing-library/user-event/dist/cjs/utils/dataTransfer/Clipboard.js:110:12)
    at Object.setupMain [as setup] (/Users/mike/Plate-Restaurant-System-App/node_modules/@testing-library/user-event/dist/cjs/setup/setup.js:58:15)
    at setup (/Users/mike/Plate-Restaurant-System-App/__tests__/utils/test-utils.tsx:104:39)
    at Object.&lt;anonymous&gt; (/Users/mike/Plate-Restaurant-System-App/__tests__/unit/components/kds/kds-header.test.tsx:79:26)
    at Promise.then.completed (/Users/mike/Plate-Restaurant-System-App/node_modules/jest-circus/build/utils.js:298:28)
    at new Promise (&lt;anonymous&gt;)
    at callAsyncCircusFn (/Users/mike/Plate-Restaurant-System-App/node_modules/jest-circus/build/utils.js:231:10)
    at _callCircusTest (/Users/mike/Plate-Restaurant-System-App/node_modules/jest-circus/build/run.js:316:40)
    at processTicksAndRejections (node:internal/process/task_queues:105:5)
    at _runTest (/Users/mike/Plate-Restaurant-System-App/node_modules/jest-circus/build/run.js:252:3)
    at _runTestsForDescribeBlock (/Users/mike/Plate-Restaurant-System-App/node_modules/jest-circus/build/run.js:126:9)
    at _runTestsForDescribeBlock (/Users/mike/Plate-Restaurant-System-App/node_modules/jest-circus/build/run.js:121:9)
    at _runTestsForDescribeBlock (/Users/mike/Plate-Restaurant-System-App/node_modules/jest-circus/build/run.js:121:9)
    at run (/Users/mike/Plate-Restaurant-System-App/node_modules/jest-circus/build/run.js:71:3)
    at runAndTransformResultsToJestFormat (/Users/mike/Plate-Restaurant-System-App/node_modules/jest-circus/build/legacy-code-todo-rewrite/jestAdapterInit.js:122:21)
    at jestAdapter (/Users/mike/Plate-Restaurant-System-App/node_modules/jest-circus/build/legacy-code-todo-rewrite/jestAdapter.js:79:19)
    at runTestInternal (/Users/mike/Plate-Restaurant-System-App/node_modules/jest-runner/build/runTest.js:367:16)
    at runTest (/Users/mike/Plate-Restaurant-System-App/node_modules/jest-runner/build/runTest.js:444:34)
    at Object.worker (/Users/mike/Plate-Restaurant-System-App/node_modules/jest-runner/build/testWorker.js:106:12)</failure>
    </testcase>
    <testcase classname="KDSHeader Connection Status shows connected status when connected" name="KDSHeader Connection Status shows connected status when connected" time="0.001">
      <failure>TypeError: Cannot redefine property: clipboard
    at Object.defineProperty (&lt;anonymous&gt;)
    at Object.attachClipboardStubToView (/Users/mike/Plate-Restaurant-System-App/node_modules/@testing-library/user-event/dist/cjs/utils/dataTransfer/Clipboard.js:110:12)
    at Object.setupMain [as setup] (/Users/mike/Plate-Restaurant-System-App/node_modules/@testing-library/user-event/dist/cjs/setup/setup.js:58:15)
    at setup (/Users/mike/Plate-Restaurant-System-App/__tests__/utils/test-utils.tsx:104:39)
    at Object.&lt;anonymous&gt; (/Users/mike/Plate-Restaurant-System-App/__tests__/unit/components/kds/kds-header.test.tsx:88:26)
    at Promise.then.completed (/Users/mike/Plate-Restaurant-System-App/node_modules/jest-circus/build/utils.js:298:28)
    at new Promise (&lt;anonymous&gt;)
    at callAsyncCircusFn (/Users/mike/Plate-Restaurant-System-App/node_modules/jest-circus/build/utils.js:231:10)
    at _callCircusTest (/Users/mike/Plate-Restaurant-System-App/node_modules/jest-circus/build/run.js:316:40)
    at processTicksAndRejections (node:internal/process/task_queues:105:5)
    at _runTest (/Users/mike/Plate-Restaurant-System-App/node_modules/jest-circus/build/run.js:252:3)
    at _runTestsForDescribeBlock (/Users/mike/Plate-Restaurant-System-App/node_modules/jest-circus/build/run.js:126:9)
    at _runTestsForDescribeBlock (/Users/mike/Plate-Restaurant-System-App/node_modules/jest-circus/build/run.js:121:9)
    at _runTestsForDescribeBlock (/Users/mike/Plate-Restaurant-System-App/node_modules/jest-circus/build/run.js:121:9)
    at run (/Users/mike/Plate-Restaurant-System-App/node_modules/jest-circus/build/run.js:71:3)
    at runAndTransformResultsToJestFormat (/Users/mike/Plate-Restaurant-System-App/node_modules/jest-circus/build/legacy-code-todo-rewrite/jestAdapterInit.js:122:21)
    at jestAdapter (/Users/mike/Plate-Restaurant-System-App/node_modules/jest-circus/build/legacy-code-todo-rewrite/jestAdapter.js:79:19)
    at runTestInternal (/Users/mike/Plate-Restaurant-System-App/node_modules/jest-runner/build/runTest.js:367:16)
    at runTest (/Users/mike/Plate-Restaurant-System-App/node_modules/jest-runner/build/runTest.js:444:34)
    at Object.worker (/Users/mike/Plate-Restaurant-System-App/node_modules/jest-runner/build/testWorker.js:106:12)</failure>
    </testcase>
    <testcase classname="KDSHeader Connection Status shows disconnected status when disconnected" name="KDSHeader Connection Status shows disconnected status when disconnected" time="0">
      <failure>TypeError: Cannot redefine property: clipboard
    at Object.defineProperty (&lt;anonymous&gt;)
    at Object.attachClipboardStubToView (/Users/mike/Plate-Restaurant-System-App/node_modules/@testing-library/user-event/dist/cjs/utils/dataTransfer/Clipboard.js:110:12)
    at Object.setupMain [as setup] (/Users/mike/Plate-Restaurant-System-App/node_modules/@testing-library/user-event/dist/cjs/setup/setup.js:58:15)
    at setup (/Users/mike/Plate-Restaurant-System-App/__tests__/utils/test-utils.tsx:104:39)
    at Object.&lt;anonymous&gt; (/Users/mike/Plate-Restaurant-System-App/__tests__/unit/components/kds/kds-header.test.tsx:96:26)
    at Promise.then.completed (/Users/mike/Plate-Restaurant-System-App/node_modules/jest-circus/build/utils.js:298:28)
    at new Promise (&lt;anonymous&gt;)
    at callAsyncCircusFn (/Users/mike/Plate-Restaurant-System-App/node_modules/jest-circus/build/utils.js:231:10)
    at _callCircusTest (/Users/mike/Plate-Restaurant-System-App/node_modules/jest-circus/build/run.js:316:40)
    at processTicksAndRejections (node:internal/process/task_queues:105:5)
    at _runTest (/Users/mike/Plate-Restaurant-System-App/node_modules/jest-circus/build/run.js:252:3)
    at _runTestsForDescribeBlock (/Users/mike/Plate-Restaurant-System-App/node_modules/jest-circus/build/run.js:126:9)
    at _runTestsForDescribeBlock (/Users/mike/Plate-Restaurant-System-App/node_modules/jest-circus/build/run.js:121:9)
    at _runTestsForDescribeBlock (/Users/mike/Plate-Restaurant-System-App/node_modules/jest-circus/build/run.js:121:9)
    at run (/Users/mike/Plate-Restaurant-System-App/node_modules/jest-circus/build/run.js:71:3)
    at runAndTransformResultsToJestFormat (/Users/mike/Plate-Restaurant-System-App/node_modules/jest-circus/build/legacy-code-todo-rewrite/jestAdapterInit.js:122:21)
    at jestAdapter (/Users/mike/Plate-Restaurant-System-App/node_modules/jest-circus/build/legacy-code-todo-rewrite/jestAdapter.js:79:19)
    at runTestInternal (/Users/mike/Plate-Restaurant-System-App/node_modules/jest-runner/build/runTest.js:367:16)
    at runTest (/Users/mike/Plate-Restaurant-System-App/node_modules/jest-runner/build/runTest.js:444:34)
    at Object.worker (/Users/mike/Plate-Restaurant-System-App/node_modules/jest-runner/build/testWorker.js:106:12)</failure>
    </testcase>
    <testcase classname="KDSHeader Connection Status shows reconnecting status when reconnecting" name="KDSHeader Connection Status shows reconnecting status when reconnecting" time="0">
      <failure>TypeError: Cannot redefine property: clipboard
    at Object.defineProperty (&lt;anonymous&gt;)
    at Object.attachClipboardStubToView (/Users/mike/Plate-Restaurant-System-App/node_modules/@testing-library/user-event/dist/cjs/utils/dataTransfer/Clipboard.js:110:12)
    at Object.setupMain [as setup] (/Users/mike/Plate-Restaurant-System-App/node_modules/@testing-library/user-event/dist/cjs/setup/setup.js:58:15)
    at setup (/Users/mike/Plate-Restaurant-System-App/__tests__/utils/test-utils.tsx:104:39)
    at Object.&lt;anonymous&gt; (/Users/mike/Plate-Restaurant-System-App/__tests__/unit/components/kds/kds-header.test.tsx:104:26)
    at Promise.then.completed (/Users/mike/Plate-Restaurant-System-App/node_modules/jest-circus/build/utils.js:298:28)
    at new Promise (&lt;anonymous&gt;)
    at callAsyncCircusFn (/Users/mike/Plate-Restaurant-System-App/node_modules/jest-circus/build/utils.js:231:10)
    at _callCircusTest (/Users/mike/Plate-Restaurant-System-App/node_modules/jest-circus/build/run.js:316:40)
    at processTicksAndRejections (node:internal/process/task_queues:105:5)
    at _runTest (/Users/mike/Plate-Restaurant-System-App/node_modules/jest-circus/build/run.js:252:3)
    at _runTestsForDescribeBlock (/Users/mike/Plate-Restaurant-System-App/node_modules/jest-circus/build/run.js:126:9)
    at _runTestsForDescribeBlock (/Users/mike/Plate-Restaurant-System-App/node_modules/jest-circus/build/run.js:121:9)
    at _runTestsForDescribeBlock (/Users/mike/Plate-Restaurant-System-App/node_modules/jest-circus/build/run.js:121:9)
    at run (/Users/mike/Plate-Restaurant-System-App/node_modules/jest-circus/build/run.js:71:3)
    at runAndTransformResultsToJestFormat (/Users/mike/Plate-Restaurant-System-App/node_modules/jest-circus/build/legacy-code-todo-rewrite/jestAdapterInit.js:122:21)
    at jestAdapter (/Users/mike/Plate-Restaurant-System-App/node_modules/jest-circus/build/legacy-code-todo-rewrite/jestAdapter.js:79:19)
    at runTestInternal (/Users/mike/Plate-Restaurant-System-App/node_modules/jest-runner/build/runTest.js:367:16)
    at runTest (/Users/mike/Plate-Restaurant-System-App/node_modules/jest-runner/build/runTest.js:444:34)
    at Object.worker (/Users/mike/Plate-Restaurant-System-App/node_modules/jest-runner/build/testWorker.js:106:12)</failure>
    </testcase>
    <testcase classname="KDSHeader Order Metrics displays correct total order count" name="KDSHeader Order Metrics displays correct total order count" time="0.001">
      <failure>TypeError: Cannot redefine property: clipboard
    at Object.defineProperty (&lt;anonymous&gt;)
    at Object.attachClipboardStubToView (/Users/mike/Plate-Restaurant-System-App/node_modules/@testing-library/user-event/dist/cjs/utils/dataTransfer/Clipboard.js:110:12)
    at Object.setupMain [as setup] (/Users/mike/Plate-Restaurant-System-App/node_modules/@testing-library/user-event/dist/cjs/setup/setup.js:58:15)
    at setup (/Users/mike/Plate-Restaurant-System-App/__tests__/utils/test-utils.tsx:104:39)
    at Object.&lt;anonymous&gt; (/Users/mike/Plate-Restaurant-System-App/__tests__/unit/components/kds/kds-header.test.tsx:119:26)
    at Promise.then.completed (/Users/mike/Plate-Restaurant-System-App/node_modules/jest-circus/build/utils.js:298:28)
    at new Promise (&lt;anonymous&gt;)
    at callAsyncCircusFn (/Users/mike/Plate-Restaurant-System-App/node_modules/jest-circus/build/utils.js:231:10)
    at _callCircusTest (/Users/mike/Plate-Restaurant-System-App/node_modules/jest-circus/build/run.js:316:40)
    at processTicksAndRejections (node:internal/process/task_queues:105:5)
    at _runTest (/Users/mike/Plate-Restaurant-System-App/node_modules/jest-circus/build/run.js:252:3)
    at _runTestsForDescribeBlock (/Users/mike/Plate-Restaurant-System-App/node_modules/jest-circus/build/run.js:126:9)
    at _runTestsForDescribeBlock (/Users/mike/Plate-Restaurant-System-App/node_modules/jest-circus/build/run.js:121:9)
    at _runTestsForDescribeBlock (/Users/mike/Plate-Restaurant-System-App/node_modules/jest-circus/build/run.js:121:9)
    at run (/Users/mike/Plate-Restaurant-System-App/node_modules/jest-circus/build/run.js:71:3)
    at runAndTransformResultsToJestFormat (/Users/mike/Plate-Restaurant-System-App/node_modules/jest-circus/build/legacy-code-todo-rewrite/jestAdapterInit.js:122:21)
    at jestAdapter (/Users/mike/Plate-Restaurant-System-App/node_modules/jest-circus/build/legacy-code-todo-rewrite/jestAdapter.js:79:19)
    at runTestInternal (/Users/mike/Plate-Restaurant-System-App/node_modules/jest-runner/build/runTest.js:367:16)
    at runTest (/Users/mike/Plate-Restaurant-System-App/node_modules/jest-runner/build/runTest.js:444:34)
    at Object.worker (/Users/mike/Plate-Restaurant-System-App/node_modules/jest-runner/build/testWorker.js:106:12)</failure>
    </testcase>
    <testcase classname="KDSHeader Order Metrics calculates active orders correctly" name="KDSHeader Order Metrics calculates active orders correctly" time="0.001">
      <failure>TypeError: Cannot redefine property: clipboard
    at Object.defineProperty (&lt;anonymous&gt;)
    at Object.attachClipboardStubToView (/Users/mike/Plate-Restaurant-System-App/node_modules/@testing-library/user-event/dist/cjs/utils/dataTransfer/Clipboard.js:110:12)
    at Object.setupMain [as setup] (/Users/mike/Plate-Restaurant-System-App/node_modules/@testing-library/user-event/dist/cjs/setup/setup.js:58:15)
    at setup (/Users/mike/Plate-Restaurant-System-App/__tests__/utils/test-utils.tsx:104:39)
    at Object.&lt;anonymous&gt; (/Users/mike/Plate-Restaurant-System-App/__tests__/unit/components/kds/kds-header.test.tsx:131:26)
    at Promise.then.completed (/Users/mike/Plate-Restaurant-System-App/node_modules/jest-circus/build/utils.js:298:28)
    at new Promise (&lt;anonymous&gt;)
    at callAsyncCircusFn (/Users/mike/Plate-Restaurant-System-App/node_modules/jest-circus/build/utils.js:231:10)
    at _callCircusTest (/Users/mike/Plate-Restaurant-System-App/node_modules/jest-circus/build/run.js:316:40)
    at processTicksAndRejections (node:internal/process/task_queues:105:5)
    at _runTest (/Users/mike/Plate-Restaurant-System-App/node_modules/jest-circus/build/run.js:252:3)
    at _runTestsForDescribeBlock (/Users/mike/Plate-Restaurant-System-App/node_modules/jest-circus/build/run.js:126:9)
    at _runTestsForDescribeBlock (/Users/mike/Plate-Restaurant-System-App/node_modules/jest-circus/build/run.js:121:9)
    at _runTestsForDescribeBlock (/Users/mike/Plate-Restaurant-System-App/node_modules/jest-circus/build/run.js:121:9)
    at run (/Users/mike/Plate-Restaurant-System-App/node_modules/jest-circus/build/run.js:71:3)
    at runAndTransformResultsToJestFormat (/Users/mike/Plate-Restaurant-System-App/node_modules/jest-circus/build/legacy-code-todo-rewrite/jestAdapterInit.js:122:21)
    at jestAdapter (/Users/mike/Plate-Restaurant-System-App/node_modules/jest-circus/build/legacy-code-todo-rewrite/jestAdapter.js:79:19)
    at runTestInternal (/Users/mike/Plate-Restaurant-System-App/node_modules/jest-runner/build/runTest.js:367:16)
    at runTest (/Users/mike/Plate-Restaurant-System-App/node_modules/jest-runner/build/runTest.js:444:34)
    at Object.worker (/Users/mike/Plate-Restaurant-System-App/node_modules/jest-runner/build/testWorker.js:106:12)</failure>
    </testcase>
    <testcase classname="KDSHeader Order Metrics shows green badge for low active orders (&lt;=5)" name="KDSHeader Order Metrics shows green badge for low active orders (&lt;=5)" time="0.002">
      <failure>TypeError: Cannot redefine property: clipboard
    at Object.defineProperty (&lt;anonymous&gt;)
    at Object.attachClipboardStubToView (/Users/mike/Plate-Restaurant-System-App/node_modules/@testing-library/user-event/dist/cjs/utils/dataTransfer/Clipboard.js:110:12)
    at Object.setupMain [as setup] (/Users/mike/Plate-Restaurant-System-App/node_modules/@testing-library/user-event/dist/cjs/setup/setup.js:58:15)
    at setup (/Users/mike/Plate-Restaurant-System-App/__tests__/utils/test-utils.tsx:104:39)
    at Object.&lt;anonymous&gt; (/Users/mike/Plate-Restaurant-System-App/__tests__/unit/components/kds/kds-header.test.tsx:144:48)
    at Promise.then.completed (/Users/mike/Plate-Restaurant-System-App/node_modules/jest-circus/build/utils.js:298:28)
    at new Promise (&lt;anonymous&gt;)
    at callAsyncCircusFn (/Users/mike/Plate-Restaurant-System-App/node_modules/jest-circus/build/utils.js:231:10)
    at _callCircusTest (/Users/mike/Plate-Restaurant-System-App/node_modules/jest-circus/build/run.js:316:40)
    at processTicksAndRejections (node:internal/process/task_queues:105:5)
    at _runTest (/Users/mike/Plate-Restaurant-System-App/node_modules/jest-circus/build/run.js:252:3)
    at _runTestsForDescribeBlock (/Users/mike/Plate-Restaurant-System-App/node_modules/jest-circus/build/run.js:126:9)
    at _runTestsForDescribeBlock (/Users/mike/Plate-Restaurant-System-App/node_modules/jest-circus/build/run.js:121:9)
    at _runTestsForDescribeBlock (/Users/mike/Plate-Restaurant-System-App/node_modules/jest-circus/build/run.js:121:9)
    at run (/Users/mike/Plate-Restaurant-System-App/node_modules/jest-circus/build/run.js:71:3)
    at runAndTransformResultsToJestFormat (/Users/mike/Plate-Restaurant-System-App/node_modules/jest-circus/build/legacy-code-todo-rewrite/jestAdapterInit.js:122:21)
    at jestAdapter (/Users/mike/Plate-Restaurant-System-App/node_modules/jest-circus/build/legacy-code-todo-rewrite/jestAdapter.js:79:19)
    at runTestInternal (/Users/mike/Plate-Restaurant-System-App/node_modules/jest-runner/build/runTest.js:367:16)
    at runTest (/Users/mike/Plate-Restaurant-System-App/node_modules/jest-runner/build/runTest.js:444:34)
    at Object.worker (/Users/mike/Plate-Restaurant-System-App/node_modules/jest-runner/build/testWorker.js:106:12)</failure>
    </testcase>
    <testcase classname="KDSHeader Order Metrics shows yellow badge for medium active orders (6-10)" name="KDSHeader Order Metrics shows yellow badge for medium active orders (6-10)" time="0.013">
      <failure>TypeError: Cannot redefine property: clipboard
    at Object.defineProperty (&lt;anonymous&gt;)
    at Object.attachClipboardStubToView (/Users/mike/Plate-Restaurant-System-App/node_modules/@testing-library/user-event/dist/cjs/utils/dataTransfer/Clipboard.js:110:12)
    at Object.setupMain [as setup] (/Users/mike/Plate-Restaurant-System-App/node_modules/@testing-library/user-event/dist/cjs/setup/setup.js:58:15)
    at setup (/Users/mike/Plate-Restaurant-System-App/__tests__/utils/test-utils.tsx:104:39)
    at Object.&lt;anonymous&gt; (/Users/mike/Plate-Restaurant-System-App/__tests__/unit/components/kds/kds-header.test.tsx:156:48)
    at Promise.then.completed (/Users/mike/Plate-Restaurant-System-App/node_modules/jest-circus/build/utils.js:298:28)
    at new Promise (&lt;anonymous&gt;)
    at callAsyncCircusFn (/Users/mike/Plate-Restaurant-System-App/node_modules/jest-circus/build/utils.js:231:10)
    at _callCircusTest (/Users/mike/Plate-Restaurant-System-App/node_modules/jest-circus/build/run.js:316:40)
    at processTicksAndRejections (node:internal/process/task_queues:105:5)
    at _runTest (/Users/mike/Plate-Restaurant-System-App/node_modules/jest-circus/build/run.js:252:3)
    at _runTestsForDescribeBlock (/Users/mike/Plate-Restaurant-System-App/node_modules/jest-circus/build/run.js:126:9)
    at _runTestsForDescribeBlock (/Users/mike/Plate-Restaurant-System-App/node_modules/jest-circus/build/run.js:121:9)
    at _runTestsForDescribeBlock (/Users/mike/Plate-Restaurant-System-App/node_modules/jest-circus/build/run.js:121:9)
    at run (/Users/mike/Plate-Restaurant-System-App/node_modules/jest-circus/build/run.js:71:3)
    at runAndTransformResultsToJestFormat (/Users/mike/Plate-Restaurant-System-App/node_modules/jest-circus/build/legacy-code-todo-rewrite/jestAdapterInit.js:122:21)
    at jestAdapter (/Users/mike/Plate-Restaurant-System-App/node_modules/jest-circus/build/legacy-code-todo-rewrite/jestAdapter.js:79:19)
    at runTestInternal (/Users/mike/Plate-Restaurant-System-App/node_modules/jest-runner/build/runTest.js:367:16)
    at runTest (/Users/mike/Plate-Restaurant-System-App/node_modules/jest-runner/build/runTest.js:444:34)
    at Object.worker (/Users/mike/Plate-Restaurant-System-App/node_modules/jest-runner/build/testWorker.js:106:12)</failure>
    </testcase>
    <testcase classname="KDSHeader Order Metrics shows red badge for high active orders (&gt;10)" name="KDSHeader Order Metrics shows red badge for high active orders (&gt;10)" time="0">
      <failure>TypeError: Cannot redefine property: clipboard
    at Object.defineProperty (&lt;anonymous&gt;)
    at Object.attachClipboardStubToView (/Users/mike/Plate-Restaurant-System-App/node_modules/@testing-library/user-event/dist/cjs/utils/dataTransfer/Clipboard.js:110:12)
    at Object.setupMain [as setup] (/Users/mike/Plate-Restaurant-System-App/node_modules/@testing-library/user-event/dist/cjs/setup/setup.js:58:15)
    at setup (/Users/mike/Plate-Restaurant-System-App/__tests__/utils/test-utils.tsx:104:39)
    at Object.&lt;anonymous&gt; (/Users/mike/Plate-Restaurant-System-App/__tests__/unit/components/kds/kds-header.test.tsx:168:48)
    at Promise.then.completed (/Users/mike/Plate-Restaurant-System-App/node_modules/jest-circus/build/utils.js:298:28)
    at new Promise (&lt;anonymous&gt;)
    at callAsyncCircusFn (/Users/mike/Plate-Restaurant-System-App/node_modules/jest-circus/build/utils.js:231:10)
    at _callCircusTest (/Users/mike/Plate-Restaurant-System-App/node_modules/jest-circus/build/run.js:316:40)
    at processTicksAndRejections (node:internal/process/task_queues:105:5)
    at _runTest (/Users/mike/Plate-Restaurant-System-App/node_modules/jest-circus/build/run.js:252:3)
    at _runTestsForDescribeBlock (/Users/mike/Plate-Restaurant-System-App/node_modules/jest-circus/build/run.js:126:9)
    at _runTestsForDescribeBlock (/Users/mike/Plate-Restaurant-System-App/node_modules/jest-circus/build/run.js:121:9)
    at _runTestsForDescribeBlock (/Users/mike/Plate-Restaurant-System-App/node_modules/jest-circus/build/run.js:121:9)
    at run (/Users/mike/Plate-Restaurant-System-App/node_modules/jest-circus/build/run.js:71:3)
    at runAndTransformResultsToJestFormat (/Users/mike/Plate-Restaurant-System-App/node_modules/jest-circus/build/legacy-code-todo-rewrite/jestAdapterInit.js:122:21)
    at jestAdapter (/Users/mike/Plate-Restaurant-System-App/node_modules/jest-circus/build/legacy-code-todo-rewrite/jestAdapter.js:79:19)
    at runTestInternal (/Users/mike/Plate-Restaurant-System-App/node_modules/jest-runner/build/runTest.js:367:16)
    at runTest (/Users/mike/Plate-Restaurant-System-App/node_modules/jest-runner/build/runTest.js:444:34)
    at Object.worker (/Users/mike/Plate-Restaurant-System-App/node_modules/jest-runner/build/testWorker.js:106:12)</failure>
    </testcase>
    <testcase classname="KDSHeader Station Selector renders station selector with all stations" name="KDSHeader Station Selector renders station selector with all stations" time="0">
      <failure>TypeError: Cannot redefine property: clipboard
    at Object.defineProperty (&lt;anonymous&gt;)
    at Object.attachClipboardStubToView (/Users/mike/Plate-Restaurant-System-App/node_modules/@testing-library/user-event/dist/cjs/utils/dataTransfer/Clipboard.js:110:12)
    at Object.setupMain [as setup] (/Users/mike/Plate-Restaurant-System-App/node_modules/@testing-library/user-event/dist/cjs/setup/setup.js:58:15)
    at setup (/Users/mike/Plate-Restaurant-System-App/__tests__/utils/test-utils.tsx:104:39)
    at Object.&lt;anonymous&gt; (/Users/mike/Plate-Restaurant-System-App/__tests__/unit/components/kds/kds-header.test.tsx:178:43)
    at Promise.then.completed (/Users/mike/Plate-Restaurant-System-App/node_modules/jest-circus/build/utils.js:298:28)
    at new Promise (&lt;anonymous&gt;)
    at callAsyncCircusFn (/Users/mike/Plate-Restaurant-System-App/node_modules/jest-circus/build/utils.js:231:10)
    at _callCircusTest (/Users/mike/Plate-Restaurant-System-App/node_modules/jest-circus/build/run.js:316:40)
    at processTicksAndRejections (node:internal/process/task_queues:105:5)
    at _runTest (/Users/mike/Plate-Restaurant-System-App/node_modules/jest-circus/build/run.js:252:3)
    at _runTestsForDescribeBlock (/Users/mike/Plate-Restaurant-System-App/node_modules/jest-circus/build/run.js:126:9)
    at _runTestsForDescribeBlock (/Users/mike/Plate-Restaurant-System-App/node_modules/jest-circus/build/run.js:121:9)
    at _runTestsForDescribeBlock (/Users/mike/Plate-Restaurant-System-App/node_modules/jest-circus/build/run.js:121:9)
    at run (/Users/mike/Plate-Restaurant-System-App/node_modules/jest-circus/build/run.js:71:3)
    at runAndTransformResultsToJestFormat (/Users/mike/Plate-Restaurant-System-App/node_modules/jest-circus/build/legacy-code-todo-rewrite/jestAdapterInit.js:122:21)
    at jestAdapter (/Users/mike/Plate-Restaurant-System-App/node_modules/jest-circus/build/legacy-code-todo-rewrite/jestAdapter.js:79:19)
    at runTestInternal (/Users/mike/Plate-Restaurant-System-App/node_modules/jest-runner/build/runTest.js:367:16)
    at runTest (/Users/mike/Plate-Restaurant-System-App/node_modules/jest-runner/build/runTest.js:444:34)
    at Object.worker (/Users/mike/Plate-Restaurant-System-App/node_modules/jest-runner/build/testWorker.js:106:12)</failure>
    </testcase>
    <testcase classname="KDSHeader Station Selector allows station selection" name="KDSHeader Station Selector allows station selection" time="0">
      <failure>TypeError: Cannot redefine property: clipboard
    at Object.defineProperty (&lt;anonymous&gt;)
    at Object.attachClipboardStubToView (/Users/mike/Plate-Restaurant-System-App/node_modules/@testing-library/user-event/dist/cjs/utils/dataTransfer/Clipboard.js:110:12)
    at Object.setupMain [as setup] (/Users/mike/Plate-Restaurant-System-App/node_modules/@testing-library/user-event/dist/cjs/setup/setup.js:58:15)
    at setup (/Users/mike/Plate-Restaurant-System-App/__tests__/utils/test-utils.tsx:104:39)
    at Object.&lt;anonymous&gt; (/Users/mike/Plate-Restaurant-System-App/__tests__/unit/components/kds/kds-header.test.tsx:194:43)
    at Promise.then.completed (/Users/mike/Plate-Restaurant-System-App/node_modules/jest-circus/build/utils.js:298:28)
    at new Promise (&lt;anonymous&gt;)
    at callAsyncCircusFn (/Users/mike/Plate-Restaurant-System-App/node_modules/jest-circus/build/utils.js:231:10)
    at _callCircusTest (/Users/mike/Plate-Restaurant-System-App/node_modules/jest-circus/build/run.js:316:40)
    at processTicksAndRejections (node:internal/process/task_queues:105:5)
    at _runTest (/Users/mike/Plate-Restaurant-System-App/node_modules/jest-circus/build/run.js:252:3)
    at _runTestsForDescribeBlock (/Users/mike/Plate-Restaurant-System-App/node_modules/jest-circus/build/run.js:126:9)
    at _runTestsForDescribeBlock (/Users/mike/Plate-Restaurant-System-App/node_modules/jest-circus/build/run.js:121:9)
    at _runTestsForDescribeBlock (/Users/mike/Plate-Restaurant-System-App/node_modules/jest-circus/build/run.js:121:9)
    at run (/Users/mike/Plate-Restaurant-System-App/node_modules/jest-circus/build/run.js:71:3)
    at runAndTransformResultsToJestFormat (/Users/mike/Plate-Restaurant-System-App/node_modules/jest-circus/build/legacy-code-todo-rewrite/jestAdapterInit.js:122:21)
    at jestAdapter (/Users/mike/Plate-Restaurant-System-App/node_modules/jest-circus/build/legacy-code-todo-rewrite/jestAdapter.js:79:19)
    at runTestInternal (/Users/mike/Plate-Restaurant-System-App/node_modules/jest-runner/build/runTest.js:367:16)
    at runTest (/Users/mike/Plate-Restaurant-System-App/node_modules/jest-runner/build/runTest.js:444:34)
    at Object.worker (/Users/mike/Plate-Restaurant-System-App/node_modules/jest-runner/build/testWorker.js:106:12)</failure>
    </testcase>
    <testcase classname="KDSHeader Filter Controls renders filter dropdown" name="KDSHeader Filter Controls renders filter dropdown" time="0.001">
      <failure>TypeError: Cannot redefine property: clipboard
    at Object.defineProperty (&lt;anonymous&gt;)
    at Object.attachClipboardStubToView (/Users/mike/Plate-Restaurant-System-App/node_modules/@testing-library/user-event/dist/cjs/utils/dataTransfer/Clipboard.js:110:12)
    at Object.setupMain [as setup] (/Users/mike/Plate-Restaurant-System-App/node_modules/@testing-library/user-event/dist/cjs/setup/setup.js:58:15)
    at setup (/Users/mike/Plate-Restaurant-System-App/__tests__/utils/test-utils.tsx:104:39)
    at Object.&lt;anonymous&gt; (/Users/mike/Plate-Restaurant-System-App/__tests__/unit/components/kds/kds-header.test.tsx:206:43)
    at Promise.then.completed (/Users/mike/Plate-Restaurant-System-App/node_modules/jest-circus/build/utils.js:298:28)
    at new Promise (&lt;anonymous&gt;)
    at callAsyncCircusFn (/Users/mike/Plate-Restaurant-System-App/node_modules/jest-circus/build/utils.js:231:10)
    at _callCircusTest (/Users/mike/Plate-Restaurant-System-App/node_modules/jest-circus/build/run.js:316:40)
    at processTicksAndRejections (node:internal/process/task_queues:105:5)
    at _runTest (/Users/mike/Plate-Restaurant-System-App/node_modules/jest-circus/build/run.js:252:3)
    at _runTestsForDescribeBlock (/Users/mike/Plate-Restaurant-System-App/node_modules/jest-circus/build/run.js:126:9)
    at _runTestsForDescribeBlock (/Users/mike/Plate-Restaurant-System-App/node_modules/jest-circus/build/run.js:121:9)
    at _runTestsForDescribeBlock (/Users/mike/Plate-Restaurant-System-App/node_modules/jest-circus/build/run.js:121:9)
    at run (/Users/mike/Plate-Restaurant-System-App/node_modules/jest-circus/build/run.js:71:3)
    at runAndTransformResultsToJestFormat (/Users/mike/Plate-Restaurant-System-App/node_modules/jest-circus/build/legacy-code-todo-rewrite/jestAdapterInit.js:122:21)
    at jestAdapter (/Users/mike/Plate-Restaurant-System-App/node_modules/jest-circus/build/legacy-code-todo-rewrite/jestAdapter.js:79:19)
    at runTestInternal (/Users/mike/Plate-Restaurant-System-App/node_modules/jest-runner/build/runTest.js:367:16)
    at runTest (/Users/mike/Plate-Restaurant-System-App/node_modules/jest-runner/build/runTest.js:444:34)
    at Object.worker (/Users/mike/Plate-Restaurant-System-App/node_modules/jest-runner/build/testWorker.js:106:12)</failure>
    </testcase>
    <testcase classname="KDSHeader Filter Controls calls setFilterBy when filter is changed" name="KDSHeader Filter Controls calls setFilterBy when filter is changed" time="0">
      <failure>TypeError: Cannot redefine property: clipboard
    at Object.defineProperty (&lt;anonymous&gt;)
    at Object.attachClipboardStubToView (/Users/mike/Plate-Restaurant-System-App/node_modules/@testing-library/user-event/dist/cjs/utils/dataTransfer/Clipboard.js:110:12)
    at Object.setupMain [as setup] (/Users/mike/Plate-Restaurant-System-App/node_modules/@testing-library/user-event/dist/cjs/setup/setup.js:58:15)
    at setup (/Users/mike/Plate-Restaurant-System-App/__tests__/utils/test-utils.tsx:104:39)
    at Object.&lt;anonymous&gt; (/Users/mike/Plate-Restaurant-System-App/__tests__/unit/components/kds/kds-header.test.tsx:219:43)
    at Promise.then.completed (/Users/mike/Plate-Restaurant-System-App/node_modules/jest-circus/build/utils.js:298:28)
    at new Promise (&lt;anonymous&gt;)
    at callAsyncCircusFn (/Users/mike/Plate-Restaurant-System-App/node_modules/jest-circus/build/utils.js:231:10)
    at _callCircusTest (/Users/mike/Plate-Restaurant-System-App/node_modules/jest-circus/build/run.js:316:40)
    at processTicksAndRejections (node:internal/process/task_queues:105:5)
    at _runTest (/Users/mike/Plate-Restaurant-System-App/node_modules/jest-circus/build/run.js:252:3)
    at _runTestsForDescribeBlock (/Users/mike/Plate-Restaurant-System-App/node_modules/jest-circus/build/run.js:126:9)
    at _runTestsForDescribeBlock (/Users/mike/Plate-Restaurant-System-App/node_modules/jest-circus/build/run.js:121:9)
    at _runTestsForDescribeBlock (/Users/mike/Plate-Restaurant-System-App/node_modules/jest-circus/build/run.js:121:9)
    at run (/Users/mike/Plate-Restaurant-System-App/node_modules/jest-circus/build/run.js:71:3)
    at runAndTransformResultsToJestFormat (/Users/mike/Plate-Restaurant-System-App/node_modules/jest-circus/build/legacy-code-todo-rewrite/jestAdapterInit.js:122:21)
    at jestAdapter (/Users/mike/Plate-Restaurant-System-App/node_modules/jest-circus/build/legacy-code-todo-rewrite/jestAdapter.js:79:19)
    at runTestInternal (/Users/mike/Plate-Restaurant-System-App/node_modules/jest-runner/build/runTest.js:367:16)
    at runTest (/Users/mike/Plate-Restaurant-System-App/node_modules/jest-runner/build/runTest.js:444:34)
    at Object.worker (/Users/mike/Plate-Restaurant-System-App/node_modules/jest-runner/build/testWorker.js:106:12)</failure>
    </testcase>
    <testcase classname="KDSHeader Filter Controls shows current filter value" name="KDSHeader Filter Controls shows current filter value" time="0">
      <failure>TypeError: Cannot redefine property: clipboard
    at Object.defineProperty (&lt;anonymous&gt;)
    at Object.attachClipboardStubToView (/Users/mike/Plate-Restaurant-System-App/node_modules/@testing-library/user-event/dist/cjs/utils/dataTransfer/Clipboard.js:110:12)
    at Object.setupMain [as setup] (/Users/mike/Plate-Restaurant-System-App/node_modules/@testing-library/user-event/dist/cjs/setup/setup.js:58:15)
    at setup (/Users/mike/Plate-Restaurant-System-App/__tests__/utils/test-utils.tsx:104:39)
    at Object.&lt;anonymous&gt; (/Users/mike/Plate-Restaurant-System-App/__tests__/unit/components/kds/kds-header.test.tsx:230:26)
    at Promise.then.completed (/Users/mike/Plate-Restaurant-System-App/node_modules/jest-circus/build/utils.js:298:28)
    at new Promise (&lt;anonymous&gt;)
    at callAsyncCircusFn (/Users/mike/Plate-Restaurant-System-App/node_modules/jest-circus/build/utils.js:231:10)
    at _callCircusTest (/Users/mike/Plate-Restaurant-System-App/node_modules/jest-circus/build/run.js:316:40)
    at processTicksAndRejections (node:internal/process/task_queues:105:5)
    at _runTest (/Users/mike/Plate-Restaurant-System-App/node_modules/jest-circus/build/run.js:252:3)
    at _runTestsForDescribeBlock (/Users/mike/Plate-Restaurant-System-App/node_modules/jest-circus/build/run.js:126:9)
    at _runTestsForDescribeBlock (/Users/mike/Plate-Restaurant-System-App/node_modules/jest-circus/build/run.js:121:9)
    at _runTestsForDescribeBlock (/Users/mike/Plate-Restaurant-System-App/node_modules/jest-circus/build/run.js:121:9)
    at run (/Users/mike/Plate-Restaurant-System-App/node_modules/jest-circus/build/run.js:71:3)
    at runAndTransformResultsToJestFormat (/Users/mike/Plate-Restaurant-System-App/node_modules/jest-circus/build/legacy-code-todo-rewrite/jestAdapterInit.js:122:21)
    at jestAdapter (/Users/mike/Plate-Restaurant-System-App/node_modules/jest-circus/build/legacy-code-todo-rewrite/jestAdapter.js:79:19)
    at runTestInternal (/Users/mike/Plate-Restaurant-System-App/node_modules/jest-runner/build/runTest.js:367:16)
    at runTest (/Users/mike/Plate-Restaurant-System-App/node_modules/jest-runner/build/runTest.js:444:34)
    at Object.worker (/Users/mike/Plate-Restaurant-System-App/node_modules/jest-runner/build/testWorker.js:106:12)</failure>
    </testcase>
    <testcase classname="KDSHeader View Mode Controls renders all view mode buttons" name="KDSHeader View Mode Controls renders all view mode buttons" time="0.001">
      <failure>TypeError: Cannot redefine property: clipboard
    at Object.defineProperty (&lt;anonymous&gt;)
    at Object.attachClipboardStubToView (/Users/mike/Plate-Restaurant-System-App/node_modules/@testing-library/user-event/dist/cjs/utils/dataTransfer/Clipboard.js:110:12)
    at Object.setupMain [as setup] (/Users/mike/Plate-Restaurant-System-App/node_modules/@testing-library/user-event/dist/cjs/setup/setup.js:58:15)
    at setup (/Users/mike/Plate-Restaurant-System-App/__tests__/utils/test-utils.tsx:104:39)
    at Object.&lt;anonymous&gt; (/Users/mike/Plate-Restaurant-System-App/__tests__/unit/components/kds/kds-header.test.tsx:238:26)
    at Promise.then.completed (/Users/mike/Plate-Restaurant-System-App/node_modules/jest-circus/build/utils.js:298:28)
    at new Promise (&lt;anonymous&gt;)
    at callAsyncCircusFn (/Users/mike/Plate-Restaurant-System-App/node_modules/jest-circus/build/utils.js:231:10)
    at _callCircusTest (/Users/mike/Plate-Restaurant-System-App/node_modules/jest-circus/build/run.js:316:40)
    at processTicksAndRejections (node:internal/process/task_queues:105:5)
    at _runTest (/Users/mike/Plate-Restaurant-System-App/node_modules/jest-circus/build/run.js:252:3)
    at _runTestsForDescribeBlock (/Users/mike/Plate-Restaurant-System-App/node_modules/jest-circus/build/run.js:126:9)
    at _runTestsForDescribeBlock (/Users/mike/Plate-Restaurant-System-App/node_modules/jest-circus/build/run.js:121:9)
    at _runTestsForDescribeBlock (/Users/mike/Plate-Restaurant-System-App/node_modules/jest-circus/build/run.js:121:9)
    at run (/Users/mike/Plate-Restaurant-System-App/node_modules/jest-circus/build/run.js:71:3)
    at runAndTransformResultsToJestFormat (/Users/mike/Plate-Restaurant-System-App/node_modules/jest-circus/build/legacy-code-todo-rewrite/jestAdapterInit.js:122:21)
    at jestAdapter (/Users/mike/Plate-Restaurant-System-App/node_modules/jest-circus/build/legacy-code-todo-rewrite/jestAdapter.js:79:19)
    at runTestInternal (/Users/mike/Plate-Restaurant-System-App/node_modules/jest-runner/build/runTest.js:367:16)
    at runTest (/Users/mike/Plate-Restaurant-System-App/node_modules/jest-runner/build/runTest.js:444:34)
    at Object.worker (/Users/mike/Plate-Restaurant-System-App/node_modules/jest-runner/build/testWorker.js:106:12)</failure>
    </testcase>
    <testcase classname="KDSHeader View Mode Controls highlights active view mode" name="KDSHeader View Mode Controls highlights active view mode" time="0">
      <failure>TypeError: Cannot redefine property: clipboard
    at Object.defineProperty (&lt;anonymous&gt;)
    at Object.attachClipboardStubToView (/Users/mike/Plate-Restaurant-System-App/node_modules/@testing-library/user-event/dist/cjs/utils/dataTransfer/Clipboard.js:110:12)
    at Object.setupMain [as setup] (/Users/mike/Plate-Restaurant-System-App/node_modules/@testing-library/user-event/dist/cjs/setup/setup.js:58:15)
    at setup (/Users/mike/Plate-Restaurant-System-App/__tests__/utils/test-utils.tsx:104:39)
    at Object.&lt;anonymous&gt; (/Users/mike/Plate-Restaurant-System-App/__tests__/unit/components/kds/kds-header.test.tsx:251:48)
    at Promise.then.completed (/Users/mike/Plate-Restaurant-System-App/node_modules/jest-circus/build/utils.js:298:28)
    at new Promise (&lt;anonymous&gt;)
    at callAsyncCircusFn (/Users/mike/Plate-Restaurant-System-App/node_modules/jest-circus/build/utils.js:231:10)
    at _callCircusTest (/Users/mike/Plate-Restaurant-System-App/node_modules/jest-circus/build/run.js:316:40)
    at processTicksAndRejections (node:internal/process/task_queues:105:5)
    at _runTest (/Users/mike/Plate-Restaurant-System-App/node_modules/jest-circus/build/run.js:252:3)
    at _runTestsForDescribeBlock (/Users/mike/Plate-Restaurant-System-App/node_modules/jest-circus/build/run.js:126:9)
    at _runTestsForDescribeBlock (/Users/mike/Plate-Restaurant-System-App/node_modules/jest-circus/build/run.js:121:9)
    at _runTestsForDescribeBlock (/Users/mike/Plate-Restaurant-System-App/node_modules/jest-circus/build/run.js:121:9)
    at run (/Users/mike/Plate-Restaurant-System-App/node_modules/jest-circus/build/run.js:71:3)
    at runAndTransformResultsToJestFormat (/Users/mike/Plate-Restaurant-System-App/node_modules/jest-circus/build/legacy-code-todo-rewrite/jestAdapterInit.js:122:21)
    at jestAdapter (/Users/mike/Plate-Restaurant-System-App/node_modules/jest-circus/build/legacy-code-todo-rewrite/jestAdapter.js:79:19)
    at runTestInternal (/Users/mike/Plate-Restaurant-System-App/node_modules/jest-runner/build/runTest.js:367:16)
    at runTest (/Users/mike/Plate-Restaurant-System-App/node_modules/jest-runner/build/runTest.js:444:34)
    at Object.worker (/Users/mike/Plate-Restaurant-System-App/node_modules/jest-runner/build/testWorker.js:106:12)</failure>
    </testcase>
    <testcase classname="KDSHeader View Mode Controls calls setViewMode when view mode is changed" name="KDSHeader View Mode Controls calls setViewMode when view mode is changed" time="0">
      <failure>TypeError: Cannot redefine property: clipboard
    at Object.defineProperty (&lt;anonymous&gt;)
    at Object.attachClipboardStubToView (/Users/mike/Plate-Restaurant-System-App/node_modules/@testing-library/user-event/dist/cjs/utils/dataTransfer/Clipboard.js:110:12)
    at Object.setupMain [as setup] (/Users/mike/Plate-Restaurant-System-App/node_modules/@testing-library/user-event/dist/cjs/setup/setup.js:58:15)
    at setup (/Users/mike/Plate-Restaurant-System-App/__tests__/utils/test-utils.tsx:104:39)
    at Object.&lt;anonymous&gt; (/Users/mike/Plate-Restaurant-System-App/__tests__/unit/components/kds/kds-header.test.tsx:259:43)
    at Promise.then.completed (/Users/mike/Plate-Restaurant-System-App/node_modules/jest-circus/build/utils.js:298:28)
    at new Promise (&lt;anonymous&gt;)
    at callAsyncCircusFn (/Users/mike/Plate-Restaurant-System-App/node_modules/jest-circus/build/utils.js:231:10)
    at _callCircusTest (/Users/mike/Plate-Restaurant-System-App/node_modules/jest-circus/build/run.js:316:40)
    at processTicksAndRejections (node:internal/process/task_queues:105:5)
    at _runTest (/Users/mike/Plate-Restaurant-System-App/node_modules/jest-circus/build/run.js:252:3)
    at _runTestsForDescribeBlock (/Users/mike/Plate-Restaurant-System-App/node_modules/jest-circus/build/run.js:126:9)
    at _runTestsForDescribeBlock (/Users/mike/Plate-Restaurant-System-App/node_modules/jest-circus/build/run.js:121:9)
    at _runTestsForDescribeBlock (/Users/mike/Plate-Restaurant-System-App/node_modules/jest-circus/build/run.js:121:9)
    at run (/Users/mike/Plate-Restaurant-System-App/node_modules/jest-circus/build/run.js:71:3)
    at runAndTransformResultsToJestFormat (/Users/mike/Plate-Restaurant-System-App/node_modules/jest-circus/build/legacy-code-todo-rewrite/jestAdapterInit.js:122:21)
    at jestAdapter (/Users/mike/Plate-Restaurant-System-App/node_modules/jest-circus/build/legacy-code-todo-rewrite/jestAdapter.js:79:19)
    at runTestInternal (/Users/mike/Plate-Restaurant-System-App/node_modules/jest-runner/build/runTest.js:367:16)
    at runTest (/Users/mike/Plate-Restaurant-System-App/node_modules/jest-runner/build/runTest.js:444:34)
    at Object.worker (/Users/mike/Plate-Restaurant-System-App/node_modules/jest-runner/build/testWorker.js:106:12)</failure>
    </testcase>
    <testcase classname="KDSHeader Audio Controls shows volume icon when sound is enabled" name="KDSHeader Audio Controls shows volume icon when sound is enabled" time="0">
      <failure>TypeError: Cannot redefine property: clipboard
    at Object.defineProperty (&lt;anonymous&gt;)
    at Object.attachClipboardStubToView (/Users/mike/Plate-Restaurant-System-App/node_modules/@testing-library/user-event/dist/cjs/utils/dataTransfer/Clipboard.js:110:12)
    at Object.setupMain [as setup] (/Users/mike/Plate-Restaurant-System-App/node_modules/@testing-library/user-event/dist/cjs/setup/setup.js:58:15)
    at setup (/Users/mike/Plate-Restaurant-System-App/__tests__/utils/test-utils.tsx:104:39)
    at Object.&lt;anonymous&gt; (/Users/mike/Plate-Restaurant-System-App/__tests__/unit/components/kds/kds-header.test.tsx:277:26)
    at Promise.then.completed (/Users/mike/Plate-Restaurant-System-App/node_modules/jest-circus/build/utils.js:298:28)
    at new Promise (&lt;anonymous&gt;)
    at callAsyncCircusFn (/Users/mike/Plate-Restaurant-System-App/node_modules/jest-circus/build/utils.js:231:10)
    at _callCircusTest (/Users/mike/Plate-Restaurant-System-App/node_modules/jest-circus/build/run.js:316:40)
    at processTicksAndRejections (node:internal/process/task_queues:105:5)
    at _runTest (/Users/mike/Plate-Restaurant-System-App/node_modules/jest-circus/build/run.js:252:3)
    at _runTestsForDescribeBlock (/Users/mike/Plate-Restaurant-System-App/node_modules/jest-circus/build/run.js:126:9)
    at _runTestsForDescribeBlock (/Users/mike/Plate-Restaurant-System-App/node_modules/jest-circus/build/run.js:121:9)
    at _runTestsForDescribeBlock (/Users/mike/Plate-Restaurant-System-App/node_modules/jest-circus/build/run.js:121:9)
    at run (/Users/mike/Plate-Restaurant-System-App/node_modules/jest-circus/build/run.js:71:3)
    at runAndTransformResultsToJestFormat (/Users/mike/Plate-Restaurant-System-App/node_modules/jest-circus/build/legacy-code-todo-rewrite/jestAdapterInit.js:122:21)
    at jestAdapter (/Users/mike/Plate-Restaurant-System-App/node_modules/jest-circus/build/legacy-code-todo-rewrite/jestAdapter.js:79:19)
    at runTestInternal (/Users/mike/Plate-Restaurant-System-App/node_modules/jest-runner/build/runTest.js:367:16)
    at runTest (/Users/mike/Plate-Restaurant-System-App/node_modules/jest-runner/build/runTest.js:444:34)
    at Object.worker (/Users/mike/Plate-Restaurant-System-App/node_modules/jest-runner/build/testWorker.js:106:12)</failure>
    </testcase>
    <testcase classname="KDSHeader Audio Controls shows muted icon when sound is disabled" name="KDSHeader Audio Controls shows muted icon when sound is disabled" time="0.001">
      <failure>TypeError: Cannot redefine property: clipboard
    at Object.defineProperty (&lt;anonymous&gt;)
    at Object.attachClipboardStubToView (/Users/mike/Plate-Restaurant-System-App/node_modules/@testing-library/user-event/dist/cjs/utils/dataTransfer/Clipboard.js:110:12)
    at Object.setupMain [as setup] (/Users/mike/Plate-Restaurant-System-App/node_modules/@testing-library/user-event/dist/cjs/setup/setup.js:58:15)
    at setup (/Users/mike/Plate-Restaurant-System-App/__tests__/utils/test-utils.tsx:104:39)
    at Object.&lt;anonymous&gt; (/Users/mike/Plate-Restaurant-System-App/__tests__/unit/components/kds/kds-header.test.tsx:286:26)
    at Promise.then.completed (/Users/mike/Plate-Restaurant-System-App/node_modules/jest-circus/build/utils.js:298:28)
    at new Promise (&lt;anonymous&gt;)
    at callAsyncCircusFn (/Users/mike/Plate-Restaurant-System-App/node_modules/jest-circus/build/utils.js:231:10)
    at _callCircusTest (/Users/mike/Plate-Restaurant-System-App/node_modules/jest-circus/build/run.js:316:40)
    at processTicksAndRejections (node:internal/process/task_queues:105:5)
    at _runTest (/Users/mike/Plate-Restaurant-System-App/node_modules/jest-circus/build/run.js:252:3)
    at _runTestsForDescribeBlock (/Users/mike/Plate-Restaurant-System-App/node_modules/jest-circus/build/run.js:126:9)
    at _runTestsForDescribeBlock (/Users/mike/Plate-Restaurant-System-App/node_modules/jest-circus/build/run.js:121:9)
    at _runTestsForDescribeBlock (/Users/mike/Plate-Restaurant-System-App/node_modules/jest-circus/build/run.js:121:9)
    at run (/Users/mike/Plate-Restaurant-System-App/node_modules/jest-circus/build/run.js:71:3)
    at runAndTransformResultsToJestFormat (/Users/mike/Plate-Restaurant-System-App/node_modules/jest-circus/build/legacy-code-todo-rewrite/jestAdapterInit.js:122:21)
    at jestAdapter (/Users/mike/Plate-Restaurant-System-App/node_modules/jest-circus/build/legacy-code-todo-rewrite/jestAdapter.js:79:19)
    at runTestInternal (/Users/mike/Plate-Restaurant-System-App/node_modules/jest-runner/build/runTest.js:367:16)
    at runTest (/Users/mike/Plate-Restaurant-System-App/node_modules/jest-runner/build/runTest.js:444:34)
    at Object.worker (/Users/mike/Plate-Restaurant-System-App/node_modules/jest-runner/build/testWorker.js:106:12)</failure>
    </testcase>
    <testcase classname="KDSHeader Audio Controls calls toggleSound when audio button is clicked" name="KDSHeader Audio Controls calls toggleSound when audio button is clicked" time="0">
      <failure>TypeError: Cannot redefine property: clipboard
    at Object.defineProperty (&lt;anonymous&gt;)
    at Object.attachClipboardStubToView (/Users/mike/Plate-Restaurant-System-App/node_modules/@testing-library/user-event/dist/cjs/utils/dataTransfer/Clipboard.js:110:12)
    at Object.setupMain [as setup] (/Users/mike/Plate-Restaurant-System-App/node_modules/@testing-library/user-event/dist/cjs/setup/setup.js:58:15)
    at setup (/Users/mike/Plate-Restaurant-System-App/__tests__/utils/test-utils.tsx:104:39)
    at Object.&lt;anonymous&gt; (/Users/mike/Plate-Restaurant-System-App/__tests__/unit/components/kds/kds-header.test.tsx:294:43)
    at Promise.then.completed (/Users/mike/Plate-Restaurant-System-App/node_modules/jest-circus/build/utils.js:298:28)
    at new Promise (&lt;anonymous&gt;)
    at callAsyncCircusFn (/Users/mike/Plate-Restaurant-System-App/node_modules/jest-circus/build/utils.js:231:10)
    at _callCircusTest (/Users/mike/Plate-Restaurant-System-App/node_modules/jest-circus/build/run.js:316:40)
    at processTicksAndRejections (node:internal/process/task_queues:105:5)
    at _runTest (/Users/mike/Plate-Restaurant-System-App/node_modules/jest-circus/build/run.js:252:3)
    at _runTestsForDescribeBlock (/Users/mike/Plate-Restaurant-System-App/node_modules/jest-circus/build/run.js:126:9)
    at _runTestsForDescribeBlock (/Users/mike/Plate-Restaurant-System-App/node_modules/jest-circus/build/run.js:121:9)
    at _runTestsForDescribeBlock (/Users/mike/Plate-Restaurant-System-App/node_modules/jest-circus/build/run.js:121:9)
    at run (/Users/mike/Plate-Restaurant-System-App/node_modules/jest-circus/build/run.js:71:3)
    at runAndTransformResultsToJestFormat (/Users/mike/Plate-Restaurant-System-App/node_modules/jest-circus/build/legacy-code-todo-rewrite/jestAdapterInit.js:122:21)
    at jestAdapter (/Users/mike/Plate-Restaurant-System-App/node_modules/jest-circus/build/legacy-code-todo-rewrite/jestAdapter.js:79:19)
    at runTestInternal (/Users/mike/Plate-Restaurant-System-App/node_modules/jest-runner/build/runTest.js:367:16)
    at runTest (/Users/mike/Plate-Restaurant-System-App/node_modules/jest-runner/build/runTest.js:444:34)
    at Object.worker (/Users/mike/Plate-Restaurant-System-App/node_modules/jest-runner/build/testWorker.js:106:12)</failure>
    </testcase>
    <testcase classname="KDSHeader Action Buttons renders refresh button" name="KDSHeader Action Buttons renders refresh button" time="0">
      <failure>TypeError: Cannot redefine property: clipboard
    at Object.defineProperty (&lt;anonymous&gt;)
    at Object.attachClipboardStubToView (/Users/mike/Plate-Restaurant-System-App/node_modules/@testing-library/user-event/dist/cjs/utils/dataTransfer/Clipboard.js:110:12)
    at Object.setupMain [as setup] (/Users/mike/Plate-Restaurant-System-App/node_modules/@testing-library/user-event/dist/cjs/setup/setup.js:58:15)
    at setup (/Users/mike/Plate-Restaurant-System-App/__tests__/utils/test-utils.tsx:104:39)
    at Object.&lt;anonymous&gt; (/Users/mike/Plate-Restaurant-System-App/__tests__/unit/components/kds/kds-header.test.tsx:305:26)
    at Promise.then.completed (/Users/mike/Plate-Restaurant-System-App/node_modules/jest-circus/build/utils.js:298:28)
    at new Promise (&lt;anonymous&gt;)
    at callAsyncCircusFn (/Users/mike/Plate-Restaurant-System-App/node_modules/jest-circus/build/utils.js:231:10)
    at _callCircusTest (/Users/mike/Plate-Restaurant-System-App/node_modules/jest-circus/build/run.js:316:40)
    at processTicksAndRejections (node:internal/process/task_queues:105:5)
    at _runTest (/Users/mike/Plate-Restaurant-System-App/node_modules/jest-circus/build/run.js:252:3)
    at _runTestsForDescribeBlock (/Users/mike/Plate-Restaurant-System-App/node_modules/jest-circus/build/run.js:126:9)
    at _runTestsForDescribeBlock (/Users/mike/Plate-Restaurant-System-App/node_modules/jest-circus/build/run.js:121:9)
    at _runTestsForDescribeBlock (/Users/mike/Plate-Restaurant-System-App/node_modules/jest-circus/build/run.js:121:9)
    at run (/Users/mike/Plate-Restaurant-System-App/node_modules/jest-circus/build/run.js:71:3)
    at runAndTransformResultsToJestFormat (/Users/mike/Plate-Restaurant-System-App/node_modules/jest-circus/build/legacy-code-todo-rewrite/jestAdapterInit.js:122:21)
    at jestAdapter (/Users/mike/Plate-Restaurant-System-App/node_modules/jest-circus/build/legacy-code-todo-rewrite/jestAdapter.js:79:19)
    at runTestInternal (/Users/mike/Plate-Restaurant-System-App/node_modules/jest-runner/build/runTest.js:367:16)
    at runTest (/Users/mike/Plate-Restaurant-System-App/node_modules/jest-runner/build/runTest.js:444:34)
    at Object.worker (/Users/mike/Plate-Restaurant-System-App/node_modules/jest-runner/build/testWorker.js:106:12)</failure>
    </testcase>
    <testcase classname="KDSHeader Action Buttons calls refetch when refresh button is clicked" name="KDSHeader Action Buttons calls refetch when refresh button is clicked" time="0">
      <failure>TypeError: Cannot redefine property: clipboard
    at Object.defineProperty (&lt;anonymous&gt;)
    at Object.attachClipboardStubToView (/Users/mike/Plate-Restaurant-System-App/node_modules/@testing-library/user-event/dist/cjs/utils/dataTransfer/Clipboard.js:110:12)
    at Object.setupMain [as setup] (/Users/mike/Plate-Restaurant-System-App/node_modules/@testing-library/user-event/dist/cjs/setup/setup.js:58:15)
    at setup (/Users/mike/Plate-Restaurant-System-App/__tests__/utils/test-utils.tsx:104:39)
    at Object.&lt;anonymous&gt; (/Users/mike/Plate-Restaurant-System-App/__tests__/unit/components/kds/kds-header.test.tsx:312:43)
    at Promise.then.completed (/Users/mike/Plate-Restaurant-System-App/node_modules/jest-circus/build/utils.js:298:28)
    at new Promise (&lt;anonymous&gt;)
    at callAsyncCircusFn (/Users/mike/Plate-Restaurant-System-App/node_modules/jest-circus/build/utils.js:231:10)
    at _callCircusTest (/Users/mike/Plate-Restaurant-System-App/node_modules/jest-circus/build/run.js:316:40)
    at processTicksAndRejections (node:internal/process/task_queues:105:5)
    at _runTest (/Users/mike/Plate-Restaurant-System-App/node_modules/jest-circus/build/run.js:252:3)
    at _runTestsForDescribeBlock (/Users/mike/Plate-Restaurant-System-App/node_modules/jest-circus/build/run.js:126:9)
    at _runTestsForDescribeBlock (/Users/mike/Plate-Restaurant-System-App/node_modules/jest-circus/build/run.js:121:9)
    at _runTestsForDescribeBlock (/Users/mike/Plate-Restaurant-System-App/node_modules/jest-circus/build/run.js:121:9)
    at run (/Users/mike/Plate-Restaurant-System-App/node_modules/jest-circus/build/run.js:71:3)
    at runAndTransformResultsToJestFormat (/Users/mike/Plate-Restaurant-System-App/node_modules/jest-circus/build/legacy-code-todo-rewrite/jestAdapterInit.js:122:21)
    at jestAdapter (/Users/mike/Plate-Restaurant-System-App/node_modules/jest-circus/build/legacy-code-todo-rewrite/jestAdapter.js:79:19)
    at runTestInternal (/Users/mike/Plate-Restaurant-System-App/node_modules/jest-runner/build/runTest.js:367:16)
    at runTest (/Users/mike/Plate-Restaurant-System-App/node_modules/jest-runner/build/runTest.js:444:34)
    at Object.worker (/Users/mike/Plate-Restaurant-System-App/node_modules/jest-runner/build/testWorker.js:106:12)</failure>
    </testcase>
    <testcase classname="KDSHeader Action Buttons disables refresh button when loading" name="KDSHeader Action Buttons disables refresh button when loading" time="0">
      <failure>TypeError: Cannot redefine property: clipboard
    at Object.defineProperty (&lt;anonymous&gt;)
    at Object.attachClipboardStubToView (/Users/mike/Plate-Restaurant-System-App/node_modules/@testing-library/user-event/dist/cjs/utils/dataTransfer/Clipboard.js:110:12)
    at Object.setupMain [as setup] (/Users/mike/Plate-Restaurant-System-App/node_modules/@testing-library/user-event/dist/cjs/setup/setup.js:58:15)
    at setup (/Users/mike/Plate-Restaurant-System-App/__tests__/utils/test-utils.tsx:104:39)
    at Object.&lt;anonymous&gt; (/Users/mike/Plate-Restaurant-System-App/__tests__/unit/components/kds/kds-header.test.tsx:322:26)
    at Promise.then.completed (/Users/mike/Plate-Restaurant-System-App/node_modules/jest-circus/build/utils.js:298:28)
    at new Promise (&lt;anonymous&gt;)
    at callAsyncCircusFn (/Users/mike/Plate-Restaurant-System-App/node_modules/jest-circus/build/utils.js:231:10)
    at _callCircusTest (/Users/mike/Plate-Restaurant-System-App/node_modules/jest-circus/build/run.js:316:40)
    at processTicksAndRejections (node:internal/process/task_queues:105:5)
    at _runTest (/Users/mike/Plate-Restaurant-System-App/node_modules/jest-circus/build/run.js:252:3)
    at _runTestsForDescribeBlock (/Users/mike/Plate-Restaurant-System-App/node_modules/jest-circus/build/run.js:126:9)
    at _runTestsForDescribeBlock (/Users/mike/Plate-Restaurant-System-App/node_modules/jest-circus/build/run.js:121:9)
    at _runTestsForDescribeBlock (/Users/mike/Plate-Restaurant-System-App/node_modules/jest-circus/build/run.js:121:9)
    at run (/Users/mike/Plate-Restaurant-System-App/node_modules/jest-circus/build/run.js:71:3)
    at runAndTransformResultsToJestFormat (/Users/mike/Plate-Restaurant-System-App/node_modules/jest-circus/build/legacy-code-todo-rewrite/jestAdapterInit.js:122:21)
    at jestAdapter (/Users/mike/Plate-Restaurant-System-App/node_modules/jest-circus/build/legacy-code-todo-rewrite/jestAdapter.js:79:19)
    at runTestInternal (/Users/mike/Plate-Restaurant-System-App/node_modules/jest-runner/build/runTest.js:367:16)
    at runTest (/Users/mike/Plate-Restaurant-System-App/node_modules/jest-runner/build/runTest.js:444:34)
    at Object.worker (/Users/mike/Plate-Restaurant-System-App/node_modules/jest-runner/build/testWorker.js:106:12)</failure>
    </testcase>
    <testcase classname="KDSHeader Action Buttons shows spinning icon when loading" name="KDSHeader Action Buttons shows spinning icon when loading" time="0">
      <failure>TypeError: Cannot redefine property: clipboard
    at Object.defineProperty (&lt;anonymous&gt;)
    at Object.attachClipboardStubToView (/Users/mike/Plate-Restaurant-System-App/node_modules/@testing-library/user-event/dist/cjs/utils/dataTransfer/Clipboard.js:110:12)
    at Object.setupMain [as setup] (/Users/mike/Plate-Restaurant-System-App/node_modules/@testing-library/user-event/dist/cjs/setup/setup.js:58:15)
    at setup (/Users/mike/Plate-Restaurant-System-App/__tests__/utils/test-utils.tsx:104:39)
    at Object.&lt;anonymous&gt; (/Users/mike/Plate-Restaurant-System-App/__tests__/unit/components/kds/kds-header.test.tsx:330:48)
    at Promise.then.completed (/Users/mike/Plate-Restaurant-System-App/node_modules/jest-circus/build/utils.js:298:28)
    at new Promise (&lt;anonymous&gt;)
    at callAsyncCircusFn (/Users/mike/Plate-Restaurant-System-App/node_modules/jest-circus/build/utils.js:231:10)
    at _callCircusTest (/Users/mike/Plate-Restaurant-System-App/node_modules/jest-circus/build/run.js:316:40)
    at processTicksAndRejections (node:internal/process/task_queues:105:5)
    at _runTest (/Users/mike/Plate-Restaurant-System-App/node_modules/jest-circus/build/run.js:252:3)
    at _runTestsForDescribeBlock (/Users/mike/Plate-Restaurant-System-App/node_modules/jest-circus/build/run.js:126:9)
    at _runTestsForDescribeBlock (/Users/mike/Plate-Restaurant-System-App/node_modules/jest-circus/build/run.js:121:9)
    at _runTestsForDescribeBlock (/Users/mike/Plate-Restaurant-System-App/node_modules/jest-circus/build/run.js:121:9)
    at run (/Users/mike/Plate-Restaurant-System-App/node_modules/jest-circus/build/run.js:71:3)
    at runAndTransformResultsToJestFormat (/Users/mike/Plate-Restaurant-System-App/node_modules/jest-circus/build/legacy-code-todo-rewrite/jestAdapterInit.js:122:21)
    at jestAdapter (/Users/mike/Plate-Restaurant-System-App/node_modules/jest-circus/build/legacy-code-todo-rewrite/jestAdapter.js:79:19)
    at runTestInternal (/Users/mike/Plate-Restaurant-System-App/node_modules/jest-runner/build/runTest.js:367:16)
    at runTest (/Users/mike/Plate-Restaurant-System-App/node_modules/jest-runner/build/runTest.js:444:34)
    at Object.worker (/Users/mike/Plate-Restaurant-System-App/node_modules/jest-runner/build/testWorker.js:106:12)</failure>
    </testcase>
    <testcase classname="KDSHeader Action Buttons renders settings button" name="KDSHeader Action Buttons renders settings button" time="0">
      <failure>TypeError: Cannot redefine property: clipboard
    at Object.defineProperty (&lt;anonymous&gt;)
    at Object.attachClipboardStubToView (/Users/mike/Plate-Restaurant-System-App/node_modules/@testing-library/user-event/dist/cjs/utils/dataTransfer/Clipboard.js:110:12)
    at Object.setupMain [as setup] (/Users/mike/Plate-Restaurant-System-App/node_modules/@testing-library/user-event/dist/cjs/setup/setup.js:58:15)
    at setup (/Users/mike/Plate-Restaurant-System-App/__tests__/utils/test-utils.tsx:104:39)
    at Object.&lt;anonymous&gt; (/Users/mike/Plate-Restaurant-System-App/__tests__/unit/components/kds/kds-header.test.tsx:337:26)
    at Promise.then.completed (/Users/mike/Plate-Restaurant-System-App/node_modules/jest-circus/build/utils.js:298:28)
    at new Promise (&lt;anonymous&gt;)
    at callAsyncCircusFn (/Users/mike/Plate-Restaurant-System-App/node_modules/jest-circus/build/utils.js:231:10)
    at _callCircusTest (/Users/mike/Plate-Restaurant-System-App/node_modules/jest-circus/build/run.js:316:40)
    at processTicksAndRejections (node:internal/process/task_queues:105:5)
    at _runTest (/Users/mike/Plate-Restaurant-System-App/node_modules/jest-circus/build/run.js:252:3)
    at _runTestsForDescribeBlock (/Users/mike/Plate-Restaurant-System-App/node_modules/jest-circus/build/run.js:126:9)
    at _runTestsForDescribeBlock (/Users/mike/Plate-Restaurant-System-App/node_modules/jest-circus/build/run.js:121:9)
    at _runTestsForDescribeBlock (/Users/mike/Plate-Restaurant-System-App/node_modules/jest-circus/build/run.js:121:9)
    at run (/Users/mike/Plate-Restaurant-System-App/node_modules/jest-circus/build/run.js:71:3)
    at runAndTransformResultsToJestFormat (/Users/mike/Plate-Restaurant-System-App/node_modules/jest-circus/build/legacy-code-todo-rewrite/jestAdapterInit.js:122:21)
    at jestAdapter (/Users/mike/Plate-Restaurant-System-App/node_modules/jest-circus/build/legacy-code-todo-rewrite/jestAdapter.js:79:19)
    at runTestInternal (/Users/mike/Plate-Restaurant-System-App/node_modules/jest-runner/build/runTest.js:367:16)
    at runTest (/Users/mike/Plate-Restaurant-System-App/node_modules/jest-runner/build/runTest.js:444:34)
    at Object.worker (/Users/mike/Plate-Restaurant-System-App/node_modules/jest-runner/build/testWorker.js:106:12)</failure>
    </testcase>
    <testcase classname="KDSHeader Fullscreen Controls shows minimize icon when in fullscreen" name="KDSHeader Fullscreen Controls shows minimize icon when in fullscreen" time="0">
      <failure>TypeError: Cannot redefine property: clipboard
    at Object.defineProperty (&lt;anonymous&gt;)
    at Object.attachClipboardStubToView (/Users/mike/Plate-Restaurant-System-App/node_modules/@testing-library/user-event/dist/cjs/utils/dataTransfer/Clipboard.js:110:12)
    at Object.setupMain [as setup] (/Users/mike/Plate-Restaurant-System-App/node_modules/@testing-library/user-event/dist/cjs/setup/setup.js:58:15)
    at setup (/Users/mike/Plate-Restaurant-System-App/__tests__/utils/test-utils.tsx:104:39)
    at Object.&lt;anonymous&gt; (/Users/mike/Plate-Restaurant-System-App/__tests__/unit/components/kds/kds-header.test.tsx:347:26)
    at Promise.then.completed (/Users/mike/Plate-Restaurant-System-App/node_modules/jest-circus/build/utils.js:298:28)
    at new Promise (&lt;anonymous&gt;)
    at callAsyncCircusFn (/Users/mike/Plate-Restaurant-System-App/node_modules/jest-circus/build/utils.js:231:10)
    at _callCircusTest (/Users/mike/Plate-Restaurant-System-App/node_modules/jest-circus/build/run.js:316:40)
    at processTicksAndRejections (node:internal/process/task_queues:105:5)
    at _runTest (/Users/mike/Plate-Restaurant-System-App/node_modules/jest-circus/build/run.js:252:3)
    at _runTestsForDescribeBlock (/Users/mike/Plate-Restaurant-System-App/node_modules/jest-circus/build/run.js:126:9)
    at _runTestsForDescribeBlock (/Users/mike/Plate-Restaurant-System-App/node_modules/jest-circus/build/run.js:121:9)
    at _runTestsForDescribeBlock (/Users/mike/Plate-Restaurant-System-App/node_modules/jest-circus/build/run.js:121:9)
    at run (/Users/mike/Plate-Restaurant-System-App/node_modules/jest-circus/build/run.js:71:3)
    at runAndTransformResultsToJestFormat (/Users/mike/Plate-Restaurant-System-App/node_modules/jest-circus/build/legacy-code-todo-rewrite/jestAdapterInit.js:122:21)
    at jestAdapter (/Users/mike/Plate-Restaurant-System-App/node_modules/jest-circus/build/legacy-code-todo-rewrite/jestAdapter.js:79:19)
    at runTestInternal (/Users/mike/Plate-Restaurant-System-App/node_modules/jest-runner/build/runTest.js:367:16)
    at runTest (/Users/mike/Plate-Restaurant-System-App/node_modules/jest-runner/build/runTest.js:444:34)
    at Object.worker (/Users/mike/Plate-Restaurant-System-App/node_modules/jest-runner/build/testWorker.js:106:12)</failure>
    </testcase>
    <testcase classname="KDSHeader Fullscreen Controls shows maximize icon when not in fullscreen" name="KDSHeader Fullscreen Controls shows maximize icon when not in fullscreen" time="0.012">
      <failure>TypeError: Cannot redefine property: clipboard
    at Object.defineProperty (&lt;anonymous&gt;)
    at Object.attachClipboardStubToView (/Users/mike/Plate-Restaurant-System-App/node_modules/@testing-library/user-event/dist/cjs/utils/dataTransfer/Clipboard.js:110:12)
    at Object.setupMain [as setup] (/Users/mike/Plate-Restaurant-System-App/node_modules/@testing-library/user-event/dist/cjs/setup/setup.js:58:15)
    at setup (/Users/mike/Plate-Restaurant-System-App/__tests__/utils/test-utils.tsx:104:39)
    at Object.&lt;anonymous&gt; (/Users/mike/Plate-Restaurant-System-App/__tests__/unit/components/kds/kds-header.test.tsx:357:26)
    at Promise.then.completed (/Users/mike/Plate-Restaurant-System-App/node_modules/jest-circus/build/utils.js:298:28)
    at new Promise (&lt;anonymous&gt;)
    at callAsyncCircusFn (/Users/mike/Plate-Restaurant-System-App/node_modules/jest-circus/build/utils.js:231:10)
    at _callCircusTest (/Users/mike/Plate-Restaurant-System-App/node_modules/jest-circus/build/run.js:316:40)
    at processTicksAndRejections (node:internal/process/task_queues:105:5)
    at _runTest (/Users/mike/Plate-Restaurant-System-App/node_modules/jest-circus/build/run.js:252:3)
    at _runTestsForDescribeBlock (/Users/mike/Plate-Restaurant-System-App/node_modules/jest-circus/build/run.js:126:9)
    at _runTestsForDescribeBlock (/Users/mike/Plate-Restaurant-System-App/node_modules/jest-circus/build/run.js:121:9)
    at _runTestsForDescribeBlock (/Users/mike/Plate-Restaurant-System-App/node_modules/jest-circus/build/run.js:121:9)
    at run (/Users/mike/Plate-Restaurant-System-App/node_modules/jest-circus/build/run.js:71:3)
    at runAndTransformResultsToJestFormat (/Users/mike/Plate-Restaurant-System-App/node_modules/jest-circus/build/legacy-code-todo-rewrite/jestAdapterInit.js:122:21)
    at jestAdapter (/Users/mike/Plate-Restaurant-System-App/node_modules/jest-circus/build/legacy-code-todo-rewrite/jestAdapter.js:79:19)
    at runTestInternal (/Users/mike/Plate-Restaurant-System-App/node_modules/jest-runner/build/runTest.js:367:16)
    at runTest (/Users/mike/Plate-Restaurant-System-App/node_modules/jest-runner/build/runTest.js:444:34)
    at Object.worker (/Users/mike/Plate-Restaurant-System-App/node_modules/jest-runner/build/testWorker.js:106:12)</failure>
    </testcase>
    <testcase classname="KDSHeader Fullscreen Controls calls onToggleFullscreen when fullscreen button is clicked" name="KDSHeader Fullscreen Controls calls onToggleFullscreen when fullscreen button is clicked" time="0">
      <failure>TypeError: Cannot redefine property: clipboard
    at Object.defineProperty (&lt;anonymous&gt;)
    at Object.attachClipboardStubToView (/Users/mike/Plate-Restaurant-System-App/node_modules/@testing-library/user-event/dist/cjs/utils/dataTransfer/Clipboard.js:110:12)
    at Object.setupMain [as setup] (/Users/mike/Plate-Restaurant-System-App/node_modules/@testing-library/user-event/dist/cjs/setup/setup.js:58:15)
    at setup (/Users/mike/Plate-Restaurant-System-App/__tests__/utils/test-utils.tsx:104:39)
    at Object.&lt;anonymous&gt; (/Users/mike/Plate-Restaurant-System-App/__tests__/unit/components/kds/kds-header.test.tsx:367:43)
    at Promise.then.completed (/Users/mike/Plate-Restaurant-System-App/node_modules/jest-circus/build/utils.js:298:28)
    at new Promise (&lt;anonymous&gt;)
    at callAsyncCircusFn (/Users/mike/Plate-Restaurant-System-App/node_modules/jest-circus/build/utils.js:231:10)
    at _callCircusTest (/Users/mike/Plate-Restaurant-System-App/node_modules/jest-circus/build/run.js:316:40)
    at processTicksAndRejections (node:internal/process/task_queues:105:5)
    at _runTest (/Users/mike/Plate-Restaurant-System-App/node_modules/jest-circus/build/run.js:252:3)
    at _runTestsForDescribeBlock (/Users/mike/Plate-Restaurant-System-App/node_modules/jest-circus/build/run.js:126:9)
    at _runTestsForDescribeBlock (/Users/mike/Plate-Restaurant-System-App/node_modules/jest-circus/build/run.js:121:9)
    at _runTestsForDescribeBlock (/Users/mike/Plate-Restaurant-System-App/node_modules/jest-circus/build/run.js:121:9)
    at run (/Users/mike/Plate-Restaurant-System-App/node_modules/jest-circus/build/run.js:71:3)
    at runAndTransformResultsToJestFormat (/Users/mike/Plate-Restaurant-System-App/node_modules/jest-circus/build/legacy-code-todo-rewrite/jestAdapterInit.js:122:21)
    at jestAdapter (/Users/mike/Plate-Restaurant-System-App/node_modules/jest-circus/build/legacy-code-todo-rewrite/jestAdapter.js:79:19)
    at runTestInternal (/Users/mike/Plate-Restaurant-System-App/node_modules/jest-runner/build/runTest.js:367:16)
    at runTest (/Users/mike/Plate-Restaurant-System-App/node_modules/jest-runner/build/runTest.js:444:34)
    at Object.worker (/Users/mike/Plate-Restaurant-System-App/node_modules/jest-runner/build/testWorker.js:106:12)</failure>
    </testcase>
    <testcase classname="KDSHeader Accessibility has proper ARIA labels" name="KDSHeader Accessibility has proper ARIA labels" time="0.001">
      <failure>TypeError: Cannot redefine property: clipboard
    at Object.defineProperty (&lt;anonymous&gt;)
    at Object.attachClipboardStubToView (/Users/mike/Plate-Restaurant-System-App/node_modules/@testing-library/user-event/dist/cjs/utils/dataTransfer/Clipboard.js:110:12)
    at Object.setupMain [as setup] (/Users/mike/Plate-Restaurant-System-App/node_modules/@testing-library/user-event/dist/cjs/setup/setup.js:58:15)
    at setup (/Users/mike/Plate-Restaurant-System-App/__tests__/utils/test-utils.tsx:104:39)
    at Object.&lt;anonymous&gt; (/Users/mike/Plate-Restaurant-System-App/__tests__/unit/components/kds/kds-header.test.tsx:380:26)
    at Promise.then.completed (/Users/mike/Plate-Restaurant-System-App/node_modules/jest-circus/build/utils.js:298:28)
    at new Promise (&lt;anonymous&gt;)
    at callAsyncCircusFn (/Users/mike/Plate-Restaurant-System-App/node_modules/jest-circus/build/utils.js:231:10)
    at _callCircusTest (/Users/mike/Plate-Restaurant-System-App/node_modules/jest-circus/build/run.js:316:40)
    at processTicksAndRejections (node:internal/process/task_queues:105:5)
    at _runTest (/Users/mike/Plate-Restaurant-System-App/node_modules/jest-circus/build/run.js:252:3)
    at _runTestsForDescribeBlock (/Users/mike/Plate-Restaurant-System-App/node_modules/jest-circus/build/run.js:126:9)
    at _runTestsForDescribeBlock (/Users/mike/Plate-Restaurant-System-App/node_modules/jest-circus/build/run.js:121:9)
    at _runTestsForDescribeBlock (/Users/mike/Plate-Restaurant-System-App/node_modules/jest-circus/build/run.js:121:9)
    at run (/Users/mike/Plate-Restaurant-System-App/node_modules/jest-circus/build/run.js:71:3)
    at runAndTransformResultsToJestFormat (/Users/mike/Plate-Restaurant-System-App/node_modules/jest-circus/build/legacy-code-todo-rewrite/jestAdapterInit.js:122:21)
    at jestAdapter (/Users/mike/Plate-Restaurant-System-App/node_modules/jest-circus/build/legacy-code-todo-rewrite/jestAdapter.js:79:19)
    at runTestInternal (/Users/mike/Plate-Restaurant-System-App/node_modules/jest-runner/build/runTest.js:367:16)
    at runTest (/Users/mike/Plate-Restaurant-System-App/node_modules/jest-runner/build/runTest.js:444:34)
    at Object.worker (/Users/mike/Plate-Restaurant-System-App/node_modules/jest-runner/build/testWorker.js:106:12)</failure>
    </testcase>
    <testcase classname="KDSHeader Accessibility supports keyboard navigation" name="KDSHeader Accessibility supports keyboard navigation" time="0">
      <failure>TypeError: Cannot redefine property: clipboard
    at Object.defineProperty (&lt;anonymous&gt;)
    at Object.attachClipboardStubToView (/Users/mike/Plate-Restaurant-System-App/node_modules/@testing-library/user-event/dist/cjs/utils/dataTransfer/Clipboard.js:110:12)
    at Object.setupMain [as setup] (/Users/mike/Plate-Restaurant-System-App/node_modules/@testing-library/user-event/dist/cjs/setup/setup.js:58:15)
    at setup (/Users/mike/Plate-Restaurant-System-App/__tests__/utils/test-utils.tsx:104:39)
    at Object.&lt;anonymous&gt; (/Users/mike/Plate-Restaurant-System-App/__tests__/unit/components/kds/kds-header.test.tsx:395:43)
    at Promise.then.completed (/Users/mike/Plate-Restaurant-System-App/node_modules/jest-circus/build/utils.js:298:28)
    at new Promise (&lt;anonymous&gt;)
    at callAsyncCircusFn (/Users/mike/Plate-Restaurant-System-App/node_modules/jest-circus/build/utils.js:231:10)
    at _callCircusTest (/Users/mike/Plate-Restaurant-System-App/node_modules/jest-circus/build/run.js:316:40)
    at processTicksAndRejections (node:internal/process/task_queues:105:5)
    at _runTest (/Users/mike/Plate-Restaurant-System-App/node_modules/jest-circus/build/run.js:252:3)
    at _runTestsForDescribeBlock (/Users/mike/Plate-Restaurant-System-App/node_modules/jest-circus/build/run.js:126:9)
    at _runTestsForDescribeBlock (/Users/mike/Plate-Restaurant-System-App/node_modules/jest-circus/build/run.js:121:9)
    at _runTestsForDescribeBlock (/Users/mike/Plate-Restaurant-System-App/node_modules/jest-circus/build/run.js:121:9)
    at run (/Users/mike/Plate-Restaurant-System-App/node_modules/jest-circus/build/run.js:71:3)
    at runAndTransformResultsToJestFormat (/Users/mike/Plate-Restaurant-System-App/node_modules/jest-circus/build/legacy-code-todo-rewrite/jestAdapterInit.js:122:21)
    at jestAdapter (/Users/mike/Plate-Restaurant-System-App/node_modules/jest-circus/build/legacy-code-todo-rewrite/jestAdapter.js:79:19)
    at runTestInternal (/Users/mike/Plate-Restaurant-System-App/node_modules/jest-runner/build/runTest.js:367:16)
    at runTest (/Users/mike/Plate-Restaurant-System-App/node_modules/jest-runner/build/runTest.js:444:34)
    at Object.worker (/Users/mike/Plate-Restaurant-System-App/node_modules/jest-runner/build/testWorker.js:106:12)</failure>
    </testcase>
    <testcase classname="KDSHeader Accessibility has semantic HTML structure" name="KDSHeader Accessibility has semantic HTML structure" time="0">
      <failure>TypeError: Cannot redefine property: clipboard
    at Object.defineProperty (&lt;anonymous&gt;)
    at Object.attachClipboardStubToView (/Users/mike/Plate-Restaurant-System-App/node_modules/@testing-library/user-event/dist/cjs/utils/dataTransfer/Clipboard.js:110:12)
    at Object.setupMain [as setup] (/Users/mike/Plate-Restaurant-System-App/node_modules/@testing-library/user-event/dist/cjs/setup/setup.js:58:15)
    at setup (/Users/mike/Plate-Restaurant-System-App/__tests__/utils/test-utils.tsx:104:39)
    at Object.&lt;anonymous&gt; (/Users/mike/Plate-Restaurant-System-App/__tests__/unit/components/kds/kds-header.test.tsx:406:26)
    at Promise.then.completed (/Users/mike/Plate-Restaurant-System-App/node_modules/jest-circus/build/utils.js:298:28)
    at new Promise (&lt;anonymous&gt;)
    at callAsyncCircusFn (/Users/mike/Plate-Restaurant-System-App/node_modules/jest-circus/build/utils.js:231:10)
    at _callCircusTest (/Users/mike/Plate-Restaurant-System-App/node_modules/jest-circus/build/run.js:316:40)
    at processTicksAndRejections (node:internal/process/task_queues:105:5)
    at _runTest (/Users/mike/Plate-Restaurant-System-App/node_modules/jest-circus/build/run.js:252:3)
    at _runTestsForDescribeBlock (/Users/mike/Plate-Restaurant-System-App/node_modules/jest-circus/build/run.js:126:9)
    at _runTestsForDescribeBlock (/Users/mike/Plate-Restaurant-System-App/node_modules/jest-circus/build/run.js:121:9)
    at _runTestsForDescribeBlock (/Users/mike/Plate-Restaurant-System-App/node_modules/jest-circus/build/run.js:121:9)
    at run (/Users/mike/Plate-Restaurant-System-App/node_modules/jest-circus/build/run.js:71:3)
    at runAndTransformResultsToJestFormat (/Users/mike/Plate-Restaurant-System-App/node_modules/jest-circus/build/legacy-code-todo-rewrite/jestAdapterInit.js:122:21)
    at jestAdapter (/Users/mike/Plate-Restaurant-System-App/node_modules/jest-circus/build/legacy-code-todo-rewrite/jestAdapter.js:79:19)
    at runTestInternal (/Users/mike/Plate-Restaurant-System-App/node_modules/jest-runner/build/runTest.js:367:16)
    at runTest (/Users/mike/Plate-Restaurant-System-App/node_modules/jest-runner/build/runTest.js:444:34)
    at Object.worker (/Users/mike/Plate-Restaurant-System-App/node_modules/jest-runner/build/testWorker.js:106:12)</failure>
    </testcase>
    <testcase classname="KDSHeader Performance memoizes sub-components to prevent unnecessary re-renders" name="KDSHeader Performance memoizes sub-components to prevent unnecessary re-renders" time="0.001">
      <failure>TypeError: Cannot redefine property: clipboard
    at Object.defineProperty (&lt;anonymous&gt;)
    at Object.attachClipboardStubToView (/Users/mike/Plate-Restaurant-System-App/node_modules/@testing-library/user-event/dist/cjs/utils/dataTransfer/Clipboard.js:110:12)
    at Object.setupMain [as setup] (/Users/mike/Plate-Restaurant-System-App/node_modules/@testing-library/user-event/dist/cjs/setup/setup.js:58:15)
    at setup (/Users/mike/Plate-Restaurant-System-App/__tests__/utils/test-utils.tsx:104:39)
    at Object.&lt;anonymous&gt; (/Users/mike/Plate-Restaurant-System-App/__tests__/unit/components/kds/kds-header.test.tsx:416:47)
    at Promise.then.completed (/Users/mike/Plate-Restaurant-System-App/node_modules/jest-circus/build/utils.js:298:28)
    at new Promise (&lt;anonymous&gt;)
    at callAsyncCircusFn (/Users/mike/Plate-Restaurant-System-App/node_modules/jest-circus/build/utils.js:231:10)
    at _callCircusTest (/Users/mike/Plate-Restaurant-System-App/node_modules/jest-circus/build/run.js:316:40)
    at processTicksAndRejections (node:internal/process/task_queues:105:5)
    at _runTest (/Users/mike/Plate-Restaurant-System-App/node_modules/jest-circus/build/run.js:252:3)
    at _runTestsForDescribeBlock (/Users/mike/Plate-Restaurant-System-App/node_modules/jest-circus/build/run.js:126:9)
    at _runTestsForDescribeBlock (/Users/mike/Plate-Restaurant-System-App/node_modules/jest-circus/build/run.js:121:9)
    at _runTestsForDescribeBlock (/Users/mike/Plate-Restaurant-System-App/node_modules/jest-circus/build/run.js:121:9)
    at run (/Users/mike/Plate-Restaurant-System-App/node_modules/jest-circus/build/run.js:71:3)
    at runAndTransformResultsToJestFormat (/Users/mike/Plate-Restaurant-System-App/node_modules/jest-circus/build/legacy-code-todo-rewrite/jestAdapterInit.js:122:21)
    at jestAdapter (/Users/mike/Plate-Restaurant-System-App/node_modules/jest-circus/build/legacy-code-todo-rewrite/jestAdapter.js:79:19)
    at runTestInternal (/Users/mike/Plate-Restaurant-System-App/node_modules/jest-runner/build/runTest.js:367:16)
    at runTest (/Users/mike/Plate-Restaurant-System-App/node_modules/jest-runner/build/runTest.js:444:34)
    at Object.worker (/Users/mike/Plate-Restaurant-System-App/node_modules/jest-runner/build/testWorker.js:106:12)</failure>
    </testcase>
    <testcase classname="KDSHeader Performance handles rapid state changes efficiently" name="KDSHeader Performance handles rapid state changes efficiently" time="0">
      <failure>TypeError: Cannot redefine property: clipboard
    at Object.defineProperty (&lt;anonymous&gt;)
    at Object.attachClipboardStubToView (/Users/mike/Plate-Restaurant-System-App/node_modules/@testing-library/user-event/dist/cjs/utils/dataTransfer/Clipboard.js:110:12)
    at Object.setupMain [as setup] (/Users/mike/Plate-Restaurant-System-App/node_modules/@testing-library/user-event/dist/cjs/setup/setup.js:58:15)
    at setup (/Users/mike/Plate-Restaurant-System-App/__tests__/utils/test-utils.tsx:104:39)
    at Object.&lt;anonymous&gt; (/Users/mike/Plate-Restaurant-System-App/__tests__/unit/components/kds/kds-header.test.tsx:433:43)
    at Promise.then.completed (/Users/mike/Plate-Restaurant-System-App/node_modules/jest-circus/build/utils.js:298:28)
    at new Promise (&lt;anonymous&gt;)
    at callAsyncCircusFn (/Users/mike/Plate-Restaurant-System-App/node_modules/jest-circus/build/utils.js:231:10)
    at _callCircusTest (/Users/mike/Plate-Restaurant-System-App/node_modules/jest-circus/build/run.js:316:40)
    at processTicksAndRejections (node:internal/process/task_queues:105:5)
    at _runTest (/Users/mike/Plate-Restaurant-System-App/node_modules/jest-circus/build/run.js:252:3)
    at _runTestsForDescribeBlock (/Users/mike/Plate-Restaurant-System-App/node_modules/jest-circus/build/run.js:126:9)
    at _runTestsForDescribeBlock (/Users/mike/Plate-Restaurant-System-App/node_modules/jest-circus/build/run.js:121:9)
    at _runTestsForDescribeBlock (/Users/mike/Plate-Restaurant-System-App/node_modules/jest-circus/build/run.js:121:9)
    at run (/Users/mike/Plate-Restaurant-System-App/node_modules/jest-circus/build/run.js:71:3)
    at runAndTransformResultsToJestFormat (/Users/mike/Plate-Restaurant-System-App/node_modules/jest-circus/build/legacy-code-todo-rewrite/jestAdapterInit.js:122:21)
    at jestAdapter (/Users/mike/Plate-Restaurant-System-App/node_modules/jest-circus/build/legacy-code-todo-rewrite/jestAdapter.js:79:19)
    at runTestInternal (/Users/mike/Plate-Restaurant-System-App/node_modules/jest-runner/build/runTest.js:367:16)
    at runTest (/Users/mike/Plate-Restaurant-System-App/node_modules/jest-runner/build/runTest.js:444:34)
    at Object.worker (/Users/mike/Plate-Restaurant-System-App/node_modules/jest-runner/build/testWorker.js:106:12)</failure>
    </testcase>
    <testcase classname="KDSHeader Error Handling gracefully handles missing KDS state" name="KDSHeader Error Handling gracefully handles missing KDS state" time="0.011">
      <failure>Error: expect(received).not.toThrow()

Error name:    &quot;TypeError&quot;
Error message: &quot;Cannot redefine property: clipboard&quot;

      102 |   )
      103 |
    &gt; 104 |   const userEventInstance = userEvent.setup()
          |                                       ^
      105 |
      106 |   return {
      107 |     user: userEventInstance,

      at Object.attachClipboardStubToView (node_modules/@testing-library/user-event/dist/cjs/utils/dataTransfer/Clipboard.js:110:12)
      at Object.setupMain [as setup] (node_modules/@testing-library/user-event/dist/cjs/setup/setup.js:58:15)
      at setup (__tests__/utils/test-utils.tsx:104:39)
      at __tests__/unit/components/kds/kds-header.test.tsx:454:28
      at Object.&lt;anonymous&gt; (node_modules/expect/build/toThrowMatchers.js:74:11)
      at Object.throwingMatcher [as toThrow] (node_modules/expect/build/index.js:320:21)
      at Object.toThrow (__tests__/unit/components/kds/kds-header.test.tsx:455:14)
    at Object.toThrow (/Users/mike/Plate-Restaurant-System-App/__tests__/unit/components/kds/kds-header.test.tsx:455:14)
    at Promise.then.completed (/Users/mike/Plate-Restaurant-System-App/node_modules/jest-circus/build/utils.js:298:28)
    at new Promise (&lt;anonymous&gt;)
    at callAsyncCircusFn (/Users/mike/Plate-Restaurant-System-App/node_modules/jest-circus/build/utils.js:231:10)
    at _callCircusTest (/Users/mike/Plate-Restaurant-System-App/node_modules/jest-circus/build/run.js:316:40)
    at processTicksAndRejections (node:internal/process/task_queues:105:5)
    at _runTest (/Users/mike/Plate-Restaurant-System-App/node_modules/jest-circus/build/run.js:252:3)
    at _runTestsForDescribeBlock (/Users/mike/Plate-Restaurant-System-App/node_modules/jest-circus/build/run.js:126:9)
    at _runTestsForDescribeBlock (/Users/mike/Plate-Restaurant-System-App/node_modules/jest-circus/build/run.js:121:9)
    at _runTestsForDescribeBlock (/Users/mike/Plate-Restaurant-System-App/node_modules/jest-circus/build/run.js:121:9)
    at run (/Users/mike/Plate-Restaurant-System-App/node_modules/jest-circus/build/run.js:71:3)
    at runAndTransformResultsToJestFormat (/Users/mike/Plate-Restaurant-System-App/node_modules/jest-circus/build/legacy-code-todo-rewrite/jestAdapterInit.js:122:21)
    at jestAdapter (/Users/mike/Plate-Restaurant-System-App/node_modules/jest-circus/build/legacy-code-todo-rewrite/jestAdapter.js:79:19)
    at runTestInternal (/Users/mike/Plate-Restaurant-System-App/node_modules/jest-runner/build/runTest.js:367:16)
    at runTest (/Users/mike/Plate-Restaurant-System-App/node_modules/jest-runner/build/runTest.js:444:34)
    at Object.worker (/Users/mike/Plate-Restaurant-System-App/node_modules/jest-runner/build/testWorker.js:106:12)</failure>
    </testcase>
    <testcase classname="KDSHeader Error Handling displays error state when appropriate" name="KDSHeader Error Handling displays error state when appropriate" time="0">
      <failure>TypeError: Cannot redefine property: clipboard
    at Object.defineProperty (&lt;anonymous&gt;)
    at Object.attachClipboardStubToView (/Users/mike/Plate-Restaurant-System-App/node_modules/@testing-library/user-event/dist/cjs/utils/dataTransfer/Clipboard.js:110:12)
    at Object.setupMain [as setup] (/Users/mike/Plate-Restaurant-System-App/node_modules/@testing-library/user-event/dist/cjs/setup/setup.js:58:15)
    at setup (/Users/mike/Plate-Restaurant-System-App/__tests__/utils/test-utils.tsx:104:39)
    at Object.&lt;anonymous&gt; (/Users/mike/Plate-Restaurant-System-App/__tests__/unit/components/kds/kds-header.test.tsx:462:26)
    at Promise.then.completed (/Users/mike/Plate-Restaurant-System-App/node_modules/jest-circus/build/utils.js:298:28)
    at new Promise (&lt;anonymous&gt;)
    at callAsyncCircusFn (/Users/mike/Plate-Restaurant-System-App/node_modules/jest-circus/build/utils.js:231:10)
    at _callCircusTest (/Users/mike/Plate-Restaurant-System-App/node_modules/jest-circus/build/run.js:316:40)
    at processTicksAndRejections (node:internal/process/task_queues:105:5)
    at _runTest (/Users/mike/Plate-Restaurant-System-App/node_modules/jest-circus/build/run.js:252:3)
    at _runTestsForDescribeBlock (/Users/mike/Plate-Restaurant-System-App/node_modules/jest-circus/build/run.js:126:9)
    at _runTestsForDescribeBlock (/Users/mike/Plate-Restaurant-System-App/node_modules/jest-circus/build/run.js:121:9)
    at _runTestsForDescribeBlock (/Users/mike/Plate-Restaurant-System-App/node_modules/jest-circus/build/run.js:121:9)
    at run (/Users/mike/Plate-Restaurant-System-App/node_modules/jest-circus/build/run.js:71:3)
    at runAndTransformResultsToJestFormat (/Users/mike/Plate-Restaurant-System-App/node_modules/jest-circus/build/legacy-code-todo-rewrite/jestAdapterInit.js:122:21)
    at jestAdapter (/Users/mike/Plate-Restaurant-System-App/node_modules/jest-circus/build/legacy-code-todo-rewrite/jestAdapter.js:79:19)
    at runTestInternal (/Users/mike/Plate-Restaurant-System-App/node_modules/jest-runner/build/runTest.js:367:16)
    at runTest (/Users/mike/Plate-Restaurant-System-App/node_modules/jest-runner/build/runTest.js:444:34)
    at Object.worker (/Users/mike/Plate-Restaurant-System-App/node_modules/jest-runner/build/testWorker.js:106:12)</failure>
    </testcase>
    <testcase classname="KDSHeader Real-time Updates updates metrics when orders change" name="KDSHeader Real-time Updates updates metrics when orders change" time="0">
      <failure>TypeError: Cannot redefine property: clipboard
    at Object.defineProperty (&lt;anonymous&gt;)
    at Object.attachClipboardStubToView (/Users/mike/Plate-Restaurant-System-App/node_modules/@testing-library/user-event/dist/cjs/utils/dataTransfer/Clipboard.js:110:12)
    at Object.setupMain [as setup] (/Users/mike/Plate-Restaurant-System-App/node_modules/@testing-library/user-event/dist/cjs/setup/setup.js:58:15)
    at setup (/Users/mike/Plate-Restaurant-System-App/__tests__/utils/test-utils.tsx:104:39)
    at Object.&lt;anonymous&gt; (/Users/mike/Plate-Restaurant-System-App/__tests__/unit/components/kds/kds-header.test.tsx:470:47)
    at Promise.then.completed (/Users/mike/Plate-Restaurant-System-App/node_modules/jest-circus/build/utils.js:298:28)
    at new Promise (&lt;anonymous&gt;)
    at callAsyncCircusFn (/Users/mike/Plate-Restaurant-System-App/node_modules/jest-circus/build/utils.js:231:10)
    at _callCircusTest (/Users/mike/Plate-Restaurant-System-App/node_modules/jest-circus/build/run.js:316:40)
    at processTicksAndRejections (node:internal/process/task_queues:105:5)
    at _runTest (/Users/mike/Plate-Restaurant-System-App/node_modules/jest-circus/build/run.js:252:3)
    at _runTestsForDescribeBlock (/Users/mike/Plate-Restaurant-System-App/node_modules/jest-circus/build/run.js:126:9)
    at _runTestsForDescribeBlock (/Users/mike/Plate-Restaurant-System-App/node_modules/jest-circus/build/run.js:121:9)
    at _runTestsForDescribeBlock (/Users/mike/Plate-Restaurant-System-App/node_modules/jest-circus/build/run.js:121:9)
    at run (/Users/mike/Plate-Restaurant-System-App/node_modules/jest-circus/build/run.js:71:3)
    at runAndTransformResultsToJestFormat (/Users/mike/Plate-Restaurant-System-App/node_modules/jest-circus/build/legacy-code-todo-rewrite/jestAdapterInit.js:122:21)
    at jestAdapter (/Users/mike/Plate-Restaurant-System-App/node_modules/jest-circus/build/legacy-code-todo-rewrite/jestAdapter.js:79:19)
    at runTestInternal (/Users/mike/Plate-Restaurant-System-App/node_modules/jest-runner/build/runTest.js:367:16)
    at runTest (/Users/mike/Plate-Restaurant-System-App/node_modules/jest-runner/build/runTest.js:444:34)
    at Object.worker (/Users/mike/Plate-Restaurant-System-App/node_modules/jest-runner/build/testWorker.js:106:12)</failure>
    </testcase>
    <testcase classname="KDSHeader Real-time Updates updates connection status in real-time" name="KDSHeader Real-time Updates updates connection status in real-time" time="0.001">
      <failure>TypeError: Cannot redefine property: clipboard
    at Object.defineProperty (&lt;anonymous&gt;)
    at Object.attachClipboardStubToView (/Users/mike/Plate-Restaurant-System-App/node_modules/@testing-library/user-event/dist/cjs/utils/dataTransfer/Clipboard.js:110:12)
    at Object.setupMain [as setup] (/Users/mike/Plate-Restaurant-System-App/node_modules/@testing-library/user-event/dist/cjs/setup/setup.js:58:15)
    at setup (/Users/mike/Plate-Restaurant-System-App/__tests__/utils/test-utils.tsx:104:39)
    at Object.&lt;anonymous&gt; (/Users/mike/Plate-Restaurant-System-App/__tests__/unit/components/kds/kds-header.test.tsx:487:47)
    at Promise.then.completed (/Users/mike/Plate-Restaurant-System-App/node_modules/jest-circus/build/utils.js:298:28)
    at new Promise (&lt;anonymous&gt;)
    at callAsyncCircusFn (/Users/mike/Plate-Restaurant-System-App/node_modules/jest-circus/build/utils.js:231:10)
    at _callCircusTest (/Users/mike/Plate-Restaurant-System-App/node_modules/jest-circus/build/run.js:316:40)
    at processTicksAndRejections (node:internal/process/task_queues:105:5)
    at _runTest (/Users/mike/Plate-Restaurant-System-App/node_modules/jest-circus/build/run.js:252:3)
    at _runTestsForDescribeBlock (/Users/mike/Plate-Restaurant-System-App/node_modules/jest-circus/build/run.js:126:9)
    at _runTestsForDescribeBlock (/Users/mike/Plate-Restaurant-System-App/node_modules/jest-circus/build/run.js:121:9)
    at _runTestsForDescribeBlock (/Users/mike/Plate-Restaurant-System-App/node_modules/jest-circus/build/run.js:121:9)
    at run (/Users/mike/Plate-Restaurant-System-App/node_modules/jest-circus/build/run.js:71:3)
    at runAndTransformResultsToJestFormat (/Users/mike/Plate-Restaurant-System-App/node_modules/jest-circus/build/legacy-code-todo-rewrite/jestAdapterInit.js:122:21)
    at jestAdapter (/Users/mike/Plate-Restaurant-System-App/node_modules/jest-circus/build/legacy-code-todo-rewrite/jestAdapter.js:79:19)
    at runTestInternal (/Users/mike/Plate-Restaurant-System-App/node_modules/jest-runner/build/runTest.js:367:16)
    at runTest (/Users/mike/Plate-Restaurant-System-App/node_modules/jest-runner/build/runTest.js:444:34)
    at Object.worker (/Users/mike/Plate-Restaurant-System-App/node_modules/jest-runner/build/testWorker.js:106:12)</failure>
    </testcase>
    <testcase classname="KDSHeader Integration works with all KDS state combinations" name="KDSHeader Integration works with all KDS state combinations" time="0.001">
      <failure>Error: expect(received).not.toThrow()

Error name:    &quot;TypeError&quot;
Error message: &quot;Cannot redefine property: clipboard&quot;

      102 |   )
      103 |
    &gt; 104 |   const userEventInstance = userEvent.setup()
          |                                       ^
      105 |
      106 |   return {
      107 |     user: userEventInstance,

      at Object.attachClipboardStubToView (node_modules/@testing-library/user-event/dist/cjs/utils/dataTransfer/Clipboard.js:110:12)
      at Object.setupMain [as setup] (node_modules/@testing-library/user-event/dist/cjs/setup/setup.js:58:15)
      at setup (__tests__/utils/test-utils.tsx:104:39)
      at __tests__/unit/components/kds/kds-header.test.tsx:525:30
      at Object.&lt;anonymous&gt; (node_modules/expect/build/toThrowMatchers.js:74:11)
      at Object.throwingMatcher [as toThrow] (node_modules/expect/build/index.js:320:21)
      at toThrow (__tests__/unit/components/kds/kds-header.test.tsx:526:16)
          at Array.forEach (&lt;anonymous&gt;)
      at Object.forEach (__tests__/unit/components/kds/kds-header.test.tsx:521:17)
    at toThrow (/Users/mike/Plate-Restaurant-System-App/__tests__/unit/components/kds/kds-header.test.tsx:526:16)
    at Array.forEach (&lt;anonymous&gt;)
    at Object.forEach (/Users/mike/Plate-Restaurant-System-App/__tests__/unit/components/kds/kds-header.test.tsx:521:17)
    at Promise.then.completed (/Users/mike/Plate-Restaurant-System-App/node_modules/jest-circus/build/utils.js:298:28)
    at new Promise (&lt;anonymous&gt;)
    at callAsyncCircusFn (/Users/mike/Plate-Restaurant-System-App/node_modules/jest-circus/build/utils.js:231:10)
    at _callCircusTest (/Users/mike/Plate-Restaurant-System-App/node_modules/jest-circus/build/run.js:316:40)
    at processTicksAndRejections (node:internal/process/task_queues:105:5)
    at _runTest (/Users/mike/Plate-Restaurant-System-App/node_modules/jest-circus/build/run.js:252:3)
    at _runTestsForDescribeBlock (/Users/mike/Plate-Restaurant-System-App/node_modules/jest-circus/build/run.js:126:9)
    at _runTestsForDescribeBlock (/Users/mike/Plate-Restaurant-System-App/node_modules/jest-circus/build/run.js:121:9)
    at _runTestsForDescribeBlock (/Users/mike/Plate-Restaurant-System-App/node_modules/jest-circus/build/run.js:121:9)
    at run (/Users/mike/Plate-Restaurant-System-App/node_modules/jest-circus/build/run.js:71:3)
    at runAndTransformResultsToJestFormat (/Users/mike/Plate-Restaurant-System-App/node_modules/jest-circus/build/legacy-code-todo-rewrite/jestAdapterInit.js:122:21)
    at jestAdapter (/Users/mike/Plate-Restaurant-System-App/node_modules/jest-circus/build/legacy-code-todo-rewrite/jestAdapter.js:79:19)
    at runTestInternal (/Users/mike/Plate-Restaurant-System-App/node_modules/jest-runner/build/runTest.js:367:16)
    at runTest (/Users/mike/Plate-Restaurant-System-App/node_modules/jest-runner/build/runTest.js:444:34)
    at Object.worker (/Users/mike/Plate-Restaurant-System-App/node_modules/jest-runner/build/testWorker.js:106:12)</failure>
    </testcase>
  </testsuite>
  <testsuite name="OrdersContext" errors="0" failures="1" skipped="0" timestamp="2025-06-14T02:35:57" time="2.01" tests="27">
    <testcase classname="OrdersContext Provider Initialization provides initial state" name="OrdersContext Provider Initialization provides initial state" time="0.075">
    </testcase>
    <testcase classname="OrdersContext Provider Initialization loads orders on mount" name="OrdersContext Provider Initialization loads orders on mount" time="0.075">
    </testcase>
    <testcase classname="OrdersContext Provider Initialization handles loading error gracefully" name="OrdersContext Provider Initialization handles loading error gracefully" time="0.055">
    </testcase>
    <testcase classname="OrdersContext Order Operations creates new order" name="OrdersContext Order Operations creates new order" time="0.004">
    </testcase>
    <testcase classname="OrdersContext Order Operations updates existing order" name="OrdersContext Order Operations updates existing order" time="0.056">
    </testcase>
    <testcase classname="OrdersContext Order Operations removes order" name="OrdersContext Order Operations removes order" time="0.054">
    </testcase>
    <testcase classname="OrdersContext Order Operations handles operation errors" name="OrdersContext Order Operations handles operation errors" time="0.006">
    </testcase>
    <testcase classname="OrdersContext Optimistic Updates applies optimistic updates immediately" name="OrdersContext Optimistic Updates applies optimistic updates immediately" time="0.054">
    </testcase>
    <testcase classname="OrdersContext Optimistic Updates clears optimistic updates on successful real update" name="OrdersContext Optimistic Updates clears optimistic updates on successful real update" time="0.057">
    </testcase>
    <testcase classname="OrdersContext Optimistic Updates clears optimistic updates on operation error" name="OrdersContext Optimistic Updates clears optimistic updates on operation error" time="0.063">
    </testcase>
    <testcase classname="OrdersContext Optimistic Updates merges multiple optimistic updates" name="OrdersContext Optimistic Updates merges multiple optimistic updates" time="0.058">
    </testcase>
    <testcase classname="OrdersContext Query Functions gets order by ID" name="OrdersContext Query Functions gets order by ID" time="0.058">
    </testcase>
    <testcase classname="OrdersContext Query Functions gets orders by status" name="OrdersContext Query Functions gets orders by status" time="0.06">
    </testcase>
    <testcase classname="OrdersContext Query Functions gets orders by table" name="OrdersContext Query Functions gets orders by table" time="0.06">
    </testcase>
    <testcase classname="OrdersContext Query Functions gets orders by resident" name="OrdersContext Query Functions gets orders by resident" time="0.058">
    </testcase>
    <testcase classname="OrdersContext Query Functions gets active orders" name="OrdersContext Query Functions gets active orders" time="0.058">
    </testcase>
    <testcase classname="OrdersContext Order Statistics calculates order statistics correctly" name="OrdersContext Order Statistics calculates order statistics correctly" time="0.059">
      <failure>Error: expect(received).toBe(expected) // Object.is equality

Expected: 1
Received: NaN
    at Object.toBe (/Users/mike/Plate-Restaurant-System-App/__tests__/unit/lib/state/domains/orders-context.test.tsx:408:38)</failure>
    </testcase>
    <testcase classname="OrdersContext Order Statistics handles empty order list" name="OrdersContext Order Statistics handles empty order list" time="0.06">
    </testcase>
    <testcase classname="OrdersContext Convenience Hooks useOrdersData provides read-only data" name="OrdersContext Convenience Hooks useOrdersData provides read-only data" time="0.06">
    </testcase>
    <testcase classname="OrdersContext Convenience Hooks useActiveOrders provides active orders only" name="OrdersContext Convenience Hooks useActiveOrders provides active orders only" time="0.059">
    </testcase>
    <testcase classname="OrdersContext Error Handling throws error when used outside provider" name="OrdersContext Error Handling throws error when used outside provider" time="0.027">
    </testcase>
    <testcase classname="OrdersContext Error Handling handles concurrent operations gracefully" name="OrdersContext Error Handling handles concurrent operations gracefully" time="0.057">
    </testcase>
    <testcase classname="OrdersContext Error Handling maintains state consistency on partial failures" name="OrdersContext Error Handling maintains state consistency on partial failures" time="0.06">
    </testcase>
    <testcase classname="OrdersContext Performance memoizes computed values correctly" name="OrdersContext Performance memoizes computed values correctly" time="0.06">
    </testcase>
    <testcase classname="OrdersContext Performance handles large datasets efficiently" name="OrdersContext Performance handles large datasets efficiently" time="0.071">
    </testcase>
    <testcase classname="OrdersContext Real-time Updates configures real-time subscription when enabled" name="OrdersContext Real-time Updates configures real-time subscription when enabled" time="0.006">
    </testcase>
    <testcase classname="OrdersContext Real-time Updates configures auto-refresh when enabled" name="OrdersContext Real-time Updates configures auto-refresh when enabled" time="0.005">
    </testcase>
  </testsuite>
  <testsuite name="BatchProcessor" errors="0" failures="1" skipped="0" timestamp="2025-06-14T02:35:57" time="13.951" tests="16">
    <testcase classname="BatchProcessor Batch Job Management should submit and track batch jobs" name="BatchProcessor Batch Job Management should submit and track batch jobs" time="0.009">
    </testcase>
    <testcase classname="BatchProcessor Batch Job Management should process jobs with concurrency control" name="BatchProcessor Batch Job Management should process jobs with concurrency control" time="1.007">
    </testcase>
    <testcase classname="BatchProcessor Priority Modes should process jobs in FIFO order by default" name="BatchProcessor Priority Modes should process jobs in FIFO order by default" time="0.504">
    </testcase>
    <testcase classname="BatchProcessor Priority Modes should process shortest files first when configured" name="BatchProcessor Priority Modes should process shortest files first when configured" time="0.514">
      <failure>Error: expect(received).toEqual(expected) // deep equality

- Expected  - 1
+ Received  + 1

  Array [
+   &quot;large.wav&quot;,
    &quot;small.wav&quot;,
    &quot;medium.wav&quot;,
-   &quot;large.wav&quot;,
  ]
    at Object.toEqual (/Users/mike/Plate-Restaurant-System-App/__tests__/unit/lib/voice-ordering/batch-processor.test.ts:175:31)</failure>
    </testcase>
    <testcase classname="BatchProcessor Error Handling and Retries should handle transcription failures gracefully" name="BatchProcessor Error Handling and Retries should handle transcription failures gracefully" time="1.006">
    </testcase>
    <testcase classname="BatchProcessor Error Handling and Retries should timeout long-running jobs" name="BatchProcessor Error Handling and Retries should timeout long-running jobs" time="1.006">
    </testcase>
    <testcase classname="BatchProcessor Batch Progress Tracking should provide accurate progress updates" name="BatchProcessor Batch Progress Tracking should provide accurate progress updates" time="1.006">
    </testcase>
    <testcase classname="BatchProcessor Batch Progress Tracking should calculate estimated time remaining" name="BatchProcessor Batch Progress Tracking should calculate estimated time remaining" time="0.306">
    </testcase>
    <testcase classname="BatchProcessor Cost Efficiency should reduce overhead through batch processing" name="BatchProcessor Cost Efficiency should reduce overhead through batch processing" time="1.006">
    </testcase>
    <testcase classname="BatchProcessor Cost Efficiency should provide batch processing statistics" name="BatchProcessor Cost Efficiency should provide batch processing statistics" time="1.007">
    </testcase>
    <testcase classname="BatchProcessor Optimized Batch Processing should group similar audio files for better cache hits" name="BatchProcessor Optimized Batch Processing should group similar audio files for better cache hits" time="1.005">
    </testcase>
    <testcase classname="BatchProcessor Optimized Batch Processing should maintain efficiency with mixed file sizes" name="BatchProcessor Optimized Batch Processing should maintain efficiency with mixed file sizes" time="1.004">
    </testcase>
    <testcase classname="BatchProcessor Convenience Functions should work with the convenience batch function" name="BatchProcessor Convenience Functions should work with the convenience batch function" time="1.004">
    </testcase>
    <testcase classname="BatchProcessor Convenience Functions should work with the optimized convenience function" name="BatchProcessor Convenience Functions should work with the optimized convenience function" time="1.004">
    </testcase>
    <testcase classname="BatchProcessor Performance Benchmarks should process 20 jobs under 5 seconds with concurrency" name="BatchProcessor Performance Benchmarks should process 20 jobs under 5 seconds with concurrency" time="1.008">
    </testcase>
    <testcase classname="BatchProcessor Performance Benchmarks should maintain quality with high concurrency" name="BatchProcessor Performance Benchmarks should maintain quality with high concurrency" time="1.007">
    </testcase>
  </testsuite>
</testsuites>