<?xml version="1.0" encoding="UTF-8"?>
<testsuites name="jest tests" tests="207" failures="94" errors="0" time="19.922">
  <testsuite name="TranscriptionCache" errors="0" failures="8" skipped="0" timestamp="2025-06-14T22:11:01" time="0.465" tests="11">
    <testcase classname="TranscriptionCache Audio Hash Generation should generate consistent hashes for identical audio" name="TranscriptionCache Audio Hash Generation should generate consistent hashes for identical audio" time="0.014">
    </testcase>
    <testcase classname="TranscriptionCache Audio Hash Generation should generate different hashes for different audio" name="TranscriptionCache Audio Hash Generation should generate different hashes for different audio" time="0.001">
      <failure>Error: expect(received).not.toBe(expected) // Object.is equality

Expected: not &quot;000102030405060708090a0b0c0d0e0f101112131415161718191a1b1c1d1e1f&quot;
    at Object.toBe (/Users/mike/Plate-Restaurant-System-App/__tests__/unit/lib/voice-ordering/transcription-cache.test.ts:102:25)
    at processTicksAndRejections (node:internal/process/task_queues:105:5)</failure>
    </testcase>
    <testcase classname="TranscriptionCache Cache Operations should store and retrieve cached transcriptions" name="TranscriptionCache Cache Operations should store and retrieve cached transcriptions" time="0.029">
    </testcase>
    <testcase classname="TranscriptionCache Cache Operations should not cache low confidence transcriptions" name="TranscriptionCache Cache Operations should not cache low confidence transcriptions" time="0.005">
      <failure>Error: expect(received).toBeNull()

Received: {&quot;audioHash&quot;: &quot;000102030405060708090a0b0c0d0e0f101112131415161718191a1b1c1d1e1f&quot;, &quot;confidence&quot;: 0.95, &quot;createdAt&quot;: 2025-06-14T22:11:01.495Z, &quot;extractedItems&quot;: [&quot;Cheeseburger&quot;, &quot;Fries&quot;], &quot;id&quot;: &quot;cdac7cc8-6f61-4b72-92ca-1df6e7343257&quot;, &quot;lastUsed&quot;: 2025-06-14T22:11:01.523Z, &quot;metadata&quot;: {&quot;duration&quot;: 1000, &quot;format&quot;: &quot;wav&quot;, &quot;optimizedSize&quot;: 5, &quot;originalSize&quot;: 5, &quot;userId&quot;: &quot;test-user-123&quot;}, &quot;transcription&quot;: &quot;I would like a cheeseburger and fries&quot;, &quot;useCount&quot;: 3}
    at Object.toBeNull (/Users/mike/Plate-Restaurant-System-App/__tests__/unit/lib/voice-ordering/transcription-cache.test.ts:139:22)
    at processTicksAndRejections (node:internal/process/task_queues:105:5)</failure>
    </testcase>
    <testcase classname="TranscriptionCache Cache Operations should update usage statistics on cache hits" name="TranscriptionCache Cache Operations should update usage statistics on cache hits" time="0.007">
      <failure>Error: expect(received).toBe(expected) // Object.is equality

Expected: 1
Received: 3
    at Object.toBe (/Users/mike/Plate-Restaurant-System-App/__tests__/unit/lib/voice-ordering/transcription-cache.test.ts:152:33)
    at processTicksAndRejections (node:internal/process/task_queues:105:5)</failure>
    </testcase>
    <testcase classname="TranscriptionCache Similarity Matching should find similar audio files" name="TranscriptionCache Similarity Matching should find similar audio files" time="0.001">
      <failure>ReferenceError: testTranscription is not defined
    at Object.testTranscription (/Users/mike/Plate-Restaurant-System-App/__tests__/unit/lib/voice-ordering/transcription-cache.test.ts:170:37)
    at processTicksAndRejections (node:internal/process/task_queues:105:5)</failure>
    </testcase>
    <testcase classname="TranscriptionCache Cache Statistics should provide accurate cache statistics" name="TranscriptionCache Cache Statistics should provide accurate cache statistics" time="0.001">
      <failure>ReferenceError: testUserId is not defined
    at Object.testUserId (/Users/mike/Plate-Restaurant-System-App/__tests__/unit/lib/voice-ordering/transcription-cache.test.ts:191:79)
    at processTicksAndRejections (node:internal/process/task_queues:105:5)</failure>
    </testcase>
    <testcase classname="TranscriptionCache Cache Performance should achieve target cache hit rate &gt;85%" name="TranscriptionCache Cache Performance should achieve target cache hit rate &gt;85%" time="0.001">
      <failure>ReferenceError: testUserId is not defined
    at Object.testUserId (/Users/mike/Plate-Restaurant-System-App/__tests__/unit/lib/voice-ordering/transcription-cache.test.ts:222:113)
    at processTicksAndRejections (node:internal/process/task_queues:105:5)</failure>
    </testcase>
    <testcase classname="TranscriptionCache Cache Performance should have fast cache lookup times" name="TranscriptionCache Cache Performance should have fast cache lookup times" time="0">
      <failure>ReferenceError: testTranscription is not defined
    at Object.testTranscription (/Users/mike/Plate-Restaurant-System-App/__tests__/unit/lib/voice-ordering/transcription-cache.test.ts:255:35)
    at processTicksAndRejections (node:internal/process/task_queues:105:5)</failure>
    </testcase>
    <testcase classname="TranscriptionCache Cost Efficiency should calculate cost savings correctly" name="TranscriptionCache Cost Efficiency should calculate cost savings correctly" time="0.001">
      <failure>ReferenceError: testTranscription is not defined
    at Object.testTranscription (/Users/mike/Plate-Restaurant-System-App/__tests__/unit/lib/voice-ordering/transcription-cache.test.ts:274:35)
    at processTicksAndRejections (node:internal/process/task_queues:105:5)</failure>
    </testcase>
    <testcase classname="TranscriptionCache Cost Efficiency should estimate cache value correctly" name="TranscriptionCache Cost Efficiency should estimate cache value correctly" time="0">
    </testcase>
  </testsuite>
  <testsuite name="Order Suggestions" errors="0" failures="13" skipped="0" timestamp="2025-06-14T22:11:01" time="0.293" tests="23">
    <testcase classname="Order Suggestions getOrderSuggestions returns empty array when no userId provided" name="Order Suggestions getOrderSuggestions returns empty array when no userId provided" time="0.002">
    </testcase>
    <testcase classname="Order Suggestions getOrderSuggestions returns empty array when no orders found" name="Order Suggestions getOrderSuggestions returns empty array when no orders found" time="0.001">
    </testcase>
    <testcase classname="Order Suggestions getOrderSuggestions returns empty array when orders data is null" name="Order Suggestions getOrderSuggestions returns empty array when orders data is null" time="0">
    </testcase>
    <testcase classname="Order Suggestions getOrderSuggestions groups identical order combinations and counts frequency" name="Order Suggestions getOrderSuggestions groups identical order combinations and counts frequency" time="0.001">
      <failure>Error: expect(received).toHaveLength(expected)

Expected length: 3
Received length: 0
Received array:  []
    at Object.toHaveLength (/Users/mike/Plate-Restaurant-System-App/__tests__/unit/lib/modassembly/supabase/database/suggestions.test.ts:69:22)
    at processTicksAndRejections (node:internal/process/task_queues:105:5)</failure>
    </testcase>
    <testcase classname="Order Suggestions getOrderSuggestions sorts items within each suggestion consistently" name="Order Suggestions getOrderSuggestions sorts items within each suggestion consistently" time="0.001">
      <failure>Error: expect(received).toHaveLength(expected)

Expected length: 1
Received length: 0
Received array:  []
    at Object.toHaveLength (/Users/mike/Plate-Restaurant-System-App/__tests__/unit/lib/modassembly/supabase/database/suggestions.test.ts:102:22)
    at processTicksAndRejections (node:internal/process/task_queues:105:5)</failure>
    </testcase>
    <testcase classname="Order Suggestions getOrderSuggestions filters out invalid order items" name="Order Suggestions getOrderSuggestions filters out invalid order items" time="0">
      <failure>Error: expect(received).toHaveLength(expected)

Expected length: 1
Received length: 0
Received array:  []
    at Object.toHaveLength (/Users/mike/Plate-Restaurant-System-App/__tests__/unit/lib/modassembly/supabase/database/suggestions.test.ts:122:22)
    at processTicksAndRejections (node:internal/process/task_queues:105:5)</failure>
    </testcase>
    <testcase classname="Order Suggestions getOrderSuggestions respects the limit parameter" name="Order Suggestions getOrderSuggestions respects the limit parameter" time="0">
      <failure>Error: expect(received).toHaveLength(expected)

Expected length: 2
Received length: 0
Received array:  []
    at Object.toHaveLength (/Users/mike/Plate-Restaurant-System-App/__tests__/unit/lib/modassembly/supabase/database/suggestions.test.ts:132:22)
    at processTicksAndRejections (node:internal/process/task_queues:105:5)</failure>
    </testcase>
    <testcase classname="Order Suggestions getOrderSuggestions handles minimum limit of 1" name="Order Suggestions getOrderSuggestions handles minimum limit of 1" time="0.003">
      <failure>Error: expect(received).toHaveLength(expected)

Expected length: 1
Received length: 0
Received array:  []
    at Object.toHaveLength (/Users/mike/Plate-Restaurant-System-App/__tests__/unit/lib/modassembly/supabase/database/suggestions.test.ts:139:22)
    at processTicksAndRejections (node:internal/process/task_queues:105:5)</failure>
    </testcase>
    <testcase classname="Order Suggestions getOrderSuggestions handles maximum limit of 10" name="Order Suggestions getOrderSuggestions handles maximum limit of 10" time="0.002">
    </testcase>
    <testcase classname="Order Suggestions getOrderSuggestions uses correct query parameters" name="Order Suggestions getOrderSuggestions uses correct query parameters" time="0.002">
      <failure>Error: expect(jest.fn()).toHaveBeenCalledWith(...expected)

Expected: &quot;items&quot;

Number of calls: 0
    at Object.toHaveBeenCalledWith (/Users/mike/Plate-Restaurant-System-App/__tests__/unit/lib/modassembly/supabase/database/suggestions.test.ts:152:42)
    at processTicksAndRejections (node:internal/process/task_queues:105:5)</failure>
    </testcase>
    <testcase classname="Order Suggestions getOrderSuggestions defaults to food type when no type specified" name="Order Suggestions getOrderSuggestions defaults to food type when no type specified" time="0">
      <failure>Error: expect(jest.fn()).toHaveBeenCalledWith(...expected)

Expected: &quot;type&quot;, &quot;food&quot;
Received: called with 0 arguments

Number of calls: 1
    at Object.toHaveBeenCalledWith (/Users/mike/Plate-Restaurant-System-App/__tests__/unit/lib/modassembly/supabase/database/suggestions.test.ts:162:52)
    at processTicksAndRejections (node:internal/process/task_queues:105:5)</failure>
    </testcase>
    <testcase classname="Order Suggestions getOrderSuggestions defaults to limit of 5 when no limit specified" name="Order Suggestions getOrderSuggestions defaults to limit of 5 when no limit specified" time="0.001">
    </testcase>
    <testcase classname="Order Suggestions getPopularItems returns empty array when no orders found" name="Order Suggestions getPopularItems returns empty array when no orders found" time="0.002">
    </testcase>
    <testcase classname="Order Suggestions getPopularItems returns empty array when orders data is null" name="Order Suggestions getPopularItems returns empty array when orders data is null" time="0.005">
    </testcase>
    <testcase classname="Order Suggestions getPopularItems counts individual item frequency correctly" name="Order Suggestions getPopularItems counts individual item frequency correctly" time="0.001">
      <failure>Error: expect(received).toHaveLength(expected)

Expected length: 6
Received length: 0
Received array:  []
    at Object.toHaveLength (/Users/mike/Plate-Restaurant-System-App/__tests__/unit/lib/modassembly/supabase/database/suggestions.test.ts:226:22)
    at processTicksAndRejections (node:internal/process/task_queues:105:5)</failure>
    </testcase>
    <testcase classname="Order Suggestions getPopularItems respects the limit parameter" name="Order Suggestions getPopularItems respects the limit parameter" time="0.001">
      <failure>Error: expect(received).toHaveLength(expected)

Expected length: 3
Received length: 0
Received array:  []
    at Object.toHaveLength (/Users/mike/Plate-Restaurant-System-App/__tests__/unit/lib/modassembly/supabase/database/suggestions.test.ts:235:22)
    at processTicksAndRejections (node:internal/process/task_queues:105:5)</failure>
    </testcase>
    <testcase classname="Order Suggestions getPopularItems filters out invalid items" name="Order Suggestions getPopularItems filters out invalid items" time="0.009">
      <failure>Error: expect(received).toEqual(expected) // deep equality

- Expected  - 5
+ Received  + 1

- Array [
-   &quot;chicken&quot;,
-   &quot;pasta&quot;,
-   &quot;valid-item&quot;,
- ]
+ Array []
    at Object.toEqual (/Users/mike/Plate-Restaurant-System-App/__tests__/unit/lib/modassembly/supabase/database/suggestions.test.ts:252:22)
    at processTicksAndRejections (node:internal/process/task_queues:105:5)</failure>
    </testcase>
    <testcase classname="Order Suggestions getPopularItems uses correct query parameters" name="Order Suggestions getPopularItems uses correct query parameters" time="0.001">
      <failure>Error: expect(jest.fn()).toHaveBeenCalledWith(...expected)

Expected: &quot;items&quot;

Number of calls: 0
    at Object.toHaveBeenCalledWith (/Users/mike/Plate-Restaurant-System-App/__tests__/unit/lib/modassembly/supabase/database/suggestions.test.ts:261:42)
    at processTicksAndRejections (node:internal/process/task_queues:105:5)</failure>
    </testcase>
    <testcase classname="Order Suggestions getPopularItems defaults to food type when no type specified" name="Order Suggestions getPopularItems defaults to food type when no type specified" time="0">
      <failure>Error: expect(jest.fn()).toHaveBeenCalledWith(...expected)

Expected: &quot;type&quot;, &quot;food&quot;

Number of calls: 0
    at Object.toHaveBeenCalledWith (/Users/mike/Plate-Restaurant-System-App/__tests__/unit/lib/modassembly/supabase/database/suggestions.test.ts:273:47)
    at processTicksAndRejections (node:internal/process/task_queues:105:5)</failure>
    </testcase>
    <testcase classname="Order Suggestions getPopularItems defaults to limit of 10 when no limit specified" name="Order Suggestions getPopularItems defaults to limit of 10 when no limit specified" time="0.001">
    </testcase>
    <testcase classname="Order Suggestions getPopularItems handles date filtering correctly" name="Order Suggestions getPopularItems handles date filtering correctly" time="0">
      <failure>TypeError: Cannot read properties of undefined (reading &apos;1&apos;)
    at Object.&lt;anonymous&gt; (/Users/mike/Plate-Restaurant-System-App/__tests__/unit/lib/modassembly/supabase/database/suggestions.test.ts:293:29)
    at processTicksAndRejections (node:internal/process/task_queues:105:5)</failure>
    </testcase>
    <testcase classname="Order Suggestions Placeholder Functions getSeatResidentSuggestions returns empty array" name="Order Suggestions Placeholder Functions getSeatResidentSuggestions returns empty array" time="0.001">
    </testcase>
    <testcase classname="Order Suggestions Placeholder Functions getTimeBasedResidentSuggestions returns empty array" name="Order Suggestions Placeholder Functions getTimeBasedResidentSuggestions returns empty array" time="0">
    </testcase>
  </testsuite>
  <testsuite name="Unit Tests - Basic" errors="0" failures="0" skipped="0" timestamp="2025-06-14T22:11:01" time="0.07" tests="2">
    <testcase classname="Unit Tests - Basic utility functions work correctly" name="Unit Tests - Basic utility functions work correctly" time="0.001">
    </testcase>
    <testcase classname="Unit Tests - Basic React components can be tested" name="Unit Tests - Basic React components can be tested" time="0">
    </testcase>
  </testsuite>
  <testsuite name="KDSMainContent" errors="0" failures="23" skipped="0" timestamp="2025-06-14T22:11:01" time="1.191" tests="31">
    <testcase classname="KDSMainContent Rendering States renders loading skeleton when loading" name="KDSMainContent Rendering States renders loading skeleton when loading" time="0.066">
      <failure>TestingLibraryElementError: Unable to find an element by: [data-testid=&quot;/skeleton/i&quot;]

Ignored nodes: comments, script, style
&lt;body&gt;
  &lt;div&gt;
    &lt;div&gt;
      &lt;div
        class=&quot;flex-1&quot;
      &gt;
        &lt;div
          class=&quot;p-4 grid gap-4 grid-cols-1 md:grid-cols-2 lg:grid-cols-3&quot;
        &gt;
          &lt;div
            class=&quot;animate-pulse rounded-md bg-muted h-48 w-full&quot;
          /&gt;
          &lt;div
            class=&quot;animate-pulse rounded-md bg-muted h-48 w-full&quot;
          /&gt;
          &lt;div
            class=&quot;animate-pulse rounded-md bg-muted h-48 w-full&quot;
          /&gt;
          &lt;div
            class=&quot;animate-pulse rounded-md bg-muted h-48 w-full&quot;
          /&gt;
          &lt;div
            class=&quot;animate-pulse rounded-md bg-muted h-48 w-full&quot;
          /&gt;
          &lt;div
            class=&quot;animate-pulse rounded-md bg-muted h-48 w-full&quot;
          /&gt;
        &lt;/div&gt;
      &lt;/div&gt;
      &lt;div
        aria-label=&quot;Notifications (F8)&quot;
        role=&quot;region&quot;
        style=&quot;pointer-events: none;&quot;
        tabindex=&quot;-1&quot;
      &gt;
        &lt;ol
          class=&quot;fixed top-0 z-[100] flex max-h-screen w-full flex-col-reverse p-4 sm:bottom-0 sm:right-0 sm:top-auto sm:flex-col md:max-w-[420px]&quot;
          tabindex=&quot;-1&quot;
        /&gt;
      &lt;/div&gt;
    &lt;/div&gt;
  &lt;/div&gt;
&lt;/body&gt;
    at Object.getElementError (/Users/mike/Plate-Restaurant-System-App/node_modules/@testing-library/dom/dist/config.js:37:19)
    at /Users/mike/Plate-Restaurant-System-App/node_modules/@testing-library/dom/dist/query-helpers.js:76:38
    at /Users/mike/Plate-Restaurant-System-App/node_modules/@testing-library/dom/dist/query-helpers.js:109:15
    at Object.getAllByTestId (/Users/mike/Plate-Restaurant-System-App/__tests__/unit/components/kds/kds-main-content.test.tsx:91:32)
    at Promise.then.completed (/Users/mike/Plate-Restaurant-System-App/node_modules/jest-circus/build/utils.js:298:28)
    at new Promise (&lt;anonymous&gt;)
    at callAsyncCircusFn (/Users/mike/Plate-Restaurant-System-App/node_modules/jest-circus/build/utils.js:231:10)
    at _callCircusTest (/Users/mike/Plate-Restaurant-System-App/node_modules/jest-circus/build/run.js:316:40)
    at processTicksAndRejections (node:internal/process/task_queues:105:5)
    at _runTest (/Users/mike/Plate-Restaurant-System-App/node_modules/jest-circus/build/run.js:252:3)
    at _runTestsForDescribeBlock (/Users/mike/Plate-Restaurant-System-App/node_modules/jest-circus/build/run.js:126:9)
    at _runTestsForDescribeBlock (/Users/mike/Plate-Restaurant-System-App/node_modules/jest-circus/build/run.js:121:9)
    at _runTestsForDescribeBlock (/Users/mike/Plate-Restaurant-System-App/node_modules/jest-circus/build/run.js:121:9)
    at run (/Users/mike/Plate-Restaurant-System-App/node_modules/jest-circus/build/run.js:71:3)
    at runAndTransformResultsToJestFormat (/Users/mike/Plate-Restaurant-System-App/node_modules/jest-circus/build/legacy-code-todo-rewrite/jestAdapterInit.js:122:21)
    at jestAdapter (/Users/mike/Plate-Restaurant-System-App/node_modules/jest-circus/build/legacy-code-todo-rewrite/jestAdapter.js:79:19)
    at runTestInternal (/Users/mike/Plate-Restaurant-System-App/node_modules/jest-runner/build/runTest.js:367:16)
    at runTest (/Users/mike/Plate-Restaurant-System-App/node_modules/jest-runner/build/runTest.js:444:34)
    at Object.worker (/Users/mike/Plate-Restaurant-System-App/node_modules/jest-runner/build/testWorker.js:106:12)</failure>
    </testcase>
    <testcase classname="KDSMainContent Rendering States renders error display when there is an error" name="KDSMainContent Rendering States renders error display when there is an error" time="0.008">
    </testcase>
    <testcase classname="KDSMainContent Rendering States renders empty state when no orders" name="KDSMainContent Rendering States renders empty state when no orders" time="0.005">
    </testcase>
    <testcase classname="KDSMainContent Rendering States renders empty state with filter-specific message" name="KDSMainContent Rendering States renders empty state with filter-specific message" time="0.008">
      <failure>TestingLibraryElementError: Unable to find an element with the text: /No new orders/i. This could be because the text is broken up by multiple elements. In this case, you can provide a function for your text matcher to make your matcher more flexible.

Ignored nodes: comments, script, style
&lt;body&gt;
  &lt;div&gt;
    &lt;div&gt;
      &lt;div
        class=&quot;flex-1&quot;
      &gt;
        &lt;div
          class=&quot;flex items-center justify-center h-full min-h-[400px] text-gray-500&quot;
        &gt;
          &lt;div
            class=&quot;text-center&quot;
          &gt;
            &lt;div
              class=&quot;text-6xl mb-4&quot;
            &gt;
              🍽️
            &lt;/div&gt;
            &lt;h3
              class=&quot;text-xl font-medium mb-2 text-white&quot;
            &gt;
              No orders
            &lt;/h3&gt;
            &lt;p
              class=&quot;text-gray-400&quot;
            &gt;
              All caught up! No pending orders.
            &lt;/p&gt;
          &lt;/div&gt;
        &lt;/div&gt;
      &lt;/div&gt;
      &lt;div
        aria-label=&quot;Notifications (F8)&quot;
        role=&quot;region&quot;
        style=&quot;pointer-events: none;&quot;
        tabindex=&quot;-1&quot;
      &gt;
        &lt;ol
          class=&quot;fixed top-0 z-[100] flex max-h-screen w-full flex-col-reverse p-4 sm:bottom-0 sm:right-0 sm:top-auto sm:flex-col md:max-w-[420px]&quot;
          tabindex=&quot;-1&quot;
        /&gt;
      &lt;/div&gt;
    &lt;/div&gt;
  &lt;/div&gt;
&lt;/body&gt;
    at Object.getElementError (/Users/mike/Plate-Restaurant-System-App/node_modules/@testing-library/dom/dist/config.js:37:19)
    at /Users/mike/Plate-Restaurant-System-App/node_modules/@testing-library/dom/dist/query-helpers.js:76:38
    at /Users/mike/Plate-Restaurant-System-App/node_modules/@testing-library/dom/dist/query-helpers.js:52:17
    at /Users/mike/Plate-Restaurant-System-App/node_modules/@testing-library/dom/dist/query-helpers.js:95:19
    at Object.getByText (/Users/mike/Plate-Restaurant-System-App/__tests__/unit/components/kds/kds-main-content.test.tsx:122:21)
    at Promise.then.completed (/Users/mike/Plate-Restaurant-System-App/node_modules/jest-circus/build/utils.js:298:28)
    at new Promise (&lt;anonymous&gt;)
    at callAsyncCircusFn (/Users/mike/Plate-Restaurant-System-App/node_modules/jest-circus/build/utils.js:231:10)
    at _callCircusTest (/Users/mike/Plate-Restaurant-System-App/node_modules/jest-circus/build/run.js:316:40)
    at processTicksAndRejections (node:internal/process/task_queues:105:5)
    at _runTest (/Users/mike/Plate-Restaurant-System-App/node_modules/jest-circus/build/run.js:252:3)
    at _runTestsForDescribeBlock (/Users/mike/Plate-Restaurant-System-App/node_modules/jest-circus/build/run.js:126:9)
    at _runTestsForDescribeBlock (/Users/mike/Plate-Restaurant-System-App/node_modules/jest-circus/build/run.js:121:9)
    at _runTestsForDescribeBlock (/Users/mike/Plate-Restaurant-System-App/node_modules/jest-circus/build/run.js:121:9)
    at run (/Users/mike/Plate-Restaurant-System-App/node_modules/jest-circus/build/run.js:71:3)
    at runAndTransformResultsToJestFormat (/Users/mike/Plate-Restaurant-System-App/node_modules/jest-circus/build/legacy-code-todo-rewrite/jestAdapterInit.js:122:21)
    at jestAdapter (/Users/mike/Plate-Restaurant-System-App/node_modules/jest-circus/build/legacy-code-todo-rewrite/jestAdapter.js:79:19)
    at runTestInternal (/Users/mike/Plate-Restaurant-System-App/node_modules/jest-runner/build/runTest.js:367:16)
    at runTest (/Users/mike/Plate-Restaurant-System-App/node_modules/jest-runner/build/runTest.js:444:34)
    at Object.worker (/Users/mike/Plate-Restaurant-System-App/node_modules/jest-runner/build/testWorker.js:106:12)</failure>
    </testcase>
    <testcase classname="KDSMainContent View Modes renders individual orders in grid view" name="KDSMainContent View Modes renders individual orders in grid view" time="0.031">
      <failure>TestingLibraryElementError: Unable to find an element by: [data-testid=&quot;order-card&quot;]

Ignored nodes: comments, script, style
&lt;body&gt;
  &lt;div&gt;
    &lt;div&gt;
      &lt;div
        class=&quot;flex-1&quot;
      &gt;
        &lt;div
          class=&quot;relative overflow-hidden h-full&quot;
          dir=&quot;ltr&quot;
          style=&quot;position: relative; --radix-scroll-area-corner-width: 0px; --radix-scroll-area-corner-height: 0px;&quot;
        &gt;
          &lt;div
            class=&quot;h-full w-full rounded-[inherit]&quot;
            data-radix-scroll-area-viewport=&quot;&quot;
            style=&quot;overflow-x: hidden; overflow-y: scroll;&quot;
          &gt;
            &lt;div
              style=&quot;min-width: 100%; display: table;&quot;
            &gt;
              &lt;div
                class=&quot;p-4 grid gap-4 grid-cols-1 lg:grid-cols-2 xl:grid-cols-3&quot;
              &gt;
                &lt;div
                  data-table-id=&quot;table-1&quot;
                  data-testid=&quot;table-group-card&quot;
                &gt;
                  &lt;div&gt;
                    Table: 
                    Table 1
                  &lt;/div&gt;
                  &lt;button&gt;
                    Bump Table
                  &lt;/button&gt;
                &lt;/div&gt;
              &lt;/div&gt;
            &lt;/div&gt;
          &lt;/div&gt;
        &lt;/div&gt;
      &lt;/div&gt;
      &lt;div
        aria-label=&quot;Notifications (F8)&quot;
        role=&quot;region&quot;
        style=&quot;pointer-events: none;&quot;
        tabindex=&quot;-1&quot;
      &gt;
        &lt;ol
          class=&quot;fixed top-0 z-[100] flex max-h-screen w-full flex-col-reverse p-4 sm:bottom-0 sm:right-0 sm:top-auto sm:flex-col md:max-w-[420px]&quot;
          tabindex=&quot;-1&quot;
        /&gt;
      &lt;/div&gt;
    &lt;/div&gt;
  &lt;/div&gt;
&lt;/body&gt;
    at Object.getElementError (/Users/mike/Plate-Restaurant-System-App/node_modules/@testing-library/dom/dist/config.js:37:19)
    at /Users/mike/Plate-Restaurant-System-App/node_modules/@testing-library/dom/dist/query-helpers.js:76:38
    at /Users/mike/Plate-Restaurant-System-App/node_modules/@testing-library/dom/dist/query-helpers.js:109:15
    at Object.getAllByTestId (/Users/mike/Plate-Restaurant-System-App/__tests__/unit/components/kds/kds-main-content.test.tsx:140:33)
    at Promise.then.completed (/Users/mike/Plate-Restaurant-System-App/node_modules/jest-circus/build/utils.js:298:28)
    at new Promise (&lt;anonymous&gt;)
    at callAsyncCircusFn (/Users/mike/Plate-Restaurant-System-App/node_modules/jest-circus/build/utils.js:231:10)
    at _callCircusTest (/Users/mike/Plate-Restaurant-System-App/node_modules/jest-circus/build/run.js:316:40)
    at processTicksAndRejections (node:internal/process/task_queues:105:5)
    at _runTest (/Users/mike/Plate-Restaurant-System-App/node_modules/jest-circus/build/run.js:252:3)
    at _runTestsForDescribeBlock (/Users/mike/Plate-Restaurant-System-App/node_modules/jest-circus/build/run.js:126:9)
    at _runTestsForDescribeBlock (/Users/mike/Plate-Restaurant-System-App/node_modules/jest-circus/build/run.js:121:9)
    at _runTestsForDescribeBlock (/Users/mike/Plate-Restaurant-System-App/node_modules/jest-circus/build/run.js:121:9)
    at run (/Users/mike/Plate-Restaurant-System-App/node_modules/jest-circus/build/run.js:71:3)
    at runAndTransformResultsToJestFormat (/Users/mike/Plate-Restaurant-System-App/node_modules/jest-circus/build/legacy-code-todo-rewrite/jestAdapterInit.js:122:21)
    at jestAdapter (/Users/mike/Plate-Restaurant-System-App/node_modules/jest-circus/build/legacy-code-todo-rewrite/jestAdapter.js:79:19)
    at runTestInternal (/Users/mike/Plate-Restaurant-System-App/node_modules/jest-runner/build/runTest.js:367:16)
    at runTest (/Users/mike/Plate-Restaurant-System-App/node_modules/jest-runner/build/runTest.js:444:34)
    at Object.worker (/Users/mike/Plate-Restaurant-System-App/node_modules/jest-runner/build/testWorker.js:106:12)</failure>
    </testcase>
    <testcase classname="KDSMainContent View Modes renders individual orders in list view" name="KDSMainContent View Modes renders individual orders in list view" time="0.015">
      <failure>TestingLibraryElementError: Unable to find an element by: [data-testid=&quot;order-card&quot;]

Ignored nodes: comments, script, style
&lt;body&gt;
  &lt;div&gt;
    &lt;div&gt;
      &lt;div
        class=&quot;flex-1&quot;
      &gt;
        &lt;div
          class=&quot;relative overflow-hidden h-full&quot;
          dir=&quot;ltr&quot;
          style=&quot;position: relative; --radix-scroll-area-corner-width: 0px; --radix-scroll-area-corner-height: 0px;&quot;
        &gt;
          &lt;div
            class=&quot;h-full w-full rounded-[inherit]&quot;
            data-radix-scroll-area-viewport=&quot;&quot;
            style=&quot;overflow-x: hidden; overflow-y: scroll;&quot;
          &gt;
            &lt;div
              style=&quot;min-width: 100%; display: table;&quot;
            &gt;
              &lt;div
                class=&quot;p-4 grid gap-4 grid-cols-1 lg:grid-cols-2 xl:grid-cols-3&quot;
              &gt;
                &lt;div
                  data-table-id=&quot;table-1&quot;
                  data-testid=&quot;table-group-card&quot;
                &gt;
                  &lt;div&gt;
                    Table: 
                    Table 1
                  &lt;/div&gt;
                  &lt;button&gt;
                    Bump Table
                  &lt;/button&gt;
                &lt;/div&gt;
              &lt;/div&gt;
            &lt;/div&gt;
          &lt;/div&gt;
        &lt;/div&gt;
      &lt;/div&gt;
      &lt;div
        aria-label=&quot;Notifications (F8)&quot;
        role=&quot;region&quot;
        style=&quot;pointer-events: none;&quot;
        tabindex=&quot;-1&quot;
      &gt;
        &lt;ol
          class=&quot;fixed top-0 z-[100] flex max-h-screen w-full flex-col-reverse p-4 sm:bottom-0 sm:right-0 sm:top-auto sm:flex-col md:max-w-[420px]&quot;
          tabindex=&quot;-1&quot;
        /&gt;
      &lt;/div&gt;
    &lt;/div&gt;
  &lt;/div&gt;
&lt;/body&gt;
    at Object.getElementError (/Users/mike/Plate-Restaurant-System-App/node_modules/@testing-library/dom/dist/config.js:37:19)
    at /Users/mike/Plate-Restaurant-System-App/node_modules/@testing-library/dom/dist/query-helpers.js:76:38
    at /Users/mike/Plate-Restaurant-System-App/node_modules/@testing-library/dom/dist/query-helpers.js:109:15
    at Object.getAllByTestId (/Users/mike/Plate-Restaurant-System-App/__tests__/unit/components/kds/kds-main-content.test.tsx:149:33)
    at Promise.then.completed (/Users/mike/Plate-Restaurant-System-App/node_modules/jest-circus/build/utils.js:298:28)
    at new Promise (&lt;anonymous&gt;)
    at callAsyncCircusFn (/Users/mike/Plate-Restaurant-System-App/node_modules/jest-circus/build/utils.js:231:10)
    at _callCircusTest (/Users/mike/Plate-Restaurant-System-App/node_modules/jest-circus/build/run.js:316:40)
    at processTicksAndRejections (node:internal/process/task_queues:105:5)
    at _runTest (/Users/mike/Plate-Restaurant-System-App/node_modules/jest-circus/build/run.js:252:3)
    at _runTestsForDescribeBlock (/Users/mike/Plate-Restaurant-System-App/node_modules/jest-circus/build/run.js:126:9)
    at _runTestsForDescribeBlock (/Users/mike/Plate-Restaurant-System-App/node_modules/jest-circus/build/run.js:121:9)
    at _runTestsForDescribeBlock (/Users/mike/Plate-Restaurant-System-App/node_modules/jest-circus/build/run.js:121:9)
    at run (/Users/mike/Plate-Restaurant-System-App/node_modules/jest-circus/build/run.js:71:3)
    at runAndTransformResultsToJestFormat (/Users/mike/Plate-Restaurant-System-App/node_modules/jest-circus/build/legacy-code-todo-rewrite/jestAdapterInit.js:122:21)
    at jestAdapter (/Users/mike/Plate-Restaurant-System-App/node_modules/jest-circus/build/legacy-code-todo-rewrite/jestAdapter.js:79:19)
    at runTestInternal (/Users/mike/Plate-Restaurant-System-App/node_modules/jest-runner/build/runTest.js:367:16)
    at runTest (/Users/mike/Plate-Restaurant-System-App/node_modules/jest-runner/build/runTest.js:444:34)
    at Object.worker (/Users/mike/Plate-Restaurant-System-App/node_modules/jest-runner/build/testWorker.js:106:12)</failure>
    </testcase>
    <testcase classname="KDSMainContent View Modes renders table groups in table view" name="KDSMainContent View Modes renders table groups in table view" time="0.01">
    </testcase>
    <testcase classname="KDSMainContent View Modes applies correct grid classes for different view modes" name="KDSMainContent View Modes applies correct grid classes for different view modes" time="0.023">
      <failure>Error: expect(received).toBeInTheDocument()

received value must be an HTMLElement or an SVGElement.
Received has value: null
    at __EXTERNAL_MATCHER_TRAP__ (/Users/mike/Plate-Restaurant-System-App/node_modules/expect/build/index.js:325:30)
    at Object.throwingMatcher [as toBeInTheDocument] (/Users/mike/Plate-Restaurant-System-App/node_modules/expect/build/index.js:326:15)
    at Object.toBeInTheDocument (/Users/mike/Plate-Restaurant-System-App/__tests__/unit/components/kds/kds-main-content.test.tsx:167:29)
    at Promise.then.completed (/Users/mike/Plate-Restaurant-System-App/node_modules/jest-circus/build/utils.js:298:28)
    at new Promise (&lt;anonymous&gt;)
    at callAsyncCircusFn (/Users/mike/Plate-Restaurant-System-App/node_modules/jest-circus/build/utils.js:231:10)
    at _callCircusTest (/Users/mike/Plate-Restaurant-System-App/node_modules/jest-circus/build/run.js:316:40)
    at processTicksAndRejections (node:internal/process/task_queues:105:5)
    at _runTest (/Users/mike/Plate-Restaurant-System-App/node_modules/jest-circus/build/run.js:252:3)
    at _runTestsForDescribeBlock (/Users/mike/Plate-Restaurant-System-App/node_modules/jest-circus/build/run.js:126:9)
    at _runTestsForDescribeBlock (/Users/mike/Plate-Restaurant-System-App/node_modules/jest-circus/build/run.js:121:9)
    at _runTestsForDescribeBlock (/Users/mike/Plate-Restaurant-System-App/node_modules/jest-circus/build/run.js:121:9)
    at run (/Users/mike/Plate-Restaurant-System-App/node_modules/jest-circus/build/run.js:71:3)
    at runAndTransformResultsToJestFormat (/Users/mike/Plate-Restaurant-System-App/node_modules/jest-circus/build/legacy-code-todo-rewrite/jestAdapterInit.js:122:21)
    at jestAdapter (/Users/mike/Plate-Restaurant-System-App/node_modules/jest-circus/build/legacy-code-todo-rewrite/jestAdapter.js:79:19)
    at runTestInternal (/Users/mike/Plate-Restaurant-System-App/node_modules/jest-runner/build/runTest.js:367:16)
    at runTest (/Users/mike/Plate-Restaurant-System-App/node_modules/jest-runner/build/runTest.js:444:34)
    at Object.worker (/Users/mike/Plate-Restaurant-System-App/node_modules/jest-runner/build/testWorker.js:106:12)</failure>
    </testcase>
    <testcase classname="KDSMainContent View Modes adapts grid layout based on order count" name="KDSMainContent View Modes adapts grid layout based on order count" time="0.007">
      <failure>Error: expect(element).toHaveClass(&quot;grid-cols-1 md:grid-cols-2&quot;)

Expected the element to have class:
  grid-cols-1 md:grid-cols-2
Received:
  p-4 grid gap-4 grid-cols-1 lg:grid-cols-2 xl:grid-cols-3
    at Object.toHaveClass (/Users/mike/Plate-Restaurant-System-App/__tests__/unit/components/kds/kds-main-content.test.tsx:176:29)
    at Promise.then.completed (/Users/mike/Plate-Restaurant-System-App/node_modules/jest-circus/build/utils.js:298:28)
    at new Promise (&lt;anonymous&gt;)
    at callAsyncCircusFn (/Users/mike/Plate-Restaurant-System-App/node_modules/jest-circus/build/utils.js:231:10)
    at _callCircusTest (/Users/mike/Plate-Restaurant-System-App/node_modules/jest-circus/build/run.js:316:40)
    at processTicksAndRejections (node:internal/process/task_queues:105:5)
    at _runTest (/Users/mike/Plate-Restaurant-System-App/node_modules/jest-circus/build/run.js:252:3)
    at _runTestsForDescribeBlock (/Users/mike/Plate-Restaurant-System-App/node_modules/jest-circus/build/run.js:126:9)
    at _runTestsForDescribeBlock (/Users/mike/Plate-Restaurant-System-App/node_modules/jest-circus/build/run.js:121:9)
    at _runTestsForDescribeBlock (/Users/mike/Plate-Restaurant-System-App/node_modules/jest-circus/build/run.js:121:9)
    at run (/Users/mike/Plate-Restaurant-System-App/node_modules/jest-circus/build/run.js:71:3)
    at runAndTransformResultsToJestFormat (/Users/mike/Plate-Restaurant-System-App/node_modules/jest-circus/build/legacy-code-todo-rewrite/jestAdapterInit.js:122:21)
    at jestAdapter (/Users/mike/Plate-Restaurant-System-App/node_modules/jest-circus/build/legacy-code-todo-rewrite/jestAdapter.js:79:19)
    at runTestInternal (/Users/mike/Plate-Restaurant-System-App/node_modules/jest-runner/build/runTest.js:367:16)
    at runTest (/Users/mike/Plate-Restaurant-System-App/node_modules/jest-runner/build/runTest.js:444:34)
    at Object.worker (/Users/mike/Plate-Restaurant-System-App/node_modules/jest-runner/build/testWorker.js:106:12)</failure>
    </testcase>
    <testcase classname="KDSMainContent Data Filtering and Sorting filters orders by status" name="KDSMainContent Data Filtering and Sorting filters orders by status" time="0.005">
      <failure>TestingLibraryElementError: Unable to find an element by: [data-testid=&quot;order-card&quot;]

Ignored nodes: comments, script, style
&lt;body&gt;
  &lt;div&gt;
    &lt;div&gt;
      &lt;div
        class=&quot;flex-1&quot;
      &gt;
        &lt;div
          class=&quot;relative overflow-hidden h-full&quot;
          dir=&quot;ltr&quot;
          style=&quot;position: relative; --radix-scroll-area-corner-width: 0px; --radix-scroll-area-corner-height: 0px;&quot;
        &gt;
          &lt;div
            class=&quot;h-full w-full rounded-[inherit]&quot;
            data-radix-scroll-area-viewport=&quot;&quot;
            style=&quot;overflow-x: hidden; overflow-y: scroll;&quot;
          &gt;
            &lt;div
              style=&quot;min-width: 100%; display: table;&quot;
            &gt;
              &lt;div
                class=&quot;p-4 grid gap-4 grid-cols-1 lg:grid-cols-2 xl:grid-cols-3&quot;
              &gt;
                &lt;div
                  data-table-id=&quot;table-1&quot;
                  data-testid=&quot;table-group-card&quot;
                &gt;
                  &lt;div&gt;
                    Table: 
                    Table 1
                  &lt;/div&gt;
                  &lt;button&gt;
                    Bump Table
                  &lt;/button&gt;
                &lt;/div&gt;
              &lt;/div&gt;
            &lt;/div&gt;
          &lt;/div&gt;
        &lt;/div&gt;
      &lt;/div&gt;
      &lt;div
        aria-label=&quot;Notifications (F8)&quot;
        role=&quot;region&quot;
        style=&quot;pointer-events: none;&quot;
        tabindex=&quot;-1&quot;
      &gt;
        &lt;ol
          class=&quot;fixed top-0 z-[100] flex max-h-screen w-full flex-col-reverse p-4 sm:bottom-0 sm:right-0 sm:top-auto sm:flex-col md:max-w-[420px]&quot;
          tabindex=&quot;-1&quot;
        /&gt;
      &lt;/div&gt;
    &lt;/div&gt;
  &lt;/div&gt;
&lt;/body&gt;
    at Object.getElementError (/Users/mike/Plate-Restaurant-System-App/node_modules/@testing-library/dom/dist/config.js:37:19)
    at /Users/mike/Plate-Restaurant-System-App/node_modules/@testing-library/dom/dist/query-helpers.js:76:38
    at /Users/mike/Plate-Restaurant-System-App/node_modules/@testing-library/dom/dist/query-helpers.js:109:15
    at Object.getAllByTestId (/Users/mike/Plate-Restaurant-System-App/__tests__/unit/components/kds/kds-main-content.test.tsx:224:33)
    at Promise.then.completed (/Users/mike/Plate-Restaurant-System-App/node_modules/jest-circus/build/utils.js:298:28)
    at new Promise (&lt;anonymous&gt;)
    at callAsyncCircusFn (/Users/mike/Plate-Restaurant-System-App/node_modules/jest-circus/build/utils.js:231:10)
    at _callCircusTest (/Users/mike/Plate-Restaurant-System-App/node_modules/jest-circus/build/run.js:316:40)
    at processTicksAndRejections (node:internal/process/task_queues:105:5)
    at _runTest (/Users/mike/Plate-Restaurant-System-App/node_modules/jest-circus/build/run.js:252:3)
    at _runTestsForDescribeBlock (/Users/mike/Plate-Restaurant-System-App/node_modules/jest-circus/build/run.js:126:9)
    at _runTestsForDescribeBlock (/Users/mike/Plate-Restaurant-System-App/node_modules/jest-circus/build/run.js:121:9)
    at _runTestsForDescribeBlock (/Users/mike/Plate-Restaurant-System-App/node_modules/jest-circus/build/run.js:121:9)
    at run (/Users/mike/Plate-Restaurant-System-App/node_modules/jest-circus/build/run.js:71:3)
    at runAndTransformResultsToJestFormat (/Users/mike/Plate-Restaurant-System-App/node_modules/jest-circus/build/legacy-code-todo-rewrite/jestAdapterInit.js:122:21)
    at jestAdapter (/Users/mike/Plate-Restaurant-System-App/node_modules/jest-circus/build/legacy-code-todo-rewrite/jestAdapter.js:79:19)
    at runTestInternal (/Users/mike/Plate-Restaurant-System-App/node_modules/jest-runner/build/runTest.js:367:16)
    at runTest (/Users/mike/Plate-Restaurant-System-App/node_modules/jest-runner/build/runTest.js:444:34)
    at Object.worker (/Users/mike/Plate-Restaurant-System-App/node_modules/jest-runner/build/testWorker.js:106:12)</failure>
    </testcase>
    <testcase classname="KDSMainContent Data Filtering and Sorting sorts orders by priority" name="KDSMainContent Data Filtering and Sorting sorts orders by priority" time="0.004">
      <failure>TestingLibraryElementError: Unable to find an element by: [data-testid=&quot;order-card&quot;]

Ignored nodes: comments, script, style
&lt;body&gt;
  &lt;div&gt;
    &lt;div&gt;
      &lt;div
        class=&quot;flex-1&quot;
      &gt;
        &lt;div
          class=&quot;relative overflow-hidden h-full&quot;
          dir=&quot;ltr&quot;
          style=&quot;position: relative; --radix-scroll-area-corner-width: 0px; --radix-scroll-area-corner-height: 0px;&quot;
        &gt;
          &lt;div
            class=&quot;h-full w-full rounded-[inherit]&quot;
            data-radix-scroll-area-viewport=&quot;&quot;
            style=&quot;overflow-x: hidden; overflow-y: scroll;&quot;
          &gt;
            &lt;div
              style=&quot;min-width: 100%; display: table;&quot;
            &gt;
              &lt;div
                class=&quot;p-4 grid gap-4 grid-cols-1 lg:grid-cols-2 xl:grid-cols-3&quot;
              &gt;
                &lt;div
                  data-table-id=&quot;table-1&quot;
                  data-testid=&quot;table-group-card&quot;
                &gt;
                  &lt;div&gt;
                    Table: 
                    Table 1
                  &lt;/div&gt;
                  &lt;button&gt;
                    Bump Table
                  &lt;/button&gt;
                &lt;/div&gt;
              &lt;/div&gt;
            &lt;/div&gt;
          &lt;/div&gt;
        &lt;/div&gt;
      &lt;/div&gt;
      &lt;div
        aria-label=&quot;Notifications (F8)&quot;
        role=&quot;region&quot;
        style=&quot;pointer-events: none;&quot;
        tabindex=&quot;-1&quot;
      &gt;
        &lt;ol
          class=&quot;fixed top-0 z-[100] flex max-h-screen w-full flex-col-reverse p-4 sm:bottom-0 sm:right-0 sm:top-auto sm:flex-col md:max-w-[420px]&quot;
          tabindex=&quot;-1&quot;
        /&gt;
      &lt;/div&gt;
    &lt;/div&gt;
  &lt;/div&gt;
&lt;/body&gt;
    at Object.getElementError (/Users/mike/Plate-Restaurant-System-App/node_modules/@testing-library/dom/dist/config.js:37:19)
    at /Users/mike/Plate-Restaurant-System-App/node_modules/@testing-library/dom/dist/query-helpers.js:76:38
    at /Users/mike/Plate-Restaurant-System-App/node_modules/@testing-library/dom/dist/query-helpers.js:109:15
    at Object.getAllByTestId (/Users/mike/Plate-Restaurant-System-App/__tests__/unit/components/kds/kds-main-content.test.tsx:241:33)
    at Promise.then.completed (/Users/mike/Plate-Restaurant-System-App/node_modules/jest-circus/build/utils.js:298:28)
    at new Promise (&lt;anonymous&gt;)
    at callAsyncCircusFn (/Users/mike/Plate-Restaurant-System-App/node_modules/jest-circus/build/utils.js:231:10)
    at _callCircusTest (/Users/mike/Plate-Restaurant-System-App/node_modules/jest-circus/build/run.js:316:40)
    at processTicksAndRejections (node:internal/process/task_queues:105:5)
    at _runTest (/Users/mike/Plate-Restaurant-System-App/node_modules/jest-circus/build/run.js:252:3)
    at _runTestsForDescribeBlock (/Users/mike/Plate-Restaurant-System-App/node_modules/jest-circus/build/run.js:126:9)
    at _runTestsForDescribeBlock (/Users/mike/Plate-Restaurant-System-App/node_modules/jest-circus/build/run.js:121:9)
    at _runTestsForDescribeBlock (/Users/mike/Plate-Restaurant-System-App/node_modules/jest-circus/build/run.js:121:9)
    at run (/Users/mike/Plate-Restaurant-System-App/node_modules/jest-circus/build/run.js:71:3)
    at runAndTransformResultsToJestFormat (/Users/mike/Plate-Restaurant-System-App/node_modules/jest-circus/build/legacy-code-todo-rewrite/jestAdapterInit.js:122:21)
    at jestAdapter (/Users/mike/Plate-Restaurant-System-App/node_modules/jest-circus/build/legacy-code-todo-rewrite/jestAdapter.js:79:19)
    at runTestInternal (/Users/mike/Plate-Restaurant-System-App/node_modules/jest-runner/build/runTest.js:367:16)
    at runTest (/Users/mike/Plate-Restaurant-System-App/node_modules/jest-runner/build/runTest.js:444:34)
    at Object.worker (/Users/mike/Plate-Restaurant-System-App/node_modules/jest-runner/build/testWorker.js:106:12)</failure>
    </testcase>
    <testcase classname="KDSMainContent Data Filtering and Sorting sorts orders by time" name="KDSMainContent Data Filtering and Sorting sorts orders by time" time="0.004">
      <failure>TestingLibraryElementError: Unable to find an element by: [data-testid=&quot;order-card&quot;]

Ignored nodes: comments, script, style
&lt;body&gt;
  &lt;div&gt;
    &lt;div&gt;
      &lt;div
        class=&quot;flex-1&quot;
      &gt;
        &lt;div
          class=&quot;relative overflow-hidden h-full&quot;
          dir=&quot;ltr&quot;
          style=&quot;position: relative; --radix-scroll-area-corner-width: 0px; --radix-scroll-area-corner-height: 0px;&quot;
        &gt;
          &lt;div
            class=&quot;h-full w-full rounded-[inherit]&quot;
            data-radix-scroll-area-viewport=&quot;&quot;
            style=&quot;overflow-x: hidden; overflow-y: scroll;&quot;
          &gt;
            &lt;div
              style=&quot;min-width: 100%; display: table;&quot;
            &gt;
              &lt;div
                class=&quot;p-4 grid gap-4 grid-cols-1 lg:grid-cols-2 xl:grid-cols-3&quot;
              &gt;
                &lt;div
                  data-table-id=&quot;table-1&quot;
                  data-testid=&quot;table-group-card&quot;
                &gt;
                  &lt;div&gt;
                    Table: 
                    Table 1
                  &lt;/div&gt;
                  &lt;button&gt;
                    Bump Table
                  &lt;/button&gt;
                &lt;/div&gt;
              &lt;/div&gt;
            &lt;/div&gt;
          &lt;/div&gt;
        &lt;/div&gt;
      &lt;/div&gt;
      &lt;div
        aria-label=&quot;Notifications (F8)&quot;
        role=&quot;region&quot;
        style=&quot;pointer-events: none;&quot;
        tabindex=&quot;-1&quot;
      &gt;
        &lt;ol
          class=&quot;fixed top-0 z-[100] flex max-h-screen w-full flex-col-reverse p-4 sm:bottom-0 sm:right-0 sm:top-auto sm:flex-col md:max-w-[420px]&quot;
          tabindex=&quot;-1&quot;
        /&gt;
      &lt;/div&gt;
    &lt;/div&gt;
  &lt;/div&gt;
&lt;/body&gt;
    at Object.getElementError (/Users/mike/Plate-Restaurant-System-App/node_modules/@testing-library/dom/dist/config.js:37:19)
    at /Users/mike/Plate-Restaurant-System-App/node_modules/@testing-library/dom/dist/query-helpers.js:76:38
    at /Users/mike/Plate-Restaurant-System-App/node_modules/@testing-library/dom/dist/query-helpers.js:109:15
    at Object.getAllByTestId (/Users/mike/Plate-Restaurant-System-App/__tests__/unit/components/kds/kds-main-content.test.tsx:272:33)
    at Promise.then.completed (/Users/mike/Plate-Restaurant-System-App/node_modules/jest-circus/build/utils.js:298:28)
    at new Promise (&lt;anonymous&gt;)
    at callAsyncCircusFn (/Users/mike/Plate-Restaurant-System-App/node_modules/jest-circus/build/utils.js:231:10)
    at _callCircusTest (/Users/mike/Plate-Restaurant-System-App/node_modules/jest-circus/build/run.js:316:40)
    at processTicksAndRejections (node:internal/process/task_queues:105:5)
    at _runTest (/Users/mike/Plate-Restaurant-System-App/node_modules/jest-circus/build/run.js:252:3)
    at _runTestsForDescribeBlock (/Users/mike/Plate-Restaurant-System-App/node_modules/jest-circus/build/run.js:126:9)
    at _runTestsForDescribeBlock (/Users/mike/Plate-Restaurant-System-App/node_modules/jest-circus/build/run.js:121:9)
    at _runTestsForDescribeBlock (/Users/mike/Plate-Restaurant-System-App/node_modules/jest-circus/build/run.js:121:9)
    at run (/Users/mike/Plate-Restaurant-System-App/node_modules/jest-circus/build/run.js:71:3)
    at runAndTransformResultsToJestFormat (/Users/mike/Plate-Restaurant-System-App/node_modules/jest-circus/build/legacy-code-todo-rewrite/jestAdapterInit.js:122:21)
    at jestAdapter (/Users/mike/Plate-Restaurant-System-App/node_modules/jest-circus/build/legacy-code-todo-rewrite/jestAdapter.js:79:19)
    at runTestInternal (/Users/mike/Plate-Restaurant-System-App/node_modules/jest-runner/build/runTest.js:367:16)
    at runTest (/Users/mike/Plate-Restaurant-System-App/node_modules/jest-runner/build/runTest.js:444:34)
    at Object.worker (/Users/mike/Plate-Restaurant-System-App/node_modules/jest-runner/build/testWorker.js:106:12)</failure>
    </testcase>
    <testcase classname="KDSMainContent Data Filtering and Sorting sorts orders by table" name="KDSMainContent Data Filtering and Sorting sorts orders by table" time="0.027">
      <failure>TestingLibraryElementError: Unable to find an element by: [data-testid=&quot;order-card&quot;]

Ignored nodes: comments, script, style
&lt;body&gt;
  &lt;div&gt;
    &lt;div&gt;
      &lt;div
        class=&quot;flex-1&quot;
      &gt;
        &lt;div
          class=&quot;relative overflow-hidden h-full&quot;
          dir=&quot;ltr&quot;
          style=&quot;position: relative; --radix-scroll-area-corner-width: 0px; --radix-scroll-area-corner-height: 0px;&quot;
        &gt;
          &lt;div
            class=&quot;h-full w-full rounded-[inherit]&quot;
            data-radix-scroll-area-viewport=&quot;&quot;
            style=&quot;overflow-x: hidden; overflow-y: scroll;&quot;
          &gt;
            &lt;div
              style=&quot;min-width: 100%; display: table;&quot;
            &gt;
              &lt;div
                class=&quot;p-4 grid gap-4 grid-cols-1 lg:grid-cols-2 xl:grid-cols-3&quot;
              &gt;
                &lt;div
                  data-table-id=&quot;table-1&quot;
                  data-testid=&quot;table-group-card&quot;
                &gt;
                  &lt;div&gt;
                    Table: 
                    Table 1
                  &lt;/div&gt;
                  &lt;button&gt;
                    Bump Table
                  &lt;/button&gt;
                &lt;/div&gt;
              &lt;/div&gt;
            &lt;/div&gt;
          &lt;/div&gt;
        &lt;/div&gt;
      &lt;/div&gt;
      &lt;div
        aria-label=&quot;Notifications (F8)&quot;
        role=&quot;region&quot;
        style=&quot;pointer-events: none;&quot;
        tabindex=&quot;-1&quot;
      &gt;
        &lt;ol
          class=&quot;fixed top-0 z-[100] flex max-h-screen w-full flex-col-reverse p-4 sm:bottom-0 sm:right-0 sm:top-auto sm:flex-col md:max-w-[420px]&quot;
          tabindex=&quot;-1&quot;
        /&gt;
      &lt;/div&gt;
    &lt;/div&gt;
  &lt;/div&gt;
&lt;/body&gt;
    at Object.getElementError (/Users/mike/Plate-Restaurant-System-App/node_modules/@testing-library/dom/dist/config.js:37:19)
    at /Users/mike/Plate-Restaurant-System-App/node_modules/@testing-library/dom/dist/query-helpers.js:76:38
    at /Users/mike/Plate-Restaurant-System-App/node_modules/@testing-library/dom/dist/query-helpers.js:109:15
    at Object.getAllByTestId (/Users/mike/Plate-Restaurant-System-App/__tests__/unit/components/kds/kds-main-content.test.tsx:302:33)
    at Promise.then.completed (/Users/mike/Plate-Restaurant-System-App/node_modules/jest-circus/build/utils.js:298:28)
    at new Promise (&lt;anonymous&gt;)
    at callAsyncCircusFn (/Users/mike/Plate-Restaurant-System-App/node_modules/jest-circus/build/utils.js:231:10)
    at _callCircusTest (/Users/mike/Plate-Restaurant-System-App/node_modules/jest-circus/build/run.js:316:40)
    at processTicksAndRejections (node:internal/process/task_queues:105:5)
    at _runTest (/Users/mike/Plate-Restaurant-System-App/node_modules/jest-circus/build/run.js:252:3)
    at _runTestsForDescribeBlock (/Users/mike/Plate-Restaurant-System-App/node_modules/jest-circus/build/run.js:126:9)
    at _runTestsForDescribeBlock (/Users/mike/Plate-Restaurant-System-App/node_modules/jest-circus/build/run.js:121:9)
    at _runTestsForDescribeBlock (/Users/mike/Plate-Restaurant-System-App/node_modules/jest-circus/build/run.js:121:9)
    at run (/Users/mike/Plate-Restaurant-System-App/node_modules/jest-circus/build/run.js:71:3)
    at runAndTransformResultsToJestFormat (/Users/mike/Plate-Restaurant-System-App/node_modules/jest-circus/build/legacy-code-todo-rewrite/jestAdapterInit.js:122:21)
    at jestAdapter (/Users/mike/Plate-Restaurant-System-App/node_modules/jest-circus/build/legacy-code-todo-rewrite/jestAdapter.js:79:19)
    at runTestInternal (/Users/mike/Plate-Restaurant-System-App/node_modules/jest-runner/build/runTest.js:367:16)
    at runTest (/Users/mike/Plate-Restaurant-System-App/node_modules/jest-runner/build/runTest.js:444:34)
    at Object.worker (/Users/mike/Plate-Restaurant-System-App/node_modules/jest-runner/build/testWorker.js:106:12)</failure>
    </testcase>
    <testcase classname="KDSMainContent User Interactions handles order bump action" name="KDSMainContent User Interactions handles order bump action" time="0.022">
      <failure>TestingLibraryElementError: Unable to find an element with the text: Bump. This could be because the text is broken up by multiple elements. In this case, you can provide a function for your text matcher to make your matcher more flexible.

Ignored nodes: comments, script, style
&lt;body&gt;
  &lt;div&gt;
    &lt;div&gt;
      &lt;div
        class=&quot;flex-1&quot;
      &gt;
        &lt;div
          class=&quot;relative overflow-hidden h-full&quot;
          dir=&quot;ltr&quot;
          style=&quot;position: relative; --radix-scroll-area-corner-width: 0px; --radix-scroll-area-corner-height: 0px;&quot;
        &gt;
          &lt;div
            class=&quot;h-full w-full rounded-[inherit]&quot;
            data-radix-scroll-area-viewport=&quot;&quot;
            style=&quot;overflow-x: hidden; overflow-y: scroll;&quot;
          &gt;
            &lt;div
              style=&quot;min-width: 100%; display: table;&quot;
            &gt;
              &lt;div
                class=&quot;p-4 grid gap-4 grid-cols-1 lg:grid-cols-2 xl:grid-cols-3&quot;
              &gt;
                &lt;div
                  data-table-id=&quot;table-1&quot;
                  data-testid=&quot;table-group-card&quot;
                &gt;
                  &lt;div&gt;
                    Table: 
                    Table 1
                  &lt;/div&gt;
                  &lt;button&gt;
                    Bump Table
                  &lt;/button&gt;
                &lt;/div&gt;
              &lt;/div&gt;
            &lt;/div&gt;
          &lt;/div&gt;
        &lt;/div&gt;
      &lt;/div&gt;
      &lt;div
        aria-label=&quot;Notifications (F8)&quot;
        role=&quot;region&quot;
        style=&quot;pointer-events: none;&quot;
        tabindex=&quot;-1&quot;
      &gt;
        &lt;ol
          class=&quot;fixed top-0 z-[100] flex max-h-screen w-full flex-col-reverse p-4 sm:bottom-0 sm:right-0 sm:top-auto sm:flex-col md:max-w-[420px]&quot;
          tabindex=&quot;-1&quot;
        /&gt;
      &lt;/div&gt;
    &lt;/div&gt;
  &lt;/div&gt;
&lt;/body&gt;
    at Object.getElementError (/Users/mike/Plate-Restaurant-System-App/node_modules/@testing-library/dom/dist/config.js:37:19)
    at /Users/mike/Plate-Restaurant-System-App/node_modules/@testing-library/dom/dist/query-helpers.js:76:38
    at /Users/mike/Plate-Restaurant-System-App/node_modules/@testing-library/dom/dist/query-helpers.js:52:17
    at /Users/mike/Plate-Restaurant-System-App/node_modules/@testing-library/dom/dist/query-helpers.js:95:19
    at Object.getByText (/Users/mike/Plate-Restaurant-System-App/__tests__/unit/components/kds/kds-main-content.test.tsx:319:33)
    at Promise.then.completed (/Users/mike/Plate-Restaurant-System-App/node_modules/jest-circus/build/utils.js:298:28)
    at new Promise (&lt;anonymous&gt;)
    at callAsyncCircusFn (/Users/mike/Plate-Restaurant-System-App/node_modules/jest-circus/build/utils.js:231:10)
    at _callCircusTest (/Users/mike/Plate-Restaurant-System-App/node_modules/jest-circus/build/run.js:316:40)
    at processTicksAndRejections (node:internal/process/task_queues:105:5)
    at _runTest (/Users/mike/Plate-Restaurant-System-App/node_modules/jest-circus/build/run.js:252:3)
    at _runTestsForDescribeBlock (/Users/mike/Plate-Restaurant-System-App/node_modules/jest-circus/build/run.js:126:9)
    at _runTestsForDescribeBlock (/Users/mike/Plate-Restaurant-System-App/node_modules/jest-circus/build/run.js:121:9)
    at _runTestsForDescribeBlock (/Users/mike/Plate-Restaurant-System-App/node_modules/jest-circus/build/run.js:121:9)
    at run (/Users/mike/Plate-Restaurant-System-App/node_modules/jest-circus/build/run.js:71:3)
    at runAndTransformResultsToJestFormat (/Users/mike/Plate-Restaurant-System-App/node_modules/jest-circus/build/legacy-code-todo-rewrite/jestAdapterInit.js:122:21)
    at jestAdapter (/Users/mike/Plate-Restaurant-System-App/node_modules/jest-circus/build/legacy-code-todo-rewrite/jestAdapter.js:79:19)
    at runTestInternal (/Users/mike/Plate-Restaurant-System-App/node_modules/jest-runner/build/runTest.js:367:16)
    at runTest (/Users/mike/Plate-Restaurant-System-App/node_modules/jest-runner/build/runTest.js:444:34)
    at Object.worker (/Users/mike/Plate-Restaurant-System-App/node_modules/jest-runner/build/testWorker.js:106:12)</failure>
    </testcase>
    <testcase classname="KDSMainContent User Interactions handles order recall action" name="KDSMainContent User Interactions handles order recall action" time="0.007">
      <failure>TestingLibraryElementError: Unable to find an element with the text: Recall. This could be because the text is broken up by multiple elements. In this case, you can provide a function for your text matcher to make your matcher more flexible.

Ignored nodes: comments, script, style
&lt;body&gt;
  &lt;div&gt;
    &lt;div&gt;
      &lt;div
        class=&quot;flex-1&quot;
      &gt;
        &lt;div
          class=&quot;relative overflow-hidden h-full&quot;
          dir=&quot;ltr&quot;
          style=&quot;position: relative; --radix-scroll-area-corner-width: 0px; --radix-scroll-area-corner-height: 0px;&quot;
        &gt;
          &lt;div
            class=&quot;h-full w-full rounded-[inherit]&quot;
            data-radix-scroll-area-viewport=&quot;&quot;
            style=&quot;overflow-x: hidden; overflow-y: scroll;&quot;
          &gt;
            &lt;div
              style=&quot;min-width: 100%; display: table;&quot;
            &gt;
              &lt;div
                class=&quot;p-4 grid gap-4 grid-cols-1 lg:grid-cols-2 xl:grid-cols-3&quot;
              &gt;
                &lt;div
                  data-table-id=&quot;table-1&quot;
                  data-testid=&quot;table-group-card&quot;
                &gt;
                  &lt;div&gt;
                    Table: 
                    Table 1
                  &lt;/div&gt;
                  &lt;button&gt;
                    Bump Table
                  &lt;/button&gt;
                &lt;/div&gt;
              &lt;/div&gt;
            &lt;/div&gt;
          &lt;/div&gt;
        &lt;/div&gt;
      &lt;/div&gt;
      &lt;div
        aria-label=&quot;Notifications (F8)&quot;
        role=&quot;region&quot;
        style=&quot;pointer-events: none;&quot;
        tabindex=&quot;-1&quot;
      &gt;
        &lt;ol
          class=&quot;fixed top-0 z-[100] flex max-h-screen w-full flex-col-reverse p-4 sm:bottom-0 sm:right-0 sm:top-auto sm:flex-col md:max-w-[420px]&quot;
          tabindex=&quot;-1&quot;
        /&gt;
      &lt;/div&gt;
    &lt;/div&gt;
  &lt;/div&gt;
&lt;/body&gt;
    at Object.getElementError (/Users/mike/Plate-Restaurant-System-App/node_modules/@testing-library/dom/dist/config.js:37:19)
    at /Users/mike/Plate-Restaurant-System-App/node_modules/@testing-library/dom/dist/query-helpers.js:76:38
    at /Users/mike/Plate-Restaurant-System-App/node_modules/@testing-library/dom/dist/query-helpers.js:52:17
    at /Users/mike/Plate-Restaurant-System-App/node_modules/@testing-library/dom/dist/query-helpers.js:95:19
    at Object.getByText (/Users/mike/Plate-Restaurant-System-App/__tests__/unit/components/kds/kds-main-content.test.tsx:332:35)
    at Promise.then.completed (/Users/mike/Plate-Restaurant-System-App/node_modules/jest-circus/build/utils.js:298:28)
    at new Promise (&lt;anonymous&gt;)
    at callAsyncCircusFn (/Users/mike/Plate-Restaurant-System-App/node_modules/jest-circus/build/utils.js:231:10)
    at _callCircusTest (/Users/mike/Plate-Restaurant-System-App/node_modules/jest-circus/build/run.js:316:40)
    at processTicksAndRejections (node:internal/process/task_queues:105:5)
    at _runTest (/Users/mike/Plate-Restaurant-System-App/node_modules/jest-circus/build/run.js:252:3)
    at _runTestsForDescribeBlock (/Users/mike/Plate-Restaurant-System-App/node_modules/jest-circus/build/run.js:126:9)
    at _runTestsForDescribeBlock (/Users/mike/Plate-Restaurant-System-App/node_modules/jest-circus/build/run.js:121:9)
    at _runTestsForDescribeBlock (/Users/mike/Plate-Restaurant-System-App/node_modules/jest-circus/build/run.js:121:9)
    at run (/Users/mike/Plate-Restaurant-System-App/node_modules/jest-circus/build/run.js:71:3)
    at runAndTransformResultsToJestFormat (/Users/mike/Plate-Restaurant-System-App/node_modules/jest-circus/build/legacy-code-todo-rewrite/jestAdapterInit.js:122:21)
    at jestAdapter (/Users/mike/Plate-Restaurant-System-App/node_modules/jest-circus/build/legacy-code-todo-rewrite/jestAdapter.js:79:19)
    at runTestInternal (/Users/mike/Plate-Restaurant-System-App/node_modules/jest-runner/build/runTest.js:367:16)
    at runTest (/Users/mike/Plate-Restaurant-System-App/node_modules/jest-runner/build/runTest.js:444:34)
    at Object.worker (/Users/mike/Plate-Restaurant-System-App/node_modules/jest-runner/build/testWorker.js:106:12)</failure>
    </testcase>
    <testcase classname="KDSMainContent User Interactions handles table bump action in table view" name="KDSMainContent User Interactions handles table bump action in table view" time="0.221">
      <failure>ReferenceError: ResizeObserver is not defined
    at /Users/mike/Plate-Restaurant-System-App/node_modules/@radix-ui/react-scroll-area/src/scroll-area.tsx:997:30
    at Object.react-stack-bottom-frame (/Users/mike/Plate-Restaurant-System-App/node_modules/react-dom/cjs/react-dom-client.development.js:23949:20)
    at runWithFiberInDEV (/Users/mike/Plate-Restaurant-System-App/node_modules/react-dom/cjs/react-dom-client.development.js:1522:13)
    at commitHookEffectListMount (/Users/mike/Plate-Restaurant-System-App/node_modules/react-dom/cjs/react-dom-client.development.js:11905:29)
    at commitHookLayoutEffects (/Users/mike/Plate-Restaurant-System-App/node_modules/react-dom/cjs/react-dom-client.development.js:11857:11)
    at commitLayoutEffectOnFiber (/Users/mike/Plate-Restaurant-System-App/node_modules/react-dom/cjs/react-dom-client.development.js:12613:13)
    at recursivelyTraverseLayoutEffects (/Users/mike/Plate-Restaurant-System-App/node_modules/react-dom/cjs/react-dom-client.development.js:13590:11)
    at commitLayoutEffectOnFiber (/Users/mike/Plate-Restaurant-System-App/node_modules/react-dom/cjs/react-dom-client.development.js:12611:11)
    at recursivelyTraverseLayoutEffects (/Users/mike/Plate-Restaurant-System-App/node_modules/react-dom/cjs/react-dom-client.development.js:13590:11)
    at commitLayoutEffectOnFiber (/Users/mike/Plate-Restaurant-System-App/node_modules/react-dom/cjs/react-dom-client.development.js:12611:11)
    at recursivelyTraverseLayoutEffects (/Users/mike/Plate-Restaurant-System-App/node_modules/react-dom/cjs/react-dom-client.development.js:13590:11)
    at commitLayoutEffectOnFiber (/Users/mike/Plate-Restaurant-System-App/node_modules/react-dom/cjs/react-dom-client.development.js:12611:11)
    at recursivelyTraverseLayoutEffects (/Users/mike/Plate-Restaurant-System-App/node_modules/react-dom/cjs/react-dom-client.development.js:13590:11)
    at commitLayoutEffectOnFiber (/Users/mike/Plate-Restaurant-System-App/node_modules/react-dom/cjs/react-dom-client.development.js:12611:11)
    at recursivelyTraverseLayoutEffects (/Users/mike/Plate-Restaurant-System-App/node_modules/react-dom/cjs/react-dom-client.development.js:13590:11)
    at commitLayoutEffectOnFiber (/Users/mike/Plate-Restaurant-System-App/node_modules/react-dom/cjs/react-dom-client.development.js:12727:11)
    at recursivelyTraverseLayoutEffects (/Users/mike/Plate-Restaurant-System-App/node_modules/react-dom/cjs/react-dom-client.development.js:13590:11)
    at commitLayoutEffectOnFiber (/Users/mike/Plate-Restaurant-System-App/node_modules/react-dom/cjs/react-dom-client.development.js:12611:11)
    at recursivelyTraverseLayoutEffects (/Users/mike/Plate-Restaurant-System-App/node_modules/react-dom/cjs/react-dom-client.development.js:13590:11)
    at commitLayoutEffectOnFiber (/Users/mike/Plate-Restaurant-System-App/node_modules/react-dom/cjs/react-dom-client.development.js:12791:11)
    at recursivelyTraverseLayoutEffects (/Users/mike/Plate-Restaurant-System-App/node_modules/react-dom/cjs/react-dom-client.development.js:13590:11)
    at commitLayoutEffectOnFiber (/Users/mike/Plate-Restaurant-System-App/node_modules/react-dom/cjs/react-dom-client.development.js:12611:11)
    at recursivelyTraverseLayoutEffects (/Users/mike/Plate-Restaurant-System-App/node_modules/react-dom/cjs/react-dom-client.development.js:13590:11)
    at commitLayoutEffectOnFiber (/Users/mike/Plate-Restaurant-System-App/node_modules/react-dom/cjs/react-dom-client.development.js:12611:11)
    at recursivelyTraverseLayoutEffects (/Users/mike/Plate-Restaurant-System-App/node_modules/react-dom/cjs/react-dom-client.development.js:13590:11)
    at commitLayoutEffectOnFiber (/Users/mike/Plate-Restaurant-System-App/node_modules/react-dom/cjs/react-dom-client.development.js:12611:11)
    at recursivelyTraverseLayoutEffects (/Users/mike/Plate-Restaurant-System-App/node_modules/react-dom/cjs/react-dom-client.development.js:13590:11)
    at commitLayoutEffectOnFiber (/Users/mike/Plate-Restaurant-System-App/node_modules/react-dom/cjs/react-dom-client.development.js:12727:11)
    at recursivelyTraverseLayoutEffects (/Users/mike/Plate-Restaurant-System-App/node_modules/react-dom/cjs/react-dom-client.development.js:13590:11)
    at commitLayoutEffectOnFiber (/Users/mike/Plate-Restaurant-System-App/node_modules/react-dom/cjs/react-dom-client.development.js:12611:11)
    at recursivelyTraverseLayoutEffects (/Users/mike/Plate-Restaurant-System-App/node_modules/react-dom/cjs/react-dom-client.development.js:13590:11)
    at commitLayoutEffectOnFiber (/Users/mike/Plate-Restaurant-System-App/node_modules/react-dom/cjs/react-dom-client.development.js:12611:11)
    at recursivelyTraverseLayoutEffects (/Users/mike/Plate-Restaurant-System-App/node_modules/react-dom/cjs/react-dom-client.development.js:13590:11)
    at commitLayoutEffectOnFiber (/Users/mike/Plate-Restaurant-System-App/node_modules/react-dom/cjs/react-dom-client.development.js:12791:11)
    at recursivelyTraverseLayoutEffects (/Users/mike/Plate-Restaurant-System-App/node_modules/react-dom/cjs/react-dom-client.development.js:13590:11)
    at commitLayoutEffectOnFiber (/Users/mike/Plate-Restaurant-System-App/node_modules/react-dom/cjs/react-dom-client.development.js:12611:11)
    at recursivelyTraverseLayoutEffects (/Users/mike/Plate-Restaurant-System-App/node_modules/react-dom/cjs/react-dom-client.development.js:13590:11)
    at commitLayoutEffectOnFiber (/Users/mike/Plate-Restaurant-System-App/node_modules/react-dom/cjs/react-dom-client.development.js:12727:11)
    at recursivelyTraverseLayoutEffects (/Users/mike/Plate-Restaurant-System-App/node_modules/react-dom/cjs/react-dom-client.development.js:13590:11)
    at commitLayoutEffectOnFiber (/Users/mike/Plate-Restaurant-System-App/node_modules/react-dom/cjs/react-dom-client.development.js:12611:11)
    at recursivelyTraverseLayoutEffects (/Users/mike/Plate-Restaurant-System-App/node_modules/react-dom/cjs/react-dom-client.development.js:13590:11)
    at commitLayoutEffectOnFiber (/Users/mike/Plate-Restaurant-System-App/node_modules/react-dom/cjs/react-dom-client.development.js:12611:11)
    at recursivelyTraverseLayoutEffects (/Users/mike/Plate-Restaurant-System-App/node_modules/react-dom/cjs/react-dom-client.development.js:13590:11)
    at commitLayoutEffectOnFiber (/Users/mike/Plate-Restaurant-System-App/node_modules/react-dom/cjs/react-dom-client.development.js:12693:11)
    at flushLayoutEffects (/Users/mike/Plate-Restaurant-System-App/node_modules/react-dom/cjs/react-dom-client.development.js:15559:15)
    at commitRoot (/Users/mike/Plate-Restaurant-System-App/node_modules/react-dom/cjs/react-dom-client.development.js:15402:9)
    at performWorkOnRoot (/Users/mike/Plate-Restaurant-System-App/node_modules/react-dom/cjs/react-dom-client.development.js:14526:15)
    at performSyncWorkOnRoot (/Users/mike/Plate-Restaurant-System-App/node_modules/react-dom/cjs/react-dom-client.development.js:16231:7)
    at flushSyncWorkAcrossRoots_impl (/Users/mike/Plate-Restaurant-System-App/node_modules/react-dom/cjs/react-dom-client.development.js:16079:21)
    at flushSpawnedWork (/Users/mike/Plate-Restaurant-System-App/node_modules/react-dom/cjs/react-dom-client.development.js:15677:9)
    at commitRoot (/Users/mike/Plate-Restaurant-System-App/node_modules/react-dom/cjs/react-dom-client.development.js:15403:9)
    at performWorkOnRoot (/Users/mike/Plate-Restaurant-System-App/node_modules/react-dom/cjs/react-dom-client.development.js:14526:15)
    at performWorkOnRootViaSchedulerTask (/Users/mike/Plate-Restaurant-System-App/node_modules/react-dom/cjs/react-dom-client.development.js:16216:7)
    at flushActQueue (/Users/mike/Plate-Restaurant-System-App/node_modules/react/cjs/react.development.js:566:34)
    at Object.&lt;anonymous&gt;.process.env.NODE_ENV.exports.act (/Users/mike/Plate-Restaurant-System-App/node_modules/react/cjs/react.development.js:859:10)
    at /Users/mike/Plate-Restaurant-System-App/node_modules/@testing-library/react/dist/act-compat.js:47:25
    at Object.eventWrapper (/Users/mike/Plate-Restaurant-System-App/node_modules/@testing-library/react/dist/pure.js:107:28)
    at Object.wrapEvent (/Users/mike/Plate-Restaurant-System-App/node_modules/@testing-library/user-event/dist/cjs/event/wrapEvent.js:6:28)
    at Object.dispatchEvent (/Users/mike/Plate-Restaurant-System-App/node_modules/@testing-library/user-event/dist/cjs/event/dispatchEvent.js:45:22)
    at Object.dispatchUIEvent (/Users/mike/Plate-Restaurant-System-App/node_modules/@testing-library/user-event/dist/cjs/event/dispatchEvent.js:22:26)
    at /Users/mike/Plate-Restaurant-System-App/node_modules/@testing-library/user-event/dist/cjs/system/pointer/pointer.js:55:50
    at Array.forEach (&lt;anonymous&gt;)
    at Object.enter (/Users/mike/Plate-Restaurant-System-App/node_modules/@testing-library/user-event/dist/cjs/system/pointer/pointer.js:55:27)
    at PointerHost.move (/Users/mike/Plate-Restaurant-System-App/node_modules/@testing-library/user-event/dist/cjs/system/pointer/index.js:53:85)
    at pointerAction (/Users/mike/Plate-Restaurant-System-App/node_modules/@testing-library/user-event/dist/cjs/pointer/index.js:59:39)
    at Object.pointer (/Users/mike/Plate-Restaurant-System-App/node_modules/@testing-library/user-event/dist/cjs/pointer/index.js:27:15)
    at Object.asyncWrapper (/Users/mike/Plate-Restaurant-System-App/node_modules/@testing-library/react/dist/pure.js:88:22)
    at Object.&lt;anonymous&gt; (/Users/mike/Plate-Restaurant-System-App/__tests__/unit/components/kds/kds-main-content.test.tsx:347:7)</failure>
    </testcase>
    <testcase classname="KDSMainContent Performance memoizes components to prevent unnecessary re-renders" name="KDSMainContent Performance memoizes components to prevent unnecessary re-renders" time="0.006">
      <failure>TestingLibraryElementError: Unable to find an element by: [data-testid=&quot;order-card&quot;]

Ignored nodes: comments, script, style
&lt;body&gt;
  &lt;div&gt;
    &lt;div&gt;
      &lt;div
        class=&quot;flex-1&quot;
      &gt;
        &lt;div
          class=&quot;relative overflow-hidden h-full&quot;
          dir=&quot;ltr&quot;
          style=&quot;position: relative; --radix-scroll-area-corner-width: 0px; --radix-scroll-area-corner-height: 0px;&quot;
        &gt;
          &lt;div
            class=&quot;h-full w-full rounded-[inherit]&quot;
            data-radix-scroll-area-viewport=&quot;&quot;
            style=&quot;overflow-x: hidden; overflow-y: scroll;&quot;
          &gt;
            &lt;div
              style=&quot;min-width: 100%; display: table;&quot;
            &gt;
              &lt;div
                class=&quot;p-4 grid gap-4 grid-cols-1 lg:grid-cols-2 xl:grid-cols-3&quot;
              &gt;
                &lt;div
                  data-table-id=&quot;table-1&quot;
                  data-testid=&quot;table-group-card&quot;
                &gt;
                  &lt;div&gt;
                    Table: 
                    Table 1
                  &lt;/div&gt;
                  &lt;button&gt;
                    Bump Table
                  &lt;/button&gt;
                &lt;/div&gt;
              &lt;/div&gt;
            &lt;/div&gt;
          &lt;/div&gt;
        &lt;/div&gt;
      &lt;/div&gt;
      &lt;div
        aria-label=&quot;Notifications (F8)&quot;
        role=&quot;region&quot;
        style=&quot;pointer-events: none;&quot;
        tabindex=&quot;-1&quot;
      &gt;
        &lt;ol
          class=&quot;fixed top-0 z-[100] flex max-h-screen w-full flex-col-reverse p-4 sm:bottom-0 sm:right-0 sm:top-auto sm:flex-col md:max-w-[420px]&quot;
          tabindex=&quot;-1&quot;
        /&gt;
      &lt;/div&gt;
    &lt;/div&gt;
  &lt;/div&gt;
&lt;/body&gt;
    at Object.getElementError (/Users/mike/Plate-Restaurant-System-App/node_modules/@testing-library/dom/dist/config.js:37:19)
    at /Users/mike/Plate-Restaurant-System-App/node_modules/@testing-library/dom/dist/query-helpers.js:76:38
    at /Users/mike/Plate-Restaurant-System-App/node_modules/@testing-library/dom/dist/query-helpers.js:109:15
    at Object.getAllByTestId (/Users/mike/Plate-Restaurant-System-App/__tests__/unit/components/kds/kds-main-content.test.tsx:368:21)
    at Promise.then.completed (/Users/mike/Plate-Restaurant-System-App/node_modules/jest-circus/build/utils.js:298:28)
    at new Promise (&lt;anonymous&gt;)
    at callAsyncCircusFn (/Users/mike/Plate-Restaurant-System-App/node_modules/jest-circus/build/utils.js:231:10)
    at _callCircusTest (/Users/mike/Plate-Restaurant-System-App/node_modules/jest-circus/build/run.js:316:40)
    at _runTest (/Users/mike/Plate-Restaurant-System-App/node_modules/jest-circus/build/run.js:252:3)
    at _runTestsForDescribeBlock (/Users/mike/Plate-Restaurant-System-App/node_modules/jest-circus/build/run.js:126:9)
    at _runTestsForDescribeBlock (/Users/mike/Plate-Restaurant-System-App/node_modules/jest-circus/build/run.js:121:9)
    at _runTestsForDescribeBlock (/Users/mike/Plate-Restaurant-System-App/node_modules/jest-circus/build/run.js:121:9)
    at run (/Users/mike/Plate-Restaurant-System-App/node_modules/jest-circus/build/run.js:71:3)
    at runAndTransformResultsToJestFormat (/Users/mike/Plate-Restaurant-System-App/node_modules/jest-circus/build/legacy-code-todo-rewrite/jestAdapterInit.js:122:21)
    at jestAdapter (/Users/mike/Plate-Restaurant-System-App/node_modules/jest-circus/build/legacy-code-todo-rewrite/jestAdapter.js:79:19)
    at runTestInternal (/Users/mike/Plate-Restaurant-System-App/node_modules/jest-runner/build/runTest.js:367:16)
    at runTest (/Users/mike/Plate-Restaurant-System-App/node_modules/jest-runner/build/runTest.js:444:34)
    at Object.worker (/Users/mike/Plate-Restaurant-System-App/node_modules/jest-runner/build/testWorker.js:106:12)</failure>
    </testcase>
    <testcase classname="KDSMainContent Performance handles large datasets efficiently" name="KDSMainContent Performance handles large datasets efficiently" time="0.008">
      <failure>TestingLibraryElementError: Unable to find an element by: [data-testid=&quot;order-card&quot;]

Ignored nodes: comments, script, style
&lt;body&gt;
  &lt;div&gt;
    &lt;div&gt;
      &lt;div
        class=&quot;flex-1&quot;
      &gt;
        &lt;div
          class=&quot;relative overflow-hidden h-full&quot;
          dir=&quot;ltr&quot;
          style=&quot;position: relative; --radix-scroll-area-corner-width: 0px; --radix-scroll-area-corner-height: 0px;&quot;
        &gt;
          &lt;div
            class=&quot;h-full w-full rounded-[inherit]&quot;
            data-radix-scroll-area-viewport=&quot;&quot;
            style=&quot;overflow-x: hidden; overflow-y: scroll;&quot;
          &gt;
            &lt;div
              style=&quot;min-width: 100%; display: table;&quot;
            &gt;
              &lt;div
                class=&quot;p-4 grid gap-4 grid-cols-1 lg:grid-cols-2 xl:grid-cols-3&quot;
              &gt;
                &lt;div
                  data-table-id=&quot;table-1&quot;
                  data-testid=&quot;table-group-card&quot;
                &gt;
                  &lt;div&gt;
                    Table: 
                    Table 1
                  &lt;/div&gt;
                  &lt;button&gt;
                    Bump Table
                  &lt;/button&gt;
                &lt;/div&gt;
              &lt;/div&gt;
            &lt;/div&gt;
          &lt;/div&gt;
        &lt;/div&gt;
      &lt;/div&gt;
      &lt;div
        aria-label=&quot;Notifications (F8)&quot;
        role=&quot;region&quot;
        style=&quot;pointer-events: none;&quot;
        tabindex=&quot;-1&quot;
      &gt;
        &lt;ol
          class=&quot;fixed top-0 z-[100] flex max-h-screen w-full flex-col-reverse p-4 sm:bottom-0 sm:right-0 sm:top-auto sm:flex-col md:max-w-[420px]&quot;
          tabindex=&quot;-1&quot;
        /&gt;
      &lt;/div&gt;
    &lt;/div&gt;
  &lt;/div&gt;
&lt;/body&gt;
    at Object.getElementError (/Users/mike/Plate-Restaurant-System-App/node_modules/@testing-library/dom/dist/config.js:37:19)
    at /Users/mike/Plate-Restaurant-System-App/node_modules/@testing-library/dom/dist/query-helpers.js:76:38
    at /Users/mike/Plate-Restaurant-System-App/node_modules/@testing-library/dom/dist/query-helpers.js:109:15
    at Object.getAllByTestId (/Users/mike/Plate-Restaurant-System-App/__tests__/unit/components/kds/kds-main-content.test.tsx:384:21)
    at Promise.then.completed (/Users/mike/Plate-Restaurant-System-App/node_modules/jest-circus/build/utils.js:298:28)
    at new Promise (&lt;anonymous&gt;)
    at callAsyncCircusFn (/Users/mike/Plate-Restaurant-System-App/node_modules/jest-circus/build/utils.js:231:10)
    at _callCircusTest (/Users/mike/Plate-Restaurant-System-App/node_modules/jest-circus/build/run.js:316:40)
    at _runTest (/Users/mike/Plate-Restaurant-System-App/node_modules/jest-circus/build/run.js:252:3)
    at _runTestsForDescribeBlock (/Users/mike/Plate-Restaurant-System-App/node_modules/jest-circus/build/run.js:126:9)
    at _runTestsForDescribeBlock (/Users/mike/Plate-Restaurant-System-App/node_modules/jest-circus/build/run.js:121:9)
    at _runTestsForDescribeBlock (/Users/mike/Plate-Restaurant-System-App/node_modules/jest-circus/build/run.js:121:9)
    at run (/Users/mike/Plate-Restaurant-System-App/node_modules/jest-circus/build/run.js:71:3)
    at runAndTransformResultsToJestFormat (/Users/mike/Plate-Restaurant-System-App/node_modules/jest-circus/build/legacy-code-todo-rewrite/jestAdapterInit.js:122:21)
    at jestAdapter (/Users/mike/Plate-Restaurant-System-App/node_modules/jest-circus/build/legacy-code-todo-rewrite/jestAdapter.js:79:19)
    at runTestInternal (/Users/mike/Plate-Restaurant-System-App/node_modules/jest-runner/build/runTest.js:367:16)
    at runTest (/Users/mike/Plate-Restaurant-System-App/node_modules/jest-runner/build/runTest.js:444:34)
    at Object.worker (/Users/mike/Plate-Restaurant-System-App/node_modules/jest-runner/build/testWorker.js:106:12)</failure>
    </testcase>
    <testcase classname="KDSMainContent Performance optimizes scroll area rendering" name="KDSMainContent Performance optimizes scroll area rendering" time="0.005">
    </testcase>
    <testcase classname="KDSMainContent Edge Cases handles null or undefined orders gracefully" name="KDSMainContent Edge Cases handles null or undefined orders gracefully" time="0.005">
    </testcase>
    <testcase classname="KDSMainContent Edge Cases handles orders with missing data" name="KDSMainContent Edge Cases handles orders with missing data" time="0.012">
      <failure>TestingLibraryElementError: Unable to find an element by: [data-testid=&quot;order-card&quot;]

Ignored nodes: comments, script, style
&lt;body&gt;
  &lt;div&gt;
    &lt;div&gt;
      &lt;div
        class=&quot;flex-1&quot;
      &gt;
        &lt;div
          class=&quot;relative overflow-hidden h-full&quot;
          dir=&quot;ltr&quot;
          style=&quot;position: relative; --radix-scroll-area-corner-width: 0px; --radix-scroll-area-corner-height: 0px;&quot;
        &gt;
          &lt;div
            class=&quot;h-full w-full rounded-[inherit]&quot;
            data-radix-scroll-area-viewport=&quot;&quot;
            style=&quot;overflow-x: hidden; overflow-y: scroll;&quot;
          &gt;
            &lt;div
              style=&quot;min-width: 100%; display: table;&quot;
            &gt;
              &lt;div
                class=&quot;p-4 grid gap-4 grid-cols-1 lg:grid-cols-2 xl:grid-cols-3&quot;
              &gt;
                &lt;div
                  data-table-id=&quot;table-1&quot;
                  data-testid=&quot;table-group-card&quot;
                &gt;
                  &lt;div&gt;
                    Table: 
                    Table 1
                  &lt;/div&gt;
                  &lt;button&gt;
                    Bump Table
                  &lt;/button&gt;
                &lt;/div&gt;
              &lt;/div&gt;
            &lt;/div&gt;
          &lt;/div&gt;
        &lt;/div&gt;
      &lt;/div&gt;
      &lt;div
        aria-label=&quot;Notifications (F8)&quot;
        role=&quot;region&quot;
        style=&quot;pointer-events: none;&quot;
        tabindex=&quot;-1&quot;
      &gt;
        &lt;ol
          class=&quot;fixed top-0 z-[100] flex max-h-screen w-full flex-col-reverse p-4 sm:bottom-0 sm:right-0 sm:top-auto sm:flex-col md:max-w-[420px]&quot;
          tabindex=&quot;-1&quot;
        /&gt;
      &lt;/div&gt;
    &lt;/div&gt;
  &lt;/div&gt;
&lt;/body&gt;
    at Object.getElementError (/Users/mike/Plate-Restaurant-System-App/node_modules/@testing-library/dom/dist/config.js:37:19)
    at /Users/mike/Plate-Restaurant-System-App/node_modules/@testing-library/dom/dist/query-helpers.js:76:38
    at /Users/mike/Plate-Restaurant-System-App/node_modules/@testing-library/dom/dist/query-helpers.js:52:17
    at /Users/mike/Plate-Restaurant-System-App/node_modules/@testing-library/dom/dist/query-helpers.js:95:19
    at Object.getByTestId (/Users/mike/Plate-Restaurant-System-App/__tests__/unit/components/kds/kds-main-content.test.tsx:420:21)
    at Promise.then.completed (/Users/mike/Plate-Restaurant-System-App/node_modules/jest-circus/build/utils.js:298:28)
    at new Promise (&lt;anonymous&gt;)
    at callAsyncCircusFn (/Users/mike/Plate-Restaurant-System-App/node_modules/jest-circus/build/utils.js:231:10)
    at _callCircusTest (/Users/mike/Plate-Restaurant-System-App/node_modules/jest-circus/build/run.js:316:40)
    at _runTest (/Users/mike/Plate-Restaurant-System-App/node_modules/jest-circus/build/run.js:252:3)
    at _runTestsForDescribeBlock (/Users/mike/Plate-Restaurant-System-App/node_modules/jest-circus/build/run.js:126:9)
    at _runTestsForDescribeBlock (/Users/mike/Plate-Restaurant-System-App/node_modules/jest-circus/build/run.js:121:9)
    at _runTestsForDescribeBlock (/Users/mike/Plate-Restaurant-System-App/node_modules/jest-circus/build/run.js:121:9)
    at run (/Users/mike/Plate-Restaurant-System-App/node_modules/jest-circus/build/run.js:71:3)
    at runAndTransformResultsToJestFormat (/Users/mike/Plate-Restaurant-System-App/node_modules/jest-circus/build/legacy-code-todo-rewrite/jestAdapterInit.js:122:21)
    at jestAdapter (/Users/mike/Plate-Restaurant-System-App/node_modules/jest-circus/build/legacy-code-todo-rewrite/jestAdapter.js:79:19)
    at runTestInternal (/Users/mike/Plate-Restaurant-System-App/node_modules/jest-runner/build/runTest.js:367:16)
    at runTest (/Users/mike/Plate-Restaurant-System-App/node_modules/jest-runner/build/runTest.js:444:34)
    at Object.worker (/Users/mike/Plate-Restaurant-System-App/node_modules/jest-runner/build/testWorker.js:106:12)</failure>
    </testcase>
    <testcase classname="KDSMainContent Edge Cases handles invalid dates in sorting" name="KDSMainContent Edge Cases handles invalid dates in sorting" time="0.009">
      <failure>TestingLibraryElementError: Unable to find an element by: [data-testid=&quot;order-card&quot;]

Ignored nodes: comments, script, style
&lt;body&gt;
  &lt;div&gt;
    &lt;div&gt;
      &lt;div
        class=&quot;flex-1&quot;
      &gt;
        &lt;div
          class=&quot;relative overflow-hidden h-full&quot;
          dir=&quot;ltr&quot;
          style=&quot;position: relative; --radix-scroll-area-corner-width: 0px; --radix-scroll-area-corner-height: 0px;&quot;
        &gt;
          &lt;div
            class=&quot;h-full w-full rounded-[inherit]&quot;
            data-radix-scroll-area-viewport=&quot;&quot;
            style=&quot;overflow-x: hidden; overflow-y: scroll;&quot;
          &gt;
            &lt;div
              style=&quot;min-width: 100%; display: table;&quot;
            &gt;
              &lt;div
                class=&quot;p-4 grid gap-4 grid-cols-1 lg:grid-cols-2 xl:grid-cols-3&quot;
              &gt;
                &lt;div
                  data-table-id=&quot;table-1&quot;
                  data-testid=&quot;table-group-card&quot;
                &gt;
                  &lt;div&gt;
                    Table: 
                    Table 1
                  &lt;/div&gt;
                  &lt;button&gt;
                    Bump Table
                  &lt;/button&gt;
                &lt;/div&gt;
              &lt;/div&gt;
            &lt;/div&gt;
          &lt;/div&gt;
        &lt;/div&gt;
      &lt;/div&gt;
      &lt;div
        aria-label=&quot;Notifications (F8)&quot;
        role=&quot;region&quot;
        style=&quot;pointer-events: none;&quot;
        tabindex=&quot;-1&quot;
      &gt;
        &lt;ol
          class=&quot;fixed top-0 z-[100] flex max-h-screen w-full flex-col-reverse p-4 sm:bottom-0 sm:right-0 sm:top-auto sm:flex-col md:max-w-[420px]&quot;
          tabindex=&quot;-1&quot;
        /&gt;
      &lt;/div&gt;
    &lt;/div&gt;
  &lt;/div&gt;
&lt;/body&gt;
    at Object.getElementError (/Users/mike/Plate-Restaurant-System-App/node_modules/@testing-library/dom/dist/config.js:37:19)
    at /Users/mike/Plate-Restaurant-System-App/node_modules/@testing-library/dom/dist/query-helpers.js:76:38
    at /Users/mike/Plate-Restaurant-System-App/node_modules/@testing-library/dom/dist/query-helpers.js:109:15
    at Object.getAllByTestId (/Users/mike/Plate-Restaurant-System-App/__tests__/unit/components/kds/kds-main-content.test.tsx:440:21)
    at Promise.then.completed (/Users/mike/Plate-Restaurant-System-App/node_modules/jest-circus/build/utils.js:298:28)
    at new Promise (&lt;anonymous&gt;)
    at callAsyncCircusFn (/Users/mike/Plate-Restaurant-System-App/node_modules/jest-circus/build/utils.js:231:10)
    at _callCircusTest (/Users/mike/Plate-Restaurant-System-App/node_modules/jest-circus/build/run.js:316:40)
    at _runTest (/Users/mike/Plate-Restaurant-System-App/node_modules/jest-circus/build/run.js:252:3)
    at _runTestsForDescribeBlock (/Users/mike/Plate-Restaurant-System-App/node_modules/jest-circus/build/run.js:126:9)
    at _runTestsForDescribeBlock (/Users/mike/Plate-Restaurant-System-App/node_modules/jest-circus/build/run.js:121:9)
    at _runTestsForDescribeBlock (/Users/mike/Plate-Restaurant-System-App/node_modules/jest-circus/build/run.js:121:9)
    at run (/Users/mike/Plate-Restaurant-System-App/node_modules/jest-circus/build/run.js:71:3)
    at runAndTransformResultsToJestFormat (/Users/mike/Plate-Restaurant-System-App/node_modules/jest-circus/build/legacy-code-todo-rewrite/jestAdapterInit.js:122:21)
    at jestAdapter (/Users/mike/Plate-Restaurant-System-App/node_modules/jest-circus/build/legacy-code-todo-rewrite/jestAdapter.js:79:19)
    at runTestInternal (/Users/mike/Plate-Restaurant-System-App/node_modules/jest-runner/build/runTest.js:367:16)
    at runTest (/Users/mike/Plate-Restaurant-System-App/node_modules/jest-runner/build/runTest.js:444:34)
    at Object.worker (/Users/mike/Plate-Restaurant-System-App/node_modules/jest-runner/build/testWorker.js:106:12)</failure>
    </testcase>
    <testcase classname="KDSMainContent Edge Cases handles empty table groups in table view" name="KDSMainContent Edge Cases handles empty table groups in table view" time="0.005">
      <failure>Error: expect(element).not.toBeInTheDocument()

expected document not to contain element, found &lt;div data-table-id=&quot;table-1&quot; data-testid=&quot;table-group-card&quot;&gt;&lt;div&gt;Table: Table 1&lt;/div&gt;&lt;button&gt;Bump Table&lt;/button&gt;&lt;/div&gt; instead
    at Object.toBeInTheDocument (/Users/mike/Plate-Restaurant-System-App/__tests__/unit/components/kds/kds-main-content.test.tsx:454:60)
    at Promise.then.completed (/Users/mike/Plate-Restaurant-System-App/node_modules/jest-circus/build/utils.js:298:28)
    at new Promise (&lt;anonymous&gt;)
    at callAsyncCircusFn (/Users/mike/Plate-Restaurant-System-App/node_modules/jest-circus/build/utils.js:231:10)
    at _callCircusTest (/Users/mike/Plate-Restaurant-System-App/node_modules/jest-circus/build/run.js:316:40)
    at _runTest (/Users/mike/Plate-Restaurant-System-App/node_modules/jest-circus/build/run.js:252:3)
    at _runTestsForDescribeBlock (/Users/mike/Plate-Restaurant-System-App/node_modules/jest-circus/build/run.js:126:9)
    at _runTestsForDescribeBlock (/Users/mike/Plate-Restaurant-System-App/node_modules/jest-circus/build/run.js:121:9)
    at _runTestsForDescribeBlock (/Users/mike/Plate-Restaurant-System-App/node_modules/jest-circus/build/run.js:121:9)
    at run (/Users/mike/Plate-Restaurant-System-App/node_modules/jest-circus/build/run.js:71:3)
    at runAndTransformResultsToJestFormat (/Users/mike/Plate-Restaurant-System-App/node_modules/jest-circus/build/legacy-code-todo-rewrite/jestAdapterInit.js:122:21)
    at jestAdapter (/Users/mike/Plate-Restaurant-System-App/node_modules/jest-circus/build/legacy-code-todo-rewrite/jestAdapter.js:79:19)
    at runTestInternal (/Users/mike/Plate-Restaurant-System-App/node_modules/jest-runner/build/runTest.js:367:16)
    at runTest (/Users/mike/Plate-Restaurant-System-App/node_modules/jest-runner/build/runTest.js:444:34)
    at Object.worker (/Users/mike/Plate-Restaurant-System-App/node_modules/jest-runner/build/testWorker.js:106:12)</failure>
    </testcase>
    <testcase classname="KDSMainContent Accessibility has proper ARIA structure" name="KDSMainContent Accessibility has proper ARIA structure" time="0.013">
    </testcase>
    <testcase classname="KDSMainContent Accessibility supports keyboard navigation" name="KDSMainContent Accessibility supports keyboard navigation" time="0.017">
    </testcase>
    <testcase classname="KDSMainContent Accessibility maintains focus management in different view modes" name="KDSMainContent Accessibility maintains focus management in different view modes" time="0.007">
      <failure>TestingLibraryElementError: Unable to find an element with the text: Bump. This could be because the text is broken up by multiple elements. In this case, you can provide a function for your text matcher to make your matcher more flexible.

Ignored nodes: comments, script, style
&lt;body&gt;
  &lt;div&gt;
    &lt;div&gt;
      &lt;div
        class=&quot;flex-1&quot;
      &gt;
        &lt;div
          class=&quot;relative overflow-hidden h-full&quot;
          dir=&quot;ltr&quot;
          style=&quot;position: relative; --radix-scroll-area-corner-width: 0px; --radix-scroll-area-corner-height: 0px;&quot;
        &gt;
          &lt;div
            class=&quot;h-full w-full rounded-[inherit]&quot;
            data-radix-scroll-area-viewport=&quot;&quot;
            style=&quot;overflow-x: hidden; overflow-y: scroll;&quot;
          &gt;
            &lt;div
              style=&quot;min-width: 100%; display: table;&quot;
            &gt;
              &lt;div
                class=&quot;p-4 grid gap-4 grid-cols-1 lg:grid-cols-2 xl:grid-cols-3&quot;
              &gt;
                &lt;div
                  data-table-id=&quot;table-1&quot;
                  data-testid=&quot;table-group-card&quot;
                &gt;
                  &lt;div&gt;
                    Table: 
                    Table 1
                  &lt;/div&gt;
                  &lt;button&gt;
                    Bump Table
                  &lt;/button&gt;
                &lt;/div&gt;
              &lt;/div&gt;
            &lt;/div&gt;
          &lt;/div&gt;
        &lt;/div&gt;
      &lt;/div&gt;
      &lt;div
        aria-label=&quot;Notifications (F8)&quot;
        role=&quot;region&quot;
        style=&quot;pointer-events: none;&quot;
        tabindex=&quot;-1&quot;
      &gt;
        &lt;ol
          class=&quot;fixed top-0 z-[100] flex max-h-screen w-full flex-col-reverse p-4 sm:bottom-0 sm:right-0 sm:top-auto sm:flex-col md:max-w-[420px]&quot;
          tabindex=&quot;-1&quot;
        /&gt;
      &lt;/div&gt;
    &lt;/div&gt;
  &lt;/div&gt;
&lt;/body&gt;
    at Object.getElementError (/Users/mike/Plate-Restaurant-System-App/node_modules/@testing-library/dom/dist/config.js:37:19)
    at /Users/mike/Plate-Restaurant-System-App/node_modules/@testing-library/dom/dist/query-helpers.js:76:38
    at /Users/mike/Plate-Restaurant-System-App/node_modules/@testing-library/dom/dist/query-helpers.js:52:17
    at /Users/mike/Plate-Restaurant-System-App/node_modules/@testing-library/dom/dist/query-helpers.js:95:19
    at Object.getByText (/Users/mike/Plate-Restaurant-System-App/__tests__/unit/components/kds/kds-main-content.test.tsx:485:33)
    at Promise.then.completed (/Users/mike/Plate-Restaurant-System-App/node_modules/jest-circus/build/utils.js:298:28)
    at new Promise (&lt;anonymous&gt;)
    at callAsyncCircusFn (/Users/mike/Plate-Restaurant-System-App/node_modules/jest-circus/build/utils.js:231:10)
    at _callCircusTest (/Users/mike/Plate-Restaurant-System-App/node_modules/jest-circus/build/run.js:316:40)
    at _runTest (/Users/mike/Plate-Restaurant-System-App/node_modules/jest-circus/build/run.js:252:3)
    at _runTestsForDescribeBlock (/Users/mike/Plate-Restaurant-System-App/node_modules/jest-circus/build/run.js:126:9)
    at _runTestsForDescribeBlock (/Users/mike/Plate-Restaurant-System-App/node_modules/jest-circus/build/run.js:121:9)
    at _runTestsForDescribeBlock (/Users/mike/Plate-Restaurant-System-App/node_modules/jest-circus/build/run.js:121:9)
    at run (/Users/mike/Plate-Restaurant-System-App/node_modules/jest-circus/build/run.js:71:3)
    at runAndTransformResultsToJestFormat (/Users/mike/Plate-Restaurant-System-App/node_modules/jest-circus/build/legacy-code-todo-rewrite/jestAdapterInit.js:122:21)
    at jestAdapter (/Users/mike/Plate-Restaurant-System-App/node_modules/jest-circus/build/legacy-code-todo-rewrite/jestAdapter.js:79:19)
    at runTestInternal (/Users/mike/Plate-Restaurant-System-App/node_modules/jest-runner/build/runTest.js:367:16)
    at runTest (/Users/mike/Plate-Restaurant-System-App/node_modules/jest-runner/build/runTest.js:444:34)
    at Object.worker (/Users/mike/Plate-Restaurant-System-App/node_modules/jest-runner/build/testWorker.js:106:12)</failure>
    </testcase>
    <testcase classname="KDSMainContent Error Recovery recovers from error state when data loads successfully" name="KDSMainContent Error Recovery recovers from error state when data loads successfully" time="0.013">
      <failure>Error: expect(element).not.toBeInTheDocument()

expected document not to contain element, found &lt;div class=&quot;text-sm [&amp;_p]:leading-relaxed&quot;&gt;Failed to load orders: Network error&lt;/div&gt; instead
    at Object.toBeInTheDocument (/Users/mike/Plate-Restaurant-System-App/__tests__/unit/components/kds/kds-main-content.test.tsx:509:64)
    at Promise.then.completed (/Users/mike/Plate-Restaurant-System-App/node_modules/jest-circus/build/utils.js:298:28)
    at new Promise (&lt;anonymous&gt;)
    at callAsyncCircusFn (/Users/mike/Plate-Restaurant-System-App/node_modules/jest-circus/build/utils.js:231:10)
    at _callCircusTest (/Users/mike/Plate-Restaurant-System-App/node_modules/jest-circus/build/run.js:316:40)
    at _runTest (/Users/mike/Plate-Restaurant-System-App/node_modules/jest-circus/build/run.js:252:3)
    at _runTestsForDescribeBlock (/Users/mike/Plate-Restaurant-System-App/node_modules/jest-circus/build/run.js:126:9)
    at _runTestsForDescribeBlock (/Users/mike/Plate-Restaurant-System-App/node_modules/jest-circus/build/run.js:121:9)
    at _runTestsForDescribeBlock (/Users/mike/Plate-Restaurant-System-App/node_modules/jest-circus/build/run.js:121:9)
    at run (/Users/mike/Plate-Restaurant-System-App/node_modules/jest-circus/build/run.js:71:3)
    at runAndTransformResultsToJestFormat (/Users/mike/Plate-Restaurant-System-App/node_modules/jest-circus/build/legacy-code-todo-rewrite/jestAdapterInit.js:122:21)
    at jestAdapter (/Users/mike/Plate-Restaurant-System-App/node_modules/jest-circus/build/legacy-code-todo-rewrite/jestAdapter.js:79:19)
    at runTestInternal (/Users/mike/Plate-Restaurant-System-App/node_modules/jest-runner/build/runTest.js:367:16)
    at runTest (/Users/mike/Plate-Restaurant-System-App/node_modules/jest-runner/build/runTest.js:444:34)
    at Object.worker (/Users/mike/Plate-Restaurant-System-App/node_modules/jest-runner/build/testWorker.js:106:12)</failure>
    </testcase>
    <testcase classname="KDSMainContent Error Recovery clears error when switching between states" name="KDSMainContent Error Recovery clears error when switching between states" time="0.019">
      <failure>Error: expect(element).not.toBeInTheDocument()

expected document not to contain element, found &lt;div class=&quot;text-sm [&amp;_p]:leading-relaxed&quot;&gt;Failed to load orders: Connection error&lt;/div&gt; instead
    at Object.toBeInTheDocument (/Users/mike/Plate-Restaurant-System-App/__tests__/unit/components/kds/kds-main-content.test.tsx:524:64)
    at Promise.then.completed (/Users/mike/Plate-Restaurant-System-App/node_modules/jest-circus/build/utils.js:298:28)
    at new Promise (&lt;anonymous&gt;)
    at callAsyncCircusFn (/Users/mike/Plate-Restaurant-System-App/node_modules/jest-circus/build/utils.js:231:10)
    at _callCircusTest (/Users/mike/Plate-Restaurant-System-App/node_modules/jest-circus/build/run.js:316:40)
    at _runTest (/Users/mike/Plate-Restaurant-System-App/node_modules/jest-circus/build/run.js:252:3)
    at _runTestsForDescribeBlock (/Users/mike/Plate-Restaurant-System-App/node_modules/jest-circus/build/run.js:126:9)
    at _runTestsForDescribeBlock (/Users/mike/Plate-Restaurant-System-App/node_modules/jest-circus/build/run.js:121:9)
    at _runTestsForDescribeBlock (/Users/mike/Plate-Restaurant-System-App/node_modules/jest-circus/build/run.js:121:9)
    at run (/Users/mike/Plate-Restaurant-System-App/node_modules/jest-circus/build/run.js:71:3)
    at runAndTransformResultsToJestFormat (/Users/mike/Plate-Restaurant-System-App/node_modules/jest-circus/build/legacy-code-todo-rewrite/jestAdapterInit.js:122:21)
    at jestAdapter (/Users/mike/Plate-Restaurant-System-App/node_modules/jest-circus/build/legacy-code-todo-rewrite/jestAdapter.js:79:19)
    at runTestInternal (/Users/mike/Plate-Restaurant-System-App/node_modules/jest-runner/build/runTest.js:367:16)
    at runTest (/Users/mike/Plate-Restaurant-System-App/node_modules/jest-runner/build/runTest.js:444:34)
    at Object.worker (/Users/mike/Plate-Restaurant-System-App/node_modules/jest-runner/build/testWorker.js:106:12)</failure>
    </testcase>
    <testcase classname="KDSMainContent Styling and Layout applies custom className" name="KDSMainContent Styling and Layout applies custom className" time="0.005">
      <failure>Error: expect(element).toHaveClass(&quot;custom-class&quot;)

Expected the element to have class:
  custom-class
Received:

    at Object.toHaveClass (/Users/mike/Plate-Restaurant-System-App/__tests__/unit/components/kds/kds-main-content.test.tsx:535:36)
    at Promise.then.completed (/Users/mike/Plate-Restaurant-System-App/node_modules/jest-circus/build/utils.js:298:28)
    at new Promise (&lt;anonymous&gt;)
    at callAsyncCircusFn (/Users/mike/Plate-Restaurant-System-App/node_modules/jest-circus/build/utils.js:231:10)
    at _callCircusTest (/Users/mike/Plate-Restaurant-System-App/node_modules/jest-circus/build/run.js:316:40)
    at _runTest (/Users/mike/Plate-Restaurant-System-App/node_modules/jest-circus/build/run.js:252:3)
    at _runTestsForDescribeBlock (/Users/mike/Plate-Restaurant-System-App/node_modules/jest-circus/build/run.js:126:9)
    at _runTestsForDescribeBlock (/Users/mike/Plate-Restaurant-System-App/node_modules/jest-circus/build/run.js:121:9)
    at _runTestsForDescribeBlock (/Users/mike/Plate-Restaurant-System-App/node_modules/jest-circus/build/run.js:121:9)
    at run (/Users/mike/Plate-Restaurant-System-App/node_modules/jest-circus/build/run.js:71:3)
    at runAndTransformResultsToJestFormat (/Users/mike/Plate-Restaurant-System-App/node_modules/jest-circus/build/legacy-code-todo-rewrite/jestAdapterInit.js:122:21)
    at jestAdapter (/Users/mike/Plate-Restaurant-System-App/node_modules/jest-circus/build/legacy-code-todo-rewrite/jestAdapter.js:79:19)
    at runTestInternal (/Users/mike/Plate-Restaurant-System-App/node_modules/jest-runner/build/runTest.js:367:16)
    at runTest (/Users/mike/Plate-Restaurant-System-App/node_modules/jest-runner/build/runTest.js:444:34)
    at Object.worker (/Users/mike/Plate-Restaurant-System-App/node_modules/jest-runner/build/testWorker.js:106:12)</failure>
    </testcase>
    <testcase classname="KDSMainContent Styling and Layout maintains responsive grid layout" name="KDSMainContent Styling and Layout maintains responsive grid layout" time="0.003">
      <failure>Error: expect(received).toHaveClass()

received value must be an HTMLElement or an SVGElement.
Received has value: null
    at __EXTERNAL_MATCHER_TRAP__ (/Users/mike/Plate-Restaurant-System-App/node_modules/expect/build/index.js:325:30)
    at Object.throwingMatcher [as toHaveClass] (/Users/mike/Plate-Restaurant-System-App/node_modules/expect/build/index.js:326:15)
    at Object.toHaveClass (/Users/mike/Plate-Restaurant-System-App/__tests__/unit/components/kds/kds-main-content.test.tsx:542:29)
    at Promise.then.completed (/Users/mike/Plate-Restaurant-System-App/node_modules/jest-circus/build/utils.js:298:28)
    at new Promise (&lt;anonymous&gt;)
    at callAsyncCircusFn (/Users/mike/Plate-Restaurant-System-App/node_modules/jest-circus/build/utils.js:231:10)
    at _callCircusTest (/Users/mike/Plate-Restaurant-System-App/node_modules/jest-circus/build/run.js:316:40)
    at _runTest (/Users/mike/Plate-Restaurant-System-App/node_modules/jest-circus/build/run.js:252:3)
    at _runTestsForDescribeBlock (/Users/mike/Plate-Restaurant-System-App/node_modules/jest-circus/build/run.js:126:9)
    at _runTestsForDescribeBlock (/Users/mike/Plate-Restaurant-System-App/node_modules/jest-circus/build/run.js:121:9)
    at _runTestsForDescribeBlock (/Users/mike/Plate-Restaurant-System-App/node_modules/jest-circus/build/run.js:121:9)
    at run (/Users/mike/Plate-Restaurant-System-App/node_modules/jest-circus/build/run.js:71:3)
    at runAndTransformResultsToJestFormat (/Users/mike/Plate-Restaurant-System-App/node_modules/jest-circus/build/legacy-code-todo-rewrite/jestAdapterInit.js:122:21)
    at jestAdapter (/Users/mike/Plate-Restaurant-System-App/node_modules/jest-circus/build/legacy-code-todo-rewrite/jestAdapter.js:79:19)
    at runTestInternal (/Users/mike/Plate-Restaurant-System-App/node_modules/jest-runner/build/runTest.js:367:16)
    at runTest (/Users/mike/Plate-Restaurant-System-App/node_modules/jest-runner/build/runTest.js:444:34)
    at Object.worker (/Users/mike/Plate-Restaurant-System-App/node_modules/jest-runner/build/testWorker.js:106:12)</failure>
    </testcase>
    <testcase classname="KDSMainContent Styling and Layout applies proper spacing and padding" name="KDSMainContent Styling and Layout applies proper spacing and padding" time="0.003">
    </testcase>
  </testsuite>
  <testsuite name="GrillStation" errors="0" failures="6" skipped="0" timestamp="2025-06-14T22:11:01" time="1.355" tests="35">
    <testcase classname="GrillStation Rendering renders with title and flame icon" name="GrillStation Rendering renders with title and flame icon" time="0.043">
      <failure>TestingLibraryElementError: Unable to find an element by: [data-testid=&quot;flame-icon&quot;]

Ignored nodes: comments, script, style
&lt;body&gt;
  &lt;div&gt;
    &lt;div&gt;
      &lt;div
        class=&quot;space-y-4&quot;
      &gt;
        &lt;div
          class=&quot;flex items-center justify-between&quot;
        &gt;
          &lt;div
            class=&quot;flex items-center gap-2&quot;
          &gt;
            &lt;svg
              class=&quot;lucide lucide-flame h-5 w-5 text-orange-500&quot;
              fill=&quot;none&quot;
              height=&quot;24&quot;
              stroke=&quot;currentColor&quot;
              stroke-linecap=&quot;round&quot;
              stroke-linejoin=&quot;round&quot;
              stroke-width=&quot;2&quot;
              viewBox=&quot;0 0 24 24&quot;
              width=&quot;24&quot;
              xmlns=&quot;http://www.w3.org/2000/svg&quot;
            &gt;
              &lt;path
                d=&quot;M8.5 14.5A2.5 2.5 0 0 0 11 12c0-1.38-.5-2-1-3-1.072-2.143-.224-4.054 2-6 .5 2.5 2 4.9 4 6.5 2 1.6 3 3.5 3 5.5a7 7 0 1 1-14 0c0-1.153.433-2.294 1-3a2.5 2.5 0 0 0 2.5 2.5z&quot;
              /&gt;
            &lt;/svg&gt;
            &lt;h2
              class=&quot;text-lg font-semibold text-white&quot;
            &gt;
              Grill Station
            &lt;/h2&gt;
          &lt;/div&gt;
          &lt;div
            class=&quot;inline-flex items-center rounded-full border px-2.5 py-0.5 text-xs font-semibold transition-colors focus:outline-none focus:ring-2 focus:ring-ring focus:ring-offset-2 border-transparent hover:bg-secondary/80 bg-green-900/40 text-green-400&quot;
          &gt;
            0
             active
          &lt;/div&gt;
        &lt;/div&gt;
        &lt;div
          class=&quot;text-center py-8 text-gray-500&quot;
        &gt;
          &lt;svg
            class=&quot;lucide lucide-flame h-12 w-12 mx-auto mb-4 opacity-50&quot;
            fill=&quot;none&quot;
            height=&quot;24&quot;
            stroke=&quot;currentColor&quot;
            stroke-linecap=&quot;round&quot;
            stroke-linejoin=&quot;round&quot;
            stroke-width=&quot;2&quot;
            viewBox=&quot;0 0 24 24&quot;
            width=&quot;24&quot;
            xmlns=&quot;http://www.w3.org/2000/svg&quot;
          &gt;
            &lt;path
              d=&quot;M8.5 14.5A2.5 2.5 0 0 0 11 12c0-1.38-.5-2-1-3-1.072-2.143-.224-4.054 2-6 .5 2.5 2 4.9 4 6.5 2 1.6 3 3.5 3 5.5a7 7 0 1 1-14 0c0-1.153.433-2.294 1-3a2.5 2.5 0 0 0 2.5 2.5z&quot;
            /&gt;
          &lt;/svg&gt;
          &lt;p&gt;
            No grill orders
          &lt;/p&gt;
        &lt;/div&gt;
      &lt;/div&gt;
      &lt;div
        aria-label=&quot;Notifications (F8)&quot;
        role=&quot;region&quot;
        style=&quot;pointer-events: none;&quot;
        tabindex=&quot;-1&quot;
      &gt;
        &lt;ol
          class=&quot;fixed top-0 z-[100] flex max-h-screen w-full flex-col-reverse p-4 sm:bottom-0 sm:right-0 sm:top-auto sm:flex-col md:max-w-[420px]&quot;
          tabindex=&quot;-1&quot;
        /&gt;
      &lt;/div&gt;
    &lt;/div&gt;
  &lt;/div&gt;
&lt;/body&gt;
    at Object.getElementError (/Users/mike/Plate-Restaurant-System-App/node_modules/@testing-library/dom/dist/config.js:37:19)
    at /Users/mike/Plate-Restaurant-System-App/node_modules/@testing-library/dom/dist/query-helpers.js:76:38
    at /Users/mike/Plate-Restaurant-System-App/node_modules/@testing-library/dom/dist/query-helpers.js:52:17
    at /Users/mike/Plate-Restaurant-System-App/node_modules/@testing-library/dom/dist/query-helpers.js:95:19
    at Object.getByTestId (/Users/mike/Plate-Restaurant-System-App/__tests__/unit/components/kds/stations/grill-station.test.tsx:26:21)
    at Promise.then.completed (/Users/mike/Plate-Restaurant-System-App/node_modules/jest-circus/build/utils.js:298:28)
    at new Promise (&lt;anonymous&gt;)
    at callAsyncCircusFn (/Users/mike/Plate-Restaurant-System-App/node_modules/jest-circus/build/utils.js:231:10)
    at _callCircusTest (/Users/mike/Plate-Restaurant-System-App/node_modules/jest-circus/build/run.js:316:40)
    at processTicksAndRejections (node:internal/process/task_queues:105:5)
    at _runTest (/Users/mike/Plate-Restaurant-System-App/node_modules/jest-circus/build/run.js:252:3)
    at _runTestsForDescribeBlock (/Users/mike/Plate-Restaurant-System-App/node_modules/jest-circus/build/run.js:126:9)
    at _runTestsForDescribeBlock (/Users/mike/Plate-Restaurant-System-App/node_modules/jest-circus/build/run.js:121:9)
    at _runTestsForDescribeBlock (/Users/mike/Plate-Restaurant-System-App/node_modules/jest-circus/build/run.js:121:9)
    at run (/Users/mike/Plate-Restaurant-System-App/node_modules/jest-circus/build/run.js:71:3)
    at runAndTransformResultsToJestFormat (/Users/mike/Plate-Restaurant-System-App/node_modules/jest-circus/build/legacy-code-todo-rewrite/jestAdapterInit.js:122:21)
    at jestAdapter (/Users/mike/Plate-Restaurant-System-App/node_modules/jest-circus/build/legacy-code-todo-rewrite/jestAdapter.js:79:19)
    at runTestInternal (/Users/mike/Plate-Restaurant-System-App/node_modules/jest-runner/build/runTest.js:367:16)
    at runTest (/Users/mike/Plate-Restaurant-System-App/node_modules/jest-runner/build/runTest.js:444:34)
    at Object.worker (/Users/mike/Plate-Restaurant-System-App/node_modules/jest-runner/build/testWorker.js:106:12)</failure>
    </testcase>
    <testcase classname="GrillStation Rendering applies custom className" name="GrillStation Rendering applies custom className" time="0.005">
      <failure>Error: expect(element).toHaveClass(&quot;custom-class&quot;)

Expected the element to have class:
  custom-class
Received:

    at Object.toHaveClass (/Users/mike/Plate-Restaurant-System-App/__tests__/unit/components/kds/stations/grill-station.test.tsx:34:36)
    at Promise.then.completed (/Users/mike/Plate-Restaurant-System-App/node_modules/jest-circus/build/utils.js:298:28)
    at new Promise (&lt;anonymous&gt;)
    at callAsyncCircusFn (/Users/mike/Plate-Restaurant-System-App/node_modules/jest-circus/build/utils.js:231:10)
    at _callCircusTest (/Users/mike/Plate-Restaurant-System-App/node_modules/jest-circus/build/run.js:316:40)
    at processTicksAndRejections (node:internal/process/task_queues:105:5)
    at _runTest (/Users/mike/Plate-Restaurant-System-App/node_modules/jest-circus/build/run.js:252:3)
    at _runTestsForDescribeBlock (/Users/mike/Plate-Restaurant-System-App/node_modules/jest-circus/build/run.js:126:9)
    at _runTestsForDescribeBlock (/Users/mike/Plate-Restaurant-System-App/node_modules/jest-circus/build/run.js:121:9)
    at _runTestsForDescribeBlock (/Users/mike/Plate-Restaurant-System-App/node_modules/jest-circus/build/run.js:121:9)
    at run (/Users/mike/Plate-Restaurant-System-App/node_modules/jest-circus/build/run.js:71:3)
    at runAndTransformResultsToJestFormat (/Users/mike/Plate-Restaurant-System-App/node_modules/jest-circus/build/legacy-code-todo-rewrite/jestAdapterInit.js:122:21)
    at jestAdapter (/Users/mike/Plate-Restaurant-System-App/node_modules/jest-circus/build/legacy-code-todo-rewrite/jestAdapter.js:79:19)
    at runTestInternal (/Users/mike/Plate-Restaurant-System-App/node_modules/jest-runner/build/runTest.js:367:16)
    at runTest (/Users/mike/Plate-Restaurant-System-App/node_modules/jest-runner/build/runTest.js:444:34)
    at Object.worker (/Users/mike/Plate-Restaurant-System-App/node_modules/jest-runner/build/testWorker.js:106:12)</failure>
    </testcase>
    <testcase classname="GrillStation Rendering shows empty state when no grill orders" name="GrillStation Rendering shows empty state when no grill orders" time="0.006">
    </testcase>
    <testcase classname="GrillStation Order Filtering filters orders containing grill items" name="GrillStation Order Filtering filters orders containing grill items" time="0.03">
    </testcase>
    <testcase classname="GrillStation Order Filtering recognizes all grill items" name="GrillStation Order Filtering recognizes all grill items" time="0.029">
    </testcase>
    <testcase classname="GrillStation Order Filtering handles case-insensitive item matching" name="GrillStation Order Filtering handles case-insensitive item matching" time="0.015">
    </testcase>
    <testcase classname="GrillStation Order Filtering filters partial matches in item names" name="GrillStation Order Filtering filters partial matches in item names" time="0.038">
    </testcase>
    <testcase classname="GrillStation Priority System assigns high priority to grill items" name="GrillStation Priority System assigns high priority to grill items" time="0.005">
      <failure>Error: expect(received).toBeInTheDocument()

received value must be an HTMLElement or an SVGElement.
Received has value: null
    at __EXTERNAL_MATCHER_TRAP__ (/Users/mike/Plate-Restaurant-System-App/node_modules/expect/build/index.js:325:30)
    at Object.throwingMatcher [as toBeInTheDocument] (/Users/mike/Plate-Restaurant-System-App/node_modules/expect/build/index.js:326:15)
    at Object.toBeInTheDocument (/Users/mike/Plate-Restaurant-System-App/__tests__/unit/components/kds/stations/grill-station.test.tsx:136:33)
    at Promise.then.completed (/Users/mike/Plate-Restaurant-System-App/node_modules/jest-circus/build/utils.js:298:28)
    at new Promise (&lt;anonymous&gt;)
    at callAsyncCircusFn (/Users/mike/Plate-Restaurant-System-App/node_modules/jest-circus/build/utils.js:231:10)
    at _callCircusTest (/Users/mike/Plate-Restaurant-System-App/node_modules/jest-circus/build/run.js:316:40)
    at processTicksAndRejections (node:internal/process/task_queues:105:5)
    at _runTest (/Users/mike/Plate-Restaurant-System-App/node_modules/jest-circus/build/run.js:252:3)
    at _runTestsForDescribeBlock (/Users/mike/Plate-Restaurant-System-App/node_modules/jest-circus/build/run.js:126:9)
    at _runTestsForDescribeBlock (/Users/mike/Plate-Restaurant-System-App/node_modules/jest-circus/build/run.js:121:9)
    at _runTestsForDescribeBlock (/Users/mike/Plate-Restaurant-System-App/node_modules/jest-circus/build/run.js:121:9)
    at run (/Users/mike/Plate-Restaurant-System-App/node_modules/jest-circus/build/run.js:71:3)
    at runAndTransformResultsToJestFormat (/Users/mike/Plate-Restaurant-System-App/node_modules/jest-circus/build/legacy-code-todo-rewrite/jestAdapterInit.js:122:21)
    at jestAdapter (/Users/mike/Plate-Restaurant-System-App/node_modules/jest-circus/build/legacy-code-todo-rewrite/jestAdapter.js:79:19)
    at runTestInternal (/Users/mike/Plate-Restaurant-System-App/node_modules/jest-runner/build/runTest.js:367:16)
    at runTest (/Users/mike/Plate-Restaurant-System-App/node_modules/jest-runner/build/runTest.js:444:34)
    at Object.worker (/Users/mike/Plate-Restaurant-System-App/node_modules/jest-runner/build/testWorker.js:106:12)</failure>
    </testcase>
    <testcase classname="GrillStation Priority System assigns medium priority to non-core grill items" name="GrillStation Priority System assigns medium priority to non-core grill items" time="0.005">
    </testcase>
    <testcase classname="GrillStation Priority System sorts orders by priority" name="GrillStation Priority System sorts orders by priority" time="0.033">
    </testcase>
    <testcase classname="GrillStation Priority System sorts by elapsed time within same priority" name="GrillStation Priority System sorts by elapsed time within same priority" time="0.019">
    </testcase>
    <testcase classname="GrillStation Time Estimation displays estimated cooking times correctly" name="GrillStation Time Estimation displays estimated cooking times correctly" time="0.017">
    </testcase>
    <testcase classname="GrillStation Time Estimation calculates max cook time for multiple items" name="GrillStation Time Estimation calculates max cook time for multiple items" time="0.004">
    </testcase>
    <testcase classname="GrillStation Time Estimation highlights overdue orders" name="GrillStation Time Estimation highlights overdue orders" time="0.007">
    </testcase>
    <testcase classname="GrillStation Order Status and Actions shows start button for new orders" name="GrillStation Order Status and Actions shows start button for new orders" time="0.031">
    </testcase>
    <testcase classname="GrillStation Order Status and Actions shows done button for in-progress orders" name="GrillStation Order Status and Actions shows done button for in-progress orders" time="0.004">
    </testcase>
    <testcase classname="GrillStation Order Status and Actions calls onOrderAction when start button is clicked" name="GrillStation Order Status and Actions calls onOrderAction when start button is clicked" time="0.102">
    </testcase>
    <testcase classname="GrillStation Order Status and Actions calls onOrderAction when done button is clicked" name="GrillStation Order Status and Actions calls onOrderAction when done button is clicked" time="0.028">
    </testcase>
    <testcase classname="GrillStation Order Details displays order items with priority highlighting" name="GrillStation Order Details displays order items with priority highlighting" time="0.005">
    </testcase>
    <testcase classname="GrillStation Order Details displays special requests" name="GrillStation Order Details displays special requests" time="0.007">
    </testcase>
    <testcase classname="GrillStation Order Details displays table information" name="GrillStation Order Details displays table information" time="0.004">
    </testcase>
    <testcase classname="GrillStation Active Order Counter counts active orders correctly" name="GrillStation Active Order Counter counts active orders correctly" time="0.03">
    </testcase>
    <testcase classname="GrillStation Active Order Counter shows green badge for low activity (≤2)" name="GrillStation Active Order Counter shows green badge for low activity (≤2)" time="0.006">
      <failure>Error: expect(received).toBeInTheDocument()

received value must be an HTMLElement or an SVGElement.
Received has value: null
    at __EXTERNAL_MATCHER_TRAP__ (/Users/mike/Plate-Restaurant-System-App/node_modules/expect/build/index.js:325:30)
    at Object.throwingMatcher [as toBeInTheDocument] (/Users/mike/Plate-Restaurant-System-App/node_modules/expect/build/index.js:326:15)
    at Object.toBeInTheDocument (/Users/mike/Plate-Restaurant-System-App/__tests__/unit/components/kds/stations/grill-station.test.tsx:426:21)
    at Promise.then.completed (/Users/mike/Plate-Restaurant-System-App/node_modules/jest-circus/build/utils.js:298:28)
    at new Promise (&lt;anonymous&gt;)
    at callAsyncCircusFn (/Users/mike/Plate-Restaurant-System-App/node_modules/jest-circus/build/utils.js:231:10)
    at _callCircusTest (/Users/mike/Plate-Restaurant-System-App/node_modules/jest-circus/build/run.js:316:40)
    at _runTest (/Users/mike/Plate-Restaurant-System-App/node_modules/jest-circus/build/run.js:252:3)
    at _runTestsForDescribeBlock (/Users/mike/Plate-Restaurant-System-App/node_modules/jest-circus/build/run.js:126:9)
    at _runTestsForDescribeBlock (/Users/mike/Plate-Restaurant-System-App/node_modules/jest-circus/build/run.js:121:9)
    at _runTestsForDescribeBlock (/Users/mike/Plate-Restaurant-System-App/node_modules/jest-circus/build/run.js:121:9)
    at run (/Users/mike/Plate-Restaurant-System-App/node_modules/jest-circus/build/run.js:71:3)
    at runAndTransformResultsToJestFormat (/Users/mike/Plate-Restaurant-System-App/node_modules/jest-circus/build/legacy-code-todo-rewrite/jestAdapterInit.js:122:21)
    at jestAdapter (/Users/mike/Plate-Restaurant-System-App/node_modules/jest-circus/build/legacy-code-todo-rewrite/jestAdapter.js:79:19)
    at runTestInternal (/Users/mike/Plate-Restaurant-System-App/node_modules/jest-runner/build/runTest.js:367:16)
    at runTest (/Users/mike/Plate-Restaurant-System-App/node_modules/jest-runner/build/runTest.js:444:34)
    at Object.worker (/Users/mike/Plate-Restaurant-System-App/node_modules/jest-runner/build/testWorker.js:106:12)</failure>
    </testcase>
    <testcase classname="GrillStation Active Order Counter shows yellow badge for medium activity (3-5)" name="GrillStation Active Order Counter shows yellow badge for medium activity (3-5)" time="0.015">
      <failure>Error: expect(received).toBeInTheDocument()

received value must be an HTMLElement or an SVGElement.
Received has value: null
    at __EXTERNAL_MATCHER_TRAP__ (/Users/mike/Plate-Restaurant-System-App/node_modules/expect/build/index.js:325:30)
    at Object.throwingMatcher [as toBeInTheDocument] (/Users/mike/Plate-Restaurant-System-App/node_modules/expect/build/index.js:326:15)
    at Object.toBeInTheDocument (/Users/mike/Plate-Restaurant-System-App/__tests__/unit/components/kds/stations/grill-station.test.tsx:443:21)
    at Promise.then.completed (/Users/mike/Plate-Restaurant-System-App/node_modules/jest-circus/build/utils.js:298:28)
    at new Promise (&lt;anonymous&gt;)
    at callAsyncCircusFn (/Users/mike/Plate-Restaurant-System-App/node_modules/jest-circus/build/utils.js:231:10)
    at _callCircusTest (/Users/mike/Plate-Restaurant-System-App/node_modules/jest-circus/build/run.js:316:40)
    at _runTest (/Users/mike/Plate-Restaurant-System-App/node_modules/jest-circus/build/run.js:252:3)
    at _runTestsForDescribeBlock (/Users/mike/Plate-Restaurant-System-App/node_modules/jest-circus/build/run.js:126:9)
    at _runTestsForDescribeBlock (/Users/mike/Plate-Restaurant-System-App/node_modules/jest-circus/build/run.js:121:9)
    at _runTestsForDescribeBlock (/Users/mike/Plate-Restaurant-System-App/node_modules/jest-circus/build/run.js:121:9)
    at run (/Users/mike/Plate-Restaurant-System-App/node_modules/jest-circus/build/run.js:71:3)
    at runAndTransformResultsToJestFormat (/Users/mike/Plate-Restaurant-System-App/node_modules/jest-circus/build/legacy-code-todo-rewrite/jestAdapterInit.js:122:21)
    at jestAdapter (/Users/mike/Plate-Restaurant-System-App/node_modules/jest-circus/build/legacy-code-todo-rewrite/jestAdapter.js:79:19)
    at runTestInternal (/Users/mike/Plate-Restaurant-System-App/node_modules/jest-runner/build/runTest.js:367:16)
    at runTest (/Users/mike/Plate-Restaurant-System-App/node_modules/jest-runner/build/runTest.js:444:34)
    at Object.worker (/Users/mike/Plate-Restaurant-System-App/node_modules/jest-runner/build/testWorker.js:106:12)</failure>
    </testcase>
    <testcase classname="GrillStation Active Order Counter shows red badge for high activity (&gt;5)" name="GrillStation Active Order Counter shows red badge for high activity (&gt;5)" time="0.015">
      <failure>Error: expect(received).toBeInTheDocument()

received value must be an HTMLElement or an SVGElement.
Received has value: null
    at __EXTERNAL_MATCHER_TRAP__ (/Users/mike/Plate-Restaurant-System-App/node_modules/expect/build/index.js:325:30)
    at Object.throwingMatcher [as toBeInTheDocument] (/Users/mike/Plate-Restaurant-System-App/node_modules/expect/build/index.js:326:15)
    at Object.toBeInTheDocument (/Users/mike/Plate-Restaurant-System-App/__tests__/unit/components/kds/stations/grill-station.test.tsx:460:21)
    at Promise.then.completed (/Users/mike/Plate-Restaurant-System-App/node_modules/jest-circus/build/utils.js:298:28)
    at new Promise (&lt;anonymous&gt;)
    at callAsyncCircusFn (/Users/mike/Plate-Restaurant-System-App/node_modules/jest-circus/build/utils.js:231:10)
    at _callCircusTest (/Users/mike/Plate-Restaurant-System-App/node_modules/jest-circus/build/run.js:316:40)
    at _runTest (/Users/mike/Plate-Restaurant-System-App/node_modules/jest-circus/build/run.js:252:3)
    at _runTestsForDescribeBlock (/Users/mike/Plate-Restaurant-System-App/node_modules/jest-circus/build/run.js:126:9)
    at _runTestsForDescribeBlock (/Users/mike/Plate-Restaurant-System-App/node_modules/jest-circus/build/run.js:121:9)
    at _runTestsForDescribeBlock (/Users/mike/Plate-Restaurant-System-App/node_modules/jest-circus/build/run.js:121:9)
    at run (/Users/mike/Plate-Restaurant-System-App/node_modules/jest-circus/build/run.js:71:3)
    at runAndTransformResultsToJestFormat (/Users/mike/Plate-Restaurant-System-App/node_modules/jest-circus/build/legacy-code-todo-rewrite/jestAdapterInit.js:122:21)
    at jestAdapter (/Users/mike/Plate-Restaurant-System-App/node_modules/jest-circus/build/legacy-code-todo-rewrite/jestAdapter.js:79:19)
    at runTestInternal (/Users/mike/Plate-Restaurant-System-App/node_modules/jest-runner/build/runTest.js:367:16)
    at runTest (/Users/mike/Plate-Restaurant-System-App/node_modules/jest-runner/build/runTest.js:444:34)
    at Object.worker (/Users/mike/Plate-Restaurant-System-App/node_modules/jest-runner/build/testWorker.js:106:12)</failure>
    </testcase>
    <testcase classname="GrillStation Performance handles large number of orders efficiently" name="GrillStation Performance handles large number of orders efficiently" time="0.092">
    </testcase>
    <testcase classname="GrillStation Performance memoizes order cards to prevent unnecessary re-renders" name="GrillStation Performance memoizes order cards to prevent unnecessary re-renders" time="0.005">
    </testcase>
    <testcase classname="GrillStation Edge Cases handles orders with no items" name="GrillStation Edge Cases handles orders with no items" time="0.004">
    </testcase>
    <testcase classname="GrillStation Edge Cases handles orders with null/undefined items" name="GrillStation Edge Cases handles orders with null/undefined items" time="0.006">
    </testcase>
    <testcase classname="GrillStation Edge Cases handles missing elapsed_seconds" name="GrillStation Edge Cases handles missing elapsed_seconds" time="0.007">
    </testcase>
    <testcase classname="GrillStation Edge Cases handles missing table_label" name="GrillStation Edge Cases handles missing table_label" time="0.005">
    </testcase>
    <testcase classname="GrillStation Accessibility has proper ARIA labels and structure" name="GrillStation Accessibility has proper ARIA labels and structure" time="0.019">
    </testcase>
    <testcase classname="GrillStation Accessibility supports keyboard navigation" name="GrillStation Accessibility supports keyboard navigation" time="0.034">
    </testcase>
    <testcase classname="GrillStation Accessibility has semantic color coding for status" name="GrillStation Accessibility has semantic color coding for status" time="0.006">
    </testcase>
    <testcase classname="GrillStation Station Integration integrates properly with KDS action system" name="GrillStation Station Integration integrates properly with KDS action system" time="0.019">
    </testcase>
  </testsuite>
  <testsuite name="KDSHeader" errors="0" failures="26" skipped="0" timestamp="2025-06-14T22:11:01" time="3.017" tests="41">
    <testcase classname="KDSHeader Rendering renders with default props" name="KDSHeader Rendering renders with default props" time="0.149">
    </testcase>
    <testcase classname="KDSHeader Rendering applies custom className" name="KDSHeader Rendering applies custom className" time="0.031">
      <failure>Error: expect(element).toHaveClass(&quot;custom-class&quot;)

Expected the element to have class:
  custom-class
Received:

    at Object.toHaveClass (/Users/mike/Plate-Restaurant-System-App/__tests__/unit/components/kds/kds-header.test.tsx:66:36)
    at Promise.then.completed (/Users/mike/Plate-Restaurant-System-App/node_modules/jest-circus/build/utils.js:298:28)
    at new Promise (&lt;anonymous&gt;)
    at callAsyncCircusFn (/Users/mike/Plate-Restaurant-System-App/node_modules/jest-circus/build/utils.js:231:10)
    at _callCircusTest (/Users/mike/Plate-Restaurant-System-App/node_modules/jest-circus/build/run.js:316:40)
    at processTicksAndRejections (node:internal/process/task_queues:105:5)
    at _runTest (/Users/mike/Plate-Restaurant-System-App/node_modules/jest-circus/build/run.js:252:3)
    at _runTestsForDescribeBlock (/Users/mike/Plate-Restaurant-System-App/node_modules/jest-circus/build/run.js:126:9)
    at _runTestsForDescribeBlock (/Users/mike/Plate-Restaurant-System-App/node_modules/jest-circus/build/run.js:121:9)
    at _runTestsForDescribeBlock (/Users/mike/Plate-Restaurant-System-App/node_modules/jest-circus/build/run.js:121:9)
    at run (/Users/mike/Plate-Restaurant-System-App/node_modules/jest-circus/build/run.js:71:3)
    at runAndTransformResultsToJestFormat (/Users/mike/Plate-Restaurant-System-App/node_modules/jest-circus/build/legacy-code-todo-rewrite/jestAdapterInit.js:122:21)
    at jestAdapter (/Users/mike/Plate-Restaurant-System-App/node_modules/jest-circus/build/legacy-code-todo-rewrite/jestAdapter.js:79:19)
    at runTestInternal (/Users/mike/Plate-Restaurant-System-App/node_modules/jest-runner/build/runTest.js:367:16)
    at runTest (/Users/mike/Plate-Restaurant-System-App/node_modules/jest-runner/build/runTest.js:444:34)
    at Object.worker (/Users/mike/Plate-Restaurant-System-App/node_modules/jest-runner/build/testWorker.js:106:12)</failure>
    </testcase>
    <testcase classname="KDSHeader Rendering renders fullscreen toggle when onToggleFullscreen is provided" name="KDSHeader Rendering renders fullscreen toggle when onToggleFullscreen is provided" time="0.085">
      <failure>TestingLibraryElementError: Unable to find a label with the text of: /maximize|minimize/i

Ignored nodes: comments, script, style
&lt;body&gt;
  &lt;div&gt;
    &lt;div&gt;
      &lt;div
        class=&quot;flex items-center justify-between p-4 bg-gray-900 border-b border-gray-700&quot;
      &gt;
        &lt;div
          class=&quot;flex items-center gap-6&quot;
        &gt;
          &lt;h1
            class=&quot;text-xl font-semibold text-white&quot;
          &gt;
            Kitchen Display
          &lt;/h1&gt;
          &lt;div
            class=&quot;flex items-center gap-2&quot;
          &gt;
            &lt;svg
              class=&quot;lucide lucide-wifi h-4 w-4 text-green-400&quot;
              fill=&quot;none&quot;
              height=&quot;24&quot;
              stroke=&quot;currentColor&quot;
              stroke-linecap=&quot;round&quot;
              stroke-linejoin=&quot;round&quot;
              stroke-width=&quot;2&quot;
              viewBox=&quot;0 0 24 24&quot;
              width=&quot;24&quot;
              xmlns=&quot;http://www.w3.org/2000/svg&quot;
            &gt;
              &lt;path
                d=&quot;M12 20h.01&quot;
              /&gt;
              &lt;path
                d=&quot;M2 8.82a15 15 0 0 1 20 0&quot;
              /&gt;
              &lt;path
                d=&quot;M5 12.859a10 10 0 0 1 14 0&quot;
              /&gt;
              &lt;path
                d=&quot;M8.5 16.429a5 5 0 0 1 7 0&quot;
              /&gt;
            &lt;/svg&gt;
            &lt;div
              class=&quot;inline-flex items-center rounded-full border px-2.5 py-0.5 text-xs font-semibold transition-colors focus:outline-none focus:ring-2 focus:ring-ring focus:ring-offset-2 hover:bg-secondary/80 bg-green-900/40 text-green-400 border-green-700&quot;
            &gt;
              Connected
            &lt;/div&gt;
          &lt;/div&gt;
          &lt;div
            class=&quot;flex items-center gap-4 text-sm&quot;
          &gt;
            &lt;div
              class=&quot;flex items-center gap-2&quot;
            &gt;
              &lt;span
                class=&quot;text-gray-400&quot;
              &gt;
                Total:
              &lt;/span&gt;
              &lt;div
                class=&quot;inline-flex items-center rounded-full border px-2.5 py-0.5 text-xs font-semibold transition-colors focus:outline-none focus:ring-2 focus:ring-ring focus:ring-offset-2 border-transparent hover:bg-secondary/80 bg-gray-700 text-gray-300&quot;
              &gt;
                0
              &lt;/div&gt;
            &lt;/div&gt;
            &lt;div
              class=&quot;flex items-center gap-2&quot;
            &gt;
              &lt;span
                class=&quot;text-gray-400&quot;
              &gt;
                Active:
              &lt;/span&gt;
              &lt;div
                class=&quot;inline-flex items-center rounded-full border px-2.5 py-0.5 text-xs font-semibold transition-colors focus:outline-none focus:ring-2 focus:ring-ring focus:ring-offset-2 border-transparent hover:bg-secondary/80 bg-green-900/40 text-green-400&quot;
              &gt;
                0
              &lt;/div&gt;
            &lt;/div&gt;
          &lt;/div&gt;
        &lt;/div&gt;
        &lt;div
          class=&quot;flex items-center gap-4&quot;
        &gt;
          &lt;div
            class=&quot;flex items-center gap-2&quot;
          &gt;
            &lt;svg
              class=&quot;lucide lucide-map-pin h-4 w-4 text-blue-400&quot;
              fill=&quot;none&quot;
              height=&quot;24&quot;
              stroke=&quot;currentColor&quot;
              stroke-linecap=&quot;round&quot;
              stroke-linejoin=&quot;round&quot;
              stroke-width=&quot;2&quot;
              viewBox=&quot;0 0 24 24&quot;
              width=&quot;24&quot;
              xmlns=&quot;http://www.w3.org/2000/svg&quot;
            &gt;
              &lt;path
                d=&quot;M20 10c0 4.993-5.539 10.193-7.399 11.799a1 1 0 0 1-1.202 0C9.539 20.193 4 14.993 4 10a8 8 0 0 1 16 0&quot;
              /&gt;
              &lt;circle
                cx=&quot;12&quot;
                cy=&quot;10&quot;
                r=&quot;3&quot;
              /&gt;
            &lt;/svg&gt;
            &lt;button
              aria-autocomplete=&quot;none&quot;
              aria-controls=&quot;radix-«ro»&quot;
              aria-expanded=&quot;false&quot;
              class=&quot;flex h-10 items-center justify-between rounded-md border px-3 py-2 text-sm ring-offset-background placeholder:text-muted-foreground focus:outline-none focus:ring-2 focus:ring-ring focus:ring-offset-2 disabled:cursor-not-allowed disabled:opacity-50 [&amp;&gt;span]:line-clamp-1 w-40 bg-gray-800 border-gray-600&quot;
              data-state=&quot;closed&quot;
              dir=&quot;ltr&quot;
              role=&quot;combobox&quot;
              type=&quot;button&quot;
            &gt;
              &lt;span
                style=&quot;pointer-events: none;&quot;
              &gt;
                All Stations
              &lt;/span&gt;
              &lt;svg
                aria-hidden=&quot;true&quot;
                class=&quot;lucide lucide-chevron-down h-4 w-4 opacity-50&quot;
                fill=&quot;none&quot;
                height=&quot;24&quot;
                stroke=&quot;currentColor&quot;
                stroke-linecap=&quot;round&quot;
                stroke-linejoin=&quot;round&quot;
                stroke-width=&quot;2&quot;
                viewBox=&quot;0 0 24 24&quot;
                width=&quot;24&quot;
                xmlns=&quot;http://www.w3.org/2000/svg&quot;
              &gt;
                &lt;path
                  d=&quot;m6 9 6 6 6-6&quot;
                /&gt;
              &lt;/svg&gt;
            &lt;/button&gt;
          &lt;/div&gt;
          &lt;div
            class=&quot;flex items-center gap-2&quot;
          &gt;
            &lt;svg...
    at Object.getElementError (/Users/mike/Plate-Restaurant-System-App/node_modules/@testing-library/dom/dist/config.js:37:19)
    at getAllByLabelText (/Users/mike/Plate-Restaurant-System-App/node_modules/@testing-library/dom/dist/queries/label-text.js:111:38)
    at /Users/mike/Plate-Restaurant-System-App/node_modules/@testing-library/dom/dist/query-helpers.js:52:17
    at /Users/mike/Plate-Restaurant-System-App/node_modules/@testing-library/dom/dist/query-helpers.js:95:19
    at Object.getByLabelText (/Users/mike/Plate-Restaurant-System-App/__tests__/unit/components/kds/kds-header.test.tsx:75:21)
    at Promise.then.completed (/Users/mike/Plate-Restaurant-System-App/node_modules/jest-circus/build/utils.js:298:28)
    at new Promise (&lt;anonymous&gt;)
    at callAsyncCircusFn (/Users/mike/Plate-Restaurant-System-App/node_modules/jest-circus/build/utils.js:231:10)
    at _callCircusTest (/Users/mike/Plate-Restaurant-System-App/node_modules/jest-circus/build/run.js:316:40)
    at processTicksAndRejections (node:internal/process/task_queues:105:5)
    at _runTest (/Users/mike/Plate-Restaurant-System-App/node_modules/jest-circus/build/run.js:252:3)
    at _runTestsForDescribeBlock (/Users/mike/Plate-Restaurant-System-App/node_modules/jest-circus/build/run.js:126:9)
    at _runTestsForDescribeBlock (/Users/mike/Plate-Restaurant-System-App/node_modules/jest-circus/build/run.js:121:9)
    at _runTestsForDescribeBlock (/Users/mike/Plate-Restaurant-System-App/node_modules/jest-circus/build/run.js:121:9)
    at run (/Users/mike/Plate-Restaurant-System-App/node_modules/jest-circus/build/run.js:71:3)
    at runAndTransformResultsToJestFormat (/Users/mike/Plate-Restaurant-System-App/node_modules/jest-circus/build/legacy-code-todo-rewrite/jestAdapterInit.js:122:21)
    at jestAdapter (/Users/mike/Plate-Restaurant-System-App/node_modules/jest-circus/build/legacy-code-todo-rewrite/jestAdapter.js:79:19)
    at runTestInternal (/Users/mike/Plate-Restaurant-System-App/node_modules/jest-runner/build/runTest.js:367:16)
    at runTest (/Users/mike/Plate-Restaurant-System-App/node_modules/jest-runner/build/runTest.js:444:34)
    at Object.worker (/Users/mike/Plate-Restaurant-System-App/node_modules/jest-runner/build/testWorker.js:106:12)</failure>
    </testcase>
    <testcase classname="KDSHeader Rendering does not render fullscreen toggle when onToggleFullscreen is not provided" name="KDSHeader Rendering does not render fullscreen toggle when onToggleFullscreen is not provided" time="0.086">
    </testcase>
    <testcase classname="KDSHeader Connection Status shows connected status when connected" name="KDSHeader Connection Status shows connected status when connected" time="0.07">
      <failure>TestingLibraryElementError: Unable to find an element by: [data-testid=&quot;wifi-icon&quot;]

Ignored nodes: comments, script, style
&lt;body&gt;
  &lt;div&gt;
    &lt;div&gt;
      &lt;div
        class=&quot;flex items-center justify-between p-4 bg-gray-900 border-b border-gray-700&quot;
      &gt;
        &lt;div
          class=&quot;flex items-center gap-6&quot;
        &gt;
          &lt;h1
            class=&quot;text-xl font-semibold text-white&quot;
          &gt;
            Kitchen Display
          &lt;/h1&gt;
          &lt;div
            class=&quot;flex items-center gap-2&quot;
          &gt;
            &lt;svg
              class=&quot;lucide lucide-wifi h-4 w-4 text-green-400&quot;
              fill=&quot;none&quot;
              height=&quot;24&quot;
              stroke=&quot;currentColor&quot;
              stroke-linecap=&quot;round&quot;
              stroke-linejoin=&quot;round&quot;
              stroke-width=&quot;2&quot;
              viewBox=&quot;0 0 24 24&quot;
              width=&quot;24&quot;
              xmlns=&quot;http://www.w3.org/2000/svg&quot;
            &gt;
              &lt;path
                d=&quot;M12 20h.01&quot;
              /&gt;
              &lt;path
                d=&quot;M2 8.82a15 15 0 0 1 20 0&quot;
              /&gt;
              &lt;path
                d=&quot;M5 12.859a10 10 0 0 1 14 0&quot;
              /&gt;
              &lt;path
                d=&quot;M8.5 16.429a5 5 0 0 1 7 0&quot;
              /&gt;
            &lt;/svg&gt;
            &lt;div
              class=&quot;inline-flex items-center rounded-full border px-2.5 py-0.5 text-xs font-semibold transition-colors focus:outline-none focus:ring-2 focus:ring-ring focus:ring-offset-2 hover:bg-secondary/80 bg-green-900/40 text-green-400 border-green-700&quot;
            &gt;
              Connected
            &lt;/div&gt;
          &lt;/div&gt;
          &lt;div
            class=&quot;flex items-center gap-4 text-sm&quot;
          &gt;
            &lt;div
              class=&quot;flex items-center gap-2&quot;
            &gt;
              &lt;span
                class=&quot;text-gray-400&quot;
              &gt;
                Total:
              &lt;/span&gt;
              &lt;div
                class=&quot;inline-flex items-center rounded-full border px-2.5 py-0.5 text-xs font-semibold transition-colors focus:outline-none focus:ring-2 focus:ring-ring focus:ring-offset-2 border-transparent hover:bg-secondary/80 bg-gray-700 text-gray-300&quot;
              &gt;
                0
              &lt;/div&gt;
            &lt;/div&gt;
            &lt;div
              class=&quot;flex items-center gap-2&quot;
            &gt;
              &lt;span
                class=&quot;text-gray-400&quot;
              &gt;
                Active:
              &lt;/span&gt;
              &lt;div
                class=&quot;inline-flex items-center rounded-full border px-2.5 py-0.5 text-xs font-semibold transition-colors focus:outline-none focus:ring-2 focus:ring-ring focus:ring-offset-2 border-transparent hover:bg-secondary/80 bg-green-900/40 text-green-400&quot;
              &gt;
                0
              &lt;/div&gt;
            &lt;/div&gt;
          &lt;/div&gt;
        &lt;/div&gt;
        &lt;div
          class=&quot;flex items-center gap-4&quot;
        &gt;
          &lt;div
            class=&quot;flex items-center gap-2&quot;
          &gt;
            &lt;svg
              class=&quot;lucide lucide-map-pin h-4 w-4 text-blue-400&quot;
              fill=&quot;none&quot;
              height=&quot;24&quot;
              stroke=&quot;currentColor&quot;
              stroke-linecap=&quot;round&quot;
              stroke-linejoin=&quot;round&quot;
              stroke-width=&quot;2&quot;
              viewBox=&quot;0 0 24 24&quot;
              width=&quot;24&quot;
              xmlns=&quot;http://www.w3.org/2000/svg&quot;
            &gt;
              &lt;path
                d=&quot;M20 10c0 4.993-5.539 10.193-7.399 11.799a1 1 0 0 1-1.202 0C9.539 20.193 4 14.993 4 10a8 8 0 0 1 16 0&quot;
              /&gt;
              &lt;circle
                cx=&quot;12&quot;
                cy=&quot;10&quot;
                r=&quot;3&quot;
              /&gt;
            &lt;/svg&gt;
            &lt;button
              aria-autocomplete=&quot;none&quot;
              aria-controls=&quot;radix-«r1g»&quot;
              aria-expanded=&quot;false&quot;
              class=&quot;flex h-10 items-center justify-between rounded-md border px-3 py-2 text-sm ring-offset-background placeholder:text-muted-foreground focus:outline-none focus:ring-2 focus:ring-ring focus:ring-offset-2 disabled:cursor-not-allowed disabled:opacity-50 [&amp;&gt;span]:line-clamp-1 w-40 bg-gray-800 border-gray-600&quot;
              data-state=&quot;closed&quot;
              dir=&quot;ltr&quot;
              role=&quot;combobox&quot;
              type=&quot;button&quot;
            &gt;
              &lt;span
                style=&quot;pointer-events: none;&quot;
              &gt;
                All Stations
              &lt;/span&gt;
              &lt;svg
                aria-hidden=&quot;true&quot;
                class=&quot;lucide lucide-chevron-down h-4 w-4 opacity-50&quot;
                fill=&quot;none&quot;
                height=&quot;24&quot;
                stroke=&quot;currentColor&quot;
                stroke-linecap=&quot;round&quot;
                stroke-linejoin=&quot;round&quot;
                stroke-width=&quot;2&quot;
                viewBox=&quot;0 0 24 24&quot;
                width=&quot;24&quot;
                xmlns=&quot;http://www.w3.org/2000/svg&quot;
              &gt;
                &lt;path
                  d=&quot;m6 9 6 6 6-6&quot;
                /&gt;
              &lt;/svg&gt;
            &lt;/button&gt;
          &lt;/div&gt;
          &lt;div
            class=&quot;flex items-center gap-2&quot;
          &gt;
            &lt;svg[...
    at Object.getElementError (/Users/mike/Plate-Restaurant-System-App/node_modules/@testing-library/dom/dist/config.js:37:19)
    at /Users/mike/Plate-Restaurant-System-App/node_modules/@testing-library/dom/dist/query-helpers.js:76:38
    at /Users/mike/Plate-Restaurant-System-App/node_modules/@testing-library/dom/dist/query-helpers.js:52:17
    at /Users/mike/Plate-Restaurant-System-App/node_modules/@testing-library/dom/dist/query-helpers.js:95:19
    at Object.getByTestId (/Users/mike/Plate-Restaurant-System-App/__tests__/unit/components/kds/kds-header.test.tsx:91:21)
    at Promise.then.completed (/Users/mike/Plate-Restaurant-System-App/node_modules/jest-circus/build/utils.js:298:28)
    at new Promise (&lt;anonymous&gt;)
    at callAsyncCircusFn (/Users/mike/Plate-Restaurant-System-App/node_modules/jest-circus/build/utils.js:231:10)
    at _callCircusTest (/Users/mike/Plate-Restaurant-System-App/node_modules/jest-circus/build/run.js:316:40)
    at processTicksAndRejections (node:internal/process/task_queues:105:5)
    at _runTest (/Users/mike/Plate-Restaurant-System-App/node_modules/jest-circus/build/run.js:252:3)
    at _runTestsForDescribeBlock (/Users/mike/Plate-Restaurant-System-App/node_modules/jest-circus/build/run.js:126:9)
    at _runTestsForDescribeBlock (/Users/mike/Plate-Restaurant-System-App/node_modules/jest-circus/build/run.js:121:9)
    at _runTestsForDescribeBlock (/Users/mike/Plate-Restaurant-System-App/node_modules/jest-circus/build/run.js:121:9)
    at run (/Users/mike/Plate-Restaurant-System-App/node_modules/jest-circus/build/run.js:71:3)
    at runAndTransformResultsToJestFormat (/Users/mike/Plate-Restaurant-System-App/node_modules/jest-circus/build/legacy-code-todo-rewrite/jestAdapterInit.js:122:21)
    at jestAdapter (/Users/mike/Plate-Restaurant-System-App/node_modules/jest-circus/build/legacy-code-todo-rewrite/jestAdapter.js:79:19)
    at runTestInternal (/Users/mike/Plate-Restaurant-System-App/node_modules/jest-runner/build/runTest.js:367:16)
    at runTest (/Users/mike/Plate-Restaurant-System-App/node_modules/jest-runner/build/runTest.js:444:34)
    at Object.worker (/Users/mike/Plate-Restaurant-System-App/node_modules/jest-runner/build/testWorker.js:106:12)</failure>
    </testcase>
    <testcase classname="KDSHeader Connection Status shows disconnected status when disconnected" name="KDSHeader Connection Status shows disconnected status when disconnected" time="0.031">
      <failure>TestingLibraryElementError: Unable to find an element by: [data-testid=&quot;wifi-off-icon&quot;]

Ignored nodes: comments, script, style
&lt;body&gt;
  &lt;div&gt;
    &lt;div&gt;
      &lt;div
        class=&quot;flex items-center justify-between p-4 bg-gray-900 border-b border-gray-700&quot;
      &gt;
        &lt;div
          class=&quot;flex items-center gap-6&quot;
        &gt;
          &lt;h1
            class=&quot;text-xl font-semibold text-white&quot;
          &gt;
            Kitchen Display
          &lt;/h1&gt;
          &lt;div
            class=&quot;flex items-center gap-2&quot;
          &gt;
            &lt;svg
              class=&quot;lucide lucide-wifi-off h-4 w-4 text-red-400&quot;
              fill=&quot;none&quot;
              height=&quot;24&quot;
              stroke=&quot;currentColor&quot;
              stroke-linecap=&quot;round&quot;
              stroke-linejoin=&quot;round&quot;
              stroke-width=&quot;2&quot;
              viewBox=&quot;0 0 24 24&quot;
              width=&quot;24&quot;
              xmlns=&quot;http://www.w3.org/2000/svg&quot;
            &gt;
              &lt;path
                d=&quot;M12 20h.01&quot;
              /&gt;
              &lt;path
                d=&quot;M8.5 16.429a5 5 0 0 1 7 0&quot;
              /&gt;
              &lt;path
                d=&quot;M5 12.859a10 10 0 0 1 5.17-2.69&quot;
              /&gt;
              &lt;path
                d=&quot;M19 12.859a10 10 0 0 0-2.007-1.523&quot;
              /&gt;
              &lt;path
                d=&quot;M2 8.82a15 15 0 0 1 4.177-2.643&quot;
              /&gt;
              &lt;path
                d=&quot;M22 8.82a15 15 0 0 0-11.288-3.764&quot;
              /&gt;
              &lt;path
                d=&quot;m2 2 20 20&quot;
              /&gt;
            &lt;/svg&gt;
            &lt;div
              class=&quot;inline-flex items-center rounded-full border px-2.5 py-0.5 text-xs font-semibold transition-colors focus:outline-none focus:ring-2 focus:ring-ring focus:ring-offset-2 hover:bg-secondary/80 bg-red-900/40 text-red-400 border-red-700&quot;
            &gt;
              Disconnected
            &lt;/div&gt;
          &lt;/div&gt;
          &lt;div
            class=&quot;flex items-center gap-4 text-sm&quot;
          &gt;
            &lt;div
              class=&quot;flex items-center gap-2&quot;
            &gt;
              &lt;span
                class=&quot;text-gray-400&quot;
              &gt;
                Total:
              &lt;/span&gt;
              &lt;div
                class=&quot;inline-flex items-center rounded-full border px-2.5 py-0.5 text-xs font-semibold transition-colors focus:outline-none focus:ring-2 focus:ring-ring focus:ring-offset-2 border-transparent hover:bg-secondary/80 bg-gray-700 text-gray-300&quot;
              &gt;
                0
              &lt;/div&gt;
            &lt;/div&gt;
            &lt;div
              class=&quot;flex items-center gap-2&quot;
            &gt;
              &lt;span
                class=&quot;text-gray-400&quot;
              &gt;
                Active:
              &lt;/span&gt;
              &lt;div
                class=&quot;inline-flex items-center rounded-full border px-2.5 py-0.5 text-xs font-semibold transition-colors focus:outline-none focus:ring-2 focus:ring-ring focus:ring-offset-2 border-transparent hover:bg-secondary/80 bg-green-900/40 text-green-400&quot;
              &gt;
                0
              &lt;/div&gt;
            &lt;/div&gt;
          &lt;/div&gt;
        &lt;/div&gt;
        &lt;div
          class=&quot;flex items-center gap-4&quot;
        &gt;
          &lt;div
            class=&quot;flex items-center gap-2&quot;
          &gt;
            &lt;svg
              class=&quot;lucide lucide-map-pin h-4 w-4 text-blue-400&quot;
              fill=&quot;none&quot;
              height=&quot;24&quot;
              stroke=&quot;currentColor&quot;
              stroke-linecap=&quot;round&quot;
              stroke-linejoin=&quot;round&quot;
              stroke-width=&quot;2&quot;
              viewBox=&quot;0 0 24 24&quot;
              width=&quot;24&quot;
              xmlns=&quot;http://www.w3.org/2000/svg&quot;
            &gt;
              &lt;path
                d=&quot;M20 10c0 4.993-5.539 10.193-7.399 11.799a1 1 0 0 1-1.202 0C9.539 20.193 4 14.993 4 10a8 8 0 0 1 16 0&quot;
              /&gt;
              &lt;circle
                cx=&quot;12&quot;
                cy=&quot;10&quot;
                r=&quot;3&quot;
              /&gt;
            &lt;/svg&gt;
            &lt;button
              aria-autocomplete=&quot;none&quot;
              aria-controls=&quot;radix-«r1s»&quot;
              aria-expanded=&quot;false&quot;
              class=&quot;flex h-10 items-center justify-between rounded-md border px-3 py-2 text-sm ring-offset-background placeholder:text-muted-foreground focus:outline-none focus:ring-2 focus:ring-ring focus:ring-offset-2 disabled:cursor-not-allowed disabled:opacity-50 [&amp;&gt;span]:line-clamp-1 w-40 bg-gray-800 border-gray-600&quot;
              data-state=&quot;closed&quot;
              dir=&quot;ltr&quot;
              role=&quot;combobox&quot;
              type=&quot;button&quot;
            &gt;
              &lt;span
                style=&quot;pointer-events: none;&quot;
              &gt;
                All Stations
              &lt;/span&gt;
              &lt;svg
                aria-hidden=&quot;true&quot;
                class=&quot;lucide lucide-chevron-down h-4 w-4 opacity-50&quot;
                fill=&quot;none&quot;
                height=&quot;24&quot;
                stroke=&quot;currentColor&quot;
                stroke-linecap=&quot;round&quot;
                stroke-linejoin=&quot;round&quot;
                stroke-width=&quot;2&quot;
                viewBox=&quot;0 0 24 24&quot;
                width=&quot;24&quot;
                xmlns=&quot;http://www.w3.org...
    at Object.getElementError (/Users/mike/Plate-Restaurant-System-App/node_modules/@testing-library/dom/dist/config.js:37:19)
    at /Users/mike/Plate-Restaurant-System-App/node_modules/@testing-library/dom/dist/query-helpers.js:76:38
    at /Users/mike/Plate-Restaurant-System-App/node_modules/@testing-library/dom/dist/query-helpers.js:52:17
    at /Users/mike/Plate-Restaurant-System-App/node_modules/@testing-library/dom/dist/query-helpers.js:95:19
    at Object.getByTestId (/Users/mike/Plate-Restaurant-System-App/__tests__/unit/components/kds/kds-header.test.tsx:99:21)
    at Promise.then.completed (/Users/mike/Plate-Restaurant-System-App/node_modules/jest-circus/build/utils.js:298:28)
    at new Promise (&lt;anonymous&gt;)
    at callAsyncCircusFn (/Users/mike/Plate-Restaurant-System-App/node_modules/jest-circus/build/utils.js:231:10)
    at _callCircusTest (/Users/mike/Plate-Restaurant-System-App/node_modules/jest-circus/build/run.js:316:40)
    at processTicksAndRejections (node:internal/process/task_queues:105:5)
    at _runTest (/Users/mike/Plate-Restaurant-System-App/node_modules/jest-circus/build/run.js:252:3)
    at _runTestsForDescribeBlock (/Users/mike/Plate-Restaurant-System-App/node_modules/jest-circus/build/run.js:126:9)
    at _runTestsForDescribeBlock (/Users/mike/Plate-Restaurant-System-App/node_modules/jest-circus/build/run.js:121:9)
    at _runTestsForDescribeBlock (/Users/mike/Plate-Restaurant-System-App/node_modules/jest-circus/build/run.js:121:9)
    at run (/Users/mike/Plate-Restaurant-System-App/node_modules/jest-circus/build/run.js:71:3)
    at runAndTransformResultsToJestFormat (/Users/mike/Plate-Restaurant-System-App/node_modules/jest-circus/build/legacy-code-todo-rewrite/jestAdapterInit.js:122:21)
    at jestAdapter (/Users/mike/Plate-Restaurant-System-App/node_modules/jest-circus/build/legacy-code-todo-rewrite/jestAdapter.js:79:19)
    at runTestInternal (/Users/mike/Plate-Restaurant-System-App/node_modules/jest-runner/build/runTest.js:367:16)
    at runTest (/Users/mike/Plate-Restaurant-System-App/node_modules/jest-runner/build/runTest.js:444:34)
    at Object.worker (/Users/mike/Plate-Restaurant-System-App/node_modules/jest-runner/build/testWorker.js:106:12)</failure>
    </testcase>
    <testcase classname="KDSHeader Connection Status shows reconnecting status when reconnecting" name="KDSHeader Connection Status shows reconnecting status when reconnecting" time="0.049">
    </testcase>
    <testcase classname="KDSHeader Order Metrics displays correct total order count" name="KDSHeader Order Metrics displays correct total order count" time="0.038">
      <failure>TestingLibraryElementError: Found multiple elements with the text: 3

Here are the matching elements:

Ignored nodes: comments, script, style
&lt;div
  class=&quot;inline-flex items-center rounded-full border px-2.5 py-0.5 text-xs font-semibold transition-colors focus:outline-none focus:ring-2 focus:ring-ring focus:ring-offset-2 border-transparent hover:bg-secondary/80 bg-gray-700 text-gray-300&quot;
&gt;
  3
&lt;/div&gt;

Ignored nodes: comments, script, style
&lt;div
  class=&quot;inline-flex items-center rounded-full border px-2.5 py-0.5 text-xs font-semibold transition-colors focus:outline-none focus:ring-2 focus:ring-ring focus:ring-offset-2 border-transparent hover:bg-secondary/80 bg-green-900/40 text-green-400&quot;
&gt;
  3
&lt;/div&gt;

(If this is intentional, then use the `*AllBy*` variant of the query (like `queryAllByText`, `getAllByText`, or `findAllByText`)).

Ignored nodes: comments, script, style
&lt;body&gt;
  &lt;div&gt;
    &lt;div&gt;
      &lt;div
        class=&quot;flex items-center justify-between p-4 bg-gray-900 border-b border-gray-700&quot;
      &gt;
        &lt;div
          class=&quot;flex items-center gap-6&quot;
        &gt;
          &lt;h1
            class=&quot;text-xl font-semibold text-white&quot;
          &gt;
            Kitchen Display
          &lt;/h1&gt;
          &lt;div
            class=&quot;flex items-center gap-2&quot;
          &gt;
            &lt;svg
              class=&quot;lucide lucide-wifi h-4 w-4 text-green-400&quot;
              fill=&quot;none&quot;
              height=&quot;24&quot;
              stroke=&quot;currentColor&quot;
              stroke-linecap=&quot;round&quot;
              stroke-linejoin=&quot;round&quot;
              stroke-width=&quot;2&quot;
              viewBox=&quot;0 0 24 24&quot;
              width=&quot;24&quot;
              xmlns=&quot;http://www.w3.org/2000/svg&quot;
            &gt;
              &lt;path
                d=&quot;M12 20h.01&quot;
              /&gt;
              &lt;path
                d=&quot;M2 8.82a15 15 0 0 1 20 0&quot;
              /&gt;
              &lt;path
                d=&quot;M5 12.859a10 10 0 0 1 14 0&quot;
              /&gt;
              &lt;path
                d=&quot;M8.5 16.429a5 5 0 0 1 7 0&quot;
              /&gt;
            &lt;/svg&gt;
            &lt;div
              class=&quot;inline-flex items-center rounded-full border px-2.5 py-0.5 text-xs font-semibold transition-colors focus:outline-none focus:ring-2 focus:ring-ring focus:ring-offset-2 hover:bg-secondary/80 bg-green-900/40 text-green-400 border-green-700&quot;
            &gt;
              Connected
            &lt;/div&gt;
          &lt;/div&gt;
          &lt;div
            class=&quot;flex items-center gap-4 text-sm&quot;
          &gt;
            &lt;div
              class=&quot;flex items-center gap-2&quot;
            &gt;
              &lt;span
                class=&quot;text-gray-400&quot;
              &gt;
                Total:
              &lt;/span&gt;
              &lt;div
                class=&quot;inline-flex items-center rounded-full border px-2.5 py-0.5 text-xs font-semibold transition-colors focus:outline-none focus:ring-2 focus:ring-ring focus:ring-offset-2 border-transparent hover:bg-secondary/80 bg-gray-700 text-gray-300&quot;
              &gt;
                3
              &lt;/div&gt;
            &lt;/div&gt;
            &lt;div
              class=&quot;flex items-center gap-2&quot;
            &gt;
              &lt;span
                class=&quot;text-gray-400&quot;
              &gt;
                Active:
              &lt;/span&gt;
              &lt;div
                class=&quot;inline-flex items-center rounded-full border px-2.5 py-0.5 text-xs font-semibold transition-colors focus:outline-none focus:ring-2 focus:ring-ring focus:ring-offset-2 border-transparent hover:bg-secondary/80 bg-green-900/40 text-green-400&quot;
              &gt;
                3
              &lt;/div&gt;
            &lt;/div&gt;
          &lt;/div&gt;
        &lt;/div&gt;
        &lt;div
          class=&quot;flex items-center gap-4&quot;
        &gt;
          &lt;div
            class=&quot;flex items-center gap-2&quot;
          &gt;
            &lt;svg
              class=&quot;lucide lucide-map-pin h-4 w-4 text-blue-400&quot;
              fill=&quot;none&quot;
              height=&quot;24&quot;
              stroke=&quot;currentColor&quot;
              stroke-linecap=&quot;round&quot;
              stroke-linejoin=&quot;round&quot;
              stroke-width=&quot;2&quot;
              viewBox=&quot;0 0 24 24&quot;
              width=&quot;24&quot;
              xmlns=&quot;http://www.w3.org/2000/svg&quot;
            &gt;
              &lt;path
                d=&quot;M20 10c0 4.993-5.539 10.193-7.399 11.799a1 1 0 0 1-1.202 0C9.539 20.193 4 14.993 4 10a8 8 0 0 1 16 0&quot;
              /&gt;
              &lt;circle
                cx=&quot;12&quot;
                cy=&quot;10&quot;
                r=&quot;3&quot;
              /&gt;
            &lt;/svg&gt;
            &lt;button
              aria-autocomplete=&quot;none&quot;
              aria-controls=&quot;radix-«r2k»&quot;
              aria-expanded=&quot;false&quot;
              class=&quot;flex h-10 items-center justify-between rounded-md border px-3 py-2 text-sm ring-offset-background placeholder:text-muted-foreground focus:outline-none focus:ring-2 focus:ring-ring focus:ring-offset-2 disabled:cursor-not-allowed disabled:opacity-50 [&amp;&gt;span]:line-clamp-1 w-40 bg-gray-800 border-gray-600&quot;
              data-state=&quot;closed&quot;
              dir=&quot;ltr&quot;
              role=&quot;combobox&quot;
              type=&quot;button&quot;
            &gt;
              &lt;span
                style=&quot;pointer-events: none;&quot;
              &gt;
                All Stations
              &lt;/span&gt;
              &lt;svg
                aria-hidden=&quot;true&quot;
                class=&quot;lucide lucide-chevron-down h-4 w-4 opacity-50&quot;
                fill=&quot;none&quot;
                height=&quot;24&quot;
                stroke=&quot;currentColor&quot;
                stroke-linecap=&quot;round&quot;
                stroke-linejoin=&quot;round&quot;
                stroke-width=&quot;2&quot;
                viewBox=&quot;0 0 24 24&quot;
                width=&quot;24&quot;
                xmlns=&quot;http://www.w3.org/2000/svg&quot;
              &gt;
                &lt;path
                  d=&quot;m6 9 6 6 6-6&quot;
                /&gt;
              &lt;/svg&gt;
            &lt;/button&gt;
          &lt;/div&gt;
          &lt;div
            class=&quot;flex items-center gap-2&quot;
          &gt;
            &lt;svg[...
    at Object.getElementError (/Users/mike/Plate-Restaurant-System-App/node_modules/@testing-library/dom/dist/config.js:37:19)
    at getElementError (/Users/mike/Plate-Restaurant-System-App/node_modules/@testing-library/dom/dist/query-helpers.js:20:35)
    at getMultipleElementsFoundError (/Users/mike/Plate-Restaurant-System-App/node_modules/@testing-library/dom/dist/query-helpers.js:23:10)
    at /Users/mike/Plate-Restaurant-System-App/node_modules/@testing-library/dom/dist/query-helpers.js:55:13
    at /Users/mike/Plate-Restaurant-System-App/node_modules/@testing-library/dom/dist/query-helpers.js:95:19
    at Object.getByText (/Users/mike/Plate-Restaurant-System-App/__tests__/unit/components/kds/kds-header.test.tsx:121:21)
    at Promise.then.completed (/Users/mike/Plate-Restaurant-System-App/node_modules/jest-circus/build/utils.js:298:28)
    at new Promise (&lt;anonymous&gt;)
    at callAsyncCircusFn (/Users/mike/Plate-Restaurant-System-App/node_modules/jest-circus/build/utils.js:231:10)
    at _callCircusTest (/Users/mike/Plate-Restaurant-System-App/node_modules/jest-circus/build/run.js:316:40)
    at processTicksAndRejections (node:internal/process/task_queues:105:5)
    at _runTest (/Users/mike/Plate-Restaurant-System-App/node_modules/jest-circus/build/run.js:252:3)
    at _runTestsForDescribeBlock (/Users/mike/Plate-Restaurant-System-App/node_modules/jest-circus/build/run.js:126:9)
    at _runTestsForDescribeBlock (/Users/mike/Plate-Restaurant-System-App/node_modules/jest-circus/build/run.js:121:9)
    at _runTestsForDescribeBlock (/Users/mike/Plate-Restaurant-System-App/node_modules/jest-circus/build/run.js:121:9)
    at run (/Users/mike/Plate-Restaurant-System-App/node_modules/jest-circus/build/run.js:71:3)
    at runAndTransformResultsToJestFormat (/Users/mike/Plate-Restaurant-System-App/node_modules/jest-circus/build/legacy-code-todo-rewrite/jestAdapterInit.js:122:21)
    at jestAdapter (/Users/mike/Plate-Restaurant-System-App/node_modules/jest-circus/build/legacy-code-todo-rewrite/jestAdapter.js:79:19)
    at runTestInternal (/Users/mike/Plate-Restaurant-System-App/node_modules/jest-runner/build/runTest.js:367:16)
    at runTest (/Users/mike/Plate-Restaurant-System-App/node_modules/jest-runner/build/runTest.js:444:34)
    at Object.worker (/Users/mike/Plate-Restaurant-System-App/node_modules/jest-runner/build/testWorker.js:106:12)</failure>
    </testcase>
    <testcase classname="KDSHeader Order Metrics calculates active orders correctly" name="KDSHeader Order Metrics calculates active orders correctly" time="0.036">
    </testcase>
    <testcase classname="KDSHeader Order Metrics shows green badge for low active orders (&lt;=5)" name="KDSHeader Order Metrics shows green badge for low active orders (&lt;=5)" time="0.034">
    </testcase>
    <testcase classname="KDSHeader Order Metrics shows yellow badge for medium active orders (6-10)" name="KDSHeader Order Metrics shows yellow badge for medium active orders (6-10)" time="0.052">
    </testcase>
    <testcase classname="KDSHeader Order Metrics shows red badge for high active orders (&gt;10)" name="KDSHeader Order Metrics shows red badge for high active orders (&gt;10)" time="0.045">
    </testcase>
    <testcase classname="KDSHeader Station Selector renders station selector with all stations" name="KDSHeader Station Selector renders station selector with all stations" time="0.218">
      <failure>TestingLibraryElementError: Unable to find an accessible element with the role &quot;combobox&quot; and name `/select station/i`

Here are the accessible roles:

  heading:

  Name &quot;Kitchen Display&quot;:
  &lt;h1
    class=&quot;text-xl font-semibold text-white&quot;
  /&gt;

  --------------------------------------------------
  combobox:

  Name &quot;&quot;:
  &lt;button
    aria-autocomplete=&quot;none&quot;
    aria-controls=&quot;radix-«r4g»&quot;
    aria-expanded=&quot;false&quot;
    class=&quot;flex h-10 items-center justify-between rounded-md border px-3 py-2 text-sm ring-offset-background placeholder:text-muted-foreground focus:outline-none focus:ring-2 focus:ring-ring focus:ring-offset-2 disabled:cursor-not-allowed disabled:opacity-50 [&amp;&gt;span]:line-clamp-1 w-40 bg-gray-800 border-gray-600&quot;
    data-state=&quot;closed&quot;
    dir=&quot;ltr&quot;
    role=&quot;combobox&quot;
    type=&quot;button&quot;
  /&gt;

  Name &quot;&quot;:
  &lt;button
    aria-autocomplete=&quot;none&quot;
    aria-controls=&quot;radix-«r4h»&quot;
    aria-expanded=&quot;false&quot;
    class=&quot;flex h-10 items-center justify-between rounded-md border px-3 py-2 text-sm ring-offset-background placeholder:text-muted-foreground focus:outline-none focus:ring-2 focus:ring-ring focus:ring-offset-2 disabled:cursor-not-allowed disabled:opacity-50 [&amp;&gt;span]:line-clamp-1 w-32 bg-gray-800 border-gray-600&quot;
    data-state=&quot;closed&quot;
    dir=&quot;ltr&quot;
    role=&quot;combobox&quot;
    type=&quot;button&quot;
  /&gt;

  --------------------------------------------------
  button:

  Name &quot;&quot;:
  &lt;button
    class=&quot;inline-flex items-center justify-center whitespace-nowrap text-sm font-medium ring-offset-background transition-colors focus-visible:outline-none focus-visible:ring-2 focus-visible:ring-ring focus-visible:ring-offset-2 disabled:pointer-events-none disabled:opacity-50 touch-manipulation hover:bg-accent hover:text-accent-foreground active:scale-95 rounded-md min-w-[44px] h-8 w-8 p-0&quot;
  /&gt;

  Name &quot;&quot;:
  &lt;button
    class=&quot;inline-flex items-center justify-center whitespace-nowrap text-sm font-medium ring-offset-background transition-colors focus-visible:outline-none focus-visible:ring-2 focus-visible:ring-ring focus-visible:ring-offset-2 disabled:pointer-events-none disabled:opacity-50 touch-manipulation bg-primary text-primary-foreground hover:bg-primary/90 active:scale-95 rounded-md min-w-[44px] h-8 w-8 p-0&quot;
  /&gt;

  Name &quot;&quot;:
  &lt;button
    class=&quot;inline-flex items-center justify-center whitespace-nowrap text-sm font-medium ring-offset-background transition-colors focus-visible:outline-none focus-visible:ring-2 focus-visible:ring-ring focus-visible:ring-offset-2 disabled:pointer-events-none disabled:opacity-50 touch-manipulation hover:bg-accent hover:text-accent-foreground active:scale-95 rounded-md min-w-[44px] h-8 w-8 p-0&quot;
  /&gt;

  Name &quot;&quot;:
  &lt;button
    class=&quot;inline-flex items-center justify-center whitespace-nowrap text-sm font-medium ring-offset-background transition-colors focus-visible:outline-none focus-visible:ring-2 focus-visible:ring-ring focus-visible:ring-offset-2 disabled:pointer-events-none disabled:opacity-50 touch-manipulation hover:bg-accent hover:text-accent-foreground active:scale-95 rounded-md min-w-[44px] h-8 w-8 p-0 text-blue-400&quot;
  /&gt;

  Name &quot;&quot;:
  &lt;button
    class=&quot;inline-flex items-center justify-center whitespace-nowrap text-sm font-medium ring-offset-background transition-colors focus-visible:outline-none focus-visible:ring-2 focus-visible:ring-ring focus-visible:ring-offset-2 disabled:pointer-events-none disabled:opacity-50 touch-manipulation hover:bg-accent hover:text-accent-foreground active:scale-95 rounded-md min-w-[44px] h-8 w-8 p-0&quot;
  /&gt;

  Name &quot;&quot;:
  &lt;button
    class=&quot;inline-flex items-center justify-center whitespace-nowrap text-sm font-medium ring-offset-background transition-colors focus-visible:outline-none focus-visible:ring-2 focus-visible:ring-ring focus-visible:ring-offset-2 disabled:pointer-events-none disabled:opacity-50 touch-manipulation hover:bg-accent hover:text-accent-foreground active:scale-95 rounded-md min-w-[44px] h-8 w-8 p-0&quot;
  /&gt;

  --------------------------------------------------
  region:

  Name &quot;Notifications (F8)&quot;:
  &lt;div
    aria-label=&quot;Notifications (F8)&quot;
    role=&quot;region&quot;
    style=&quot;pointer-events: none;&quot;
    tabindex=&quot;-1&quot;
  /&gt;

  --------------------------------------------------
  list:

  Name &quot;&quot;:
  &lt;ol
    class=&quot;fixed top-0 z-[100] flex max-h-screen w-full flex-col-reverse p-4 sm:bottom-0 sm:right-0 sm:top-auto sm:flex-col md:max-w-[420px]&quot;
    tabindex=&quot;-1&quot;
  /&gt;

  --------------------------------------------------

Ignored nodes: comments, script, style
&lt;body&gt;
  &lt;div&gt;
    &lt;div&gt;
      &lt;div
        class=&quot;flex items-center justify-between p-4 bg-gray-900 border-b border-gray-700&quot;
      &gt;
        &lt;div
          class=&quot;flex items-center gap-6&quot;
        &gt;
          &lt;h1
            class=&quot;text-xl font-semibold text-white&quot;
          &gt;
            Kitchen Display
          &lt;/h1&gt;
          &lt;div
            class=&quot;flex items-center gap-2&quot;
          &gt;
            &lt;svg
              class=&quot;lucide lucide-wifi h-4 w-4 text-green-400&quot;
              fill=&quot;none&quot;
              height=&quot;24&quot;
              stroke=&quot;currentColor&quot;
              stroke-linecap=&quot;round&quot;
              stroke-linejoin=&quot;round&quot;
              stroke-width=&quot;2&quot;
              viewBox=&quot;0 0 24 24&quot;
              width=&quot;24&quot;
              xmlns=&quot;http://www.w3.org/2000/svg&quot;
            &gt;
              &lt;path
                d=&quot;M12 20h.01&quot;
              /&gt;
              &lt;path
                d=&quot;M2 8.82a15 15 0 0 1 20 0&quot;
              /&gt;
              &lt;path
                d=&quot;M5 12.859a10 10 0 0 1 14 0&quot;
              /&gt;
              &lt;path
                d=&quot;M8.5 16.429a5 5 0 0 1 7 0&quot;
              /&gt;
            &lt;/svg&gt;
            &lt;div
              class=&quot;inline-flex items-center rounded-full border px-2.5 py-0.5 text-xs font-semibold transition-colors focus:outline-none focus:ring-2 focus:ring-ring focus:ring-offset-2 hover:bg-secondary/80 bg-green-900/40 text-green-400 border-green-700&quot;
            &gt;
              Connected
            &lt;/div&gt;
          &lt;/div&gt;
          &lt;div
            class=&quot;flex items-center gap-4 text-sm&quot;
          &gt;
            &lt;div
              class=&quot;flex items-center gap-2&quot;
            &gt;
              &lt;span
                class=&quot;text-gray-400&quot;
              &gt;
                Total:
              &lt;/span&gt;
              &lt;div
                class=&quot;inline-flex items-center rounded-full border px-2.5 py-0.5 text-xs font-semibold transition-colors focus:outline-none focus:ring-2 focus:ring-ring focus:ring-offset-2 border-transparent hover:bg-secondary/80 bg-gray-700 text-gray-300&quot;
              &gt;
                0
              &lt;/div&gt;
            &lt;/div&gt;
            &lt;div
              class=&quot;flex items-center gap-2&quot;
            &gt;
              &lt;span
                class=&quot;text-gray-400&quot;
              &gt;
                Active:
              &lt;/span&gt;
              &lt;div
                class=&quot;inline-flex items-center rounded-full border px-2.5 py-0.5 text-xs font-semibold transition-colors focus:outline-none focus:ring-2 focus:ring-ring focus:ring-offset-2 border-transparent hover:bg-secondary/80 bg-green-900/40 text-green-400&quot;
              &gt;
                0
              &lt;/div&gt;
            &lt;/div&gt;
          &lt;/div&gt;
        &lt;/div&gt;
        &lt;div
          class=&quot;flex items-center gap-4&quot;
        &gt;
          &lt;div
            class=&quot;flex items-center gap-2&quot;
          &gt;
            &lt;svg
              class=&quot;lucide lucide-map-pin h-4 w-4 text-blue-400&quot;
              fill=&quot;none&quot;
              height=&quot;24&quot;
              stroke=&quot;currentColor&quot;
              stroke-linecap=&quot;round&quot;
              stroke-linejoin=&quot;round&quot;
              stroke-width=&quot;2&quot;
              viewBox=&quot;0 0 24 24&quot;
              width=&quot;24&quot;
              xmlns=&quot;http://www.w3.org/2000/svg&quot;
            &gt;
              &lt;path
                d=&quot;M20 10c0 4.993-5.539 10.193-7.399 11.799a1 1 0 0 1-1.202 0C9.539 20.193 4 14.993 4 10a8 8 0 0 1 16 0&quot;
              /&gt;
              &lt;circle
                cx=&quot;12&quot;
                cy=&quot;10&quot;
                r=&quot;3&quot;
              /&gt;
            &lt;/svg&gt;
            &lt;button
              aria-autocomplete=&quot;none&quot;
              aria-controls=&quot;radix-«r4g»&quot;
              aria-expanded=&quot;false&quot;
              class=&quot;flex h-10 items-center justify-between rounded-md border px-3 py-2 text-sm ring-offset-background placeholder:text-muted-foreground focus:outline-none focus:ring-2 focus:ring-ring focus:ring-offset-2 disabled:cursor-not-allowed disabled:opacity-50 [&amp;&gt;span]:line-clamp-1 w-40 bg-gray-800 border-gray-600&quot;
              data-state=&quot;closed&quot;
              dir=&quot;ltr&quot;
              role=&quot;combobox&quot;
              type=&quot;button&quot;
            &gt;
              &lt;span
                style=&quot;pointer-events: none;&quot;
              &gt;
                All Stations
              &lt;/span&gt;
              &lt;svg
                aria-hidden=&quot;true&quot;
                class=&quot;lucide lucide-chevron-down h-4 w-4 opacity-50&quot;
                fill=&quot;none&quot;
                height=&quot;24&quot;
                stroke=&quot;currentColor&quot;
                stroke-linecap=&quot;round&quot;
                stroke-linejoin=&quot;round&quot;
                stroke-width=&quot;2&quot;
                viewBox=&quot;0 0 24 24&quot;
                width=&quot;24&quot;
                xmlns=&quot;http://www.w3.org/2000/svg&quot;
              &gt;
                &lt;path
                  d=&quot;m6 9 6 6 6-6&quot;
                /&gt;
              &lt;/svg&gt;
            &lt;/button&gt;
          &lt;/div&gt;
          &lt;div
            class=&quot;flex items-center gap-2&quot;
          &gt;
            &lt;svg[...
    at Object.getElementError (/Users/mike/Plate-Restaurant-System-App/node_modules/@testing-library/dom/dist/config.js:37:19)
    at /Users/mike/Plate-Restaurant-System-App/node_modules/@testing-library/dom/dist/query-helpers.js:76:38
    at /Users/mike/Plate-Restaurant-System-App/node_modules/@testing-library/dom/dist/query-helpers.js:52:17
    at /Users/mike/Plate-Restaurant-System-App/node_modules/@testing-library/dom/dist/query-helpers.js:95:19
    at Object.getByRole (/Users/mike/Plate-Restaurant-System-App/__tests__/unit/components/kds/kds-header.test.tsx:180:36)
    at Promise.then.completed (/Users/mike/Plate-Restaurant-System-App/node_modules/jest-circus/build/utils.js:298:28)
    at new Promise (&lt;anonymous&gt;)
    at callAsyncCircusFn (/Users/mike/Plate-Restaurant-System-App/node_modules/jest-circus/build/utils.js:231:10)
    at _callCircusTest (/Users/mike/Plate-Restaurant-System-App/node_modules/jest-circus/build/run.js:316:40)
    at processTicksAndRejections (node:internal/process/task_queues:105:5)
    at _runTest (/Users/mike/Plate-Restaurant-System-App/node_modules/jest-circus/build/run.js:252:3)
    at _runTestsForDescribeBlock (/Users/mike/Plate-Restaurant-System-App/node_modules/jest-circus/build/run.js:126:9)
    at _runTestsForDescribeBlock (/Users/mike/Plate-Restaurant-System-App/node_modules/jest-circus/build/run.js:121:9)
    at _runTestsForDescribeBlock (/Users/mike/Plate-Restaurant-System-App/node_modules/jest-circus/build/run.js:121:9)
    at run (/Users/mike/Plate-Restaurant-System-App/node_modules/jest-circus/build/run.js:71:3)
    at runAndTransformResultsToJestFormat (/Users/mike/Plate-Restaurant-System-App/node_modules/jest-circus/build/legacy-code-todo-rewrite/jestAdapterInit.js:122:21)
    at jestAdapter (/Users/mike/Plate-Restaurant-System-App/node_modules/jest-circus/build/legacy-code-todo-rewrite/jestAdapter.js:79:19)
    at runTestInternal (/Users/mike/Plate-Restaurant-System-App/node_modules/jest-runner/build/runTest.js:367:16)
    at runTest (/Users/mike/Plate-Restaurant-System-App/node_modules/jest-runner/build/runTest.js:444:34)
    at Object.worker (/Users/mike/Plate-Restaurant-System-App/node_modules/jest-runner/build/testWorker.js:106:12)</failure>
    </testcase>
    <testcase classname="KDSHeader Station Selector allows station selection" name="KDSHeader Station Selector allows station selection" time="0.074">
      <failure>TestingLibraryElementError: Unable to find an accessible element with the role &quot;combobox&quot; and name `/select station/i`

Here are the accessible roles:

  heading:

  Name &quot;Kitchen Display&quot;:
  &lt;h1
    class=&quot;text-xl font-semibold text-white&quot;
  /&gt;

  --------------------------------------------------
  combobox:

  Name &quot;&quot;:
  &lt;button
    aria-autocomplete=&quot;none&quot;
    aria-controls=&quot;radix-«r4s»&quot;
    aria-expanded=&quot;false&quot;
    class=&quot;flex h-10 items-center justify-between rounded-md border px-3 py-2 text-sm ring-offset-background placeholder:text-muted-foreground focus:outline-none focus:ring-2 focus:ring-ring focus:ring-offset-2 disabled:cursor-not-allowed disabled:opacity-50 [&amp;&gt;span]:line-clamp-1 w-40 bg-gray-800 border-gray-600&quot;
    data-state=&quot;closed&quot;
    dir=&quot;ltr&quot;
    role=&quot;combobox&quot;
    type=&quot;button&quot;
  /&gt;

  Name &quot;&quot;:
  &lt;button
    aria-autocomplete=&quot;none&quot;
    aria-controls=&quot;radix-«r4t»&quot;
    aria-expanded=&quot;false&quot;
    class=&quot;flex h-10 items-center justify-between rounded-md border px-3 py-2 text-sm ring-offset-background placeholder:text-muted-foreground focus:outline-none focus:ring-2 focus:ring-ring focus:ring-offset-2 disabled:cursor-not-allowed disabled:opacity-50 [&amp;&gt;span]:line-clamp-1 w-32 bg-gray-800 border-gray-600&quot;
    data-state=&quot;closed&quot;
    dir=&quot;ltr&quot;
    role=&quot;combobox&quot;
    type=&quot;button&quot;
  /&gt;

  --------------------------------------------------
  button:

  Name &quot;&quot;:
  &lt;button
    class=&quot;inline-flex items-center justify-center whitespace-nowrap text-sm font-medium ring-offset-background transition-colors focus-visible:outline-none focus-visible:ring-2 focus-visible:ring-ring focus-visible:ring-offset-2 disabled:pointer-events-none disabled:opacity-50 touch-manipulation hover:bg-accent hover:text-accent-foreground active:scale-95 rounded-md min-w-[44px] h-8 w-8 p-0&quot;
  /&gt;

  Name &quot;&quot;:
  &lt;button
    class=&quot;inline-flex items-center justify-center whitespace-nowrap text-sm font-medium ring-offset-background transition-colors focus-visible:outline-none focus-visible:ring-2 focus-visible:ring-ring focus-visible:ring-offset-2 disabled:pointer-events-none disabled:opacity-50 touch-manipulation bg-primary text-primary-foreground hover:bg-primary/90 active:scale-95 rounded-md min-w-[44px] h-8 w-8 p-0&quot;
  /&gt;

  Name &quot;&quot;:
  &lt;button
    class=&quot;inline-flex items-center justify-center whitespace-nowrap text-sm font-medium ring-offset-background transition-colors focus-visible:outline-none focus-visible:ring-2 focus-visible:ring-ring focus-visible:ring-offset-2 disabled:pointer-events-none disabled:opacity-50 touch-manipulation hover:bg-accent hover:text-accent-foreground active:scale-95 rounded-md min-w-[44px] h-8 w-8 p-0&quot;
  /&gt;

  Name &quot;&quot;:
  &lt;button
    class=&quot;inline-flex items-center justify-center whitespace-nowrap text-sm font-medium ring-offset-background transition-colors focus-visible:outline-none focus-visible:ring-2 focus-visible:ring-ring focus-visible:ring-offset-2 disabled:pointer-events-none disabled:opacity-50 touch-manipulation hover:bg-accent hover:text-accent-foreground active:scale-95 rounded-md min-w-[44px] h-8 w-8 p-0 text-blue-400&quot;
  /&gt;

  Name &quot;&quot;:
  &lt;button
    class=&quot;inline-flex items-center justify-center whitespace-nowrap text-sm font-medium ring-offset-background transition-colors focus-visible:outline-none focus-visible:ring-2 focus-visible:ring-ring focus-visible:ring-offset-2 disabled:pointer-events-none disabled:opacity-50 touch-manipulation hover:bg-accent hover:text-accent-foreground active:scale-95 rounded-md min-w-[44px] h-8 w-8 p-0&quot;
  /&gt;

  Name &quot;&quot;:
  &lt;button
    class=&quot;inline-flex items-center justify-center whitespace-nowrap text-sm font-medium ring-offset-background transition-colors focus-visible:outline-none focus-visible:ring-2 focus-visible:ring-ring focus-visible:ring-offset-2 disabled:pointer-events-none disabled:opacity-50 touch-manipulation hover:bg-accent hover:text-accent-foreground active:scale-95 rounded-md min-w-[44px] h-8 w-8 p-0&quot;
  /&gt;

  --------------------------------------------------
  region:

  Name &quot;Notifications (F8)&quot;:
  &lt;div
    aria-label=&quot;Notifications (F8)&quot;
    role=&quot;region&quot;
    style=&quot;pointer-events: none;&quot;
    tabindex=&quot;-1&quot;
  /&gt;

  --------------------------------------------------
  list:

  Name &quot;&quot;:
  &lt;ol
    class=&quot;fixed top-0 z-[100] flex max-h-screen w-full flex-col-reverse p-4 sm:bottom-0 sm:right-0 sm:top-auto sm:flex-col md:max-w-[420px]&quot;
    tabindex=&quot;-1&quot;
  /&gt;

  --------------------------------------------------

Ignored nodes: comments, script, style
&lt;body&gt;
  &lt;div&gt;
    &lt;div&gt;
      &lt;div
        class=&quot;flex items-center justify-between p-4 bg-gray-900 border-b border-gray-700&quot;
      &gt;
        &lt;div
          class=&quot;flex items-center gap-6&quot;
        &gt;
          &lt;h1
            class=&quot;text-xl font-semibold text-white&quot;
          &gt;
            Kitchen Display
          &lt;/h1&gt;
          &lt;div
            class=&quot;flex items-center gap-2&quot;
          &gt;
            &lt;svg
              class=&quot;lucide lucide-wifi h-4 w-4 text-green-400&quot;
              fill=&quot;none&quot;
              height=&quot;24&quot;
              stroke=&quot;currentColor&quot;
              stroke-linecap=&quot;round&quot;
              stroke-linejoin=&quot;round&quot;
              stroke-width=&quot;2&quot;
              viewBox=&quot;0 0 24 24&quot;
              width=&quot;24&quot;
              xmlns=&quot;http://www.w3.org/2000/svg&quot;
            &gt;
              &lt;path
                d=&quot;M12 20h.01&quot;
              /&gt;
              &lt;path
                d=&quot;M2 8.82a15 15 0 0 1 20 0&quot;
              /&gt;
              &lt;path
                d=&quot;M5 12.859a10 10 0 0 1 14 0&quot;
              /&gt;
              &lt;path
                d=&quot;M8.5 16.429a5 5 0 0 1 7 0&quot;
              /&gt;
            &lt;/svg&gt;
            &lt;div
              class=&quot;inline-flex items-center rounded-full border px-2.5 py-0.5 text-xs font-semibold transition-colors focus:outline-none focus:ring-2 focus:ring-ring focus:ring-offset-2 hover:bg-secondary/80 bg-green-900/40 text-green-400 border-green-700&quot;
            &gt;
              Connected
            &lt;/div&gt;
          &lt;/div&gt;
          &lt;div
            class=&quot;flex items-center gap-4 text-sm&quot;
          &gt;
            &lt;div
              class=&quot;flex items-center gap-2&quot;
            &gt;
              &lt;span
                class=&quot;text-gray-400&quot;
              &gt;
                Total:
              &lt;/span&gt;
              &lt;div
                class=&quot;inline-flex items-center rounded-full border px-2.5 py-0.5 text-xs font-semibold transition-colors focus:outline-none focus:ring-2 focus:ring-ring focus:ring-offset-2 border-transparent hover:bg-secondary/80 bg-gray-700 text-gray-300&quot;
              &gt;
                0
              &lt;/div&gt;
            &lt;/div&gt;
            &lt;div
              class=&quot;flex items-center gap-2&quot;
            &gt;
              &lt;span
                class=&quot;text-gray-400&quot;
              &gt;
                Active:
              &lt;/span&gt;
              &lt;div
                class=&quot;inline-flex items-center rounded-full border px-2.5 py-0.5 text-xs font-semibold transition-colors focus:outline-none focus:ring-2 focus:ring-ring focus:ring-offset-2 border-transparent hover:bg-secondary/80 bg-green-900/40 text-green-400&quot;
              &gt;
                0
              &lt;/div&gt;
            &lt;/div&gt;
          &lt;/div&gt;
        &lt;/div&gt;
        &lt;div
          class=&quot;flex items-center gap-4&quot;
        &gt;
          &lt;div
            class=&quot;flex items-center gap-2&quot;
          &gt;
            &lt;svg
              class=&quot;lucide lucide-map-pin h-4 w-4 text-blue-400&quot;
              fill=&quot;none&quot;
              height=&quot;24&quot;
              stroke=&quot;currentColor&quot;
              stroke-linecap=&quot;round&quot;
              stroke-linejoin=&quot;round&quot;
              stroke-width=&quot;2&quot;
              viewBox=&quot;0 0 24 24&quot;
              width=&quot;24&quot;
              xmlns=&quot;http://www.w3.org/2000/svg&quot;
            &gt;
              &lt;path
                d=&quot;M20 10c0 4.993-5.539 10.193-7.399 11.799a1 1 0 0 1-1.202 0C9.539 20.193 4 14.993 4 10a8 8 0 0 1 16 0&quot;
              /&gt;
              &lt;circle
                cx=&quot;12&quot;
                cy=&quot;10&quot;
                r=&quot;3&quot;
              /&gt;
            &lt;/svg&gt;
            &lt;button
              aria-autocomplete=&quot;none&quot;
              aria-controls=&quot;radix-«r4s»&quot;
              aria-expanded=&quot;false&quot;
              class=&quot;flex h-10 items-center justify-between rounded-md border px-3 py-2 text-sm ring-offset-background placeholder:text-muted-foreground focus:outline-none focus:ring-2 focus:ring-ring focus:ring-offset-2 disabled:cursor-not-allowed disabled:opacity-50 [&amp;&gt;span]:line-clamp-1 w-40 bg-gray-800 border-gray-600&quot;
              data-state=&quot;closed&quot;
              dir=&quot;ltr&quot;
              role=&quot;combobox&quot;
              type=&quot;button&quot;
            &gt;
              &lt;span
                style=&quot;pointer-events: none;&quot;
              &gt;
                All Stations
              &lt;/span&gt;
              &lt;svg
                aria-hidden=&quot;true&quot;
                class=&quot;lucide lucide-chevron-down h-4 w-4 opacity-50&quot;
                fill=&quot;none&quot;
                height=&quot;24&quot;
                stroke=&quot;currentColor&quot;
                stroke-linecap=&quot;round&quot;
                stroke-linejoin=&quot;round&quot;
                stroke-width=&quot;2&quot;
                viewBox=&quot;0 0 24 24&quot;
                width=&quot;24&quot;
                xmlns=&quot;http://www.w3.org/2000/svg&quot;
              &gt;
                &lt;path
                  d=&quot;m6 9 6 6 6-6&quot;
                /&gt;
              &lt;/svg&gt;
            &lt;/button&gt;
          &lt;/div&gt;
          &lt;div
            class=&quot;flex items-center gap-2&quot;
          &gt;
            &lt;svg[...
    at Object.getElementError (/Users/mike/Plate-Restaurant-System-App/node_modules/@testing-library/dom/dist/config.js:37:19)
    at /Users/mike/Plate-Restaurant-System-App/node_modules/@testing-library/dom/dist/query-helpers.js:76:38
    at /Users/mike/Plate-Restaurant-System-App/node_modules/@testing-library/dom/dist/query-helpers.js:52:17
    at /Users/mike/Plate-Restaurant-System-App/node_modules/@testing-library/dom/dist/query-helpers.js:95:19
    at Object.getByRole (/Users/mike/Plate-Restaurant-System-App/__tests__/unit/components/kds/kds-header.test.tsx:196:36)
    at Promise.then.completed (/Users/mike/Plate-Restaurant-System-App/node_modules/jest-circus/build/utils.js:298:28)
    at new Promise (&lt;anonymous&gt;)
    at callAsyncCircusFn (/Users/mike/Plate-Restaurant-System-App/node_modules/jest-circus/build/utils.js:231:10)
    at _callCircusTest (/Users/mike/Plate-Restaurant-System-App/node_modules/jest-circus/build/run.js:316:40)
    at processTicksAndRejections (node:internal/process/task_queues:105:5)
    at _runTest (/Users/mike/Plate-Restaurant-System-App/node_modules/jest-circus/build/run.js:252:3)
    at _runTestsForDescribeBlock (/Users/mike/Plate-Restaurant-System-App/node_modules/jest-circus/build/run.js:126:9)
    at _runTestsForDescribeBlock (/Users/mike/Plate-Restaurant-System-App/node_modules/jest-circus/build/run.js:121:9)
    at _runTestsForDescribeBlock (/Users/mike/Plate-Restaurant-System-App/node_modules/jest-circus/build/run.js:121:9)
    at run (/Users/mike/Plate-Restaurant-System-App/node_modules/jest-circus/build/run.js:71:3)
    at runAndTransformResultsToJestFormat (/Users/mike/Plate-Restaurant-System-App/node_modules/jest-circus/build/legacy-code-todo-rewrite/jestAdapterInit.js:122:21)
    at jestAdapter (/Users/mike/Plate-Restaurant-System-App/node_modules/jest-circus/build/legacy-code-todo-rewrite/jestAdapter.js:79:19)
    at runTestInternal (/Users/mike/Plate-Restaurant-System-App/node_modules/jest-runner/build/runTest.js:367:16)
    at runTest (/Users/mike/Plate-Restaurant-System-App/node_modules/jest-runner/build/runTest.js:444:34)
    at Object.worker (/Users/mike/Plate-Restaurant-System-App/node_modules/jest-runner/build/testWorker.js:106:12)</failure>
    </testcase>
    <testcase classname="KDSHeader Filter Controls renders filter dropdown" name="KDSHeader Filter Controls renders filter dropdown" time="0.035">
      <failure>TestingLibraryElementError: Unable to find an element with the display value: All Orders.

Ignored nodes: comments, script, style
&lt;body&gt;
  &lt;div&gt;
    &lt;div&gt;
      &lt;div
        class=&quot;flex items-center justify-between p-4 bg-gray-900 border-b border-gray-700&quot;
      &gt;
        &lt;div
          class=&quot;flex items-center gap-6&quot;
        &gt;
          &lt;h1
            class=&quot;text-xl font-semibold text-white&quot;
          &gt;
            Kitchen Display
          &lt;/h1&gt;
          &lt;div
            class=&quot;flex items-center gap-2&quot;
          &gt;
            &lt;svg
              class=&quot;lucide lucide-wifi h-4 w-4 text-green-400&quot;
              fill=&quot;none&quot;
              height=&quot;24&quot;
              stroke=&quot;currentColor&quot;
              stroke-linecap=&quot;round&quot;
              stroke-linejoin=&quot;round&quot;
              stroke-width=&quot;2&quot;
              viewBox=&quot;0 0 24 24&quot;
              width=&quot;24&quot;
              xmlns=&quot;http://www.w3.org/2000/svg&quot;
            &gt;
              &lt;path
                d=&quot;M12 20h.01&quot;
              /&gt;
              &lt;path
                d=&quot;M2 8.82a15 15 0 0 1 20 0&quot;
              /&gt;
              &lt;path
                d=&quot;M5 12.859a10 10 0 0 1 14 0&quot;
              /&gt;
              &lt;path
                d=&quot;M8.5 16.429a5 5 0 0 1 7 0&quot;
              /&gt;
            &lt;/svg&gt;
            &lt;div
              class=&quot;inline-flex items-center rounded-full border px-2.5 py-0.5 text-xs font-semibold transition-colors focus:outline-none focus:ring-2 focus:ring-ring focus:ring-offset-2 hover:bg-secondary/80 bg-green-900/40 text-green-400 border-green-700&quot;
            &gt;
              Connected
            &lt;/div&gt;
          &lt;/div&gt;
          &lt;div
            class=&quot;flex items-center gap-4 text-sm&quot;
          &gt;
            &lt;div
              class=&quot;flex items-center gap-2&quot;
            &gt;
              &lt;span
                class=&quot;text-gray-400&quot;
              &gt;
                Total:
              &lt;/span&gt;
              &lt;div
                class=&quot;inline-flex items-center rounded-full border px-2.5 py-0.5 text-xs font-semibold transition-colors focus:outline-none focus:ring-2 focus:ring-ring focus:ring-offset-2 border-transparent hover:bg-secondary/80 bg-gray-700 text-gray-300&quot;
              &gt;
                0
              &lt;/div&gt;
            &lt;/div&gt;
            &lt;div
              class=&quot;flex items-center gap-2&quot;
            &gt;
              &lt;span
                class=&quot;text-gray-400&quot;
              &gt;
                Active:
              &lt;/span&gt;
              &lt;div
                class=&quot;inline-flex items-center rounded-full border px-2.5 py-0.5 text-xs font-semibold transition-colors focus:outline-none focus:ring-2 focus:ring-ring focus:ring-offset-2 border-transparent hover:bg-secondary/80 bg-green-900/40 text-green-400&quot;
              &gt;
                0
              &lt;/div&gt;
            &lt;/div&gt;
          &lt;/div&gt;
        &lt;/div&gt;
        &lt;div
          class=&quot;flex items-center gap-4&quot;
        &gt;
          &lt;div
            class=&quot;flex items-center gap-2&quot;
          &gt;
            &lt;svg
              class=&quot;lucide lucide-map-pin h-4 w-4 text-blue-400&quot;
              fill=&quot;none&quot;
              height=&quot;24&quot;
              stroke=&quot;currentColor&quot;
              stroke-linecap=&quot;round&quot;
              stroke-linejoin=&quot;round&quot;
              stroke-width=&quot;2&quot;
              viewBox=&quot;0 0 24 24&quot;
              width=&quot;24&quot;
              xmlns=&quot;http://www.w3.org/2000/svg&quot;
            &gt;
              &lt;path
                d=&quot;M20 10c0 4.993-5.539 10.193-7.399 11.799a1 1 0 0 1-1.202 0C9.539 20.193 4 14.993 4 10a8 8 0 0 1 16 0&quot;
              /&gt;
              &lt;circle
                cx=&quot;12&quot;
                cy=&quot;10&quot;
                r=&quot;3&quot;
              /&gt;
            &lt;/svg&gt;
            &lt;button
              aria-autocomplete=&quot;none&quot;
              aria-controls=&quot;radix-«r58»&quot;
              aria-expanded=&quot;false&quot;
              class=&quot;flex h-10 items-center justify-between rounded-md border px-3 py-2 text-sm ring-offset-background placeholder:text-muted-foreground focus:outline-none focus:ring-2 focus:ring-ring focus:ring-offset-2 disabled:cursor-not-allowed disabled:opacity-50 [&amp;&gt;span]:line-clamp-1 w-40 bg-gray-800 border-gray-600&quot;
              data-state=&quot;closed&quot;
              dir=&quot;ltr&quot;
              role=&quot;combobox&quot;
              type=&quot;button&quot;
            &gt;
              &lt;span
                style=&quot;pointer-events: none;&quot;
              &gt;
                All Stations
              &lt;/span&gt;
              &lt;svg
                aria-hidden=&quot;true&quot;
                class=&quot;lucide lucide-chevron-down h-4 w-4 opacity-50&quot;
                fill=&quot;none&quot;
                height=&quot;24&quot;
                stroke=&quot;currentColor&quot;
                stroke-linecap=&quot;round&quot;
                stroke-linejoin=&quot;round&quot;
                stroke-width=&quot;2&quot;
                viewBox=&quot;0 0 24 24&quot;
                width=&quot;24&quot;
                xmlns=&quot;http://www.w3.org/2000/svg&quot;
              &gt;
                &lt;path
                  d=&quot;m6 9 6 6 6-6&quot;
                /&gt;
              &lt;/svg&gt;
            &lt;/button&gt;
          &lt;/div&gt;
          &lt;div
            class=&quot;flex items-center gap-2&quot;
          &gt;
            &lt;svg[...
    at Object.getElementError (/Users/mike/Plate-Restaurant-System-App/node_modules/@testing-library/dom/dist/config.js:37:19)
    at /Users/mike/Plate-Restaurant-System-App/node_modules/@testing-library/dom/dist/query-helpers.js:76:38
    at /Users/mike/Plate-Restaurant-System-App/node_modules/@testing-library/dom/dist/query-helpers.js:52:17
    at /Users/mike/Plate-Restaurant-System-App/node_modules/@testing-library/dom/dist/query-helpers.js:95:19
    at Object.getByDisplayValue (/Users/mike/Plate-Restaurant-System-App/__tests__/unit/components/kds/kds-header.test.tsx:208:35)
    at Promise.then.completed (/Users/mike/Plate-Restaurant-System-App/node_modules/jest-circus/build/utils.js:298:28)
    at new Promise (&lt;anonymous&gt;)
    at callAsyncCircusFn (/Users/mike/Plate-Restaurant-System-App/node_modules/jest-circus/build/utils.js:231:10)
    at _callCircusTest (/Users/mike/Plate-Restaurant-System-App/node_modules/jest-circus/build/run.js:316:40)
    at processTicksAndRejections (node:internal/process/task_queues:105:5)
    at _runTest (/Users/mike/Plate-Restaurant-System-App/node_modules/jest-circus/build/run.js:252:3)
    at _runTestsForDescribeBlock (/Users/mike/Plate-Restaurant-System-App/node_modules/jest-circus/build/run.js:126:9)
    at _runTestsForDescribeBlock (/Users/mike/Plate-Restaurant-System-App/node_modules/jest-circus/build/run.js:121:9)
    at _runTestsForDescribeBlock (/Users/mike/Plate-Restaurant-System-App/node_modules/jest-circus/build/run.js:121:9)
    at run (/Users/mike/Plate-Restaurant-System-App/node_modules/jest-circus/build/run.js:71:3)
    at runAndTransformResultsToJestFormat (/Users/mike/Plate-Restaurant-System-App/node_modules/jest-circus/build/legacy-code-todo-rewrite/jestAdapterInit.js:122:21)
    at jestAdapter (/Users/mike/Plate-Restaurant-System-App/node_modules/jest-circus/build/legacy-code-todo-rewrite/jestAdapter.js:79:19)
    at runTestInternal (/Users/mike/Plate-Restaurant-System-App/node_modules/jest-runner/build/runTest.js:367:16)
    at runTest (/Users/mike/Plate-Restaurant-System-App/node_modules/jest-runner/build/runTest.js:444:34)
    at Object.worker (/Users/mike/Plate-Restaurant-System-App/node_modules/jest-runner/build/testWorker.js:106:12)</failure>
    </testcase>
    <testcase classname="KDSHeader Filter Controls calls setFilterBy when filter is changed" name="KDSHeader Filter Controls calls setFilterBy when filter is changed" time="0.027">
      <failure>TestingLibraryElementError: Unable to find an element with the display value: All Orders.

Ignored nodes: comments, script, style
&lt;body&gt;
  &lt;div&gt;
    &lt;div&gt;
      &lt;div
        class=&quot;flex items-center justify-between p-4 bg-gray-900 border-b border-gray-700&quot;
      &gt;
        &lt;div
          class=&quot;flex items-center gap-6&quot;
        &gt;
          &lt;h1
            class=&quot;text-xl font-semibold text-white&quot;
          &gt;
            Kitchen Display
          &lt;/h1&gt;
          &lt;div
            class=&quot;flex items-center gap-2&quot;
          &gt;
            &lt;svg
              class=&quot;lucide lucide-wifi h-4 w-4 text-green-400&quot;
              fill=&quot;none&quot;
              height=&quot;24&quot;
              stroke=&quot;currentColor&quot;
              stroke-linecap=&quot;round&quot;
              stroke-linejoin=&quot;round&quot;
              stroke-width=&quot;2&quot;
              viewBox=&quot;0 0 24 24&quot;
              width=&quot;24&quot;
              xmlns=&quot;http://www.w3.org/2000/svg&quot;
            &gt;
              &lt;path
                d=&quot;M12 20h.01&quot;
              /&gt;
              &lt;path
                d=&quot;M2 8.82a15 15 0 0 1 20 0&quot;
              /&gt;
              &lt;path
                d=&quot;M5 12.859a10 10 0 0 1 14 0&quot;
              /&gt;
              &lt;path
                d=&quot;M8.5 16.429a5 5 0 0 1 7 0&quot;
              /&gt;
            &lt;/svg&gt;
            &lt;div
              class=&quot;inline-flex items-center rounded-full border px-2.5 py-0.5 text-xs font-semibold transition-colors focus:outline-none focus:ring-2 focus:ring-ring focus:ring-offset-2 hover:bg-secondary/80 bg-green-900/40 text-green-400 border-green-700&quot;
            &gt;
              Connected
            &lt;/div&gt;
          &lt;/div&gt;
          &lt;div
            class=&quot;flex items-center gap-4 text-sm&quot;
          &gt;
            &lt;div
              class=&quot;flex items-center gap-2&quot;
            &gt;
              &lt;span
                class=&quot;text-gray-400&quot;
              &gt;
                Total:
              &lt;/span&gt;
              &lt;div
                class=&quot;inline-flex items-center rounded-full border px-2.5 py-0.5 text-xs font-semibold transition-colors focus:outline-none focus:ring-2 focus:ring-ring focus:ring-offset-2 border-transparent hover:bg-secondary/80 bg-gray-700 text-gray-300&quot;
              &gt;
                0
              &lt;/div&gt;
            &lt;/div&gt;
            &lt;div
              class=&quot;flex items-center gap-2&quot;
            &gt;
              &lt;span
                class=&quot;text-gray-400&quot;
              &gt;
                Active:
              &lt;/span&gt;
              &lt;div
                class=&quot;inline-flex items-center rounded-full border px-2.5 py-0.5 text-xs font-semibold transition-colors focus:outline-none focus:ring-2 focus:ring-ring focus:ring-offset-2 border-transparent hover:bg-secondary/80 bg-green-900/40 text-green-400&quot;
              &gt;
                0
              &lt;/div&gt;
            &lt;/div&gt;
          &lt;/div&gt;
        &lt;/div&gt;
        &lt;div
          class=&quot;flex items-center gap-4&quot;
        &gt;
          &lt;div
            class=&quot;flex items-center gap-2&quot;
          &gt;
            &lt;svg
              class=&quot;lucide lucide-map-pin h-4 w-4 text-blue-400&quot;
              fill=&quot;none&quot;
              height=&quot;24&quot;
              stroke=&quot;currentColor&quot;
              stroke-linecap=&quot;round&quot;
              stroke-linejoin=&quot;round&quot;
              stroke-width=&quot;2&quot;
              viewBox=&quot;0 0 24 24&quot;
              width=&quot;24&quot;
              xmlns=&quot;http://www.w3.org/2000/svg&quot;
            &gt;
              &lt;path
                d=&quot;M20 10c0 4.993-5.539 10.193-7.399 11.799a1 1 0 0 1-1.202 0C9.539 20.193 4 14.993 4 10a8 8 0 0 1 16 0&quot;
              /&gt;
              &lt;circle
                cx=&quot;12&quot;
                cy=&quot;10&quot;
                r=&quot;3&quot;
              /&gt;
            &lt;/svg&gt;
            &lt;button
              aria-autocomplete=&quot;none&quot;
              aria-controls=&quot;radix-«r5k»&quot;
              aria-expanded=&quot;false&quot;
              class=&quot;flex h-10 items-center justify-between rounded-md border px-3 py-2 text-sm ring-offset-background placeholder:text-muted-foreground focus:outline-none focus:ring-2 focus:ring-ring focus:ring-offset-2 disabled:cursor-not-allowed disabled:opacity-50 [&amp;&gt;span]:line-clamp-1 w-40 bg-gray-800 border-gray-600&quot;
              data-state=&quot;closed&quot;
              dir=&quot;ltr&quot;
              role=&quot;combobox&quot;
              type=&quot;button&quot;
            &gt;
              &lt;span
                style=&quot;pointer-events: none;&quot;
              &gt;
                All Stations
              &lt;/span&gt;
              &lt;svg
                aria-hidden=&quot;true&quot;
                class=&quot;lucide lucide-chevron-down h-4 w-4 opacity-50&quot;
                fill=&quot;none&quot;
                height=&quot;24&quot;
                stroke=&quot;currentColor&quot;
                stroke-linecap=&quot;round&quot;
                stroke-linejoin=&quot;round&quot;
                stroke-width=&quot;2&quot;
                viewBox=&quot;0 0 24 24&quot;
                width=&quot;24&quot;
                xmlns=&quot;http://www.w3.org/2000/svg&quot;
              &gt;
                &lt;path
                  d=&quot;m6 9 6 6 6-6&quot;
                /&gt;
              &lt;/svg&gt;
            &lt;/button&gt;
          &lt;/div&gt;
          &lt;div
            class=&quot;flex items-center gap-2&quot;
          &gt;
            &lt;svg[...
    at Object.getElementError (/Users/mike/Plate-Restaurant-System-App/node_modules/@testing-library/dom/dist/config.js:37:19)
    at /Users/mike/Plate-Restaurant-System-App/node_modules/@testing-library/dom/dist/query-helpers.js:76:38
    at /Users/mike/Plate-Restaurant-System-App/node_modules/@testing-library/dom/dist/query-helpers.js:52:17
    at /Users/mike/Plate-Restaurant-System-App/node_modules/@testing-library/dom/dist/query-helpers.js:95:19
    at Object.getByDisplayValue (/Users/mike/Plate-Restaurant-System-App/__tests__/unit/components/kds/kds-header.test.tsx:221:35)
    at Promise.then.completed (/Users/mike/Plate-Restaurant-System-App/node_modules/jest-circus/build/utils.js:298:28)
    at new Promise (&lt;anonymous&gt;)
    at callAsyncCircusFn (/Users/mike/Plate-Restaurant-System-App/node_modules/jest-circus/build/utils.js:231:10)
    at _callCircusTest (/Users/mike/Plate-Restaurant-System-App/node_modules/jest-circus/build/run.js:316:40)
    at processTicksAndRejections (node:internal/process/task_queues:105:5)
    at _runTest (/Users/mike/Plate-Restaurant-System-App/node_modules/jest-circus/build/run.js:252:3)
    at _runTestsForDescribeBlock (/Users/mike/Plate-Restaurant-System-App/node_modules/jest-circus/build/run.js:126:9)
    at _runTestsForDescribeBlock (/Users/mike/Plate-Restaurant-System-App/node_modules/jest-circus/build/run.js:121:9)
    at _runTestsForDescribeBlock (/Users/mike/Plate-Restaurant-System-App/node_modules/jest-circus/build/run.js:121:9)
    at run (/Users/mike/Plate-Restaurant-System-App/node_modules/jest-circus/build/run.js:71:3)
    at runAndTransformResultsToJestFormat (/Users/mike/Plate-Restaurant-System-App/node_modules/jest-circus/build/legacy-code-todo-rewrite/jestAdapterInit.js:122:21)
    at jestAdapter (/Users/mike/Plate-Restaurant-System-App/node_modules/jest-circus/build/legacy-code-todo-rewrite/jestAdapter.js:79:19)
    at runTestInternal (/Users/mike/Plate-Restaurant-System-App/node_modules/jest-runner/build/runTest.js:367:16)
    at runTest (/Users/mike/Plate-Restaurant-System-App/node_modules/jest-runner/build/runTest.js:444:34)
    at Object.worker (/Users/mike/Plate-Restaurant-System-App/node_modules/jest-runner/build/testWorker.js:106:12)</failure>
    </testcase>
    <testcase classname="KDSHeader Filter Controls shows current filter value" name="KDSHeader Filter Controls shows current filter value" time="0.043">
      <failure>TestingLibraryElementError: Unable to find an element with the display value: In Progress.

Ignored nodes: comments, script, style
&lt;body&gt;
  &lt;div&gt;
    &lt;div&gt;
      &lt;div
        class=&quot;flex items-center justify-between p-4 bg-gray-900 border-b border-gray-700&quot;
      &gt;
        &lt;div
          class=&quot;flex items-center gap-6&quot;
        &gt;
          &lt;h1
            class=&quot;text-xl font-semibold text-white&quot;
          &gt;
            Kitchen Display
          &lt;/h1&gt;
          &lt;div
            class=&quot;flex items-center gap-2&quot;
          &gt;
            &lt;svg
              class=&quot;lucide lucide-wifi h-4 w-4 text-green-400&quot;
              fill=&quot;none&quot;
              height=&quot;24&quot;
              stroke=&quot;currentColor&quot;
              stroke-linecap=&quot;round&quot;
              stroke-linejoin=&quot;round&quot;
              stroke-width=&quot;2&quot;
              viewBox=&quot;0 0 24 24&quot;
              width=&quot;24&quot;
              xmlns=&quot;http://www.w3.org/2000/svg&quot;
            &gt;
              &lt;path
                d=&quot;M12 20h.01&quot;
              /&gt;
              &lt;path
                d=&quot;M2 8.82a15 15 0 0 1 20 0&quot;
              /&gt;
              &lt;path
                d=&quot;M5 12.859a10 10 0 0 1 14 0&quot;
              /&gt;
              &lt;path
                d=&quot;M8.5 16.429a5 5 0 0 1 7 0&quot;
              /&gt;
            &lt;/svg&gt;
            &lt;div
              class=&quot;inline-flex items-center rounded-full border px-2.5 py-0.5 text-xs font-semibold transition-colors focus:outline-none focus:ring-2 focus:ring-ring focus:ring-offset-2 hover:bg-secondary/80 bg-green-900/40 text-green-400 border-green-700&quot;
            &gt;
              Connected
            &lt;/div&gt;
          &lt;/div&gt;
          &lt;div
            class=&quot;flex items-center gap-4 text-sm&quot;
          &gt;
            &lt;div
              class=&quot;flex items-center gap-2&quot;
            &gt;
              &lt;span
                class=&quot;text-gray-400&quot;
              &gt;
                Total:
              &lt;/span&gt;
              &lt;div
                class=&quot;inline-flex items-center rounded-full border px-2.5 py-0.5 text-xs font-semibold transition-colors focus:outline-none focus:ring-2 focus:ring-ring focus:ring-offset-2 border-transparent hover:bg-secondary/80 bg-gray-700 text-gray-300&quot;
              &gt;
                0
              &lt;/div&gt;
            &lt;/div&gt;
            &lt;div
              class=&quot;flex items-center gap-2&quot;
            &gt;
              &lt;span
                class=&quot;text-gray-400&quot;
              &gt;
                Active:
              &lt;/span&gt;
              &lt;div
                class=&quot;inline-flex items-center rounded-full border px-2.5 py-0.5 text-xs font-semibold transition-colors focus:outline-none focus:ring-2 focus:ring-ring focus:ring-offset-2 border-transparent hover:bg-secondary/80 bg-green-900/40 text-green-400&quot;
              &gt;
                0
              &lt;/div&gt;
            &lt;/div&gt;
          &lt;/div&gt;
        &lt;/div&gt;
        &lt;div
          class=&quot;flex items-center gap-4&quot;
        &gt;
          &lt;div
            class=&quot;flex items-center gap-2&quot;
          &gt;
            &lt;svg
              class=&quot;lucide lucide-map-pin h-4 w-4 text-blue-400&quot;
              fill=&quot;none&quot;
              height=&quot;24&quot;
              stroke=&quot;currentColor&quot;
              stroke-linecap=&quot;round&quot;
              stroke-linejoin=&quot;round&quot;
              stroke-width=&quot;2&quot;
              viewBox=&quot;0 0 24 24&quot;
              width=&quot;24&quot;
              xmlns=&quot;http://www.w3.org/2000/svg&quot;
            &gt;
              &lt;path
                d=&quot;M20 10c0 4.993-5.539 10.193-7.399 11.799a1 1 0 0 1-1.202 0C9.539 20.193 4 14.993 4 10a8 8 0 0 1 16 0&quot;
              /&gt;
              &lt;circle
                cx=&quot;12&quot;
                cy=&quot;10&quot;
                r=&quot;3&quot;
              /&gt;
            &lt;/svg&gt;
            &lt;button
              aria-autocomplete=&quot;none&quot;
              aria-controls=&quot;radix-«r60»&quot;
              aria-expanded=&quot;false&quot;
              class=&quot;flex h-10 items-center justify-between rounded-md border px-3 py-2 text-sm ring-offset-background placeholder:text-muted-foreground focus:outline-none focus:ring-2 focus:ring-ring focus:ring-offset-2 disabled:cursor-not-allowed disabled:opacity-50 [&amp;&gt;span]:line-clamp-1 w-40 bg-gray-800 border-gray-600&quot;
              data-state=&quot;closed&quot;
              dir=&quot;ltr&quot;
              role=&quot;combobox&quot;
              type=&quot;button&quot;
            &gt;
              &lt;span
                style=&quot;pointer-events: none;&quot;
              &gt;
                All Stations
              &lt;/span&gt;
              &lt;svg
                aria-hidden=&quot;true&quot;
                class=&quot;lucide lucide-chevron-down h-4 w-4 opacity-50&quot;
                fill=&quot;none&quot;
                height=&quot;24&quot;
                stroke=&quot;currentColor&quot;
                stroke-linecap=&quot;round&quot;
                stroke-linejoin=&quot;round&quot;
                stroke-width=&quot;2&quot;
                viewBox=&quot;0 0 24 24&quot;
                width=&quot;24&quot;
                xmlns=&quot;http://www.w3.org/2000/svg&quot;
              &gt;
                &lt;path
                  d=&quot;m6 9 6 6 6-6&quot;
                /&gt;
              &lt;/svg&gt;
            &lt;/button&gt;
          &lt;/div&gt;
          &lt;div
            class=&quot;flex items-center gap-2&quot;
          &gt;
            &lt;svg[...
    at Object.getElementError (/Users/mike/Plate-Restaurant-System-App/node_modules/@testing-library/dom/dist/config.js:37:19)
    at /Users/mike/Plate-Restaurant-System-App/node_modules/@testing-library/dom/dist/query-helpers.js:76:38
    at /Users/mike/Plate-Restaurant-System-App/node_modules/@testing-library/dom/dist/query-helpers.js:52:17
    at /Users/mike/Plate-Restaurant-System-App/node_modules/@testing-library/dom/dist/query-helpers.js:95:19
    at Object.getByDisplayValue (/Users/mike/Plate-Restaurant-System-App/__tests__/unit/components/kds/kds-header.test.tsx:232:21)
    at Promise.then.completed (/Users/mike/Plate-Restaurant-System-App/node_modules/jest-circus/build/utils.js:298:28)
    at new Promise (&lt;anonymous&gt;)
    at callAsyncCircusFn (/Users/mike/Plate-Restaurant-System-App/node_modules/jest-circus/build/utils.js:231:10)
    at _callCircusTest (/Users/mike/Plate-Restaurant-System-App/node_modules/jest-circus/build/run.js:316:40)
    at processTicksAndRejections (node:internal/process/task_queues:105:5)
    at _runTest (/Users/mike/Plate-Restaurant-System-App/node_modules/jest-circus/build/run.js:252:3)
    at _runTestsForDescribeBlock (/Users/mike/Plate-Restaurant-System-App/node_modules/jest-circus/build/run.js:126:9)
    at _runTestsForDescribeBlock (/Users/mike/Plate-Restaurant-System-App/node_modules/jest-circus/build/run.js:121:9)
    at _runTestsForDescribeBlock (/Users/mike/Plate-Restaurant-System-App/node_modules/jest-circus/build/run.js:121:9)
    at run (/Users/mike/Plate-Restaurant-System-App/node_modules/jest-circus/build/run.js:71:3)
    at runAndTransformResultsToJestFormat (/Users/mike/Plate-Restaurant-System-App/node_modules/jest-circus/build/legacy-code-todo-rewrite/jestAdapterInit.js:122:21)
    at jestAdapter (/Users/mike/Plate-Restaurant-System-App/node_modules/jest-circus/build/legacy-code-todo-rewrite/jestAdapter.js:79:19)
    at runTestInternal (/Users/mike/Plate-Restaurant-System-App/node_modules/jest-runner/build/runTest.js:367:16)
    at runTest (/Users/mike/Plate-Restaurant-System-App/node_modules/jest-runner/build/runTest.js:444:34)
    at Object.worker (/Users/mike/Plate-Restaurant-System-App/node_modules/jest-runner/build/testWorker.js:106:12)</failure>
    </testcase>
    <testcase classname="KDSHeader View Mode Controls renders all view mode buttons" name="KDSHeader View Mode Controls renders all view mode buttons" time="0.036">
      <failure>Error: expect(received).toBeGreaterThanOrEqual(expected)

Expected: &gt;= 3
Received:    0
    at Object.toBeGreaterThanOrEqual (/Users/mike/Plate-Restaurant-System-App/__tests__/unit/components/kds/kds-header.test.tsx:246:34)
    at Promise.then.completed (/Users/mike/Plate-Restaurant-System-App/node_modules/jest-circus/build/utils.js:298:28)
    at new Promise (&lt;anonymous&gt;)
    at callAsyncCircusFn (/Users/mike/Plate-Restaurant-System-App/node_modules/jest-circus/build/utils.js:231:10)
    at _callCircusTest (/Users/mike/Plate-Restaurant-System-App/node_modules/jest-circus/build/run.js:316:40)
    at processTicksAndRejections (node:internal/process/task_queues:105:5)
    at _runTest (/Users/mike/Plate-Restaurant-System-App/node_modules/jest-circus/build/run.js:252:3)
    at _runTestsForDescribeBlock (/Users/mike/Plate-Restaurant-System-App/node_modules/jest-circus/build/run.js:126:9)
    at _runTestsForDescribeBlock (/Users/mike/Plate-Restaurant-System-App/node_modules/jest-circus/build/run.js:121:9)
    at _runTestsForDescribeBlock (/Users/mike/Plate-Restaurant-System-App/node_modules/jest-circus/build/run.js:121:9)
    at run (/Users/mike/Plate-Restaurant-System-App/node_modules/jest-circus/build/run.js:71:3)
    at runAndTransformResultsToJestFormat (/Users/mike/Plate-Restaurant-System-App/node_modules/jest-circus/build/legacy-code-todo-rewrite/jestAdapterInit.js:122:21)
    at jestAdapter (/Users/mike/Plate-Restaurant-System-App/node_modules/jest-circus/build/legacy-code-todo-rewrite/jestAdapter.js:79:19)
    at runTestInternal (/Users/mike/Plate-Restaurant-System-App/node_modules/jest-runner/build/runTest.js:367:16)
    at runTest (/Users/mike/Plate-Restaurant-System-App/node_modules/jest-runner/build/runTest.js:444:34)
    at Object.worker (/Users/mike/Plate-Restaurant-System-App/node_modules/jest-runner/build/testWorker.js:106:12)</failure>
    </testcase>
    <testcase classname="KDSHeader View Mode Controls highlights active view mode" name="KDSHeader View Mode Controls highlights active view mode" time="0.032">
      <failure>Error: expect(received).toBeInTheDocument()

received value must be an HTMLElement or an SVGElement.
Received has value: null
    at __EXTERNAL_MATCHER_TRAP__ (/Users/mike/Plate-Restaurant-System-App/node_modules/expect/build/index.js:325:30)
    at Object.throwingMatcher [as toBeInTheDocument] (/Users/mike/Plate-Restaurant-System-App/node_modules/expect/build/index.js:326:15)
    at Object.toBeInTheDocument (/Users/mike/Plate-Restaurant-System-App/__tests__/unit/components/kds/kds-header.test.tsx:255:28)
    at Promise.then.completed (/Users/mike/Plate-Restaurant-System-App/node_modules/jest-circus/build/utils.js:298:28)
    at new Promise (&lt;anonymous&gt;)
    at callAsyncCircusFn (/Users/mike/Plate-Restaurant-System-App/node_modules/jest-circus/build/utils.js:231:10)
    at _callCircusTest (/Users/mike/Plate-Restaurant-System-App/node_modules/jest-circus/build/run.js:316:40)
    at processTicksAndRejections (node:internal/process/task_queues:105:5)
    at _runTest (/Users/mike/Plate-Restaurant-System-App/node_modules/jest-circus/build/run.js:252:3)
    at _runTestsForDescribeBlock (/Users/mike/Plate-Restaurant-System-App/node_modules/jest-circus/build/run.js:126:9)
    at _runTestsForDescribeBlock (/Users/mike/Plate-Restaurant-System-App/node_modules/jest-circus/build/run.js:121:9)
    at _runTestsForDescribeBlock (/Users/mike/Plate-Restaurant-System-App/node_modules/jest-circus/build/run.js:121:9)
    at run (/Users/mike/Plate-Restaurant-System-App/node_modules/jest-circus/build/run.js:71:3)
    at runAndTransformResultsToJestFormat (/Users/mike/Plate-Restaurant-System-App/node_modules/jest-circus/build/legacy-code-todo-rewrite/jestAdapterInit.js:122:21)
    at jestAdapter (/Users/mike/Plate-Restaurant-System-App/node_modules/jest-circus/build/legacy-code-todo-rewrite/jestAdapter.js:79:19)
    at runTestInternal (/Users/mike/Plate-Restaurant-System-App/node_modules/jest-runner/build/runTest.js:367:16)
    at runTest (/Users/mike/Plate-Restaurant-System-App/node_modules/jest-runner/build/runTest.js:444:34)
    at Object.worker (/Users/mike/Plate-Restaurant-System-App/node_modules/jest-runner/build/testWorker.js:106:12)</failure>
    </testcase>
    <testcase classname="KDSHeader View Mode Controls calls setViewMode when view mode is changed" name="KDSHeader View Mode Controls calls setViewMode when view mode is changed" time="0.042">
    </testcase>
    <testcase classname="KDSHeader Audio Controls shows volume icon when sound is enabled" name="KDSHeader Audio Controls shows volume icon when sound is enabled" time="0.097">
      <failure>TestingLibraryElementError: Unable to find an accessible element with the role &quot;button&quot; and name `/volume|audio/i`

Here are the accessible roles:

  heading:

  Name &quot;Kitchen Display&quot;:
  &lt;h1
    class=&quot;text-xl font-semibold text-white&quot;
  /&gt;

  --------------------------------------------------
  combobox:

  Name &quot;&quot;:
  &lt;button
    aria-autocomplete=&quot;none&quot;
    aria-controls=&quot;radix-«r7g»&quot;
    aria-expanded=&quot;false&quot;
    class=&quot;flex h-10 items-center justify-between rounded-md border px-3 py-2 text-sm ring-offset-background placeholder:text-muted-foreground focus:outline-none focus:ring-2 focus:ring-ring focus:ring-offset-2 disabled:cursor-not-allowed disabled:opacity-50 [&amp;&gt;span]:line-clamp-1 w-40 bg-gray-800 border-gray-600&quot;
    data-state=&quot;closed&quot;
    dir=&quot;ltr&quot;
    role=&quot;combobox&quot;
    type=&quot;button&quot;
  /&gt;

  Name &quot;&quot;:
  &lt;button
    aria-autocomplete=&quot;none&quot;
    aria-controls=&quot;radix-«r7h»&quot;
    aria-expanded=&quot;false&quot;
    class=&quot;flex h-10 items-center justify-between rounded-md border px-3 py-2 text-sm ring-offset-background placeholder:text-muted-foreground focus:outline-none focus:ring-2 focus:ring-ring focus:ring-offset-2 disabled:cursor-not-allowed disabled:opacity-50 [&amp;&gt;span]:line-clamp-1 w-32 bg-gray-800 border-gray-600&quot;
    data-state=&quot;closed&quot;
    dir=&quot;ltr&quot;
    role=&quot;combobox&quot;
    type=&quot;button&quot;
  /&gt;

  --------------------------------------------------
  button:

  Name &quot;&quot;:
  &lt;button
    class=&quot;inline-flex items-center justify-center whitespace-nowrap text-sm font-medium ring-offset-background transition-colors focus-visible:outline-none focus-visible:ring-2 focus-visible:ring-ring focus-visible:ring-offset-2 disabled:pointer-events-none disabled:opacity-50 touch-manipulation hover:bg-accent hover:text-accent-foreground active:scale-95 rounded-md min-w-[44px] h-8 w-8 p-0&quot;
  /&gt;

  Name &quot;&quot;:
  &lt;button
    class=&quot;inline-flex items-center justify-center whitespace-nowrap text-sm font-medium ring-offset-background transition-colors focus-visible:outline-none focus-visible:ring-2 focus-visible:ring-ring focus-visible:ring-offset-2 disabled:pointer-events-none disabled:opacity-50 touch-manipulation bg-primary text-primary-foreground hover:bg-primary/90 active:scale-95 rounded-md min-w-[44px] h-8 w-8 p-0&quot;
  /&gt;

  Name &quot;&quot;:
  &lt;button
    class=&quot;inline-flex items-center justify-center whitespace-nowrap text-sm font-medium ring-offset-background transition-colors focus-visible:outline-none focus-visible:ring-2 focus-visible:ring-ring focus-visible:ring-offset-2 disabled:pointer-events-none disabled:opacity-50 touch-manipulation hover:bg-accent hover:text-accent-foreground active:scale-95 rounded-md min-w-[44px] h-8 w-8 p-0&quot;
  /&gt;

  Name &quot;&quot;:
  &lt;button
    class=&quot;inline-flex items-center justify-center whitespace-nowrap text-sm font-medium ring-offset-background transition-colors focus-visible:outline-none focus-visible:ring-2 focus-visible:ring-ring focus-visible:ring-offset-2 disabled:pointer-events-none disabled:opacity-50 touch-manipulation hover:bg-accent hover:text-accent-foreground active:scale-95 rounded-md min-w-[44px] h-8 w-8 p-0 text-blue-400&quot;
  /&gt;

  Name &quot;&quot;:
  &lt;button
    class=&quot;inline-flex items-center justify-center whitespace-nowrap text-sm font-medium ring-offset-background transition-colors focus-visible:outline-none focus-visible:ring-2 focus-visible:ring-ring focus-visible:ring-offset-2 disabled:pointer-events-none disabled:opacity-50 touch-manipulation hover:bg-accent hover:text-accent-foreground active:scale-95 rounded-md min-w-[44px] h-8 w-8 p-0&quot;
  /&gt;

  Name &quot;&quot;:
  &lt;button
    class=&quot;inline-flex items-center justify-center whitespace-nowrap text-sm font-medium ring-offset-background transition-colors focus-visible:outline-none focus-visible:ring-2 focus-visible:ring-ring focus-visible:ring-offset-2 disabled:pointer-events-none disabled:opacity-50 touch-manipulation hover:bg-accent hover:text-accent-foreground active:scale-95 rounded-md min-w-[44px] h-8 w-8 p-0&quot;
  /&gt;

  --------------------------------------------------
  region:

  Name &quot;Notifications (F8)&quot;:
  &lt;div
    aria-label=&quot;Notifications (F8)&quot;
    role=&quot;region&quot;
    style=&quot;pointer-events: none;&quot;
    tabindex=&quot;-1&quot;
  /&gt;

  --------------------------------------------------
  list:

  Name &quot;&quot;:
  &lt;ol
    class=&quot;fixed top-0 z-[100] flex max-h-screen w-full flex-col-reverse p-4 sm:bottom-0 sm:right-0 sm:top-auto sm:flex-col md:max-w-[420px]&quot;
    tabindex=&quot;-1&quot;
  /&gt;

  --------------------------------------------------

Ignored nodes: comments, script, style
&lt;body&gt;
  &lt;div&gt;
    &lt;div&gt;
      &lt;div
        class=&quot;flex items-center justify-between p-4 bg-gray-900 border-b border-gray-700&quot;
      &gt;
        &lt;div
          class=&quot;flex items-center gap-6&quot;
        &gt;
          &lt;h1
            class=&quot;text-xl font-semibold text-white&quot;
          &gt;
            Kitchen Display
          &lt;/h1&gt;
          &lt;div
            class=&quot;flex items-center gap-2&quot;
          &gt;
            &lt;svg
              class=&quot;lucide lucide-wifi h-4 w-4 text-green-400&quot;
              fill=&quot;none&quot;
              height=&quot;24&quot;
              stroke=&quot;currentColor&quot;
              stroke-linecap=&quot;round&quot;
              stroke-linejoin=&quot;round&quot;
              stroke-width=&quot;2&quot;
              viewBox=&quot;0 0 24 24&quot;
              width=&quot;24&quot;
              xmlns=&quot;http://www.w3.org/2000/svg&quot;
            &gt;
              &lt;path
                d=&quot;M12 20h.01&quot;
              /&gt;
              &lt;path
                d=&quot;M2 8.82a15 15 0 0 1 20 0&quot;
              /&gt;
              &lt;path
                d=&quot;M5 12.859a10 10 0 0 1 14 0&quot;
              /&gt;
              &lt;path
                d=&quot;M8.5 16.429a5 5 0 0 1 7 0&quot;
              /&gt;
            &lt;/svg&gt;
            &lt;div
              class=&quot;inline-flex items-center rounded-full border px-2.5 py-0.5 text-xs font-semibold transition-colors focus:outline-none focus:ring-2 focus:ring-ring focus:ring-offset-2 hover:bg-secondary/80 bg-green-900/40 text-green-400 border-green-700&quot;
            &gt;
              Connected
            &lt;/div&gt;
          &lt;/div&gt;
          &lt;div
            class=&quot;flex items-center gap-4 text-sm&quot;
          &gt;
            &lt;div
              class=&quot;flex items-center gap-2&quot;
            &gt;
              &lt;span
                class=&quot;text-gray-400&quot;
              &gt;
                Total:
              &lt;/span&gt;
              &lt;div
                class=&quot;inline-flex items-center rounded-full border px-2.5 py-0.5 text-xs font-semibold transition-colors focus:outline-none focus:ring-2 focus:ring-ring focus:ring-offset-2 border-transparent hover:bg-secondary/80 bg-gray-700 text-gray-300&quot;
              &gt;
                0
              &lt;/div&gt;
            &lt;/div&gt;
            &lt;div
              class=&quot;flex items-center gap-2&quot;
            &gt;
              &lt;span
                class=&quot;text-gray-400&quot;
              &gt;
                Active:
              &lt;/span&gt;
              &lt;div
                class=&quot;inline-flex items-center rounded-full border px-2.5 py-0.5 text-xs font-semibold transition-colors focus:outline-none focus:ring-2 focus:ring-ring focus:ring-offset-2 border-transparent hover:bg-secondary/80 bg-green-900/40 text-green-400&quot;
              &gt;
                0
              &lt;/div&gt;
            &lt;/div&gt;
          &lt;/div&gt;
        &lt;/div&gt;
        &lt;div
          class=&quot;flex items-center gap-4&quot;
        &gt;
          &lt;div
            class=&quot;flex items-center gap-2&quot;
          &gt;
            &lt;svg
              class=&quot;lucide lucide-map-pin h-4 w-4 text-blue-400&quot;
              fill=&quot;none&quot;
              height=&quot;24&quot;
              stroke=&quot;currentColor&quot;
              stroke-linecap=&quot;round&quot;
              stroke-linejoin=&quot;round&quot;
              stroke-width=&quot;2&quot;
              viewBox=&quot;0 0 24 24&quot;
              width=&quot;24&quot;
              xmlns=&quot;http://www.w3.org/2000/svg&quot;
            &gt;
              &lt;path
                d=&quot;M20 10c0 4.993-5.539 10.193-7.399 11.799a1 1 0 0 1-1.202 0C9.539 20.193 4 14.993 4 10a8 8 0 0 1 16 0&quot;
              /&gt;
              &lt;circle
                cx=&quot;12&quot;
                cy=&quot;10&quot;
                r=&quot;3&quot;
              /&gt;
            &lt;/svg&gt;
            &lt;button
              aria-autocomplete=&quot;none&quot;
              aria-controls=&quot;radix-«r7g»&quot;
              aria-expanded=&quot;false&quot;
              class=&quot;flex h-10 items-center justify-between rounded-md border px-3 py-2 text-sm ring-offset-background placeholder:text-muted-foreground focus:outline-none focus:ring-2 focus:ring-ring focus:ring-offset-2 disabled:cursor-not-allowed disabled:opacity-50 [&amp;&gt;span]:line-clamp-1 w-40 bg-gray-800 border-gray-600&quot;
              data-state=&quot;closed&quot;
              dir=&quot;ltr&quot;
              role=&quot;combobox&quot;
              type=&quot;button&quot;
            &gt;
              &lt;span
                style=&quot;pointer-events: none;&quot;
              &gt;
                All Stations
              &lt;/span&gt;
              &lt;svg
                aria-hidden=&quot;true&quot;
                class=&quot;lucide lucide-chevron-down h-4 w-4 opacity-50&quot;
                fill=&quot;none&quot;
                height=&quot;24&quot;
                stroke=&quot;currentColor&quot;
                stroke-linecap=&quot;round&quot;
                stroke-linejoin=&quot;round&quot;
                stroke-width=&quot;2&quot;
                viewBox=&quot;0 0 24 24&quot;
                width=&quot;24&quot;
                xmlns=&quot;http://www.w3.org/2000/svg&quot;
              &gt;
                &lt;path
                  d=&quot;m6 9 6 6 6-6&quot;
                /&gt;
              &lt;/svg&gt;
            &lt;/button&gt;
          &lt;/div&gt;
          &lt;div
            class=&quot;flex items-center gap-2&quot;
          &gt;
            &lt;svg[...
    at Object.getElementError (/Users/mike/Plate-Restaurant-System-App/node_modules/@testing-library/dom/dist/config.js:37:19)
    at /Users/mike/Plate-Restaurant-System-App/node_modules/@testing-library/dom/dist/query-helpers.js:76:38
    at /Users/mike/Plate-Restaurant-System-App/node_modules/@testing-library/dom/dist/query-helpers.js:52:17
    at /Users/mike/Plate-Restaurant-System-App/node_modules/@testing-library/dom/dist/query-helpers.js:95:19
    at Object.getByRole (/Users/mike/Plate-Restaurant-System-App/__tests__/unit/components/kds/kds-header.test.tsx:279:34)
    at Promise.then.completed (/Users/mike/Plate-Restaurant-System-App/node_modules/jest-circus/build/utils.js:298:28)
    at new Promise (&lt;anonymous&gt;)
    at callAsyncCircusFn (/Users/mike/Plate-Restaurant-System-App/node_modules/jest-circus/build/utils.js:231:10)
    at _callCircusTest (/Users/mike/Plate-Restaurant-System-App/node_modules/jest-circus/build/run.js:316:40)
    at processTicksAndRejections (node:internal/process/task_queues:105:5)
    at _runTest (/Users/mike/Plate-Restaurant-System-App/node_modules/jest-circus/build/run.js:252:3)
    at _runTestsForDescribeBlock (/Users/mike/Plate-Restaurant-System-App/node_modules/jest-circus/build/run.js:126:9)
    at _runTestsForDescribeBlock (/Users/mike/Plate-Restaurant-System-App/node_modules/jest-circus/build/run.js:121:9)
    at _runTestsForDescribeBlock (/Users/mike/Plate-Restaurant-System-App/node_modules/jest-circus/build/run.js:121:9)
    at run (/Users/mike/Plate-Restaurant-System-App/node_modules/jest-circus/build/run.js:71:3)
    at runAndTransformResultsToJestFormat (/Users/mike/Plate-Restaurant-System-App/node_modules/jest-circus/build/legacy-code-todo-rewrite/jestAdapterInit.js:122:21)
    at jestAdapter (/Users/mike/Plate-Restaurant-System-App/node_modules/jest-circus/build/legacy-code-todo-rewrite/jestAdapter.js:79:19)
    at runTestInternal (/Users/mike/Plate-Restaurant-System-App/node_modules/jest-runner/build/runTest.js:367:16)
    at runTest (/Users/mike/Plate-Restaurant-System-App/node_modules/jest-runner/build/runTest.js:444:34)
    at Object.worker (/Users/mike/Plate-Restaurant-System-App/node_modules/jest-runner/build/testWorker.js:106:12)</failure>
    </testcase>
    <testcase classname="KDSHeader Audio Controls shows muted icon when sound is disabled" name="KDSHeader Audio Controls shows muted icon when sound is disabled" time="0.081">
      <failure>TestingLibraryElementError: Unable to find an accessible element with the role &quot;button&quot; and name `/volume|audio/i`

Here are the accessible roles:

  heading:

  Name &quot;Kitchen Display&quot;:
  &lt;h1
    class=&quot;text-xl font-semibold text-white&quot;
  /&gt;

  --------------------------------------------------
  combobox:

  Name &quot;&quot;:
  &lt;button
    aria-autocomplete=&quot;none&quot;
    aria-controls=&quot;radix-«r7s»&quot;
    aria-expanded=&quot;false&quot;
    class=&quot;flex h-10 items-center justify-between rounded-md border px-3 py-2 text-sm ring-offset-background placeholder:text-muted-foreground focus:outline-none focus:ring-2 focus:ring-ring focus:ring-offset-2 disabled:cursor-not-allowed disabled:opacity-50 [&amp;&gt;span]:line-clamp-1 w-40 bg-gray-800 border-gray-600&quot;
    data-state=&quot;closed&quot;
    dir=&quot;ltr&quot;
    role=&quot;combobox&quot;
    type=&quot;button&quot;
  /&gt;

  Name &quot;&quot;:
  &lt;button
    aria-autocomplete=&quot;none&quot;
    aria-controls=&quot;radix-«r7t»&quot;
    aria-expanded=&quot;false&quot;
    class=&quot;flex h-10 items-center justify-between rounded-md border px-3 py-2 text-sm ring-offset-background placeholder:text-muted-foreground focus:outline-none focus:ring-2 focus:ring-ring focus:ring-offset-2 disabled:cursor-not-allowed disabled:opacity-50 [&amp;&gt;span]:line-clamp-1 w-32 bg-gray-800 border-gray-600&quot;
    data-state=&quot;closed&quot;
    dir=&quot;ltr&quot;
    role=&quot;combobox&quot;
    type=&quot;button&quot;
  /&gt;

  --------------------------------------------------
  button:

  Name &quot;&quot;:
  &lt;button
    class=&quot;inline-flex items-center justify-center whitespace-nowrap text-sm font-medium ring-offset-background transition-colors focus-visible:outline-none focus-visible:ring-2 focus-visible:ring-ring focus-visible:ring-offset-2 disabled:pointer-events-none disabled:opacity-50 touch-manipulation hover:bg-accent hover:text-accent-foreground active:scale-95 rounded-md min-w-[44px] h-8 w-8 p-0&quot;
  /&gt;

  Name &quot;&quot;:
  &lt;button
    class=&quot;inline-flex items-center justify-center whitespace-nowrap text-sm font-medium ring-offset-background transition-colors focus-visible:outline-none focus-visible:ring-2 focus-visible:ring-ring focus-visible:ring-offset-2 disabled:pointer-events-none disabled:opacity-50 touch-manipulation bg-primary text-primary-foreground hover:bg-primary/90 active:scale-95 rounded-md min-w-[44px] h-8 w-8 p-0&quot;
  /&gt;

  Name &quot;&quot;:
  &lt;button
    class=&quot;inline-flex items-center justify-center whitespace-nowrap text-sm font-medium ring-offset-background transition-colors focus-visible:outline-none focus-visible:ring-2 focus-visible:ring-ring focus-visible:ring-offset-2 disabled:pointer-events-none disabled:opacity-50 touch-manipulation hover:bg-accent hover:text-accent-foreground active:scale-95 rounded-md min-w-[44px] h-8 w-8 p-0&quot;
  /&gt;

  Name &quot;&quot;:
  &lt;button
    class=&quot;inline-flex items-center justify-center whitespace-nowrap text-sm font-medium ring-offset-background transition-colors focus-visible:outline-none focus-visible:ring-2 focus-visible:ring-ring focus-visible:ring-offset-2 disabled:pointer-events-none disabled:opacity-50 touch-manipulation hover:bg-accent hover:text-accent-foreground active:scale-95 rounded-md min-w-[44px] h-8 w-8 p-0 text-gray-500&quot;
  /&gt;

  Name &quot;&quot;:
  &lt;button
    class=&quot;inline-flex items-center justify-center whitespace-nowrap text-sm font-medium ring-offset-background transition-colors focus-visible:outline-none focus-visible:ring-2 focus-visible:ring-ring focus-visible:ring-offset-2 disabled:pointer-events-none disabled:opacity-50 touch-manipulation hover:bg-accent hover:text-accent-foreground active:scale-95 rounded-md min-w-[44px] h-8 w-8 p-0&quot;
  /&gt;

  Name &quot;&quot;:
  &lt;button
    class=&quot;inline-flex items-center justify-center whitespace-nowrap text-sm font-medium ring-offset-background transition-colors focus-visible:outline-none focus-visible:ring-2 focus-visible:ring-ring focus-visible:ring-offset-2 disabled:pointer-events-none disabled:opacity-50 touch-manipulation hover:bg-accent hover:text-accent-foreground active:scale-95 rounded-md min-w-[44px] h-8 w-8 p-0&quot;
  /&gt;

  --------------------------------------------------
  region:

  Name &quot;Notifications (F8)&quot;:
  &lt;div
    aria-label=&quot;Notifications (F8)&quot;
    role=&quot;region&quot;
    style=&quot;pointer-events: none;&quot;
    tabindex=&quot;-1&quot;
  /&gt;

  --------------------------------------------------
  list:

  Name &quot;&quot;:
  &lt;ol
    class=&quot;fixed top-0 z-[100] flex max-h-screen w-full flex-col-reverse p-4 sm:bottom-0 sm:right-0 sm:top-auto sm:flex-col md:max-w-[420px]&quot;
    tabindex=&quot;-1&quot;
  /&gt;

  --------------------------------------------------

Ignored nodes: comments, script, style
&lt;body&gt;
  &lt;div&gt;
    &lt;div&gt;
      &lt;div
        class=&quot;flex items-center justify-between p-4 bg-gray-900 border-b border-gray-700&quot;
      &gt;
        &lt;div
          class=&quot;flex items-center gap-6&quot;
        &gt;
          &lt;h1
            class=&quot;text-xl font-semibold text-white&quot;
          &gt;
            Kitchen Display
          &lt;/h1&gt;
          &lt;div
            class=&quot;flex items-center gap-2&quot;
          &gt;
            &lt;svg
              class=&quot;lucide lucide-wifi h-4 w-4 text-green-400&quot;
              fill=&quot;none&quot;
              height=&quot;24&quot;
              stroke=&quot;currentColor&quot;
              stroke-linecap=&quot;round&quot;
              stroke-linejoin=&quot;round&quot;
              stroke-width=&quot;2&quot;
              viewBox=&quot;0 0 24 24&quot;
              width=&quot;24&quot;
              xmlns=&quot;http://www.w3.org/2000/svg&quot;
            &gt;
              &lt;path
                d=&quot;M12 20h.01&quot;
              /&gt;
              &lt;path
                d=&quot;M2 8.82a15 15 0 0 1 20 0&quot;
              /&gt;
              &lt;path
                d=&quot;M5 12.859a10 10 0 0 1 14 0&quot;
              /&gt;
              &lt;path
                d=&quot;M8.5 16.429a5 5 0 0 1 7 0&quot;
              /&gt;
            &lt;/svg&gt;
            &lt;div
              class=&quot;inline-flex items-center rounded-full border px-2.5 py-0.5 text-xs font-semibold transition-colors focus:outline-none focus:ring-2 focus:ring-ring focus:ring-offset-2 hover:bg-secondary/80 bg-green-900/40 text-green-400 border-green-700&quot;
            &gt;
              Connected
            &lt;/div&gt;
          &lt;/div&gt;
          &lt;div
            class=&quot;flex items-center gap-4 text-sm&quot;
          &gt;
            &lt;div
              class=&quot;flex items-center gap-2&quot;
            &gt;
              &lt;span
                class=&quot;text-gray-400&quot;
              &gt;
                Total:
              &lt;/span&gt;
              &lt;div
                class=&quot;inline-flex items-center rounded-full border px-2.5 py-0.5 text-xs font-semibold transition-colors focus:outline-none focus:ring-2 focus:ring-ring focus:ring-offset-2 border-transparent hover:bg-secondary/80 bg-gray-700 text-gray-300&quot;
              &gt;
                0
              &lt;/div&gt;
            &lt;/div&gt;
            &lt;div
              class=&quot;flex items-center gap-2&quot;
            &gt;
              &lt;span
                class=&quot;text-gray-400&quot;
              &gt;
                Active:
              &lt;/span&gt;
              &lt;div
                class=&quot;inline-flex items-center rounded-full border px-2.5 py-0.5 text-xs font-semibold transition-colors focus:outline-none focus:ring-2 focus:ring-ring focus:ring-offset-2 border-transparent hover:bg-secondary/80 bg-green-900/40 text-green-400&quot;
              &gt;
                0
              &lt;/div&gt;
            &lt;/div&gt;
          &lt;/div&gt;
        &lt;/div&gt;
        &lt;div
          class=&quot;flex items-center gap-4&quot;
        &gt;
          &lt;div
            class=&quot;flex items-center gap-2&quot;
          &gt;
            &lt;svg
              class=&quot;lucide lucide-map-pin h-4 w-4 text-blue-400&quot;
              fill=&quot;none&quot;
              height=&quot;24&quot;
              stroke=&quot;currentColor&quot;
              stroke-linecap=&quot;round&quot;
              stroke-linejoin=&quot;round&quot;
              stroke-width=&quot;2&quot;
              viewBox=&quot;0 0 24 24&quot;
              width=&quot;24&quot;
              xmlns=&quot;http://www.w3.org/2000/svg&quot;
            &gt;
              &lt;path
                d=&quot;M20 10c0 4.993-5.539 10.193-7.399 11.799a1 1 0 0 1-1.202 0C9.539 20.193 4 14.993 4 10a8 8 0 0 1 16 0&quot;
              /&gt;
              &lt;circle
                cx=&quot;12&quot;
                cy=&quot;10&quot;
                r=&quot;3&quot;
              /&gt;
            &lt;/svg&gt;
            &lt;button
              aria-autocomplete=&quot;none&quot;
              aria-controls=&quot;radix-«r7s»&quot;
              aria-expanded=&quot;false&quot;
              class=&quot;flex h-10 items-center justify-between rounded-md border px-3 py-2 text-sm ring-offset-background placeholder:text-muted-foreground focus:outline-none focus:ring-2 focus:ring-ring focus:ring-offset-2 disabled:cursor-not-allowed disabled:opacity-50 [&amp;&gt;span]:line-clamp-1 w-40 bg-gray-800 border-gray-600&quot;
              data-state=&quot;closed&quot;
              dir=&quot;ltr&quot;
              role=&quot;combobox&quot;
              type=&quot;button&quot;
            &gt;
              &lt;span
                style=&quot;pointer-events: none;&quot;
              &gt;
                All Stations
              &lt;/span&gt;
              &lt;svg
                aria-hidden=&quot;true&quot;
                class=&quot;lucide lucide-chevron-down h-4 w-4 opacity-50&quot;
                fill=&quot;none&quot;
                height=&quot;24&quot;
                stroke=&quot;currentColor&quot;
                stroke-linecap=&quot;round&quot;
                stroke-linejoin=&quot;round&quot;
                stroke-width=&quot;2&quot;
                viewBox=&quot;0 0 24 24&quot;
                width=&quot;24&quot;
                xmlns=&quot;http://www.w3.org/2000/svg&quot;
              &gt;
                &lt;path
                  d=&quot;m6 9 6 6 6-6&quot;
                /&gt;
              &lt;/svg&gt;
            &lt;/button&gt;
          &lt;/div&gt;
          &lt;div
            class=&quot;flex items-center gap-2&quot;
          &gt;
            &lt;svg[...
    at Object.getElementError (/Users/mike/Plate-Restaurant-System-App/node_modules/@testing-library/dom/dist/config.js:37:19)
    at /Users/mike/Plate-Restaurant-System-App/node_modules/@testing-library/dom/dist/query-helpers.js:76:38
    at /Users/mike/Plate-Restaurant-System-App/node_modules/@testing-library/dom/dist/query-helpers.js:52:17
    at /Users/mike/Plate-Restaurant-System-App/node_modules/@testing-library/dom/dist/query-helpers.js:95:19
    at Object.getByRole (/Users/mike/Plate-Restaurant-System-App/__tests__/unit/components/kds/kds-header.test.tsx:288:34)
    at Promise.then.completed (/Users/mike/Plate-Restaurant-System-App/node_modules/jest-circus/build/utils.js:298:28)
    at new Promise (&lt;anonymous&gt;)
    at callAsyncCircusFn (/Users/mike/Plate-Restaurant-System-App/node_modules/jest-circus/build/utils.js:231:10)
    at _callCircusTest (/Users/mike/Plate-Restaurant-System-App/node_modules/jest-circus/build/run.js:316:40)
    at processTicksAndRejections (node:internal/process/task_queues:105:5)
    at _runTest (/Users/mike/Plate-Restaurant-System-App/node_modules/jest-circus/build/run.js:252:3)
    at _runTestsForDescribeBlock (/Users/mike/Plate-Restaurant-System-App/node_modules/jest-circus/build/run.js:126:9)
    at _runTestsForDescribeBlock (/Users/mike/Plate-Restaurant-System-App/node_modules/jest-circus/build/run.js:121:9)
    at _runTestsForDescribeBlock (/Users/mike/Plate-Restaurant-System-App/node_modules/jest-circus/build/run.js:121:9)
    at run (/Users/mike/Plate-Restaurant-System-App/node_modules/jest-circus/build/run.js:71:3)
    at runAndTransformResultsToJestFormat (/Users/mike/Plate-Restaurant-System-App/node_modules/jest-circus/build/legacy-code-todo-rewrite/jestAdapterInit.js:122:21)
    at jestAdapter (/Users/mike/Plate-Restaurant-System-App/node_modules/jest-circus/build/legacy-code-todo-rewrite/jestAdapter.js:79:19)
    at runTestInternal (/Users/mike/Plate-Restaurant-System-App/node_modules/jest-runner/build/runTest.js:367:16)
    at runTest (/Users/mike/Plate-Restaurant-System-App/node_modules/jest-runner/build/runTest.js:444:34)
    at Object.worker (/Users/mike/Plate-Restaurant-System-App/node_modules/jest-runner/build/testWorker.js:106:12)</failure>
    </testcase>
    <testcase classname="KDSHeader Audio Controls calls toggleSound when audio button is clicked" name="KDSHeader Audio Controls calls toggleSound when audio button is clicked" time="0.09">
      <failure>TestingLibraryElementError: Unable to find an accessible element with the role &quot;button&quot; and name `/volume|audio/i`

Here are the accessible roles:

  heading:

  Name &quot;Kitchen Display&quot;:
  &lt;h1
    class=&quot;text-xl font-semibold text-white&quot;
  /&gt;

  --------------------------------------------------
  combobox:

  Name &quot;&quot;:
  &lt;button
    aria-autocomplete=&quot;none&quot;
    aria-controls=&quot;radix-«r88»&quot;
    aria-expanded=&quot;false&quot;
    class=&quot;flex h-10 items-center justify-between rounded-md border px-3 py-2 text-sm ring-offset-background placeholder:text-muted-foreground focus:outline-none focus:ring-2 focus:ring-ring focus:ring-offset-2 disabled:cursor-not-allowed disabled:opacity-50 [&amp;&gt;span]:line-clamp-1 w-40 bg-gray-800 border-gray-600&quot;
    data-state=&quot;closed&quot;
    dir=&quot;ltr&quot;
    role=&quot;combobox&quot;
    type=&quot;button&quot;
  /&gt;

  Name &quot;&quot;:
  &lt;button
    aria-autocomplete=&quot;none&quot;
    aria-controls=&quot;radix-«r89»&quot;
    aria-expanded=&quot;false&quot;
    class=&quot;flex h-10 items-center justify-between rounded-md border px-3 py-2 text-sm ring-offset-background placeholder:text-muted-foreground focus:outline-none focus:ring-2 focus:ring-ring focus:ring-offset-2 disabled:cursor-not-allowed disabled:opacity-50 [&amp;&gt;span]:line-clamp-1 w-32 bg-gray-800 border-gray-600&quot;
    data-state=&quot;closed&quot;
    dir=&quot;ltr&quot;
    role=&quot;combobox&quot;
    type=&quot;button&quot;
  /&gt;

  --------------------------------------------------
  button:

  Name &quot;&quot;:
  &lt;button
    class=&quot;inline-flex items-center justify-center whitespace-nowrap text-sm font-medium ring-offset-background transition-colors focus-visible:outline-none focus-visible:ring-2 focus-visible:ring-ring focus-visible:ring-offset-2 disabled:pointer-events-none disabled:opacity-50 touch-manipulation hover:bg-accent hover:text-accent-foreground active:scale-95 rounded-md min-w-[44px] h-8 w-8 p-0&quot;
  /&gt;

  Name &quot;&quot;:
  &lt;button
    class=&quot;inline-flex items-center justify-center whitespace-nowrap text-sm font-medium ring-offset-background transition-colors focus-visible:outline-none focus-visible:ring-2 focus-visible:ring-ring focus-visible:ring-offset-2 disabled:pointer-events-none disabled:opacity-50 touch-manipulation bg-primary text-primary-foreground hover:bg-primary/90 active:scale-95 rounded-md min-w-[44px] h-8 w-8 p-0&quot;
  /&gt;

  Name &quot;&quot;:
  &lt;button
    class=&quot;inline-flex items-center justify-center whitespace-nowrap text-sm font-medium ring-offset-background transition-colors focus-visible:outline-none focus-visible:ring-2 focus-visible:ring-ring focus-visible:ring-offset-2 disabled:pointer-events-none disabled:opacity-50 touch-manipulation hover:bg-accent hover:text-accent-foreground active:scale-95 rounded-md min-w-[44px] h-8 w-8 p-0&quot;
  /&gt;

  Name &quot;&quot;:
  &lt;button
    class=&quot;inline-flex items-center justify-center whitespace-nowrap text-sm font-medium ring-offset-background transition-colors focus-visible:outline-none focus-visible:ring-2 focus-visible:ring-ring focus-visible:ring-offset-2 disabled:pointer-events-none disabled:opacity-50 touch-manipulation hover:bg-accent hover:text-accent-foreground active:scale-95 rounded-md min-w-[44px] h-8 w-8 p-0 text-blue-400&quot;
  /&gt;

  Name &quot;&quot;:
  &lt;button
    class=&quot;inline-flex items-center justify-center whitespace-nowrap text-sm font-medium ring-offset-background transition-colors focus-visible:outline-none focus-visible:ring-2 focus-visible:ring-ring focus-visible:ring-offset-2 disabled:pointer-events-none disabled:opacity-50 touch-manipulation hover:bg-accent hover:text-accent-foreground active:scale-95 rounded-md min-w-[44px] h-8 w-8 p-0&quot;
  /&gt;

  Name &quot;&quot;:
  &lt;button
    class=&quot;inline-flex items-center justify-center whitespace-nowrap text-sm font-medium ring-offset-background transition-colors focus-visible:outline-none focus-visible:ring-2 focus-visible:ring-ring focus-visible:ring-offset-2 disabled:pointer-events-none disabled:opacity-50 touch-manipulation hover:bg-accent hover:text-accent-foreground active:scale-95 rounded-md min-w-[44px] h-8 w-8 p-0&quot;
  /&gt;

  --------------------------------------------------
  region:

  Name &quot;Notifications (F8)&quot;:
  &lt;div
    aria-label=&quot;Notifications (F8)&quot;
    role=&quot;region&quot;
    style=&quot;pointer-events: none;&quot;
    tabindex=&quot;-1&quot;
  /&gt;

  --------------------------------------------------
  list:

  Name &quot;&quot;:
  &lt;ol
    class=&quot;fixed top-0 z-[100] flex max-h-screen w-full flex-col-reverse p-4 sm:bottom-0 sm:right-0 sm:top-auto sm:flex-col md:max-w-[420px]&quot;
    tabindex=&quot;-1&quot;
  /&gt;

  --------------------------------------------------

Ignored nodes: comments, script, style
&lt;body&gt;
  &lt;div&gt;
    &lt;div&gt;
      &lt;div
        class=&quot;flex items-center justify-between p-4 bg-gray-900 border-b border-gray-700&quot;
      &gt;
        &lt;div
          class=&quot;flex items-center gap-6&quot;
        &gt;
          &lt;h1
            class=&quot;text-xl font-semibold text-white&quot;
          &gt;
            Kitchen Display
          &lt;/h1&gt;
          &lt;div
            class=&quot;flex items-center gap-2&quot;
          &gt;
            &lt;svg
              class=&quot;lucide lucide-wifi h-4 w-4 text-green-400&quot;
              fill=&quot;none&quot;
              height=&quot;24&quot;
              stroke=&quot;currentColor&quot;
              stroke-linecap=&quot;round&quot;
              stroke-linejoin=&quot;round&quot;
              stroke-width=&quot;2&quot;
              viewBox=&quot;0 0 24 24&quot;
              width=&quot;24&quot;
              xmlns=&quot;http://www.w3.org/2000/svg&quot;
            &gt;
              &lt;path
                d=&quot;M12 20h.01&quot;
              /&gt;
              &lt;path
                d=&quot;M2 8.82a15 15 0 0 1 20 0&quot;
              /&gt;
              &lt;path
                d=&quot;M5 12.859a10 10 0 0 1 14 0&quot;
              /&gt;
              &lt;path
                d=&quot;M8.5 16.429a5 5 0 0 1 7 0&quot;
              /&gt;
            &lt;/svg&gt;
            &lt;div
              class=&quot;inline-flex items-center rounded-full border px-2.5 py-0.5 text-xs font-semibold transition-colors focus:outline-none focus:ring-2 focus:ring-ring focus:ring-offset-2 hover:bg-secondary/80 bg-green-900/40 text-green-400 border-green-700&quot;
            &gt;
              Connected
            &lt;/div&gt;
          &lt;/div&gt;
          &lt;div
            class=&quot;flex items-center gap-4 text-sm&quot;
          &gt;
            &lt;div
              class=&quot;flex items-center gap-2&quot;
            &gt;
              &lt;span
                class=&quot;text-gray-400&quot;
              &gt;
                Total:
              &lt;/span&gt;
              &lt;div
                class=&quot;inline-flex items-center rounded-full border px-2.5 py-0.5 text-xs font-semibold transition-colors focus:outline-none focus:ring-2 focus:ring-ring focus:ring-offset-2 border-transparent hover:bg-secondary/80 bg-gray-700 text-gray-300&quot;
              &gt;
                0
              &lt;/div&gt;
            &lt;/div&gt;
            &lt;div
              class=&quot;flex items-center gap-2&quot;
            &gt;
              &lt;span
                class=&quot;text-gray-400&quot;
              &gt;
                Active:
              &lt;/span&gt;
              &lt;div
                class=&quot;inline-flex items-center rounded-full border px-2.5 py-0.5 text-xs font-semibold transition-colors focus:outline-none focus:ring-2 focus:ring-ring focus:ring-offset-2 border-transparent hover:bg-secondary/80 bg-green-900/40 text-green-400&quot;
              &gt;
                0
              &lt;/div&gt;
            &lt;/div&gt;
          &lt;/div&gt;
        &lt;/div&gt;
        &lt;div
          class=&quot;flex items-center gap-4&quot;
        &gt;
          &lt;div
            class=&quot;flex items-center gap-2&quot;
          &gt;
            &lt;svg
              class=&quot;lucide lucide-map-pin h-4 w-4 text-blue-400&quot;
              fill=&quot;none&quot;
              height=&quot;24&quot;
              stroke=&quot;currentColor&quot;
              stroke-linecap=&quot;round&quot;
              stroke-linejoin=&quot;round&quot;
              stroke-width=&quot;2&quot;
              viewBox=&quot;0 0 24 24&quot;
              width=&quot;24&quot;
              xmlns=&quot;http://www.w3.org/2000/svg&quot;
            &gt;
              &lt;path
                d=&quot;M20 10c0 4.993-5.539 10.193-7.399 11.799a1 1 0 0 1-1.202 0C9.539 20.193 4 14.993 4 10a8 8 0 0 1 16 0&quot;
              /&gt;
              &lt;circle
                cx=&quot;12&quot;
                cy=&quot;10&quot;
                r=&quot;3&quot;
              /&gt;
            &lt;/svg&gt;
            &lt;button
              aria-autocomplete=&quot;none&quot;
              aria-controls=&quot;radix-«r88»&quot;
              aria-expanded=&quot;false&quot;
              class=&quot;flex h-10 items-center justify-between rounded-md border px-3 py-2 text-sm ring-offset-background placeholder:text-muted-foreground focus:outline-none focus:ring-2 focus:ring-ring focus:ring-offset-2 disabled:cursor-not-allowed disabled:opacity-50 [&amp;&gt;span]:line-clamp-1 w-40 bg-gray-800 border-gray-600&quot;
              data-state=&quot;closed&quot;
              dir=&quot;ltr&quot;
              role=&quot;combobox&quot;
              type=&quot;button&quot;
            &gt;
              &lt;span
                style=&quot;pointer-events: none;&quot;
              &gt;
                All Stations
              &lt;/span&gt;
              &lt;svg
                aria-hidden=&quot;true&quot;
                class=&quot;lucide lucide-chevron-down h-4 w-4 opacity-50&quot;
                fill=&quot;none&quot;
                height=&quot;24&quot;
                stroke=&quot;currentColor&quot;
                stroke-linecap=&quot;round&quot;
                stroke-linejoin=&quot;round&quot;
                stroke-width=&quot;2&quot;
                viewBox=&quot;0 0 24 24&quot;
                width=&quot;24&quot;
                xmlns=&quot;http://www.w3.org/2000/svg&quot;
              &gt;
                &lt;path
                  d=&quot;m6 9 6 6 6-6&quot;
                /&gt;
              &lt;/svg&gt;
            &lt;/button&gt;
          &lt;/div&gt;
          &lt;div
            class=&quot;flex items-center gap-2&quot;
          &gt;
            &lt;svg[...
    at Object.getElementError (/Users/mike/Plate-Restaurant-System-App/node_modules/@testing-library/dom/dist/config.js:37:19)
    at /Users/mike/Plate-Restaurant-System-App/node_modules/@testing-library/dom/dist/query-helpers.js:76:38
    at /Users/mike/Plate-Restaurant-System-App/node_modules/@testing-library/dom/dist/query-helpers.js:52:17
    at /Users/mike/Plate-Restaurant-System-App/node_modules/@testing-library/dom/dist/query-helpers.js:95:19
    at Object.getByRole (/Users/mike/Plate-Restaurant-System-App/__tests__/unit/components/kds/kds-header.test.tsx:296:34)
    at Promise.then.completed (/Users/mike/Plate-Restaurant-System-App/node_modules/jest-circus/build/utils.js:298:28)
    at new Promise (&lt;anonymous&gt;)
    at callAsyncCircusFn (/Users/mike/Plate-Restaurant-System-App/node_modules/jest-circus/build/utils.js:231:10)
    at _callCircusTest (/Users/mike/Plate-Restaurant-System-App/node_modules/jest-circus/build/run.js:316:40)
    at processTicksAndRejections (node:internal/process/task_queues:105:5)
    at _runTest (/Users/mike/Plate-Restaurant-System-App/node_modules/jest-circus/build/run.js:252:3)
    at _runTestsForDescribeBlock (/Users/mike/Plate-Restaurant-System-App/node_modules/jest-circus/build/run.js:126:9)
    at _runTestsForDescribeBlock (/Users/mike/Plate-Restaurant-System-App/node_modules/jest-circus/build/run.js:121:9)
    at _runTestsForDescribeBlock (/Users/mike/Plate-Restaurant-System-App/node_modules/jest-circus/build/run.js:121:9)
    at run (/Users/mike/Plate-Restaurant-System-App/node_modules/jest-circus/build/run.js:71:3)
    at runAndTransformResultsToJestFormat (/Users/mike/Plate-Restaurant-System-App/node_modules/jest-circus/build/legacy-code-todo-rewrite/jestAdapterInit.js:122:21)
    at jestAdapter (/Users/mike/Plate-Restaurant-System-App/node_modules/jest-circus/build/legacy-code-todo-rewrite/jestAdapter.js:79:19)
    at runTestInternal (/Users/mike/Plate-Restaurant-System-App/node_modules/jest-runner/build/runTest.js:367:16)
    at runTest (/Users/mike/Plate-Restaurant-System-App/node_modules/jest-runner/build/runTest.js:444:34)
    at Object.worker (/Users/mike/Plate-Restaurant-System-App/node_modules/jest-runner/build/testWorker.js:106:12)</failure>
    </testcase>
    <testcase classname="KDSHeader Action Buttons renders refresh button" name="KDSHeader Action Buttons renders refresh button" time="0.072">
      <failure>TestingLibraryElementError: Unable to find an accessible element with the role &quot;button&quot; and name `/refresh/i`

Here are the accessible roles:

  heading:

  Name &quot;Kitchen Display&quot;:
  &lt;h1
    class=&quot;text-xl font-semibold text-white&quot;
  /&gt;

  --------------------------------------------------
  combobox:

  Name &quot;&quot;:
  &lt;button
    aria-autocomplete=&quot;none&quot;
    aria-controls=&quot;radix-«r8k»&quot;
    aria-expanded=&quot;false&quot;
    class=&quot;flex h-10 items-center justify-between rounded-md border px-3 py-2 text-sm ring-offset-background placeholder:text-muted-foreground focus:outline-none focus:ring-2 focus:ring-ring focus:ring-offset-2 disabled:cursor-not-allowed disabled:opacity-50 [&amp;&gt;span]:line-clamp-1 w-40 bg-gray-800 border-gray-600&quot;
    data-state=&quot;closed&quot;
    dir=&quot;ltr&quot;
    role=&quot;combobox&quot;
    type=&quot;button&quot;
  /&gt;

  Name &quot;&quot;:
  &lt;button
    aria-autocomplete=&quot;none&quot;
    aria-controls=&quot;radix-«r8l»&quot;
    aria-expanded=&quot;false&quot;
    class=&quot;flex h-10 items-center justify-between rounded-md border px-3 py-2 text-sm ring-offset-background placeholder:text-muted-foreground focus:outline-none focus:ring-2 focus:ring-ring focus:ring-offset-2 disabled:cursor-not-allowed disabled:opacity-50 [&amp;&gt;span]:line-clamp-1 w-32 bg-gray-800 border-gray-600&quot;
    data-state=&quot;closed&quot;
    dir=&quot;ltr&quot;
    role=&quot;combobox&quot;
    type=&quot;button&quot;
  /&gt;

  --------------------------------------------------
  button:

  Name &quot;&quot;:
  &lt;button
    class=&quot;inline-flex items-center justify-center whitespace-nowrap text-sm font-medium ring-offset-background transition-colors focus-visible:outline-none focus-visible:ring-2 focus-visible:ring-ring focus-visible:ring-offset-2 disabled:pointer-events-none disabled:opacity-50 touch-manipulation hover:bg-accent hover:text-accent-foreground active:scale-95 rounded-md min-w-[44px] h-8 w-8 p-0&quot;
  /&gt;

  Name &quot;&quot;:
  &lt;button
    class=&quot;inline-flex items-center justify-center whitespace-nowrap text-sm font-medium ring-offset-background transition-colors focus-visible:outline-none focus-visible:ring-2 focus-visible:ring-ring focus-visible:ring-offset-2 disabled:pointer-events-none disabled:opacity-50 touch-manipulation bg-primary text-primary-foreground hover:bg-primary/90 active:scale-95 rounded-md min-w-[44px] h-8 w-8 p-0&quot;
  /&gt;

  Name &quot;&quot;:
  &lt;button
    class=&quot;inline-flex items-center justify-center whitespace-nowrap text-sm font-medium ring-offset-background transition-colors focus-visible:outline-none focus-visible:ring-2 focus-visible:ring-ring focus-visible:ring-offset-2 disabled:pointer-events-none disabled:opacity-50 touch-manipulation hover:bg-accent hover:text-accent-foreground active:scale-95 rounded-md min-w-[44px] h-8 w-8 p-0&quot;
  /&gt;

  Name &quot;&quot;:
  &lt;button
    class=&quot;inline-flex items-center justify-center whitespace-nowrap text-sm font-medium ring-offset-background transition-colors focus-visible:outline-none focus-visible:ring-2 focus-visible:ring-ring focus-visible:ring-offset-2 disabled:pointer-events-none disabled:opacity-50 touch-manipulation hover:bg-accent hover:text-accent-foreground active:scale-95 rounded-md min-w-[44px] h-8 w-8 p-0 text-blue-400&quot;
  /&gt;

  Name &quot;&quot;:
  &lt;button
    class=&quot;inline-flex items-center justify-center whitespace-nowrap text-sm font-medium ring-offset-background transition-colors focus-visible:outline-none focus-visible:ring-2 focus-visible:ring-ring focus-visible:ring-offset-2 disabled:pointer-events-none disabled:opacity-50 touch-manipulation hover:bg-accent hover:text-accent-foreground active:scale-95 rounded-md min-w-[44px] h-8 w-8 p-0&quot;
  /&gt;

  Name &quot;&quot;:
  &lt;button
    class=&quot;inline-flex items-center justify-center whitespace-nowrap text-sm font-medium ring-offset-background transition-colors focus-visible:outline-none focus-visible:ring-2 focus-visible:ring-ring focus-visible:ring-offset-2 disabled:pointer-events-none disabled:opacity-50 touch-manipulation hover:bg-accent hover:text-accent-foreground active:scale-95 rounded-md min-w-[44px] h-8 w-8 p-0&quot;
  /&gt;

  --------------------------------------------------
  region:

  Name &quot;Notifications (F8)&quot;:
  &lt;div
    aria-label=&quot;Notifications (F8)&quot;
    role=&quot;region&quot;
    style=&quot;pointer-events: none;&quot;
    tabindex=&quot;-1&quot;
  /&gt;

  --------------------------------------------------
  list:

  Name &quot;&quot;:
  &lt;ol
    class=&quot;fixed top-0 z-[100] flex max-h-screen w-full flex-col-reverse p-4 sm:bottom-0 sm:right-0 sm:top-auto sm:flex-col md:max-w-[420px]&quot;
    tabindex=&quot;-1&quot;
  /&gt;

  --------------------------------------------------

Ignored nodes: comments, script, style
&lt;body&gt;
  &lt;div&gt;
    &lt;div&gt;
      &lt;div
        class=&quot;flex items-center justify-between p-4 bg-gray-900 border-b border-gray-700&quot;
      &gt;
        &lt;div
          class=&quot;flex items-center gap-6&quot;
        &gt;
          &lt;h1
            class=&quot;text-xl font-semibold text-white&quot;
          &gt;
            Kitchen Display
          &lt;/h1&gt;
          &lt;div
            class=&quot;flex items-center gap-2&quot;
          &gt;
            &lt;svg
              class=&quot;lucide lucide-wifi h-4 w-4 text-green-400&quot;
              fill=&quot;none&quot;
              height=&quot;24&quot;
              stroke=&quot;currentColor&quot;
              stroke-linecap=&quot;round&quot;
              stroke-linejoin=&quot;round&quot;
              stroke-width=&quot;2&quot;
              viewBox=&quot;0 0 24 24&quot;
              width=&quot;24&quot;
              xmlns=&quot;http://www.w3.org/2000/svg&quot;
            &gt;
              &lt;path
                d=&quot;M12 20h.01&quot;
              /&gt;
              &lt;path
                d=&quot;M2 8.82a15 15 0 0 1 20 0&quot;
              /&gt;
              &lt;path
                d=&quot;M5 12.859a10 10 0 0 1 14 0&quot;
              /&gt;
              &lt;path
                d=&quot;M8.5 16.429a5 5 0 0 1 7 0&quot;
              /&gt;
            &lt;/svg&gt;
            &lt;div
              class=&quot;inline-flex items-center rounded-full border px-2.5 py-0.5 text-xs font-semibold transition-colors focus:outline-none focus:ring-2 focus:ring-ring focus:ring-offset-2 hover:bg-secondary/80 bg-green-900/40 text-green-400 border-green-700&quot;
            &gt;
              Connected
            &lt;/div&gt;
          &lt;/div&gt;
          &lt;div
            class=&quot;flex items-center gap-4 text-sm&quot;
          &gt;
            &lt;div
              class=&quot;flex items-center gap-2&quot;
            &gt;
              &lt;span
                class=&quot;text-gray-400&quot;
              &gt;
                Total:
              &lt;/span&gt;
              &lt;div
                class=&quot;inline-flex items-center rounded-full border px-2.5 py-0.5 text-xs font-semibold transition-colors focus:outline-none focus:ring-2 focus:ring-ring focus:ring-offset-2 border-transparent hover:bg-secondary/80 bg-gray-700 text-gray-300&quot;
              &gt;
                0
              &lt;/div&gt;
            &lt;/div&gt;
            &lt;div
              class=&quot;flex items-center gap-2&quot;
            &gt;
              &lt;span
                class=&quot;text-gray-400&quot;
              &gt;
                Active:
              &lt;/span&gt;
              &lt;div
                class=&quot;inline-flex items-center rounded-full border px-2.5 py-0.5 text-xs font-semibold transition-colors focus:outline-none focus:ring-2 focus:ring-ring focus:ring-offset-2 border-transparent hover:bg-secondary/80 bg-green-900/40 text-green-400&quot;
              &gt;
                0
              &lt;/div&gt;
            &lt;/div&gt;
          &lt;/div&gt;
        &lt;/div&gt;
        &lt;div
          class=&quot;flex items-center gap-4&quot;
        &gt;
          &lt;div
            class=&quot;flex items-center gap-2&quot;
          &gt;
            &lt;svg
              class=&quot;lucide lucide-map-pin h-4 w-4 text-blue-400&quot;
              fill=&quot;none&quot;
              height=&quot;24&quot;
              stroke=&quot;currentColor&quot;
              stroke-linecap=&quot;round&quot;
              stroke-linejoin=&quot;round&quot;
              stroke-width=&quot;2&quot;
              viewBox=&quot;0 0 24 24&quot;
              width=&quot;24&quot;
              xmlns=&quot;http://www.w3.org/2000/svg&quot;
            &gt;
              &lt;path
                d=&quot;M20 10c0 4.993-5.539 10.193-7.399 11.799a1 1 0 0 1-1.202 0C9.539 20.193 4 14.993 4 10a8 8 0 0 1 16 0&quot;
              /&gt;
              &lt;circle
                cx=&quot;12&quot;
                cy=&quot;10&quot;
                r=&quot;3&quot;
              /&gt;
            &lt;/svg&gt;
            &lt;button
              aria-autocomplete=&quot;none&quot;
              aria-controls=&quot;radix-«r8k»&quot;
              aria-expanded=&quot;false&quot;
              class=&quot;flex h-10 items-center justify-between rounded-md border px-3 py-2 text-sm ring-offset-background placeholder:text-muted-foreground focus:outline-none focus:ring-2 focus:ring-ring focus:ring-offset-2 disabled:cursor-not-allowed disabled:opacity-50 [&amp;&gt;span]:line-clamp-1 w-40 bg-gray-800 border-gray-600&quot;
              data-state=&quot;closed&quot;
              dir=&quot;ltr&quot;
              role=&quot;combobox&quot;
              type=&quot;button&quot;
            &gt;
              &lt;span
                style=&quot;pointer-events: none;&quot;
              &gt;
                All Stations
              &lt;/span&gt;
              &lt;svg
                aria-hidden=&quot;true&quot;
                class=&quot;lucide lucide-chevron-down h-4 w-4 opacity-50&quot;
                fill=&quot;none&quot;
                height=&quot;24&quot;
                stroke=&quot;currentColor&quot;
                stroke-linecap=&quot;round&quot;
                stroke-linejoin=&quot;round&quot;
                stroke-width=&quot;2&quot;
                viewBox=&quot;0 0 24 24&quot;
                width=&quot;24&quot;
                xmlns=&quot;http://www.w3.org/2000/svg&quot;
              &gt;
                &lt;path
                  d=&quot;m6 9 6 6 6-6&quot;
                /&gt;
              &lt;/svg&gt;
            &lt;/button&gt;
          &lt;/div&gt;
          &lt;div
            class=&quot;flex items-center gap-2&quot;
          &gt;
            &lt;svg[...
    at Object.getElementError (/Users/mike/Plate-Restaurant-System-App/node_modules/@testing-library/dom/dist/config.js:37:19)
    at /Users/mike/Plate-Restaurant-System-App/node_modules/@testing-library/dom/dist/query-helpers.js:76:38
    at /Users/mike/Plate-Restaurant-System-App/node_modules/@testing-library/dom/dist/query-helpers.js:52:17
    at /Users/mike/Plate-Restaurant-System-App/node_modules/@testing-library/dom/dist/query-helpers.js:95:19
    at Object.getByRole (/Users/mike/Plate-Restaurant-System-App/__tests__/unit/components/kds/kds-header.test.tsx:307:36)
    at Promise.then.completed (/Users/mike/Plate-Restaurant-System-App/node_modules/jest-circus/build/utils.js:298:28)
    at new Promise (&lt;anonymous&gt;)
    at callAsyncCircusFn (/Users/mike/Plate-Restaurant-System-App/node_modules/jest-circus/build/utils.js:231:10)
    at _callCircusTest (/Users/mike/Plate-Restaurant-System-App/node_modules/jest-circus/build/run.js:316:40)
    at processTicksAndRejections (node:internal/process/task_queues:105:5)
    at _runTest (/Users/mike/Plate-Restaurant-System-App/node_modules/jest-circus/build/run.js:252:3)
    at _runTestsForDescribeBlock (/Users/mike/Plate-Restaurant-System-App/node_modules/jest-circus/build/run.js:126:9)
    at _runTestsForDescribeBlock (/Users/mike/Plate-Restaurant-System-App/node_modules/jest-circus/build/run.js:121:9)
    at _runTestsForDescribeBlock (/Users/mike/Plate-Restaurant-System-App/node_modules/jest-circus/build/run.js:121:9)
    at run (/Users/mike/Plate-Restaurant-System-App/node_modules/jest-circus/build/run.js:71:3)
    at runAndTransformResultsToJestFormat (/Users/mike/Plate-Restaurant-System-App/node_modules/jest-circus/build/legacy-code-todo-rewrite/jestAdapterInit.js:122:21)
    at jestAdapter (/Users/mike/Plate-Restaurant-System-App/node_modules/jest-circus/build/legacy-code-todo-rewrite/jestAdapter.js:79:19)
    at runTestInternal (/Users/mike/Plate-Restaurant-System-App/node_modules/jest-runner/build/runTest.js:367:16)
    at runTest (/Users/mike/Plate-Restaurant-System-App/node_modules/jest-runner/build/runTest.js:444:34)
    at Object.worker (/Users/mike/Plate-Restaurant-System-App/node_modules/jest-runner/build/testWorker.js:106:12)</failure>
    </testcase>
    <testcase classname="KDSHeader Action Buttons calls refetch when refresh button is clicked" name="KDSHeader Action Buttons calls refetch when refresh button is clicked" time="0.08">
      <failure>TestingLibraryElementError: Unable to find an accessible element with the role &quot;button&quot; and name `/refresh/i`

Here are the accessible roles:

  heading:

  Name &quot;Kitchen Display&quot;:
  &lt;h1
    class=&quot;text-xl font-semibold text-white&quot;
  /&gt;

  --------------------------------------------------
  combobox:

  Name &quot;&quot;:
  &lt;button
    aria-autocomplete=&quot;none&quot;
    aria-controls=&quot;radix-«r90»&quot;
    aria-expanded=&quot;false&quot;
    class=&quot;flex h-10 items-center justify-between rounded-md border px-3 py-2 text-sm ring-offset-background placeholder:text-muted-foreground focus:outline-none focus:ring-2 focus:ring-ring focus:ring-offset-2 disabled:cursor-not-allowed disabled:opacity-50 [&amp;&gt;span]:line-clamp-1 w-40 bg-gray-800 border-gray-600&quot;
    data-state=&quot;closed&quot;
    dir=&quot;ltr&quot;
    role=&quot;combobox&quot;
    type=&quot;button&quot;
  /&gt;

  Name &quot;&quot;:
  &lt;button
    aria-autocomplete=&quot;none&quot;
    aria-controls=&quot;radix-«r91»&quot;
    aria-expanded=&quot;false&quot;
    class=&quot;flex h-10 items-center justify-between rounded-md border px-3 py-2 text-sm ring-offset-background placeholder:text-muted-foreground focus:outline-none focus:ring-2 focus:ring-ring focus:ring-offset-2 disabled:cursor-not-allowed disabled:opacity-50 [&amp;&gt;span]:line-clamp-1 w-32 bg-gray-800 border-gray-600&quot;
    data-state=&quot;closed&quot;
    dir=&quot;ltr&quot;
    role=&quot;combobox&quot;
    type=&quot;button&quot;
  /&gt;

  --------------------------------------------------
  button:

  Name &quot;&quot;:
  &lt;button
    class=&quot;inline-flex items-center justify-center whitespace-nowrap text-sm font-medium ring-offset-background transition-colors focus-visible:outline-none focus-visible:ring-2 focus-visible:ring-ring focus-visible:ring-offset-2 disabled:pointer-events-none disabled:opacity-50 touch-manipulation hover:bg-accent hover:text-accent-foreground active:scale-95 rounded-md min-w-[44px] h-8 w-8 p-0&quot;
  /&gt;

  Name &quot;&quot;:
  &lt;button
    class=&quot;inline-flex items-center justify-center whitespace-nowrap text-sm font-medium ring-offset-background transition-colors focus-visible:outline-none focus-visible:ring-2 focus-visible:ring-ring focus-visible:ring-offset-2 disabled:pointer-events-none disabled:opacity-50 touch-manipulation bg-primary text-primary-foreground hover:bg-primary/90 active:scale-95 rounded-md min-w-[44px] h-8 w-8 p-0&quot;
  /&gt;

  Name &quot;&quot;:
  &lt;button
    class=&quot;inline-flex items-center justify-center whitespace-nowrap text-sm font-medium ring-offset-background transition-colors focus-visible:outline-none focus-visible:ring-2 focus-visible:ring-ring focus-visible:ring-offset-2 disabled:pointer-events-none disabled:opacity-50 touch-manipulation hover:bg-accent hover:text-accent-foreground active:scale-95 rounded-md min-w-[44px] h-8 w-8 p-0&quot;
  /&gt;

  Name &quot;&quot;:
  &lt;button
    class=&quot;inline-flex items-center justify-center whitespace-nowrap text-sm font-medium ring-offset-background transition-colors focus-visible:outline-none focus-visible:ring-2 focus-visible:ring-ring focus-visible:ring-offset-2 disabled:pointer-events-none disabled:opacity-50 touch-manipulation hover:bg-accent hover:text-accent-foreground active:scale-95 rounded-md min-w-[44px] h-8 w-8 p-0 text-blue-400&quot;
  /&gt;

  Name &quot;&quot;:
  &lt;button
    class=&quot;inline-flex items-center justify-center whitespace-nowrap text-sm font-medium ring-offset-background transition-colors focus-visible:outline-none focus-visible:ring-2 focus-visible:ring-ring focus-visible:ring-offset-2 disabled:pointer-events-none disabled:opacity-50 touch-manipulation hover:bg-accent hover:text-accent-foreground active:scale-95 rounded-md min-w-[44px] h-8 w-8 p-0&quot;
  /&gt;

  Name &quot;&quot;:
  &lt;button
    class=&quot;inline-flex items-center justify-center whitespace-nowrap text-sm font-medium ring-offset-background transition-colors focus-visible:outline-none focus-visible:ring-2 focus-visible:ring-ring focus-visible:ring-offset-2 disabled:pointer-events-none disabled:opacity-50 touch-manipulation hover:bg-accent hover:text-accent-foreground active:scale-95 rounded-md min-w-[44px] h-8 w-8 p-0&quot;
  /&gt;

  --------------------------------------------------
  region:

  Name &quot;Notifications (F8)&quot;:
  &lt;div
    aria-label=&quot;Notifications (F8)&quot;
    role=&quot;region&quot;
    style=&quot;pointer-events: none;&quot;
    tabindex=&quot;-1&quot;
  /&gt;

  --------------------------------------------------
  list:

  Name &quot;&quot;:
  &lt;ol
    class=&quot;fixed top-0 z-[100] flex max-h-screen w-full flex-col-reverse p-4 sm:bottom-0 sm:right-0 sm:top-auto sm:flex-col md:max-w-[420px]&quot;
    tabindex=&quot;-1&quot;
  /&gt;

  --------------------------------------------------

Ignored nodes: comments, script, style
&lt;body&gt;
  &lt;div&gt;
    &lt;div&gt;
      &lt;div
        class=&quot;flex items-center justify-between p-4 bg-gray-900 border-b border-gray-700&quot;
      &gt;
        &lt;div
          class=&quot;flex items-center gap-6&quot;
        &gt;
          &lt;h1
            class=&quot;text-xl font-semibold text-white&quot;
          &gt;
            Kitchen Display
          &lt;/h1&gt;
          &lt;div
            class=&quot;flex items-center gap-2&quot;
          &gt;
            &lt;svg
              class=&quot;lucide lucide-wifi h-4 w-4 text-green-400&quot;
              fill=&quot;none&quot;
              height=&quot;24&quot;
              stroke=&quot;currentColor&quot;
              stroke-linecap=&quot;round&quot;
              stroke-linejoin=&quot;round&quot;
              stroke-width=&quot;2&quot;
              viewBox=&quot;0 0 24 24&quot;
              width=&quot;24&quot;
              xmlns=&quot;http://www.w3.org/2000/svg&quot;
            &gt;
              &lt;path
                d=&quot;M12 20h.01&quot;
              /&gt;
              &lt;path
                d=&quot;M2 8.82a15 15 0 0 1 20 0&quot;
              /&gt;
              &lt;path
                d=&quot;M5 12.859a10 10 0 0 1 14 0&quot;
              /&gt;
              &lt;path
                d=&quot;M8.5 16.429a5 5 0 0 1 7 0&quot;
              /&gt;
            &lt;/svg&gt;
            &lt;div
              class=&quot;inline-flex items-center rounded-full border px-2.5 py-0.5 text-xs font-semibold transition-colors focus:outline-none focus:ring-2 focus:ring-ring focus:ring-offset-2 hover:bg-secondary/80 bg-green-900/40 text-green-400 border-green-700&quot;
            &gt;
              Connected
            &lt;/div&gt;
          &lt;/div&gt;
          &lt;div
            class=&quot;flex items-center gap-4 text-sm&quot;
          &gt;
            &lt;div
              class=&quot;flex items-center gap-2&quot;
            &gt;
              &lt;span
                class=&quot;text-gray-400&quot;
              &gt;
                Total:
              &lt;/span&gt;
              &lt;div
                class=&quot;inline-flex items-center rounded-full border px-2.5 py-0.5 text-xs font-semibold transition-colors focus:outline-none focus:ring-2 focus:ring-ring focus:ring-offset-2 border-transparent hover:bg-secondary/80 bg-gray-700 text-gray-300&quot;
              &gt;
                0
              &lt;/div&gt;
            &lt;/div&gt;
            &lt;div
              class=&quot;flex items-center gap-2&quot;
            &gt;
              &lt;span
                class=&quot;text-gray-400&quot;
              &gt;
                Active:
              &lt;/span&gt;
              &lt;div
                class=&quot;inline-flex items-center rounded-full border px-2.5 py-0.5 text-xs font-semibold transition-colors focus:outline-none focus:ring-2 focus:ring-ring focus:ring-offset-2 border-transparent hover:bg-secondary/80 bg-green-900/40 text-green-400&quot;
              &gt;
                0
              &lt;/div&gt;
            &lt;/div&gt;
          &lt;/div&gt;
        &lt;/div&gt;
        &lt;div
          class=&quot;flex items-center gap-4&quot;
        &gt;
          &lt;div
            class=&quot;flex items-center gap-2&quot;
          &gt;
            &lt;svg
              class=&quot;lucide lucide-map-pin h-4 w-4 text-blue-400&quot;
              fill=&quot;none&quot;
              height=&quot;24&quot;
              stroke=&quot;currentColor&quot;
              stroke-linecap=&quot;round&quot;
              stroke-linejoin=&quot;round&quot;
              stroke-width=&quot;2&quot;
              viewBox=&quot;0 0 24 24&quot;
              width=&quot;24&quot;
              xmlns=&quot;http://www.w3.org/2000/svg&quot;
            &gt;
              &lt;path
                d=&quot;M20 10c0 4.993-5.539 10.193-7.399 11.799a1 1 0 0 1-1.202 0C9.539 20.193 4 14.993 4 10a8 8 0 0 1 16 0&quot;
              /&gt;
              &lt;circle
                cx=&quot;12&quot;
                cy=&quot;10&quot;
                r=&quot;3&quot;
              /&gt;
            &lt;/svg&gt;
            &lt;button
              aria-autocomplete=&quot;none&quot;
              aria-controls=&quot;radix-«r90»&quot;
              aria-expanded=&quot;false&quot;
              class=&quot;flex h-10 items-center justify-between rounded-md border px-3 py-2 text-sm ring-offset-background placeholder:text-muted-foreground focus:outline-none focus:ring-2 focus:ring-ring focus:ring-offset-2 disabled:cursor-not-allowed disabled:opacity-50 [&amp;&gt;span]:line-clamp-1 w-40 bg-gray-800 border-gray-600&quot;
              data-state=&quot;closed&quot;
              dir=&quot;ltr&quot;
              role=&quot;combobox&quot;
              type=&quot;button&quot;
            &gt;
              &lt;span
                style=&quot;pointer-events: none;&quot;
              &gt;
                All Stations
              &lt;/span&gt;
              &lt;svg
                aria-hidden=&quot;true&quot;
                class=&quot;lucide lucide-chevron-down h-4 w-4 opacity-50&quot;
                fill=&quot;none&quot;
                height=&quot;24&quot;
                stroke=&quot;currentColor&quot;
                stroke-linecap=&quot;round&quot;
                stroke-linejoin=&quot;round&quot;
                stroke-width=&quot;2&quot;
                viewBox=&quot;0 0 24 24&quot;
                width=&quot;24&quot;
                xmlns=&quot;http://www.w3.org/2000/svg&quot;
              &gt;
                &lt;path
                  d=&quot;m6 9 6 6 6-6&quot;
                /&gt;
              &lt;/svg&gt;
            &lt;/button&gt;
          &lt;/div&gt;
          &lt;div
            class=&quot;flex items-center gap-2&quot;
          &gt;
            &lt;svg[...
    at Object.getElementError (/Users/mike/Plate-Restaurant-System-App/node_modules/@testing-library/dom/dist/config.js:37:19)
    at /Users/mike/Plate-Restaurant-System-App/node_modules/@testing-library/dom/dist/query-helpers.js:76:38
    at /Users/mike/Plate-Restaurant-System-App/node_modules/@testing-library/dom/dist/query-helpers.js:52:17
    at /Users/mike/Plate-Restaurant-System-App/node_modules/@testing-library/dom/dist/query-helpers.js:95:19
    at Object.getByRole (/Users/mike/Plate-Restaurant-System-App/__tests__/unit/components/kds/kds-header.test.tsx:314:36)
    at Promise.then.completed (/Users/mike/Plate-Restaurant-System-App/node_modules/jest-circus/build/utils.js:298:28)
    at new Promise (&lt;anonymous&gt;)
    at callAsyncCircusFn (/Users/mike/Plate-Restaurant-System-App/node_modules/jest-circus/build/utils.js:231:10)
    at _callCircusTest (/Users/mike/Plate-Restaurant-System-App/node_modules/jest-circus/build/run.js:316:40)
    at processTicksAndRejections (node:internal/process/task_queues:105:5)
    at _runTest (/Users/mike/Plate-Restaurant-System-App/node_modules/jest-circus/build/run.js:252:3)
    at _runTestsForDescribeBlock (/Users/mike/Plate-Restaurant-System-App/node_modules/jest-circus/build/run.js:126:9)
    at _runTestsForDescribeBlock (/Users/mike/Plate-Restaurant-System-App/node_modules/jest-circus/build/run.js:121:9)
    at _runTestsForDescribeBlock (/Users/mike/Plate-Restaurant-System-App/node_modules/jest-circus/build/run.js:121:9)
    at run (/Users/mike/Plate-Restaurant-System-App/node_modules/jest-circus/build/run.js:71:3)
    at runAndTransformResultsToJestFormat (/Users/mike/Plate-Restaurant-System-App/node_modules/jest-circus/build/legacy-code-todo-rewrite/jestAdapterInit.js:122:21)
    at jestAdapter (/Users/mike/Plate-Restaurant-System-App/node_modules/jest-circus/build/legacy-code-todo-rewrite/jestAdapter.js:79:19)
    at runTestInternal (/Users/mike/Plate-Restaurant-System-App/node_modules/jest-runner/build/runTest.js:367:16)
    at runTest (/Users/mike/Plate-Restaurant-System-App/node_modules/jest-runner/build/runTest.js:444:34)
    at Object.worker (/Users/mike/Plate-Restaurant-System-App/node_modules/jest-runner/build/testWorker.js:106:12)</failure>
    </testcase>
    <testcase classname="KDSHeader Action Buttons disables refresh button when loading" name="KDSHeader Action Buttons disables refresh button when loading" time="0.077">
      <failure>TestingLibraryElementError: Unable to find an accessible element with the role &quot;button&quot; and name `/refresh/i`

Here are the accessible roles:

  heading:

  Name &quot;Kitchen Display&quot;:
  &lt;h1
    class=&quot;text-xl font-semibold text-white&quot;
  /&gt;

  --------------------------------------------------
  combobox:

  Name &quot;&quot;:
  &lt;button
    aria-autocomplete=&quot;none&quot;
    aria-controls=&quot;radix-«r9c»&quot;
    aria-expanded=&quot;false&quot;
    class=&quot;flex h-10 items-center justify-between rounded-md border px-3 py-2 text-sm ring-offset-background placeholder:text-muted-foreground focus:outline-none focus:ring-2 focus:ring-ring focus:ring-offset-2 disabled:cursor-not-allowed disabled:opacity-50 [&amp;&gt;span]:line-clamp-1 w-40 bg-gray-800 border-gray-600&quot;
    data-state=&quot;closed&quot;
    dir=&quot;ltr&quot;
    role=&quot;combobox&quot;
    type=&quot;button&quot;
  /&gt;

  Name &quot;&quot;:
  &lt;button
    aria-autocomplete=&quot;none&quot;
    aria-controls=&quot;radix-«r9d»&quot;
    aria-expanded=&quot;false&quot;
    class=&quot;flex h-10 items-center justify-between rounded-md border px-3 py-2 text-sm ring-offset-background placeholder:text-muted-foreground focus:outline-none focus:ring-2 focus:ring-ring focus:ring-offset-2 disabled:cursor-not-allowed disabled:opacity-50 [&amp;&gt;span]:line-clamp-1 w-32 bg-gray-800 border-gray-600&quot;
    data-state=&quot;closed&quot;
    dir=&quot;ltr&quot;
    role=&quot;combobox&quot;
    type=&quot;button&quot;
  /&gt;

  --------------------------------------------------
  button:

  Name &quot;&quot;:
  &lt;button
    class=&quot;inline-flex items-center justify-center whitespace-nowrap text-sm font-medium ring-offset-background transition-colors focus-visible:outline-none focus-visible:ring-2 focus-visible:ring-ring focus-visible:ring-offset-2 disabled:pointer-events-none disabled:opacity-50 touch-manipulation hover:bg-accent hover:text-accent-foreground active:scale-95 rounded-md min-w-[44px] h-8 w-8 p-0&quot;
  /&gt;

  Name &quot;&quot;:
  &lt;button
    class=&quot;inline-flex items-center justify-center whitespace-nowrap text-sm font-medium ring-offset-background transition-colors focus-visible:outline-none focus-visible:ring-2 focus-visible:ring-ring focus-visible:ring-offset-2 disabled:pointer-events-none disabled:opacity-50 touch-manipulation bg-primary text-primary-foreground hover:bg-primary/90 active:scale-95 rounded-md min-w-[44px] h-8 w-8 p-0&quot;
  /&gt;

  Name &quot;&quot;:
  &lt;button
    class=&quot;inline-flex items-center justify-center whitespace-nowrap text-sm font-medium ring-offset-background transition-colors focus-visible:outline-none focus-visible:ring-2 focus-visible:ring-ring focus-visible:ring-offset-2 disabled:pointer-events-none disabled:opacity-50 touch-manipulation hover:bg-accent hover:text-accent-foreground active:scale-95 rounded-md min-w-[44px] h-8 w-8 p-0&quot;
  /&gt;

  Name &quot;&quot;:
  &lt;button
    class=&quot;inline-flex items-center justify-center whitespace-nowrap text-sm font-medium ring-offset-background transition-colors focus-visible:outline-none focus-visible:ring-2 focus-visible:ring-ring focus-visible:ring-offset-2 disabled:pointer-events-none disabled:opacity-50 touch-manipulation hover:bg-accent hover:text-accent-foreground active:scale-95 rounded-md min-w-[44px] h-8 w-8 p-0 text-blue-400&quot;
  /&gt;

  Name &quot;&quot;:
  &lt;button
    class=&quot;inline-flex items-center justify-center whitespace-nowrap text-sm font-medium ring-offset-background transition-colors focus-visible:outline-none focus-visible:ring-2 focus-visible:ring-ring focus-visible:ring-offset-2 disabled:pointer-events-none disabled:opacity-50 touch-manipulation hover:bg-accent hover:text-accent-foreground active:scale-95 rounded-md min-w-[44px] h-8 w-8 p-0&quot;
    disabled=&quot;&quot;
  /&gt;

  Name &quot;&quot;:
  &lt;button
    class=&quot;inline-flex items-center justify-center whitespace-nowrap text-sm font-medium ring-offset-background transition-colors focus-visible:outline-none focus-visible:ring-2 focus-visible:ring-ring focus-visible:ring-offset-2 disabled:pointer-events-none disabled:opacity-50 touch-manipulation hover:bg-accent hover:text-accent-foreground active:scale-95 rounded-md min-w-[44px] h-8 w-8 p-0&quot;
  /&gt;

  --------------------------------------------------
  region:

  Name &quot;Notifications (F8)&quot;:
  &lt;div
    aria-label=&quot;Notifications (F8)&quot;
    role=&quot;region&quot;
    style=&quot;pointer-events: none;&quot;
    tabindex=&quot;-1&quot;
  /&gt;

  --------------------------------------------------
  list:

  Name &quot;&quot;:
  &lt;ol
    class=&quot;fixed top-0 z-[100] flex max-h-screen w-full flex-col-reverse p-4 sm:bottom-0 sm:right-0 sm:top-auto sm:flex-col md:max-w-[420px]&quot;
    tabindex=&quot;-1&quot;
  /&gt;

  --------------------------------------------------

Ignored nodes: comments, script, style
&lt;body&gt;
  &lt;div&gt;
    &lt;div&gt;
      &lt;div
        class=&quot;flex items-center justify-between p-4 bg-gray-900 border-b border-gray-700&quot;
      &gt;
        &lt;div
          class=&quot;flex items-center gap-6&quot;
        &gt;
          &lt;h1
            class=&quot;text-xl font-semibold text-white&quot;
          &gt;
            Kitchen Display
          &lt;/h1&gt;
          &lt;div
            class=&quot;flex items-center gap-2&quot;
          &gt;
            &lt;svg
              class=&quot;lucide lucide-wifi h-4 w-4 text-green-400&quot;
              fill=&quot;none&quot;
              height=&quot;24&quot;
              stroke=&quot;currentColor&quot;
              stroke-linecap=&quot;round&quot;
              stroke-linejoin=&quot;round&quot;
              stroke-width=&quot;2&quot;
              viewBox=&quot;0 0 24 24&quot;
              width=&quot;24&quot;
              xmlns=&quot;http://www.w3.org/2000/svg&quot;
            &gt;
              &lt;path
                d=&quot;M12 20h.01&quot;
              /&gt;
              &lt;path
                d=&quot;M2 8.82a15 15 0 0 1 20 0&quot;
              /&gt;
              &lt;path
                d=&quot;M5 12.859a10 10 0 0 1 14 0&quot;
              /&gt;
              &lt;path
                d=&quot;M8.5 16.429a5 5 0 0 1 7 0&quot;
              /&gt;
            &lt;/svg&gt;
            &lt;div
              class=&quot;inline-flex items-center rounded-full border px-2.5 py-0.5 text-xs font-semibold transition-colors focus:outline-none focus:ring-2 focus:ring-ring focus:ring-offset-2 hover:bg-secondary/80 bg-green-900/40 text-green-400 border-green-700&quot;
            &gt;
              Connected
            &lt;/div&gt;
          &lt;/div&gt;
          &lt;div
            class=&quot;flex items-center gap-4 text-sm&quot;
          &gt;
            &lt;div
              class=&quot;flex items-center gap-2&quot;
            &gt;
              &lt;span
                class=&quot;text-gray-400&quot;
              &gt;
                Total:
              &lt;/span&gt;
              &lt;div
                class=&quot;inline-flex items-center rounded-full border px-2.5 py-0.5 text-xs font-semibold transition-colors focus:outline-none focus:ring-2 focus:ring-ring focus:ring-offset-2 border-transparent hover:bg-secondary/80 bg-gray-700 text-gray-300&quot;
              &gt;
                0
              &lt;/div&gt;
            &lt;/div&gt;
            &lt;div
              class=&quot;flex items-center gap-2&quot;
            &gt;
              &lt;span
                class=&quot;text-gray-400&quot;
              &gt;
                Active:
              &lt;/span&gt;
              &lt;div
                class=&quot;inline-flex items-center rounded-full border px-2.5 py-0.5 text-xs font-semibold transition-colors focus:outline-none focus:ring-2 focus:ring-ring focus:ring-offset-2 border-transparent hover:bg-secondary/80 bg-green-900/40 text-green-400&quot;
              &gt;
                0
              &lt;/div&gt;
            &lt;/div&gt;
          &lt;/div&gt;
        &lt;/div&gt;
        &lt;div
          class=&quot;flex items-center gap-4&quot;
        &gt;
          &lt;div
            class=&quot;flex items-center gap-2&quot;
          &gt;
            &lt;svg
              class=&quot;lucide lucide-map-pin h-4 w-4 text-blue-400&quot;
              fill=&quot;none&quot;
              height=&quot;24&quot;
              stroke=&quot;currentColor&quot;
              stroke-linecap=&quot;round&quot;
              stroke-linejoin=&quot;round&quot;
              stroke-width=&quot;2&quot;
              viewBox=&quot;0 0 24 24&quot;
              width=&quot;24&quot;
              xmlns=&quot;http://www.w3.org/2000/svg&quot;
            &gt;
              &lt;path
                d=&quot;M20 10c0 4.993-5.539 10.193-7.399 11.799a1 1 0 0 1-1.202 0C9.539 20.193 4 14.993 4 10a8 8 0 0 1 16 0&quot;
              /&gt;
              &lt;circle
                cx=&quot;12&quot;
                cy=&quot;10&quot;
                r=&quot;3&quot;
              /&gt;
            &lt;/svg&gt;
            &lt;button
              aria-autocomplete=&quot;none&quot;
              aria-controls=&quot;radix-«r9c»&quot;
              aria-expanded=&quot;false&quot;
              class=&quot;flex h-10 items-center justify-between rounded-md border px-3 py-2 text-sm ring-offset-background placeholder:text-muted-foreground focus:outline-none focus:ring-2 focus:ring-ring focus:ring-offset-2 disabled:cursor-not-allowed disabled:opacity-50 [&amp;&gt;span]:line-clamp-1 w-40 bg-gray-800 border-gray-600&quot;
              data-state=&quot;closed&quot;
              dir=&quot;ltr&quot;
              role=&quot;combobox&quot;
              type=&quot;button&quot;
            &gt;
              &lt;span
                style=&quot;pointer-events: none;&quot;
              &gt;
                All Stations
              &lt;/span&gt;
              &lt;svg
                aria-hidden=&quot;true&quot;
                class=&quot;lucide lucide-chevron-down h-4 w-4 opacity-50&quot;
                fill=&quot;none&quot;
                height=&quot;24&quot;
                stroke=&quot;currentColor&quot;
                stroke-linecap=&quot;round&quot;
                stroke-linejoin=&quot;round&quot;
                stroke-width=&quot;2&quot;
                viewBox=&quot;0 0 24 24&quot;
                width=&quot;24&quot;
                xmlns=&quot;http://www.w3.org/2000/svg&quot;
              &gt;
                &lt;path
                  d=&quot;m6 9 6 6 6-6&quot;
                /&gt;
              &lt;/svg&gt;
            &lt;/button&gt;
          &lt;/div&gt;
          &lt;div
            class=&quot;flex items-center gap-2&quot;
          &gt;
            &lt;svg[...
    at Object.getElementError (/Users/mike/Plate-Restaurant-System-App/node_modules/@testing-library/dom/dist/config.js:37:19)
    at /Users/mike/Plate-Restaurant-System-App/node_modules/@testing-library/dom/dist/query-helpers.js:76:38
    at /Users/mike/Plate-Restaurant-System-App/node_modules/@testing-library/dom/dist/query-helpers.js:52:17
    at /Users/mike/Plate-Restaurant-System-App/node_modules/@testing-library/dom/dist/query-helpers.js:95:19
    at Object.getByRole (/Users/mike/Plate-Restaurant-System-App/__tests__/unit/components/kds/kds-header.test.tsx:324:36)
    at Promise.then.completed (/Users/mike/Plate-Restaurant-System-App/node_modules/jest-circus/build/utils.js:298:28)
    at new Promise (&lt;anonymous&gt;)
    at callAsyncCircusFn (/Users/mike/Plate-Restaurant-System-App/node_modules/jest-circus/build/utils.js:231:10)
    at _callCircusTest (/Users/mike/Plate-Restaurant-System-App/node_modules/jest-circus/build/run.js:316:40)
    at processTicksAndRejections (node:internal/process/task_queues:105:5)
    at _runTest (/Users/mike/Plate-Restaurant-System-App/node_modules/jest-circus/build/run.js:252:3)
    at _runTestsForDescribeBlock (/Users/mike/Plate-Restaurant-System-App/node_modules/jest-circus/build/run.js:126:9)
    at _runTestsForDescribeBlock (/Users/mike/Plate-Restaurant-System-App/node_modules/jest-circus/build/run.js:121:9)
    at _runTestsForDescribeBlock (/Users/mike/Plate-Restaurant-System-App/node_modules/jest-circus/build/run.js:121:9)
    at run (/Users/mike/Plate-Restaurant-System-App/node_modules/jest-circus/build/run.js:71:3)
    at runAndTransformResultsToJestFormat (/Users/mike/Plate-Restaurant-System-App/node_modules/jest-circus/build/legacy-code-todo-rewrite/jestAdapterInit.js:122:21)
    at jestAdapter (/Users/mike/Plate-Restaurant-System-App/node_modules/jest-circus/build/legacy-code-todo-rewrite/jestAdapter.js:79:19)
    at runTestInternal (/Users/mike/Plate-Restaurant-System-App/node_modules/jest-runner/build/runTest.js:367:16)
    at runTest (/Users/mike/Plate-Restaurant-System-App/node_modules/jest-runner/build/runTest.js:444:34)
    at Object.worker (/Users/mike/Plate-Restaurant-System-App/node_modules/jest-runner/build/testWorker.js:106:12)</failure>
    </testcase>
    <testcase classname="KDSHeader Action Buttons shows spinning icon when loading" name="KDSHeader Action Buttons shows spinning icon when loading" time="0.027">
    </testcase>
    <testcase classname="KDSHeader Action Buttons renders settings button" name="KDSHeader Action Buttons renders settings button" time="0.073">
      <failure>TestingLibraryElementError: Unable to find an accessible element with the role &quot;button&quot; and name `/settings/i`

Here are the accessible roles:

  heading:

  Name &quot;Kitchen Display&quot;:
  &lt;h1
    class=&quot;text-xl font-semibold text-white&quot;
  /&gt;

  --------------------------------------------------
  combobox:

  Name &quot;&quot;:
  &lt;button
    aria-autocomplete=&quot;none&quot;
    aria-controls=&quot;radix-«ra4»&quot;
    aria-expanded=&quot;false&quot;
    class=&quot;flex h-10 items-center justify-between rounded-md border px-3 py-2 text-sm ring-offset-background placeholder:text-muted-foreground focus:outline-none focus:ring-2 focus:ring-ring focus:ring-offset-2 disabled:cursor-not-allowed disabled:opacity-50 [&amp;&gt;span]:line-clamp-1 w-40 bg-gray-800 border-gray-600&quot;
    data-state=&quot;closed&quot;
    dir=&quot;ltr&quot;
    role=&quot;combobox&quot;
    type=&quot;button&quot;
  /&gt;

  Name &quot;&quot;:
  &lt;button
    aria-autocomplete=&quot;none&quot;
    aria-controls=&quot;radix-«ra5»&quot;
    aria-expanded=&quot;false&quot;
    class=&quot;flex h-10 items-center justify-between rounded-md border px-3 py-2 text-sm ring-offset-background placeholder:text-muted-foreground focus:outline-none focus:ring-2 focus:ring-ring focus:ring-offset-2 disabled:cursor-not-allowed disabled:opacity-50 [&amp;&gt;span]:line-clamp-1 w-32 bg-gray-800 border-gray-600&quot;
    data-state=&quot;closed&quot;
    dir=&quot;ltr&quot;
    role=&quot;combobox&quot;
    type=&quot;button&quot;
  /&gt;

  --------------------------------------------------
  button:

  Name &quot;&quot;:
  &lt;button
    class=&quot;inline-flex items-center justify-center whitespace-nowrap text-sm font-medium ring-offset-background transition-colors focus-visible:outline-none focus-visible:ring-2 focus-visible:ring-ring focus-visible:ring-offset-2 disabled:pointer-events-none disabled:opacity-50 touch-manipulation hover:bg-accent hover:text-accent-foreground active:scale-95 rounded-md min-w-[44px] h-8 w-8 p-0&quot;
  /&gt;

  Name &quot;&quot;:
  &lt;button
    class=&quot;inline-flex items-center justify-center whitespace-nowrap text-sm font-medium ring-offset-background transition-colors focus-visible:outline-none focus-visible:ring-2 focus-visible:ring-ring focus-visible:ring-offset-2 disabled:pointer-events-none disabled:opacity-50 touch-manipulation bg-primary text-primary-foreground hover:bg-primary/90 active:scale-95 rounded-md min-w-[44px] h-8 w-8 p-0&quot;
  /&gt;

  Name &quot;&quot;:
  &lt;button
    class=&quot;inline-flex items-center justify-center whitespace-nowrap text-sm font-medium ring-offset-background transition-colors focus-visible:outline-none focus-visible:ring-2 focus-visible:ring-ring focus-visible:ring-offset-2 disabled:pointer-events-none disabled:opacity-50 touch-manipulation hover:bg-accent hover:text-accent-foreground active:scale-95 rounded-md min-w-[44px] h-8 w-8 p-0&quot;
  /&gt;

  Name &quot;&quot;:
  &lt;button
    class=&quot;inline-flex items-center justify-center whitespace-nowrap text-sm font-medium ring-offset-background transition-colors focus-visible:outline-none focus-visible:ring-2 focus-visible:ring-ring focus-visible:ring-offset-2 disabled:pointer-events-none disabled:opacity-50 touch-manipulation hover:bg-accent hover:text-accent-foreground active:scale-95 rounded-md min-w-[44px] h-8 w-8 p-0 text-blue-400&quot;
  /&gt;

  Name &quot;&quot;:
  &lt;button
    class=&quot;inline-flex items-center justify-center whitespace-nowrap text-sm font-medium ring-offset-background transition-colors focus-visible:outline-none focus-visible:ring-2 focus-visible:ring-ring focus-visible:ring-offset-2 disabled:pointer-events-none disabled:opacity-50 touch-manipulation hover:bg-accent hover:text-accent-foreground active:scale-95 rounded-md min-w-[44px] h-8 w-8 p-0&quot;
  /&gt;

  Name &quot;&quot;:
  &lt;button
    class=&quot;inline-flex items-center justify-center whitespace-nowrap text-sm font-medium ring-offset-background transition-colors focus-visible:outline-none focus-visible:ring-2 focus-visible:ring-ring focus-visible:ring-offset-2 disabled:pointer-events-none disabled:opacity-50 touch-manipulation hover:bg-accent hover:text-accent-foreground active:scale-95 rounded-md min-w-[44px] h-8 w-8 p-0&quot;
  /&gt;

  --------------------------------------------------
  region:

  Name &quot;Notifications (F8)&quot;:
  &lt;div
    aria-label=&quot;Notifications (F8)&quot;
    role=&quot;region&quot;
    style=&quot;pointer-events: none;&quot;
    tabindex=&quot;-1&quot;
  /&gt;

  --------------------------------------------------
  list:

  Name &quot;&quot;:
  &lt;ol
    class=&quot;fixed top-0 z-[100] flex max-h-screen w-full flex-col-reverse p-4 sm:bottom-0 sm:right-0 sm:top-auto sm:flex-col md:max-w-[420px]&quot;
    tabindex=&quot;-1&quot;
  /&gt;

  --------------------------------------------------

Ignored nodes: comments, script, style
&lt;body&gt;
  &lt;div&gt;
    &lt;div&gt;
      &lt;div
        class=&quot;flex items-center justify-between p-4 bg-gray-900 border-b border-gray-700&quot;
      &gt;
        &lt;div
          class=&quot;flex items-center gap-6&quot;
        &gt;
          &lt;h1
            class=&quot;text-xl font-semibold text-white&quot;
          &gt;
            Kitchen Display
          &lt;/h1&gt;
          &lt;div
            class=&quot;flex items-center gap-2&quot;
          &gt;
            &lt;svg
              class=&quot;lucide lucide-wifi h-4 w-4 text-green-400&quot;
              fill=&quot;none&quot;
              height=&quot;24&quot;
              stroke=&quot;currentColor&quot;
              stroke-linecap=&quot;round&quot;
              stroke-linejoin=&quot;round&quot;
              stroke-width=&quot;2&quot;
              viewBox=&quot;0 0 24 24&quot;
              width=&quot;24&quot;
              xmlns=&quot;http://www.w3.org/2000/svg&quot;
            &gt;
              &lt;path
                d=&quot;M12 20h.01&quot;
              /&gt;
              &lt;path
                d=&quot;M2 8.82a15 15 0 0 1 20 0&quot;
              /&gt;
              &lt;path
                d=&quot;M5 12.859a10 10 0 0 1 14 0&quot;
              /&gt;
              &lt;path
                d=&quot;M8.5 16.429a5 5 0 0 1 7 0&quot;
              /&gt;
            &lt;/svg&gt;
            &lt;div
              class=&quot;inline-flex items-center rounded-full border px-2.5 py-0.5 text-xs font-semibold transition-colors focus:outline-none focus:ring-2 focus:ring-ring focus:ring-offset-2 hover:bg-secondary/80 bg-green-900/40 text-green-400 border-green-700&quot;
            &gt;
              Connected
            &lt;/div&gt;
          &lt;/div&gt;
          &lt;div
            class=&quot;flex items-center gap-4 text-sm&quot;
          &gt;
            &lt;div
              class=&quot;flex items-center gap-2&quot;
            &gt;
              &lt;span
                class=&quot;text-gray-400&quot;
              &gt;
                Total:
              &lt;/span&gt;
              &lt;div
                class=&quot;inline-flex items-center rounded-full border px-2.5 py-0.5 text-xs font-semibold transition-colors focus:outline-none focus:ring-2 focus:ring-ring focus:ring-offset-2 border-transparent hover:bg-secondary/80 bg-gray-700 text-gray-300&quot;
              &gt;
                0
              &lt;/div&gt;
            &lt;/div&gt;
            &lt;div
              class=&quot;flex items-center gap-2&quot;
            &gt;
              &lt;span
                class=&quot;text-gray-400&quot;
              &gt;
                Active:
              &lt;/span&gt;
              &lt;div
                class=&quot;inline-flex items-center rounded-full border px-2.5 py-0.5 text-xs font-semibold transition-colors focus:outline-none focus:ring-2 focus:ring-ring focus:ring-offset-2 border-transparent hover:bg-secondary/80 bg-green-900/40 text-green-400&quot;
              &gt;
                0
              &lt;/div&gt;
            &lt;/div&gt;
          &lt;/div&gt;
        &lt;/div&gt;
        &lt;div
          class=&quot;flex items-center gap-4&quot;
        &gt;
          &lt;div
            class=&quot;flex items-center gap-2&quot;
          &gt;
            &lt;svg
              class=&quot;lucide lucide-map-pin h-4 w-4 text-blue-400&quot;
              fill=&quot;none&quot;
              height=&quot;24&quot;
              stroke=&quot;currentColor&quot;
              stroke-linecap=&quot;round&quot;
              stroke-linejoin=&quot;round&quot;
              stroke-width=&quot;2&quot;
              viewBox=&quot;0 0 24 24&quot;
              width=&quot;24&quot;
              xmlns=&quot;http://www.w3.org/2000/svg&quot;
            &gt;
              &lt;path
                d=&quot;M20 10c0 4.993-5.539 10.193-7.399 11.799a1 1 0 0 1-1.202 0C9.539 20.193 4 14.993 4 10a8 8 0 0 1 16 0&quot;
              /&gt;
              &lt;circle
                cx=&quot;12&quot;
                cy=&quot;10&quot;
                r=&quot;3&quot;
              /&gt;
            &lt;/svg&gt;
            &lt;button
              aria-autocomplete=&quot;none&quot;
              aria-controls=&quot;radix-«ra4»&quot;
              aria-expanded=&quot;false&quot;
              class=&quot;flex h-10 items-center justify-between rounded-md border px-3 py-2 text-sm ring-offset-background placeholder:text-muted-foreground focus:outline-none focus:ring-2 focus:ring-ring focus:ring-offset-2 disabled:cursor-not-allowed disabled:opacity-50 [&amp;&gt;span]:line-clamp-1 w-40 bg-gray-800 border-gray-600&quot;
              data-state=&quot;closed&quot;
              dir=&quot;ltr&quot;
              role=&quot;combobox&quot;
              type=&quot;button&quot;
            &gt;
              &lt;span
                style=&quot;pointer-events: none;&quot;
              &gt;
                All Stations
              &lt;/span&gt;
              &lt;svg
                aria-hidden=&quot;true&quot;
                class=&quot;lucide lucide-chevron-down h-4 w-4 opacity-50&quot;
                fill=&quot;none&quot;
                height=&quot;24&quot;
                stroke=&quot;currentColor&quot;
                stroke-linecap=&quot;round&quot;
                stroke-linejoin=&quot;round&quot;
                stroke-width=&quot;2&quot;
                viewBox=&quot;0 0 24 24&quot;
                width=&quot;24&quot;
                xmlns=&quot;http://www.w3.org/2000/svg&quot;
              &gt;
                &lt;path
                  d=&quot;m6 9 6 6 6-6&quot;
                /&gt;
              &lt;/svg&gt;
            &lt;/button&gt;
          &lt;/div&gt;
          &lt;div
            class=&quot;flex items-center gap-2&quot;
          &gt;
            &lt;svg[...
    at Object.getElementError (/Users/mike/Plate-Restaurant-System-App/node_modules/@testing-library/dom/dist/config.js:37:19)
    at /Users/mike/Plate-Restaurant-System-App/node_modules/@testing-library/dom/dist/query-helpers.js:76:38
    at /Users/mike/Plate-Restaurant-System-App/node_modules/@testing-library/dom/dist/query-helpers.js:52:17
    at /Users/mike/Plate-Restaurant-System-App/node_modules/@testing-library/dom/dist/query-helpers.js:95:19
    at Object.getByRole (/Users/mike/Plate-Restaurant-System-App/__tests__/unit/components/kds/kds-header.test.tsx:339:37)
    at Promise.then.completed (/Users/mike/Plate-Restaurant-System-App/node_modules/jest-circus/build/utils.js:298:28)
    at new Promise (&lt;anonymous&gt;)
    at callAsyncCircusFn (/Users/mike/Plate-Restaurant-System-App/node_modules/jest-circus/build/utils.js:231:10)
    at _callCircusTest (/Users/mike/Plate-Restaurant-System-App/node_modules/jest-circus/build/run.js:316:40)
    at processTicksAndRejections (node:internal/process/task_queues:105:5)
    at _runTest (/Users/mike/Plate-Restaurant-System-App/node_modules/jest-circus/build/run.js:252:3)
    at _runTestsForDescribeBlock (/Users/mike/Plate-Restaurant-System-App/node_modules/jest-circus/build/run.js:126:9)
    at _runTestsForDescribeBlock (/Users/mike/Plate-Restaurant-System-App/node_modules/jest-circus/build/run.js:121:9)
    at _runTestsForDescribeBlock (/Users/mike/Plate-Restaurant-System-App/node_modules/jest-circus/build/run.js:121:9)
    at run (/Users/mike/Plate-Restaurant-System-App/node_modules/jest-circus/build/run.js:71:3)
    at runAndTransformResultsToJestFormat (/Users/mike/Plate-Restaurant-System-App/node_modules/jest-circus/build/legacy-code-todo-rewrite/jestAdapterInit.js:122:21)
    at jestAdapter (/Users/mike/Plate-Restaurant-System-App/node_modules/jest-circus/build/legacy-code-todo-rewrite/jestAdapter.js:79:19)
    at runTestInternal (/Users/mike/Plate-Restaurant-System-App/node_modules/jest-runner/build/runTest.js:367:16)
    at runTest (/Users/mike/Plate-Restaurant-System-App/node_modules/jest-runner/build/runTest.js:444:34)
    at Object.worker (/Users/mike/Plate-Restaurant-System-App/node_modules/jest-runner/build/testWorker.js:106:12)</failure>
    </testcase>
    <testcase classname="KDSHeader Fullscreen Controls shows minimize icon when in fullscreen" name="KDSHeader Fullscreen Controls shows minimize icon when in fullscreen" time="0.078">
      <failure>TestingLibraryElementError: Unable to find an accessible element with the role &quot;button&quot; and name `/minimize/i`

Here are the accessible roles:

  heading:

  Name &quot;Kitchen Display&quot;:
  &lt;h1
    class=&quot;text-xl font-semibold text-white&quot;
  /&gt;

  --------------------------------------------------
  combobox:

  Name &quot;&quot;:
  &lt;button
    aria-autocomplete=&quot;none&quot;
    aria-controls=&quot;radix-«rag»&quot;
    aria-expanded=&quot;false&quot;
    class=&quot;flex h-10 items-center justify-between rounded-md border px-3 py-2 text-sm ring-offset-background placeholder:text-muted-foreground focus:outline-none focus:ring-2 focus:ring-ring focus:ring-offset-2 disabled:cursor-not-allowed disabled:opacity-50 [&amp;&gt;span]:line-clamp-1 w-40 bg-gray-800 border-gray-600&quot;
    data-state=&quot;closed&quot;
    dir=&quot;ltr&quot;
    role=&quot;combobox&quot;
    type=&quot;button&quot;
  /&gt;

  Name &quot;&quot;:
  &lt;button
    aria-autocomplete=&quot;none&quot;
    aria-controls=&quot;radix-«rah»&quot;
    aria-expanded=&quot;false&quot;
    class=&quot;flex h-10 items-center justify-between rounded-md border px-3 py-2 text-sm ring-offset-background placeholder:text-muted-foreground focus:outline-none focus:ring-2 focus:ring-ring focus:ring-offset-2 disabled:cursor-not-allowed disabled:opacity-50 [&amp;&gt;span]:line-clamp-1 w-32 bg-gray-800 border-gray-600&quot;
    data-state=&quot;closed&quot;
    dir=&quot;ltr&quot;
    role=&quot;combobox&quot;
    type=&quot;button&quot;
  /&gt;

  --------------------------------------------------
  button:

  Name &quot;&quot;:
  &lt;button
    class=&quot;inline-flex items-center justify-center whitespace-nowrap text-sm font-medium ring-offset-background transition-colors focus-visible:outline-none focus-visible:ring-2 focus-visible:ring-ring focus-visible:ring-offset-2 disabled:pointer-events-none disabled:opacity-50 touch-manipulation hover:bg-accent hover:text-accent-foreground active:scale-95 rounded-md min-w-[44px] h-8 w-8 p-0&quot;
  /&gt;

  Name &quot;&quot;:
  &lt;button
    class=&quot;inline-flex items-center justify-center whitespace-nowrap text-sm font-medium ring-offset-background transition-colors focus-visible:outline-none focus-visible:ring-2 focus-visible:ring-ring focus-visible:ring-offset-2 disabled:pointer-events-none disabled:opacity-50 touch-manipulation bg-primary text-primary-foreground hover:bg-primary/90 active:scale-95 rounded-md min-w-[44px] h-8 w-8 p-0&quot;
  /&gt;

  Name &quot;&quot;:
  &lt;button
    class=&quot;inline-flex items-center justify-center whitespace-nowrap text-sm font-medium ring-offset-background transition-colors focus-visible:outline-none focus-visible:ring-2 focus-visible:ring-ring focus-visible:ring-offset-2 disabled:pointer-events-none disabled:opacity-50 touch-manipulation hover:bg-accent hover:text-accent-foreground active:scale-95 rounded-md min-w-[44px] h-8 w-8 p-0&quot;
  /&gt;

  Name &quot;&quot;:
  &lt;button
    class=&quot;inline-flex items-center justify-center whitespace-nowrap text-sm font-medium ring-offset-background transition-colors focus-visible:outline-none focus-visible:ring-2 focus-visible:ring-ring focus-visible:ring-offset-2 disabled:pointer-events-none disabled:opacity-50 touch-manipulation hover:bg-accent hover:text-accent-foreground active:scale-95 rounded-md min-w-[44px] h-8 w-8 p-0 text-blue-400&quot;
  /&gt;

  Name &quot;&quot;:
  &lt;button
    class=&quot;inline-flex items-center justify-center whitespace-nowrap text-sm font-medium ring-offset-background transition-colors focus-visible:outline-none focus-visible:ring-2 focus-visible:ring-ring focus-visible:ring-offset-2 disabled:pointer-events-none disabled:opacity-50 touch-manipulation hover:bg-accent hover:text-accent-foreground active:scale-95 rounded-md min-w-[44px] h-8 w-8 p-0&quot;
  /&gt;

  Name &quot;&quot;:
  &lt;button
    class=&quot;inline-flex items-center justify-center whitespace-nowrap text-sm font-medium ring-offset-background transition-colors focus-visible:outline-none focus-visible:ring-2 focus-visible:ring-ring focus-visible:ring-offset-2 disabled:pointer-events-none disabled:opacity-50 touch-manipulation hover:bg-accent hover:text-accent-foreground active:scale-95 rounded-md min-w-[44px] h-8 w-8 p-0&quot;
  /&gt;

  Name &quot;&quot;:
  &lt;button
    class=&quot;inline-flex items-center justify-center whitespace-nowrap text-sm font-medium ring-offset-background transition-colors focus-visible:outline-none focus-visible:ring-2 focus-visible:ring-ring focus-visible:ring-offset-2 disabled:pointer-events-none disabled:opacity-50 touch-manipulation hover:bg-accent hover:text-accent-foreground active:scale-95 rounded-md min-w-[44px] h-8 w-8 p-0&quot;
  /&gt;

  --------------------------------------------------
  region:

  Name &quot;Notifications (F8)&quot;:
  &lt;div
    aria-label=&quot;Notifications (F8)&quot;
    role=&quot;region&quot;
    style=&quot;pointer-events: none;&quot;
    tabindex=&quot;-1&quot;
  /&gt;

  --------------------------------------------------
  list:

  Name &quot;&quot;:
  &lt;ol
    class=&quot;fixed top-0 z-[100] flex max-h-screen w-full flex-col-reverse p-4 sm:bottom-0 sm:right-0 sm:top-auto sm:flex-col md:max-w-[420px]&quot;
    tabindex=&quot;-1&quot;
  /&gt;

  --------------------------------------------------

Ignored nodes: comments, script, style
&lt;body&gt;
  &lt;div&gt;
    &lt;div&gt;
      &lt;div
        class=&quot;flex items-center justify-between p-4 bg-gray-900 border-b border-gray-700&quot;
      &gt;
        &lt;div
          class=&quot;flex items-center gap-6&quot;
        &gt;
          &lt;h1
            class=&quot;text-xl font-semibold text-white&quot;
          &gt;
            Kitchen Display
          &lt;/h1&gt;
          &lt;div
            class=&quot;flex items-center gap-2&quot;
          &gt;
            &lt;svg
              class=&quot;lucide lucide-wifi h-4 w-4 text-green-400&quot;
              fill=&quot;none&quot;
              height=&quot;24&quot;
              stroke=&quot;currentColor&quot;
              stroke-linecap=&quot;round&quot;
              stroke-linejoin=&quot;round&quot;
              stroke-width=&quot;2&quot;
              viewBox=&quot;0 0 24 24&quot;
              width=&quot;24&quot;
              xmlns=&quot;http://www.w3.org/2000/svg&quot;
            &gt;
              &lt;path
                d=&quot;M12 20h.01&quot;
              /&gt;
              &lt;path
                d=&quot;M2 8.82a15 15 0 0 1 20 0&quot;
              /&gt;
              &lt;path
                d=&quot;M5 12.859a10 10 0 0 1 14 0&quot;
              /&gt;
              &lt;path
                d=&quot;M8.5 16.429a5 5 0 0 1 7 0&quot;
              /&gt;
            &lt;/svg&gt;
            &lt;div
              class=&quot;inline-flex items-center rounded-full border px-2.5 py-0.5 text-xs font-semibold transition-colors focus:outline-none focus:ring-2 focus:ring-ring focus:ring-offset-2 hover:bg-secondary/80 bg-green-900/40 text-green-400 border-green-700&quot;
            &gt;
              Connected
            &lt;/div&gt;
          &lt;/div&gt;
          &lt;div
            class=&quot;flex items-center gap-4 text-sm&quot;
          &gt;
            &lt;div
              class=&quot;flex items-center gap-2&quot;
            &gt;
              &lt;span
                class=&quot;text-gray-400&quot;
              &gt;
                Total:
              &lt;/span&gt;
              &lt;div
                class=&quot;inline-flex items-center rounded-full border px-2.5 py-0.5 text-xs font-semibold transition-colors focus:outline-none focus:ring-2 focus:ring-ring focus:ring-offset-2 border-transparent hover:bg-secondary/80 bg-gray-700 text-gray-300&quot;
              &gt;
                0
              &lt;/div&gt;
            &lt;/div&gt;
            &lt;div
              class=&quot;flex items-center gap-2&quot;
            &gt;
              &lt;span
                class=&quot;text-gray-400&quot;
              &gt;
                Active:
              &lt;/span&gt;
              &lt;div
                class=&quot;inline-flex items-center rounded-full border px-2.5 py-0.5 text-xs font-semibold transition-colors focus:outline-none focus:ring-2 focus:ring-ring focus:ring-offset-2 border-transparent hover:bg-secondary/80 bg-green-900/40 text-green-400&quot;
              &gt;
                0
              &lt;/div&gt;
            &lt;/div&gt;
          &lt;/div&gt;
        &lt;/div&gt;
        &lt;div
          class=&quot;flex items-center gap-4&quot;
        &gt;
          &lt;div
            class=&quot;flex items-center gap-2&quot;
          &gt;
            &lt;svg
              class=&quot;lucide lucide-map-pin h-4 w-4 text-blue-400&quot;
              fill=&quot;none&quot;
              height=&quot;24&quot;
              stroke=&quot;currentColor&quot;
              stroke-linecap=&quot;round&quot;
              stroke-linejoin=&quot;round&quot;
              stroke-width=&quot;2&quot;
              viewBox=&quot;0 0 24 24&quot;
              width=&quot;24&quot;
              xmlns=&quot;http://www.w3.org/2000/svg&quot;
            &gt;
              &lt;path
                d=&quot;M20 10c0 4.993-5.539 10.193-7.399 11.799a1 1 0 0 1-1.202 0C9.539 20.193 4 14.993 4 10a8 8 0 0 1 16 0&quot;
              /&gt;
              &lt;circle
                cx=&quot;12&quot;
                cy=&quot;10&quot;
                r=&quot;3&quot;
              /&gt;
            &lt;/svg&gt;
            &lt;button
              aria-autocomplete=&quot;none&quot;
              aria-controls=&quot;radix-«rag»&quot;
              aria-expanded=&quot;false&quot;
              class=&quot;flex h-10 items-center justify-between rounded-md border px-3 py-2 text-sm ring-offset-background placeholder:text-muted-foreground focus:outline-none focus:ring-2 focus:ring-ring focus:ring-offset-2 disabled:cursor-not-allowed disabled:opacity-50 [&amp;&gt;span]:line-clamp-1 w-40 bg-gray-800 border-gray-600&quot;
              data-state=&quot;closed&quot;
              dir=&quot;ltr&quot;
              role=&quot;combobox&quot;
              type=&quot;button&quot;
            &gt;
              &lt;span
                style=&quot;pointer-events: none;&quot;
              &gt;
                All Stations
              &lt;/span&gt;
              &lt;svg
                aria-hidden=&quot;true&quot;
                class=&quot;lucide lucide-chevron-down h-4 w-4 opacity-50&quot;
                fill=&quot;none&quot;
                height=&quot;24&quot;
                stroke=&quot;currentColor&quot;
                stroke-linecap=&quot;round&quot;
                stroke-linejoin=&quot;round&quot;
                stroke-width=&quot;2&quot;
                viewBox=&quot;0 0 24 24&quot;
                width=&quot;24&quot;
                xmlns=&quot;http://www.w3.org/2000/svg&quot;
              &gt;
                &lt;path
                  d=&quot;m6 9 6 6 6-6&quot;
                /&gt;
              &lt;/svg&gt;
            &lt;/button&gt;
          &lt;/div&gt;
          &lt;div
            class=&quot;flex items-center gap-2&quot;
          &gt;
            &lt;svg[...
    at Object.getElementError (/Users/mike/Plate-Restaurant-System-App/node_modules/@testing-library/dom/dist/config.js:37:19)
    at /Users/mike/Plate-Restaurant-System-App/node_modules/@testing-library/dom/dist/query-helpers.js:76:38
    at /Users/mike/Plate-Restaurant-System-App/node_modules/@testing-library/dom/dist/query-helpers.js:52:17
    at /Users/mike/Plate-Restaurant-System-App/node_modules/@testing-library/dom/dist/query-helpers.js:95:19
    at Object.getByRole (/Users/mike/Plate-Restaurant-System-App/__tests__/unit/components/kds/kds-header.test.tsx:351:39)
    at Promise.then.completed (/Users/mike/Plate-Restaurant-System-App/node_modules/jest-circus/build/utils.js:298:28)
    at new Promise (&lt;anonymous&gt;)
    at callAsyncCircusFn (/Users/mike/Plate-Restaurant-System-App/node_modules/jest-circus/build/utils.js:231:10)
    at _callCircusTest (/Users/mike/Plate-Restaurant-System-App/node_modules/jest-circus/build/run.js:316:40)
    at processTicksAndRejections (node:internal/process/task_queues:105:5)
    at _runTest (/Users/mike/Plate-Restaurant-System-App/node_modules/jest-circus/build/run.js:252:3)
    at _runTestsForDescribeBlock (/Users/mike/Plate-Restaurant-System-App/node_modules/jest-circus/build/run.js:126:9)
    at _runTestsForDescribeBlock (/Users/mike/Plate-Restaurant-System-App/node_modules/jest-circus/build/run.js:121:9)
    at _runTestsForDescribeBlock (/Users/mike/Plate-Restaurant-System-App/node_modules/jest-circus/build/run.js:121:9)
    at run (/Users/mike/Plate-Restaurant-System-App/node_modules/jest-circus/build/run.js:71:3)
    at runAndTransformResultsToJestFormat (/Users/mike/Plate-Restaurant-System-App/node_modules/jest-circus/build/legacy-code-todo-rewrite/jestAdapterInit.js:122:21)
    at jestAdapter (/Users/mike/Plate-Restaurant-System-App/node_modules/jest-circus/build/legacy-code-todo-rewrite/jestAdapter.js:79:19)
    at runTestInternal (/Users/mike/Plate-Restaurant-System-App/node_modules/jest-runner/build/runTest.js:367:16)
    at runTest (/Users/mike/Plate-Restaurant-System-App/node_modules/jest-runner/build/runTest.js:444:34)
    at Object.worker (/Users/mike/Plate-Restaurant-System-App/node_modules/jest-runner/build/testWorker.js:106:12)</failure>
    </testcase>
    <testcase classname="KDSHeader Fullscreen Controls shows maximize icon when not in fullscreen" name="KDSHeader Fullscreen Controls shows maximize icon when not in fullscreen" time="0.066">
      <failure>TestingLibraryElementError: Unable to find an accessible element with the role &quot;button&quot; and name `/maximize/i`

Here are the accessible roles:

  heading:

  Name &quot;Kitchen Display&quot;:
  &lt;h1
    class=&quot;text-xl font-semibold text-white&quot;
  /&gt;

  --------------------------------------------------
  combobox:

  Name &quot;&quot;:
  &lt;button
    aria-autocomplete=&quot;none&quot;
    aria-controls=&quot;radix-«ras»&quot;
    aria-expanded=&quot;false&quot;
    class=&quot;flex h-10 items-center justify-between rounded-md border px-3 py-2 text-sm ring-offset-background placeholder:text-muted-foreground focus:outline-none focus:ring-2 focus:ring-ring focus:ring-offset-2 disabled:cursor-not-allowed disabled:opacity-50 [&amp;&gt;span]:line-clamp-1 w-40 bg-gray-800 border-gray-600&quot;
    data-state=&quot;closed&quot;
    dir=&quot;ltr&quot;
    role=&quot;combobox&quot;
    type=&quot;button&quot;
  /&gt;

  Name &quot;&quot;:
  &lt;button
    aria-autocomplete=&quot;none&quot;
    aria-controls=&quot;radix-«rat»&quot;
    aria-expanded=&quot;false&quot;
    class=&quot;flex h-10 items-center justify-between rounded-md border px-3 py-2 text-sm ring-offset-background placeholder:text-muted-foreground focus:outline-none focus:ring-2 focus:ring-ring focus:ring-offset-2 disabled:cursor-not-allowed disabled:opacity-50 [&amp;&gt;span]:line-clamp-1 w-32 bg-gray-800 border-gray-600&quot;
    data-state=&quot;closed&quot;
    dir=&quot;ltr&quot;
    role=&quot;combobox&quot;
    type=&quot;button&quot;
  /&gt;

  --------------------------------------------------
  button:

  Name &quot;&quot;:
  &lt;button
    class=&quot;inline-flex items-center justify-center whitespace-nowrap text-sm font-medium ring-offset-background transition-colors focus-visible:outline-none focus-visible:ring-2 focus-visible:ring-ring focus-visible:ring-offset-2 disabled:pointer-events-none disabled:opacity-50 touch-manipulation hover:bg-accent hover:text-accent-foreground active:scale-95 rounded-md min-w-[44px] h-8 w-8 p-0&quot;
  /&gt;

  Name &quot;&quot;:
  &lt;button
    class=&quot;inline-flex items-center justify-center whitespace-nowrap text-sm font-medium ring-offset-background transition-colors focus-visible:outline-none focus-visible:ring-2 focus-visible:ring-ring focus-visible:ring-offset-2 disabled:pointer-events-none disabled:opacity-50 touch-manipulation bg-primary text-primary-foreground hover:bg-primary/90 active:scale-95 rounded-md min-w-[44px] h-8 w-8 p-0&quot;
  /&gt;

  Name &quot;&quot;:
  &lt;button
    class=&quot;inline-flex items-center justify-center whitespace-nowrap text-sm font-medium ring-offset-background transition-colors focus-visible:outline-none focus-visible:ring-2 focus-visible:ring-ring focus-visible:ring-offset-2 disabled:pointer-events-none disabled:opacity-50 touch-manipulation hover:bg-accent hover:text-accent-foreground active:scale-95 rounded-md min-w-[44px] h-8 w-8 p-0&quot;
  /&gt;

  Name &quot;&quot;:
  &lt;button
    class=&quot;inline-flex items-center justify-center whitespace-nowrap text-sm font-medium ring-offset-background transition-colors focus-visible:outline-none focus-visible:ring-2 focus-visible:ring-ring focus-visible:ring-offset-2 disabled:pointer-events-none disabled:opacity-50 touch-manipulation hover:bg-accent hover:text-accent-foreground active:scale-95 rounded-md min-w-[44px] h-8 w-8 p-0 text-blue-400&quot;
  /&gt;

  Name &quot;&quot;:
  &lt;button
    class=&quot;inline-flex items-center justify-center whitespace-nowrap text-sm font-medium ring-offset-background transition-colors focus-visible:outline-none focus-visible:ring-2 focus-visible:ring-ring focus-visible:ring-offset-2 disabled:pointer-events-none disabled:opacity-50 touch-manipulation hover:bg-accent hover:text-accent-foreground active:scale-95 rounded-md min-w-[44px] h-8 w-8 p-0&quot;
  /&gt;

  Name &quot;&quot;:
  &lt;button
    class=&quot;inline-flex items-center justify-center whitespace-nowrap text-sm font-medium ring-offset-background transition-colors focus-visible:outline-none focus-visible:ring-2 focus-visible:ring-ring focus-visible:ring-offset-2 disabled:pointer-events-none disabled:opacity-50 touch-manipulation hover:bg-accent hover:text-accent-foreground active:scale-95 rounded-md min-w-[44px] h-8 w-8 p-0&quot;
  /&gt;

  Name &quot;&quot;:
  &lt;button
    class=&quot;inline-flex items-center justify-center whitespace-nowrap text-sm font-medium ring-offset-background transition-colors focus-visible:outline-none focus-visible:ring-2 focus-visible:ring-ring focus-visible:ring-offset-2 disabled:pointer-events-none disabled:opacity-50 touch-manipulation hover:bg-accent hover:text-accent-foreground active:scale-95 rounded-md min-w-[44px] h-8 w-8 p-0&quot;
  /&gt;

  --------------------------------------------------
  region:

  Name &quot;Notifications (F8)&quot;:
  &lt;div
    aria-label=&quot;Notifications (F8)&quot;
    role=&quot;region&quot;
    style=&quot;pointer-events: none;&quot;
    tabindex=&quot;-1&quot;
  /&gt;

  --------------------------------------------------
  list:

  Name &quot;&quot;:
  &lt;ol
    class=&quot;fixed top-0 z-[100] flex max-h-screen w-full flex-col-reverse p-4 sm:bottom-0 sm:right-0 sm:top-auto sm:flex-col md:max-w-[420px]&quot;
    tabindex=&quot;-1&quot;
  /&gt;

  --------------------------------------------------

Ignored nodes: comments, script, style
&lt;body&gt;
  &lt;div&gt;
    &lt;div&gt;
      &lt;div
        class=&quot;flex items-center justify-between p-4 bg-gray-900 border-b border-gray-700&quot;
      &gt;
        &lt;div
          class=&quot;flex items-center gap-6&quot;
        &gt;
          &lt;h1
            class=&quot;text-xl font-semibold text-white&quot;
          &gt;
            Kitchen Display
          &lt;/h1&gt;
          &lt;div
            class=&quot;flex items-center gap-2&quot;
          &gt;
            &lt;svg
              class=&quot;lucide lucide-wifi h-4 w-4 text-green-400&quot;
              fill=&quot;none&quot;
              height=&quot;24&quot;
              stroke=&quot;currentColor&quot;
              stroke-linecap=&quot;round&quot;
              stroke-linejoin=&quot;round&quot;
              stroke-width=&quot;2&quot;
              viewBox=&quot;0 0 24 24&quot;
              width=&quot;24&quot;
              xmlns=&quot;http://www.w3.org/2000/svg&quot;
            &gt;
              &lt;path
                d=&quot;M12 20h.01&quot;
              /&gt;
              &lt;path
                d=&quot;M2 8.82a15 15 0 0 1 20 0&quot;
              /&gt;
              &lt;path
                d=&quot;M5 12.859a10 10 0 0 1 14 0&quot;
              /&gt;
              &lt;path
                d=&quot;M8.5 16.429a5 5 0 0 1 7 0&quot;
              /&gt;
            &lt;/svg&gt;
            &lt;div
              class=&quot;inline-flex items-center rounded-full border px-2.5 py-0.5 text-xs font-semibold transition-colors focus:outline-none focus:ring-2 focus:ring-ring focus:ring-offset-2 hover:bg-secondary/80 bg-green-900/40 text-green-400 border-green-700&quot;
            &gt;
              Connected
            &lt;/div&gt;
          &lt;/div&gt;
          &lt;div
            class=&quot;flex items-center gap-4 text-sm&quot;
          &gt;
            &lt;div
              class=&quot;flex items-center gap-2&quot;
            &gt;
              &lt;span
                class=&quot;text-gray-400&quot;
              &gt;
                Total:
              &lt;/span&gt;
              &lt;div
                class=&quot;inline-flex items-center rounded-full border px-2.5 py-0.5 text-xs font-semibold transition-colors focus:outline-none focus:ring-2 focus:ring-ring focus:ring-offset-2 border-transparent hover:bg-secondary/80 bg-gray-700 text-gray-300&quot;
              &gt;
                0
              &lt;/div&gt;
            &lt;/div&gt;
            &lt;div
              class=&quot;flex items-center gap-2&quot;
            &gt;
              &lt;span
                class=&quot;text-gray-400&quot;
              &gt;
                Active:
              &lt;/span&gt;
              &lt;div
                class=&quot;inline-flex items-center rounded-full border px-2.5 py-0.5 text-xs font-semibold transition-colors focus:outline-none focus:ring-2 focus:ring-ring focus:ring-offset-2 border-transparent hover:bg-secondary/80 bg-green-900/40 text-green-400&quot;
              &gt;
                0
              &lt;/div&gt;
            &lt;/div&gt;
          &lt;/div&gt;
        &lt;/div&gt;
        &lt;div
          class=&quot;flex items-center gap-4&quot;
        &gt;
          &lt;div
            class=&quot;flex items-center gap-2&quot;
          &gt;
            &lt;svg
              class=&quot;lucide lucide-map-pin h-4 w-4 text-blue-400&quot;
              fill=&quot;none&quot;
              height=&quot;24&quot;
              stroke=&quot;currentColor&quot;
              stroke-linecap=&quot;round&quot;
              stroke-linejoin=&quot;round&quot;
              stroke-width=&quot;2&quot;
              viewBox=&quot;0 0 24 24&quot;
              width=&quot;24&quot;
              xmlns=&quot;http://www.w3.org/2000/svg&quot;
            &gt;
              &lt;path
                d=&quot;M20 10c0 4.993-5.539 10.193-7.399 11.799a1 1 0 0 1-1.202 0C9.539 20.193 4 14.993 4 10a8 8 0 0 1 16 0&quot;
              /&gt;
              &lt;circle
                cx=&quot;12&quot;
                cy=&quot;10&quot;
                r=&quot;3&quot;
              /&gt;
            &lt;/svg&gt;
            &lt;button
              aria-autocomplete=&quot;none&quot;
              aria-controls=&quot;radix-«ras»&quot;
              aria-expanded=&quot;false&quot;
              class=&quot;flex h-10 items-center justify-between rounded-md border px-3 py-2 text-sm ring-offset-background placeholder:text-muted-foreground focus:outline-none focus:ring-2 focus:ring-ring focus:ring-offset-2 disabled:cursor-not-allowed disabled:opacity-50 [&amp;&gt;span]:line-clamp-1 w-40 bg-gray-800 border-gray-600&quot;
              data-state=&quot;closed&quot;
              dir=&quot;ltr&quot;
              role=&quot;combobox&quot;
              type=&quot;button&quot;
            &gt;
              &lt;span
                style=&quot;pointer-events: none;&quot;
              &gt;
                All Stations
              &lt;/span&gt;
              &lt;svg
                aria-hidden=&quot;true&quot;
                class=&quot;lucide lucide-chevron-down h-4 w-4 opacity-50&quot;
                fill=&quot;none&quot;
                height=&quot;24&quot;
                stroke=&quot;currentColor&quot;
                stroke-linecap=&quot;round&quot;
                stroke-linejoin=&quot;round&quot;
                stroke-width=&quot;2&quot;
                viewBox=&quot;0 0 24 24&quot;
                width=&quot;24&quot;
                xmlns=&quot;http://www.w3.org/2000/svg&quot;
              &gt;
                &lt;path
                  d=&quot;m6 9 6 6 6-6&quot;
                /&gt;
              &lt;/svg&gt;
            &lt;/button&gt;
          &lt;/div&gt;
          &lt;div
            class=&quot;flex items-center gap-2&quot;
          &gt;
            &lt;svg[...
    at Object.getElementError (/Users/mike/Plate-Restaurant-System-App/node_modules/@testing-library/dom/dist/config.js:37:19)
    at /Users/mike/Plate-Restaurant-System-App/node_modules/@testing-library/dom/dist/query-helpers.js:76:38
    at /Users/mike/Plate-Restaurant-System-App/node_modules/@testing-library/dom/dist/query-helpers.js:52:17
    at /Users/mike/Plate-Restaurant-System-App/node_modules/@testing-library/dom/dist/query-helpers.js:95:19
    at Object.getByRole (/Users/mike/Plate-Restaurant-System-App/__tests__/unit/components/kds/kds-header.test.tsx:361:39)
    at Promise.then.completed (/Users/mike/Plate-Restaurant-System-App/node_modules/jest-circus/build/utils.js:298:28)
    at new Promise (&lt;anonymous&gt;)
    at callAsyncCircusFn (/Users/mike/Plate-Restaurant-System-App/node_modules/jest-circus/build/utils.js:231:10)
    at _callCircusTest (/Users/mike/Plate-Restaurant-System-App/node_modules/jest-circus/build/run.js:316:40)
    at processTicksAndRejections (node:internal/process/task_queues:105:5)
    at _runTest (/Users/mike/Plate-Restaurant-System-App/node_modules/jest-circus/build/run.js:252:3)
    at _runTestsForDescribeBlock (/Users/mike/Plate-Restaurant-System-App/node_modules/jest-circus/build/run.js:126:9)
    at _runTestsForDescribeBlock (/Users/mike/Plate-Restaurant-System-App/node_modules/jest-circus/build/run.js:121:9)
    at _runTestsForDescribeBlock (/Users/mike/Plate-Restaurant-System-App/node_modules/jest-circus/build/run.js:121:9)
    at run (/Users/mike/Plate-Restaurant-System-App/node_modules/jest-circus/build/run.js:71:3)
    at runAndTransformResultsToJestFormat (/Users/mike/Plate-Restaurant-System-App/node_modules/jest-circus/build/legacy-code-todo-rewrite/jestAdapterInit.js:122:21)
    at jestAdapter (/Users/mike/Plate-Restaurant-System-App/node_modules/jest-circus/build/legacy-code-todo-rewrite/jestAdapter.js:79:19)
    at runTestInternal (/Users/mike/Plate-Restaurant-System-App/node_modules/jest-runner/build/runTest.js:367:16)
    at runTest (/Users/mike/Plate-Restaurant-System-App/node_modules/jest-runner/build/runTest.js:444:34)
    at Object.worker (/Users/mike/Plate-Restaurant-System-App/node_modules/jest-runner/build/testWorker.js:106:12)</failure>
    </testcase>
    <testcase classname="KDSHeader Fullscreen Controls calls onToggleFullscreen when fullscreen button is clicked" name="KDSHeader Fullscreen Controls calls onToggleFullscreen when fullscreen button is clicked" time="0.07">
      <failure>TestingLibraryElementError: Unable to find an accessible element with the role &quot;button&quot; and name `/maximize|minimize/i`

Here are the accessible roles:

  heading:

  Name &quot;Kitchen Display&quot;:
  &lt;h1
    class=&quot;text-xl font-semibold text-white&quot;
  /&gt;

  --------------------------------------------------
  combobox:

  Name &quot;&quot;:
  &lt;button
    aria-autocomplete=&quot;none&quot;
    aria-controls=&quot;radix-«rb8»&quot;
    aria-expanded=&quot;false&quot;
    class=&quot;flex h-10 items-center justify-between rounded-md border px-3 py-2 text-sm ring-offset-background placeholder:text-muted-foreground focus:outline-none focus:ring-2 focus:ring-ring focus:ring-offset-2 disabled:cursor-not-allowed disabled:opacity-50 [&amp;&gt;span]:line-clamp-1 w-40 bg-gray-800 border-gray-600&quot;
    data-state=&quot;closed&quot;
    dir=&quot;ltr&quot;
    role=&quot;combobox&quot;
    type=&quot;button&quot;
  /&gt;

  Name &quot;&quot;:
  &lt;button
    aria-autocomplete=&quot;none&quot;
    aria-controls=&quot;radix-«rb9»&quot;
    aria-expanded=&quot;false&quot;
    class=&quot;flex h-10 items-center justify-between rounded-md border px-3 py-2 text-sm ring-offset-background placeholder:text-muted-foreground focus:outline-none focus:ring-2 focus:ring-ring focus:ring-offset-2 disabled:cursor-not-allowed disabled:opacity-50 [&amp;&gt;span]:line-clamp-1 w-32 bg-gray-800 border-gray-600&quot;
    data-state=&quot;closed&quot;
    dir=&quot;ltr&quot;
    role=&quot;combobox&quot;
    type=&quot;button&quot;
  /&gt;

  --------------------------------------------------
  button:

  Name &quot;&quot;:
  &lt;button
    class=&quot;inline-flex items-center justify-center whitespace-nowrap text-sm font-medium ring-offset-background transition-colors focus-visible:outline-none focus-visible:ring-2 focus-visible:ring-ring focus-visible:ring-offset-2 disabled:pointer-events-none disabled:opacity-50 touch-manipulation hover:bg-accent hover:text-accent-foreground active:scale-95 rounded-md min-w-[44px] h-8 w-8 p-0&quot;
  /&gt;

  Name &quot;&quot;:
  &lt;button
    class=&quot;inline-flex items-center justify-center whitespace-nowrap text-sm font-medium ring-offset-background transition-colors focus-visible:outline-none focus-visible:ring-2 focus-visible:ring-ring focus-visible:ring-offset-2 disabled:pointer-events-none disabled:opacity-50 touch-manipulation bg-primary text-primary-foreground hover:bg-primary/90 active:scale-95 rounded-md min-w-[44px] h-8 w-8 p-0&quot;
  /&gt;

  Name &quot;&quot;:
  &lt;button
    class=&quot;inline-flex items-center justify-center whitespace-nowrap text-sm font-medium ring-offset-background transition-colors focus-visible:outline-none focus-visible:ring-2 focus-visible:ring-ring focus-visible:ring-offset-2 disabled:pointer-events-none disabled:opacity-50 touch-manipulation hover:bg-accent hover:text-accent-foreground active:scale-95 rounded-md min-w-[44px] h-8 w-8 p-0&quot;
  /&gt;

  Name &quot;&quot;:
  &lt;button
    class=&quot;inline-flex items-center justify-center whitespace-nowrap text-sm font-medium ring-offset-background transition-colors focus-visible:outline-none focus-visible:ring-2 focus-visible:ring-ring focus-visible:ring-offset-2 disabled:pointer-events-none disabled:opacity-50 touch-manipulation hover:bg-accent hover:text-accent-foreground active:scale-95 rounded-md min-w-[44px] h-8 w-8 p-0 text-blue-400&quot;
  /&gt;

  Name &quot;&quot;:
  &lt;button
    class=&quot;inline-flex items-center justify-center whitespace-nowrap text-sm font-medium ring-offset-background transition-colors focus-visible:outline-none focus-visible:ring-2 focus-visible:ring-ring focus-visible:ring-offset-2 disabled:pointer-events-none disabled:opacity-50 touch-manipulation hover:bg-accent hover:text-accent-foreground active:scale-95 rounded-md min-w-[44px] h-8 w-8 p-0&quot;
  /&gt;

  Name &quot;&quot;:
  &lt;button
    class=&quot;inline-flex items-center justify-center whitespace-nowrap text-sm font-medium ring-offset-background transition-colors focus-visible:outline-none focus-visible:ring-2 focus-visible:ring-ring focus-visible:ring-offset-2 disabled:pointer-events-none disabled:opacity-50 touch-manipulation hover:bg-accent hover:text-accent-foreground active:scale-95 rounded-md min-w-[44px] h-8 w-8 p-0&quot;
  /&gt;

  Name &quot;&quot;:
  &lt;button
    class=&quot;inline-flex items-center justify-center whitespace-nowrap text-sm font-medium ring-offset-background transition-colors focus-visible:outline-none focus-visible:ring-2 focus-visible:ring-ring focus-visible:ring-offset-2 disabled:pointer-events-none disabled:opacity-50 touch-manipulation hover:bg-accent hover:text-accent-foreground active:scale-95 rounded-md min-w-[44px] h-8 w-8 p-0&quot;
  /&gt;

  --------------------------------------------------
  region:

  Name &quot;Notifications (F8)&quot;:
  &lt;div
    aria-label=&quot;Notifications (F8)&quot;
    role=&quot;region&quot;
    style=&quot;pointer-events: none;&quot;
    tabindex=&quot;-1&quot;
  /&gt;

  --------------------------------------------------
  list:

  Name &quot;&quot;:
  &lt;ol
    class=&quot;fixed top-0 z-[100] flex max-h-screen w-full flex-col-reverse p-4 sm:bottom-0 sm:right-0 sm:top-auto sm:flex-col md:max-w-[420px]&quot;
    tabindex=&quot;-1&quot;
  /&gt;

  --------------------------------------------------

Ignored nodes: comments, script, style
&lt;body&gt;
  &lt;div&gt;
    &lt;div&gt;
      &lt;div
        class=&quot;flex items-center justify-between p-4 bg-gray-900 border-b border-gray-700&quot;
      &gt;
        &lt;div
          class=&quot;flex items-center gap-6&quot;
        &gt;
          &lt;h1
            class=&quot;text-xl font-semibold text-white&quot;
          &gt;
            Kitchen Display
          &lt;/h1&gt;
          &lt;div
            class=&quot;flex items-center gap-2&quot;
          &gt;
            &lt;svg
              class=&quot;lucide lucide-wifi h-4 w-4 text-green-400&quot;
              fill=&quot;none&quot;
              height=&quot;24&quot;
              stroke=&quot;currentColor&quot;
              stroke-linecap=&quot;round&quot;
              stroke-linejoin=&quot;round&quot;
              stroke-width=&quot;2&quot;
              viewBox=&quot;0 0 24 24&quot;
              width=&quot;24&quot;
              xmlns=&quot;http://www.w3.org/2000/svg&quot;
            &gt;
              &lt;path
                d=&quot;M12 20h.01&quot;
              /&gt;
              &lt;path
                d=&quot;M2 8.82a15 15 0 0 1 20 0&quot;
              /&gt;
              &lt;path
                d=&quot;M5 12.859a10 10 0 0 1 14 0&quot;
              /&gt;
              &lt;path
                d=&quot;M8.5 16.429a5 5 0 0 1 7 0&quot;
              /&gt;
            &lt;/svg&gt;
            &lt;div
              class=&quot;inline-flex items-center rounded-full border px-2.5 py-0.5 text-xs font-semibold transition-colors focus:outline-none focus:ring-2 focus:ring-ring focus:ring-offset-2 hover:bg-secondary/80 bg-green-900/40 text-green-400 border-green-700&quot;
            &gt;
              Connected
            &lt;/div&gt;
          &lt;/div&gt;
          &lt;div
            class=&quot;flex items-center gap-4 text-sm&quot;
          &gt;
            &lt;div
              class=&quot;flex items-center gap-2&quot;
            &gt;
              &lt;span
                class=&quot;text-gray-400&quot;
              &gt;
                Total:
              &lt;/span&gt;
              &lt;div
                class=&quot;inline-flex items-center rounded-full border px-2.5 py-0.5 text-xs font-semibold transition-colors focus:outline-none focus:ring-2 focus:ring-ring focus:ring-offset-2 border-transparent hover:bg-secondary/80 bg-gray-700 text-gray-300&quot;
              &gt;
                0
              &lt;/div&gt;
            &lt;/div&gt;
            &lt;div
              class=&quot;flex items-center gap-2&quot;
            &gt;
              &lt;span
                class=&quot;text-gray-400&quot;
              &gt;
                Active:
              &lt;/span&gt;
              &lt;div
                class=&quot;inline-flex items-center rounded-full border px-2.5 py-0.5 text-xs font-semibold transition-colors focus:outline-none focus:ring-2 focus:ring-ring focus:ring-offset-2 border-transparent hover:bg-secondary/80 bg-green-900/40 text-green-400&quot;
              &gt;
                0
              &lt;/div&gt;
            &lt;/div&gt;
          &lt;/div&gt;
        &lt;/div&gt;
        &lt;div
          class=&quot;flex items-center gap-4&quot;
        &gt;
          &lt;div
            class=&quot;flex items-center gap-2&quot;
          &gt;
            &lt;svg
              class=&quot;lucide lucide-map-pin h-4 w-4 text-blue-400&quot;
              fill=&quot;none&quot;
              height=&quot;24&quot;
              stroke=&quot;currentColor&quot;
              stroke-linecap=&quot;round&quot;
              stroke-linejoin=&quot;round&quot;
              stroke-width=&quot;2&quot;
              viewBox=&quot;0 0 24 24&quot;
              width=&quot;24&quot;
              xmlns=&quot;http://www.w3.org/2000/svg&quot;
            &gt;
              &lt;path
                d=&quot;M20 10c0 4.993-5.539 10.193-7.399 11.799a1 1 0 0 1-1.202 0C9.539 20.193 4 14.993 4 10a8 8 0 0 1 16 0&quot;
              /&gt;
              &lt;circle
                cx=&quot;12&quot;
                cy=&quot;10&quot;
                r=&quot;3&quot;
              /&gt;
            &lt;/svg&gt;
            &lt;button
              aria-autocomplete=&quot;none&quot;
              aria-controls=&quot;radix-«rb8»&quot;
              aria-expanded=&quot;false&quot;
              class=&quot;flex h-10 items-center justify-between rounded-md border px-3 py-2 text-sm ring-offset-background placeholder:text-muted-foreground focus:outline-none focus:ring-2 focus:ring-ring focus:ring-offset-2 disabled:cursor-not-allowed disabled:opacity-50 [&amp;&gt;span]:line-clamp-1 w-40 bg-gray-800 border-gray-600&quot;
              data-state=&quot;closed&quot;
              dir=&quot;ltr&quot;
              role=&quot;combobox&quot;
              type=&quot;button&quot;
            &gt;
              &lt;span
                style=&quot;pointer-events: none;&quot;
              &gt;
                All Stations
              &lt;/span&gt;
              &lt;svg
                aria-hidden=&quot;true&quot;
                class=&quot;lucide lucide-chevron-down h-4 w-4 opacity-50&quot;
                fill=&quot;none&quot;
                height=&quot;24&quot;
                stroke=&quot;currentColor&quot;
                stroke-linecap=&quot;round&quot;
                stroke-linejoin=&quot;round&quot;
                stroke-width=&quot;2&quot;
                viewBox=&quot;0 0 24 24&quot;
                width=&quot;24&quot;
                xmlns=&quot;http://www.w3.org/2000/svg&quot;
              &gt;
                &lt;path
                  d=&quot;m6 9 6 6 6-6&quot;
                /&gt;
              &lt;/svg&gt;
            &lt;/button&gt;
          &lt;/div&gt;
          &lt;div
            class=&quot;flex items-center gap-2&quot;
          &gt;
            &lt;svg[...
    at Object.getElementError (/Users/mike/Plate-Restaurant-System-App/node_modules/@testing-library/dom/dist/config.js:37:19)
    at /Users/mike/Plate-Restaurant-System-App/node_modules/@testing-library/dom/dist/query-helpers.js:76:38
    at /Users/mike/Plate-Restaurant-System-App/node_modules/@testing-library/dom/dist/query-helpers.js:52:17
    at /Users/mike/Plate-Restaurant-System-App/node_modules/@testing-library/dom/dist/query-helpers.js:95:19
    at Object.getByRole (/Users/mike/Plate-Restaurant-System-App/__tests__/unit/components/kds/kds-header.test.tsx:371:39)
    at Promise.then.completed (/Users/mike/Plate-Restaurant-System-App/node_modules/jest-circus/build/utils.js:298:28)
    at new Promise (&lt;anonymous&gt;)
    at callAsyncCircusFn (/Users/mike/Plate-Restaurant-System-App/node_modules/jest-circus/build/utils.js:231:10)
    at _callCircusTest (/Users/mike/Plate-Restaurant-System-App/node_modules/jest-circus/build/run.js:316:40)
    at processTicksAndRejections (node:internal/process/task_queues:105:5)
    at _runTest (/Users/mike/Plate-Restaurant-System-App/node_modules/jest-circus/build/run.js:252:3)
    at _runTestsForDescribeBlock (/Users/mike/Plate-Restaurant-System-App/node_modules/jest-circus/build/run.js:126:9)
    at _runTestsForDescribeBlock (/Users/mike/Plate-Restaurant-System-App/node_modules/jest-circus/build/run.js:121:9)
    at _runTestsForDescribeBlock (/Users/mike/Plate-Restaurant-System-App/node_modules/jest-circus/build/run.js:121:9)
    at run (/Users/mike/Plate-Restaurant-System-App/node_modules/jest-circus/build/run.js:71:3)
    at runAndTransformResultsToJestFormat (/Users/mike/Plate-Restaurant-System-App/node_modules/jest-circus/build/legacy-code-todo-rewrite/jestAdapterInit.js:122:21)
    at jestAdapter (/Users/mike/Plate-Restaurant-System-App/node_modules/jest-circus/build/legacy-code-todo-rewrite/jestAdapter.js:79:19)
    at runTestInternal (/Users/mike/Plate-Restaurant-System-App/node_modules/jest-runner/build/runTest.js:367:16)
    at runTest (/Users/mike/Plate-Restaurant-System-App/node_modules/jest-runner/build/runTest.js:444:34)
    at Object.worker (/Users/mike/Plate-Restaurant-System-App/node_modules/jest-runner/build/testWorker.js:106:12)</failure>
    </testcase>
    <testcase classname="KDSHeader Accessibility has proper ARIA labels" name="KDSHeader Accessibility has proper ARIA labels" time="0.026">
    </testcase>
    <testcase classname="KDSHeader Accessibility supports keyboard navigation" name="KDSHeader Accessibility supports keyboard navigation" time="0.042">
    </testcase>
    <testcase classname="KDSHeader Accessibility has semantic HTML structure" name="KDSHeader Accessibility has semantic HTML structure" time="0.026">
      <failure>TypeError: expect(...).toHaveLength.greaterThan is not a function
    at Object.greaterThan (/Users/mike/Plate-Restaurant-System-App/__tests__/unit/components/kds/kds-header.test.tsx:409:58)
    at Promise.then.completed (/Users/mike/Plate-Restaurant-System-App/node_modules/jest-circus/build/utils.js:298:28)
    at new Promise (&lt;anonymous&gt;)
    at callAsyncCircusFn (/Users/mike/Plate-Restaurant-System-App/node_modules/jest-circus/build/utils.js:231:10)
    at _callCircusTest (/Users/mike/Plate-Restaurant-System-App/node_modules/jest-circus/build/run.js:316:40)
    at _runTest (/Users/mike/Plate-Restaurant-System-App/node_modules/jest-circus/build/run.js:252:3)
    at _runTestsForDescribeBlock (/Users/mike/Plate-Restaurant-System-App/node_modules/jest-circus/build/run.js:126:9)
    at _runTestsForDescribeBlock (/Users/mike/Plate-Restaurant-System-App/node_modules/jest-circus/build/run.js:121:9)
    at _runTestsForDescribeBlock (/Users/mike/Plate-Restaurant-System-App/node_modules/jest-circus/build/run.js:121:9)
    at run (/Users/mike/Plate-Restaurant-System-App/node_modules/jest-circus/build/run.js:71:3)
    at runAndTransformResultsToJestFormat (/Users/mike/Plate-Restaurant-System-App/node_modules/jest-circus/build/legacy-code-todo-rewrite/jestAdapterInit.js:122:21)
    at jestAdapter (/Users/mike/Plate-Restaurant-System-App/node_modules/jest-circus/build/legacy-code-todo-rewrite/jestAdapter.js:79:19)
    at runTestInternal (/Users/mike/Plate-Restaurant-System-App/node_modules/jest-runner/build/runTest.js:367:16)
    at runTest (/Users/mike/Plate-Restaurant-System-App/node_modules/jest-runner/build/runTest.js:444:34)
    at Object.worker (/Users/mike/Plate-Restaurant-System-App/node_modules/jest-runner/build/testWorker.js:106:12)</failure>
    </testcase>
    <testcase classname="KDSHeader Performance memoizes sub-components to prevent unnecessary re-renders" name="KDSHeader Performance memoizes sub-components to prevent unnecessary re-renders" time="0.024">
    </testcase>
    <testcase classname="KDSHeader Performance handles rapid state changes efficiently" name="KDSHeader Performance handles rapid state changes efficiently" time="0.076">
      <failure>TestingLibraryElementError: Unable to find an accessible element with the role &quot;button&quot; and name `/volume|audio/i`

Here are the accessible roles:

  heading:

  Name &quot;Kitchen Display&quot;:
  &lt;h1
    class=&quot;text-xl font-semibold text-white&quot;
  /&gt;

  --------------------------------------------------
  combobox:

  Name &quot;&quot;:
  &lt;button
    aria-autocomplete=&quot;none&quot;
    aria-controls=&quot;radix-«rd4»&quot;
    aria-expanded=&quot;false&quot;
    class=&quot;flex h-10 items-center justify-between rounded-md border px-3 py-2 text-sm ring-offset-background placeholder:text-muted-foreground focus:outline-none focus:ring-2 focus:ring-ring focus:ring-offset-2 disabled:cursor-not-allowed disabled:opacity-50 [&amp;&gt;span]:line-clamp-1 w-40 bg-gray-800 border-gray-600&quot;
    data-state=&quot;closed&quot;
    dir=&quot;ltr&quot;
    role=&quot;combobox&quot;
    type=&quot;button&quot;
  /&gt;

  Name &quot;&quot;:
  &lt;button
    aria-autocomplete=&quot;none&quot;
    aria-controls=&quot;radix-«rd5»&quot;
    aria-expanded=&quot;false&quot;
    class=&quot;flex h-10 items-center justify-between rounded-md border px-3 py-2 text-sm ring-offset-background placeholder:text-muted-foreground focus:outline-none focus:ring-2 focus:ring-ring focus:ring-offset-2 disabled:cursor-not-allowed disabled:opacity-50 [&amp;&gt;span]:line-clamp-1 w-32 bg-gray-800 border-gray-600&quot;
    data-state=&quot;closed&quot;
    dir=&quot;ltr&quot;
    role=&quot;combobox&quot;
    type=&quot;button&quot;
  /&gt;

  --------------------------------------------------
  button:

  Name &quot;&quot;:
  &lt;button
    class=&quot;inline-flex items-center justify-center whitespace-nowrap text-sm font-medium ring-offset-background transition-colors focus-visible:outline-none focus-visible:ring-2 focus-visible:ring-ring focus-visible:ring-offset-2 disabled:pointer-events-none disabled:opacity-50 touch-manipulation hover:bg-accent hover:text-accent-foreground active:scale-95 rounded-md min-w-[44px] h-8 w-8 p-0&quot;
  /&gt;

  Name &quot;&quot;:
  &lt;button
    class=&quot;inline-flex items-center justify-center whitespace-nowrap text-sm font-medium ring-offset-background transition-colors focus-visible:outline-none focus-visible:ring-2 focus-visible:ring-ring focus-visible:ring-offset-2 disabled:pointer-events-none disabled:opacity-50 touch-manipulation bg-primary text-primary-foreground hover:bg-primary/90 active:scale-95 rounded-md min-w-[44px] h-8 w-8 p-0&quot;
  /&gt;

  Name &quot;&quot;:
  &lt;button
    class=&quot;inline-flex items-center justify-center whitespace-nowrap text-sm font-medium ring-offset-background transition-colors focus-visible:outline-none focus-visible:ring-2 focus-visible:ring-ring focus-visible:ring-offset-2 disabled:pointer-events-none disabled:opacity-50 touch-manipulation hover:bg-accent hover:text-accent-foreground active:scale-95 rounded-md min-w-[44px] h-8 w-8 p-0&quot;
  /&gt;

  Name &quot;&quot;:
  &lt;button
    class=&quot;inline-flex items-center justify-center whitespace-nowrap text-sm font-medium ring-offset-background transition-colors focus-visible:outline-none focus-visible:ring-2 focus-visible:ring-ring focus-visible:ring-offset-2 disabled:pointer-events-none disabled:opacity-50 touch-manipulation hover:bg-accent hover:text-accent-foreground active:scale-95 rounded-md min-w-[44px] h-8 w-8 p-0 text-blue-400&quot;
  /&gt;

  Name &quot;&quot;:
  &lt;button
    class=&quot;inline-flex items-center justify-center whitespace-nowrap text-sm font-medium ring-offset-background transition-colors focus-visible:outline-none focus-visible:ring-2 focus-visible:ring-ring focus-visible:ring-offset-2 disabled:pointer-events-none disabled:opacity-50 touch-manipulation hover:bg-accent hover:text-accent-foreground active:scale-95 rounded-md min-w-[44px] h-8 w-8 p-0&quot;
  /&gt;

  Name &quot;&quot;:
  &lt;button
    class=&quot;inline-flex items-center justify-center whitespace-nowrap text-sm font-medium ring-offset-background transition-colors focus-visible:outline-none focus-visible:ring-2 focus-visible:ring-ring focus-visible:ring-offset-2 disabled:pointer-events-none disabled:opacity-50 touch-manipulation hover:bg-accent hover:text-accent-foreground active:scale-95 rounded-md min-w-[44px] h-8 w-8 p-0&quot;
  /&gt;

  --------------------------------------------------
  region:

  Name &quot;Notifications (F8)&quot;:
  &lt;div
    aria-label=&quot;Notifications (F8)&quot;
    role=&quot;region&quot;
    style=&quot;pointer-events: none;&quot;
    tabindex=&quot;-1&quot;
  /&gt;

  --------------------------------------------------
  list:

  Name &quot;&quot;:
  &lt;ol
    class=&quot;fixed top-0 z-[100] flex max-h-screen w-full flex-col-reverse p-4 sm:bottom-0 sm:right-0 sm:top-auto sm:flex-col md:max-w-[420px]&quot;
    tabindex=&quot;-1&quot;
  /&gt;

  --------------------------------------------------

Ignored nodes: comments, script, style
&lt;body&gt;
  &lt;div&gt;
    &lt;div&gt;
      &lt;div
        class=&quot;flex items-center justify-between p-4 bg-gray-900 border-b border-gray-700&quot;
      &gt;
        &lt;div
          class=&quot;flex items-center gap-6&quot;
        &gt;
          &lt;h1
            class=&quot;text-xl font-semibold text-white&quot;
          &gt;
            Kitchen Display
          &lt;/h1&gt;
          &lt;div
            class=&quot;flex items-center gap-2&quot;
          &gt;
            &lt;svg
              class=&quot;lucide lucide-wifi h-4 w-4 text-green-400&quot;
              fill=&quot;none&quot;
              height=&quot;24&quot;
              stroke=&quot;currentColor&quot;
              stroke-linecap=&quot;round&quot;
              stroke-linejoin=&quot;round&quot;
              stroke-width=&quot;2&quot;
              viewBox=&quot;0 0 24 24&quot;
              width=&quot;24&quot;
              xmlns=&quot;http://www.w3.org/2000/svg&quot;
            &gt;
              &lt;path
                d=&quot;M12 20h.01&quot;
              /&gt;
              &lt;path
                d=&quot;M2 8.82a15 15 0 0 1 20 0&quot;
              /&gt;
              &lt;path
                d=&quot;M5 12.859a10 10 0 0 1 14 0&quot;
              /&gt;
              &lt;path
                d=&quot;M8.5 16.429a5 5 0 0 1 7 0&quot;
              /&gt;
            &lt;/svg&gt;
            &lt;div
              class=&quot;inline-flex items-center rounded-full border px-2.5 py-0.5 text-xs font-semibold transition-colors focus:outline-none focus:ring-2 focus:ring-ring focus:ring-offset-2 hover:bg-secondary/80 bg-green-900/40 text-green-400 border-green-700&quot;
            &gt;
              Connected
            &lt;/div&gt;
          &lt;/div&gt;
          &lt;div
            class=&quot;flex items-center gap-4 text-sm&quot;
          &gt;
            &lt;div
              class=&quot;flex items-center gap-2&quot;
            &gt;
              &lt;span
                class=&quot;text-gray-400&quot;
              &gt;
                Total:
              &lt;/span&gt;
              &lt;div
                class=&quot;inline-flex items-center rounded-full border px-2.5 py-0.5 text-xs font-semibold transition-colors focus:outline-none focus:ring-2 focus:ring-ring focus:ring-offset-2 border-transparent hover:bg-secondary/80 bg-gray-700 text-gray-300&quot;
              &gt;
                0
              &lt;/div&gt;
            &lt;/div&gt;
            &lt;div
              class=&quot;flex items-center gap-2&quot;
            &gt;
              &lt;span
                class=&quot;text-gray-400&quot;
              &gt;
                Active:
              &lt;/span&gt;
              &lt;div
                class=&quot;inline-flex items-center rounded-full border px-2.5 py-0.5 text-xs font-semibold transition-colors focus:outline-none focus:ring-2 focus:ring-ring focus:ring-offset-2 border-transparent hover:bg-secondary/80 bg-green-900/40 text-green-400&quot;
              &gt;
                0
              &lt;/div&gt;
            &lt;/div&gt;
          &lt;/div&gt;
        &lt;/div&gt;
        &lt;div
          class=&quot;flex items-center gap-4&quot;
        &gt;
          &lt;div
            class=&quot;flex items-center gap-2&quot;
          &gt;
            &lt;svg
              class=&quot;lucide lucide-map-pin h-4 w-4 text-blue-400&quot;
              fill=&quot;none&quot;
              height=&quot;24&quot;
              stroke=&quot;currentColor&quot;
              stroke-linecap=&quot;round&quot;
              stroke-linejoin=&quot;round&quot;
              stroke-width=&quot;2&quot;
              viewBox=&quot;0 0 24 24&quot;
              width=&quot;24&quot;
              xmlns=&quot;http://www.w3.org/2000/svg&quot;
            &gt;
              &lt;path
                d=&quot;M20 10c0 4.993-5.539 10.193-7.399 11.799a1 1 0 0 1-1.202 0C9.539 20.193 4 14.993 4 10a8 8 0 0 1 16 0&quot;
              /&gt;
              &lt;circle
                cx=&quot;12&quot;
                cy=&quot;10&quot;
                r=&quot;3&quot;
              /&gt;
            &lt;/svg&gt;
            &lt;button
              aria-autocomplete=&quot;none&quot;
              aria-controls=&quot;radix-«rd4»&quot;
              aria-expanded=&quot;false&quot;
              class=&quot;flex h-10 items-center justify-between rounded-md border px-3 py-2 text-sm ring-offset-background placeholder:text-muted-foreground focus:outline-none focus:ring-2 focus:ring-ring focus:ring-offset-2 disabled:cursor-not-allowed disabled:opacity-50 [&amp;&gt;span]:line-clamp-1 w-40 bg-gray-800 border-gray-600&quot;
              data-state=&quot;closed&quot;
              dir=&quot;ltr&quot;
              role=&quot;combobox&quot;
              type=&quot;button&quot;
            &gt;
              &lt;span
                style=&quot;pointer-events: none;&quot;
              &gt;
                All Stations
              &lt;/span&gt;
              &lt;svg
                aria-hidden=&quot;true&quot;
                class=&quot;lucide lucide-chevron-down h-4 w-4 opacity-50&quot;
                fill=&quot;none&quot;
                height=&quot;24&quot;
                stroke=&quot;currentColor&quot;
                stroke-linecap=&quot;round&quot;
                stroke-linejoin=&quot;round&quot;
                stroke-width=&quot;2&quot;
                viewBox=&quot;0 0 24 24&quot;
                width=&quot;24&quot;
                xmlns=&quot;http://www.w3.org/2000/svg&quot;
              &gt;
                &lt;path
                  d=&quot;m6 9 6 6 6-6&quot;
                /&gt;
              &lt;/svg&gt;
            &lt;/button&gt;
          &lt;/div&gt;
          &lt;div
            class=&quot;flex items-center gap-2&quot;
          &gt;
            &lt;svg[...
    at Object.getElementError (/Users/mike/Plate-Restaurant-System-App/node_modules/@testing-library/dom/dist/config.js:37:19)
    at /Users/mike/Plate-Restaurant-System-App/node_modules/@testing-library/dom/dist/query-helpers.js:76:38
    at /Users/mike/Plate-Restaurant-System-App/node_modules/@testing-library/dom/dist/query-helpers.js:52:17
    at /Users/mike/Plate-Restaurant-System-App/node_modules/@testing-library/dom/dist/query-helpers.js:95:19
    at Object.getByRole (/Users/mike/Plate-Restaurant-System-App/__tests__/unit/components/kds/kds-header.test.tsx:435:34)
    at Promise.then.completed (/Users/mike/Plate-Restaurant-System-App/node_modules/jest-circus/build/utils.js:298:28)
    at new Promise (&lt;anonymous&gt;)
    at callAsyncCircusFn (/Users/mike/Plate-Restaurant-System-App/node_modules/jest-circus/build/utils.js:231:10)
    at _callCircusTest (/Users/mike/Plate-Restaurant-System-App/node_modules/jest-circus/build/run.js:316:40)
    at _runTest (/Users/mike/Plate-Restaurant-System-App/node_modules/jest-circus/build/run.js:252:3)
    at _runTestsForDescribeBlock (/Users/mike/Plate-Restaurant-System-App/node_modules/jest-circus/build/run.js:126:9)
    at _runTestsForDescribeBlock (/Users/mike/Plate-Restaurant-System-App/node_modules/jest-circus/build/run.js:121:9)
    at _runTestsForDescribeBlock (/Users/mike/Plate-Restaurant-System-App/node_modules/jest-circus/build/run.js:121:9)
    at run (/Users/mike/Plate-Restaurant-System-App/node_modules/jest-circus/build/run.js:71:3)
    at runAndTransformResultsToJestFormat (/Users/mike/Plate-Restaurant-System-App/node_modules/jest-circus/build/legacy-code-todo-rewrite/jestAdapterInit.js:122:21)
    at jestAdapter (/Users/mike/Plate-Restaurant-System-App/node_modules/jest-circus/build/legacy-code-todo-rewrite/jestAdapter.js:79:19)
    at runTestInternal (/Users/mike/Plate-Restaurant-System-App/node_modules/jest-runner/build/runTest.js:367:16)
    at runTest (/Users/mike/Plate-Restaurant-System-App/node_modules/jest-runner/build/runTest.js:444:34)
    at Object.worker (/Users/mike/Plate-Restaurant-System-App/node_modules/jest-runner/build/testWorker.js:106:12)</failure>
    </testcase>
    <testcase classname="KDSHeader Error Handling gracefully handles missing KDS state" name="KDSHeader Error Handling gracefully handles missing KDS state" time="0.025">
    </testcase>
    <testcase classname="KDSHeader Error Handling displays error state when appropriate" name="KDSHeader Error Handling displays error state when appropriate" time="0.025">
    </testcase>
    <testcase classname="KDSHeader Real-time Updates updates metrics when orders change" name="KDSHeader Real-time Updates updates metrics when orders change" time="0.025">
      <failure>TestingLibraryElementError: Found multiple elements with the text: 0

Here are the matching elements:

Ignored nodes: comments, script, style
&lt;div
  class=&quot;inline-flex items-center rounded-full border px-2.5 py-0.5 text-xs font-semibold transition-colors focus:outline-none focus:ring-2 focus:ring-ring focus:ring-offset-2 border-transparent hover:bg-secondary/80 bg-gray-700 text-gray-300&quot;
&gt;
  0
&lt;/div&gt;

Ignored nodes: comments, script, style
&lt;div
  class=&quot;inline-flex items-center rounded-full border px-2.5 py-0.5 text-xs font-semibold transition-colors focus:outline-none focus:ring-2 focus:ring-ring focus:ring-offset-2 border-transparent hover:bg-secondary/80 bg-green-900/40 text-green-400&quot;
&gt;
  0
&lt;/div&gt;

(If this is intentional, then use the `*AllBy*` variant of the query (like `queryAllByText`, `getAllByText`, or `findAllByText`)).

Ignored nodes: comments, script, style
&lt;body&gt;
  &lt;div&gt;
    &lt;div&gt;
      &lt;div
        class=&quot;flex items-center justify-between p-4 bg-gray-900 border-b border-gray-700&quot;
      &gt;
        &lt;div
          class=&quot;flex items-center gap-6&quot;
        &gt;
          &lt;h1
            class=&quot;text-xl font-semibold text-white&quot;
          &gt;
            Kitchen Display
          &lt;/h1&gt;
          &lt;div
            class=&quot;flex items-center gap-2&quot;
          &gt;
            &lt;svg
              class=&quot;lucide lucide-wifi h-4 w-4 text-green-400&quot;
              fill=&quot;none&quot;
              height=&quot;24&quot;
              stroke=&quot;currentColor&quot;
              stroke-linecap=&quot;round&quot;
              stroke-linejoin=&quot;round&quot;
              stroke-width=&quot;2&quot;
              viewBox=&quot;0 0 24 24&quot;
              width=&quot;24&quot;
              xmlns=&quot;http://www.w3.org/2000/svg&quot;
            &gt;
              &lt;path
                d=&quot;M12 20h.01&quot;
              /&gt;
              &lt;path
                d=&quot;M2 8.82a15 15 0 0 1 20 0&quot;
              /&gt;
              &lt;path
                d=&quot;M5 12.859a10 10 0 0 1 14 0&quot;
              /&gt;
              &lt;path
                d=&quot;M8.5 16.429a5 5 0 0 1 7 0&quot;
              /&gt;
            &lt;/svg&gt;
            &lt;div
              class=&quot;inline-flex items-center rounded-full border px-2.5 py-0.5 text-xs font-semibold transition-colors focus:outline-none focus:ring-2 focus:ring-ring focus:ring-offset-2 hover:bg-secondary/80 bg-green-900/40 text-green-400 border-green-700&quot;
            &gt;
              Connected
            &lt;/div&gt;
          &lt;/div&gt;
          &lt;div
            class=&quot;flex items-center gap-4 text-sm&quot;
          &gt;
            &lt;div
              class=&quot;flex items-center gap-2&quot;
            &gt;
              &lt;span
                class=&quot;text-gray-400&quot;
              &gt;
                Total:
              &lt;/span&gt;
              &lt;div
                class=&quot;inline-flex items-center rounded-full border px-2.5 py-0.5 text-xs font-semibold transition-colors focus:outline-none focus:ring-2 focus:ring-ring focus:ring-offset-2 border-transparent hover:bg-secondary/80 bg-gray-700 text-gray-300&quot;
              &gt;
                0
              &lt;/div&gt;
            &lt;/div&gt;
            &lt;div
              class=&quot;flex items-center gap-2&quot;
            &gt;
              &lt;span
                class=&quot;text-gray-400&quot;
              &gt;
                Active:
              &lt;/span&gt;
              &lt;div
                class=&quot;inline-flex items-center rounded-full border px-2.5 py-0.5 text-xs font-semibold transition-colors focus:outline-none focus:ring-2 focus:ring-ring focus:ring-offset-2 border-transparent hover:bg-secondary/80 bg-green-900/40 text-green-400&quot;
              &gt;
                0
              &lt;/div&gt;
            &lt;/div&gt;
          &lt;/div&gt;
        &lt;/div&gt;
        &lt;div
          class=&quot;flex items-center gap-4&quot;
        &gt;
          &lt;div
            class=&quot;flex items-center gap-2&quot;
          &gt;
            &lt;svg
              class=&quot;lucide lucide-map-pin h-4 w-4 text-blue-400&quot;
              fill=&quot;none&quot;
              height=&quot;24&quot;
              stroke=&quot;currentColor&quot;
              stroke-linecap=&quot;round&quot;
              stroke-linejoin=&quot;round&quot;
              stroke-width=&quot;2&quot;
              viewBox=&quot;0 0 24 24&quot;
              width=&quot;24&quot;
              xmlns=&quot;http://www.w3.org/2000/svg&quot;
            &gt;
              &lt;path
                d=&quot;M20 10c0 4.993-5.539 10.193-7.399 11.799a1 1 0 0 1-1.202 0C9.539 20.193 4 14.993 4 10a8 8 0 0 1 16 0&quot;
              /&gt;
              &lt;circle
                cx=&quot;12&quot;
                cy=&quot;10&quot;
                r=&quot;3&quot;
              /&gt;
            &lt;/svg&gt;
            &lt;button
              aria-autocomplete=&quot;none&quot;
              aria-controls=&quot;radix-«re8»&quot;
              aria-expanded=&quot;false&quot;
              class=&quot;flex h-10 items-center justify-between rounded-md border px-3 py-2 text-sm ring-offset-background placeholder:text-muted-foreground focus:outline-none focus:ring-2 focus:ring-ring focus:ring-offset-2 disabled:cursor-not-allowed disabled:opacity-50 [&amp;&gt;span]:line-clamp-1 w-40 bg-gray-800 border-gray-600&quot;
              data-state=&quot;closed&quot;
              dir=&quot;ltr&quot;
              role=&quot;combobox&quot;
              type=&quot;button&quot;
            &gt;
              &lt;span
                style=&quot;pointer-events: none;&quot;
              &gt;
                All Stations
              &lt;/span&gt;
              &lt;svg
                aria-hidden=&quot;true&quot;
                class=&quot;lucide lucide-chevron-down h-4 w-4 opacity-50&quot;
                fill=&quot;none&quot;
                height=&quot;24&quot;
                stroke=&quot;currentColor&quot;
                stroke-linecap=&quot;round&quot;
                stroke-linejoin=&quot;round&quot;
                stroke-width=&quot;2&quot;
                viewBox=&quot;0 0 24 24&quot;
                width=&quot;24&quot;
                xmlns=&quot;http://www.w3.org/2000/svg&quot;
              &gt;
                &lt;path
                  d=&quot;m6 9 6 6 6-6&quot;
                /&gt;
              &lt;/svg&gt;
            &lt;/button&gt;
          &lt;/div&gt;
          &lt;div
            class=&quot;flex items-center gap-2&quot;
          &gt;
            &lt;svg[...
    at Object.getElementError (/Users/mike/Plate-Restaurant-System-App/node_modules/@testing-library/dom/dist/config.js:37:19)
    at getElementError (/Users/mike/Plate-Restaurant-System-App/node_modules/@testing-library/dom/dist/query-helpers.js:20:35)
    at getMultipleElementsFoundError (/Users/mike/Plate-Restaurant-System-App/node_modules/@testing-library/dom/dist/query-helpers.js:23:10)
    at /Users/mike/Plate-Restaurant-System-App/node_modules/@testing-library/dom/dist/query-helpers.js:55:13
    at /Users/mike/Plate-Restaurant-System-App/node_modules/@testing-library/dom/dist/query-helpers.js:95:19
    at Object.getByText (/Users/mike/Plate-Restaurant-System-App/__tests__/unit/components/kds/kds-header.test.tsx:473:21)
    at Promise.then.completed (/Users/mike/Plate-Restaurant-System-App/node_modules/jest-circus/build/utils.js:298:28)
    at new Promise (&lt;anonymous&gt;)
    at callAsyncCircusFn (/Users/mike/Plate-Restaurant-System-App/node_modules/jest-circus/build/utils.js:231:10)
    at _callCircusTest (/Users/mike/Plate-Restaurant-System-App/node_modules/jest-circus/build/run.js:316:40)
    at _runTest (/Users/mike/Plate-Restaurant-System-App/node_modules/jest-circus/build/run.js:252:3)
    at _runTestsForDescribeBlock (/Users/mike/Plate-Restaurant-System-App/node_modules/jest-circus/build/run.js:126:9)
    at _runTestsForDescribeBlock (/Users/mike/Plate-Restaurant-System-App/node_modules/jest-circus/build/run.js:121:9)
    at _runTestsForDescribeBlock (/Users/mike/Plate-Restaurant-System-App/node_modules/jest-circus/build/run.js:121:9)
    at run (/Users/mike/Plate-Restaurant-System-App/node_modules/jest-circus/build/run.js:71:3)
    at runAndTransformResultsToJestFormat (/Users/mike/Plate-Restaurant-System-App/node_modules/jest-circus/build/legacy-code-todo-rewrite/jestAdapterInit.js:122:21)
    at jestAdapter (/Users/mike/Plate-Restaurant-System-App/node_modules/jest-circus/build/legacy-code-todo-rewrite/jestAdapter.js:79:19)
    at runTestInternal (/Users/mike/Plate-Restaurant-System-App/node_modules/jest-runner/build/runTest.js:367:16)
    at runTest (/Users/mike/Plate-Restaurant-System-App/node_modules/jest-runner/build/runTest.js:444:34)
    at Object.worker (/Users/mike/Plate-Restaurant-System-App/node_modules/jest-runner/build/testWorker.js:106:12)</failure>
    </testcase>
    <testcase classname="KDSHeader Real-time Updates updates connection status in real-time" name="KDSHeader Real-time Updates updates connection status in real-time" time="0.028">
      <failure>TestingLibraryElementError: Unable to find an element with the text: Disconnected. This could be because the text is broken up by multiple elements. In this case, you can provide a function for your text matcher to make your matcher more flexible.

Ignored nodes: comments, script, style
&lt;body&gt;
  &lt;div&gt;
    &lt;div&gt;
      &lt;div
        class=&quot;flex items-center justify-between p-4 bg-gray-900 border-b border-gray-700&quot;
      &gt;
        &lt;div
          class=&quot;flex items-center gap-6&quot;
        &gt;
          &lt;h1
            class=&quot;text-xl font-semibold text-white&quot;
          &gt;
            Kitchen Display
          &lt;/h1&gt;
          &lt;div
            class=&quot;flex items-center gap-2&quot;
          &gt;
            &lt;svg
              class=&quot;lucide lucide-wifi h-4 w-4 text-green-400&quot;
              fill=&quot;none&quot;
              height=&quot;24&quot;
              stroke=&quot;currentColor&quot;
              stroke-linecap=&quot;round&quot;
              stroke-linejoin=&quot;round&quot;
              stroke-width=&quot;2&quot;
              viewBox=&quot;0 0 24 24&quot;
              width=&quot;24&quot;
              xmlns=&quot;http://www.w3.org/2000/svg&quot;
            &gt;
              &lt;path
                d=&quot;M12 20h.01&quot;
              /&gt;
              &lt;path
                d=&quot;M2 8.82a15 15 0 0 1 20 0&quot;
              /&gt;
              &lt;path
                d=&quot;M5 12.859a10 10 0 0 1 14 0&quot;
              /&gt;
              &lt;path
                d=&quot;M8.5 16.429a5 5 0 0 1 7 0&quot;
              /&gt;
            &lt;/svg&gt;
            &lt;div
              class=&quot;inline-flex items-center rounded-full border px-2.5 py-0.5 text-xs font-semibold transition-colors focus:outline-none focus:ring-2 focus:ring-ring focus:ring-offset-2 hover:bg-secondary/80 bg-green-900/40 text-green-400 border-green-700&quot;
            &gt;
              Connected
            &lt;/div&gt;
          &lt;/div&gt;
          &lt;div
            class=&quot;flex items-center gap-4 text-sm&quot;
          &gt;
            &lt;div
              class=&quot;flex items-center gap-2&quot;
            &gt;
              &lt;span
                class=&quot;text-gray-400&quot;
              &gt;
                Total:
              &lt;/span&gt;
              &lt;div
                class=&quot;inline-flex items-center rounded-full border px-2.5 py-0.5 text-xs font-semibold transition-colors focus:outline-none focus:ring-2 focus:ring-ring focus:ring-offset-2 border-transparent hover:bg-secondary/80 bg-gray-700 text-gray-300&quot;
              &gt;
                0
              &lt;/div&gt;
            &lt;/div&gt;
            &lt;div
              class=&quot;flex items-center gap-2&quot;
            &gt;
              &lt;span
                class=&quot;text-gray-400&quot;
              &gt;
                Active:
              &lt;/span&gt;
              &lt;div
                class=&quot;inline-flex items-center rounded-full border px-2.5 py-0.5 text-xs font-semibold transition-colors focus:outline-none focus:ring-2 focus:ring-ring focus:ring-offset-2 border-transparent hover:bg-secondary/80 bg-green-900/40 text-green-400&quot;
              &gt;
                0
              &lt;/div&gt;
            &lt;/div&gt;
          &lt;/div&gt;
        &lt;/div&gt;
        &lt;div
          class=&quot;flex items-center gap-4&quot;
        &gt;
          &lt;div
            class=&quot;flex items-center gap-2&quot;
          &gt;
            &lt;svg
              class=&quot;lucide lucide-map-pin h-4 w-4 text-blue-400&quot;
              fill=&quot;none&quot;
              height=&quot;24&quot;
              stroke=&quot;currentColor&quot;
              stroke-linecap=&quot;round&quot;
              stroke-linejoin=&quot;round&quot;
              stroke-width=&quot;2&quot;
              viewBox=&quot;0 0 24 24&quot;
              width=&quot;24&quot;
              xmlns=&quot;http://www.w3.org/2000/svg&quot;
            &gt;
              &lt;path
                d=&quot;M20 10c0 4.993-5.539 10.193-7.399 11.799a1 1 0 0 1-1.202 0C9.539 20.193 4 14.993 4 10a8 8 0 0 1 16 0&quot;
              /&gt;
              &lt;circle
                cx=&quot;12&quot;
                cy=&quot;10&quot;
                r=&quot;3&quot;
              /&gt;
            &lt;/svg&gt;
            &lt;button
              aria-autocomplete=&quot;none&quot;
              aria-controls=&quot;radix-«rek»&quot;
              aria-expanded=&quot;false&quot;
              class=&quot;flex h-10 items-center justify-between rounded-md border px-3 py-2 text-sm ring-offset-background placeholder:text-muted-foreground focus:outline-none focus:ring-2 focus:ring-ring focus:ring-offset-2 disabled:cursor-not-allowed disabled:opacity-50 [&amp;&gt;span]:line-clamp-1 w-40 bg-gray-800 border-gray-600&quot;
              data-state=&quot;closed&quot;
              dir=&quot;ltr&quot;
              role=&quot;combobox&quot;
              type=&quot;button&quot;
            &gt;
              &lt;span
                style=&quot;pointer-events: none;&quot;
              &gt;
                All Stations
              &lt;/span&gt;
              &lt;svg
                aria-hidden=&quot;true&quot;
                class=&quot;lucide lucide-chevron-down h-4 w-4 opacity-50&quot;
                fill=&quot;none&quot;
                height=&quot;24&quot;
                stroke=&quot;currentColor&quot;
                stroke-linecap=&quot;round&quot;
                stroke-linejoin=&quot;round&quot;
                stroke-width=&quot;2&quot;
                viewBox=&quot;0 0 24 24&quot;
                width=&quot;24&quot;
                xmlns=&quot;http://www.w3.org/2000/svg&quot;
              &gt;
                &lt;path
                  d=&quot;m6 9 6 6 6-6&quot;
                /&gt;
              &lt;/svg&gt;
            &lt;/button&gt;
          &lt;/div&gt;
          &lt;div
            class=&quot;flex items-center gap-2&quot;
          &gt;
            &lt;svg[...
    at Object.getElementError (/Users/mike/Plate-Restaurant-System-App/node_modules/@testing-library/dom/dist/config.js:37:19)
    at /Users/mike/Plate-Restaurant-System-App/node_modules/@testing-library/dom/dist/query-helpers.js:76:38
    at /Users/mike/Plate-Restaurant-System-App/node_modules/@testing-library/dom/dist/query-helpers.js:52:17
    at /Users/mike/Plate-Restaurant-System-App/node_modules/@testing-library/dom/dist/query-helpers.js:95:19
    at Object.getByText (/Users/mike/Plate-Restaurant-System-App/__tests__/unit/components/kds/kds-header.test.tsx:494:21)
    at Promise.then.completed (/Users/mike/Plate-Restaurant-System-App/node_modules/jest-circus/build/utils.js:298:28)
    at new Promise (&lt;anonymous&gt;)
    at callAsyncCircusFn (/Users/mike/Plate-Restaurant-System-App/node_modules/jest-circus/build/utils.js:231:10)
    at _callCircusTest (/Users/mike/Plate-Restaurant-System-App/node_modules/jest-circus/build/run.js:316:40)
    at _runTest (/Users/mike/Plate-Restaurant-System-App/node_modules/jest-circus/build/run.js:252:3)
    at _runTestsForDescribeBlock (/Users/mike/Plate-Restaurant-System-App/node_modules/jest-circus/build/run.js:126:9)
    at _runTestsForDescribeBlock (/Users/mike/Plate-Restaurant-System-App/node_modules/jest-circus/build/run.js:121:9)
    at _runTestsForDescribeBlock (/Users/mike/Plate-Restaurant-System-App/node_modules/jest-circus/build/run.js:121:9)
    at run (/Users/mike/Plate-Restaurant-System-App/node_modules/jest-circus/build/run.js:71:3)
    at runAndTransformResultsToJestFormat (/Users/mike/Plate-Restaurant-System-App/node_modules/jest-circus/build/legacy-code-todo-rewrite/jestAdapterInit.js:122:21)
    at jestAdapter (/Users/mike/Plate-Restaurant-System-App/node_modules/jest-circus/build/legacy-code-todo-rewrite/jestAdapter.js:79:19)
    at runTestInternal (/Users/mike/Plate-Restaurant-System-App/node_modules/jest-runner/build/runTest.js:367:16)
    at runTest (/Users/mike/Plate-Restaurant-System-App/node_modules/jest-runner/build/runTest.js:444:34)
    at Object.worker (/Users/mike/Plate-Restaurant-System-App/node_modules/jest-runner/build/testWorker.js:106:12)</failure>
    </testcase>
    <testcase classname="KDSHeader Integration works with all KDS state combinations" name="KDSHeader Integration works with all KDS state combinations" time="0.068">
    </testcase>
  </testsuite>
  <testsuite name="BatchProcessor" errors="0" failures="0" skipped="0" timestamp="2025-06-14T22:11:01" time="14.934" tests="16">
    <testcase classname="BatchProcessor Batch Job Management should submit and track batch jobs" name="BatchProcessor Batch Job Management should submit and track batch jobs" time="0.008">
    </testcase>
    <testcase classname="BatchProcessor Batch Job Management should process jobs with concurrency control" name="BatchProcessor Batch Job Management should process jobs with concurrency control" time="1.012">
    </testcase>
    <testcase classname="BatchProcessor Priority Modes should process jobs in FIFO order by default" name="BatchProcessor Priority Modes should process jobs in FIFO order by default" time="0.504">
    </testcase>
    <testcase classname="BatchProcessor Priority Modes should process shortest files first when configured" name="BatchProcessor Priority Modes should process shortest files first when configured" time="0.502">
    </testcase>
    <testcase classname="BatchProcessor Error Handling and Retries should handle transcription failures gracefully" name="BatchProcessor Error Handling and Retries should handle transcription failures gracefully" time="1.005">
    </testcase>
    <testcase classname="BatchProcessor Error Handling and Retries should timeout long-running jobs" name="BatchProcessor Error Handling and Retries should timeout long-running jobs" time="1.004">
    </testcase>
    <testcase classname="BatchProcessor Batch Progress Tracking should provide accurate progress updates" name="BatchProcessor Batch Progress Tracking should provide accurate progress updates" time="1.007">
    </testcase>
    <testcase classname="BatchProcessor Batch Progress Tracking should calculate estimated time remaining" name="BatchProcessor Batch Progress Tracking should calculate estimated time remaining" time="0.303">
    </testcase>
    <testcase classname="BatchProcessor Cost Efficiency should reduce overhead through batch processing" name="BatchProcessor Cost Efficiency should reduce overhead through batch processing" time="1.003">
    </testcase>
    <testcase classname="BatchProcessor Cost Efficiency should provide batch processing statistics" name="BatchProcessor Cost Efficiency should provide batch processing statistics" time="1.007">
    </testcase>
    <testcase classname="BatchProcessor Optimized Batch Processing should group similar audio files for better cache hits" name="BatchProcessor Optimized Batch Processing should group similar audio files for better cache hits" time="1.003">
    </testcase>
    <testcase classname="BatchProcessor Optimized Batch Processing should maintain efficiency with mixed file sizes" name="BatchProcessor Optimized Batch Processing should maintain efficiency with mixed file sizes" time="2.007">
    </testcase>
    <testcase classname="BatchProcessor Convenience Functions should work with the convenience batch function" name="BatchProcessor Convenience Functions should work with the convenience batch function" time="1.004">
    </testcase>
    <testcase classname="BatchProcessor Convenience Functions should work with the optimized convenience function" name="BatchProcessor Convenience Functions should work with the optimized convenience function" time="1.002">
    </testcase>
    <testcase classname="BatchProcessor Performance Benchmarks should process 20 jobs under 5 seconds with concurrency" name="BatchProcessor Performance Benchmarks should process 20 jobs under 5 seconds with concurrency" time="1.003">
    </testcase>
    <testcase classname="BatchProcessor Performance Benchmarks should maintain quality with high concurrency" name="BatchProcessor Performance Benchmarks should maintain quality with high concurrency" time="1.004">
    </testcase>
  </testsuite>
  <testsuite name="OrdersContext" errors="0" failures="16" skipped="0" timestamp="2025-06-14T22:11:01" time="14.969" tests="27">
    <testcase classname="OrdersContext Provider Initialization provides initial state" name="OrdersContext Provider Initialization provides initial state" time="0.026">
    </testcase>
    <testcase classname="OrdersContext Provider Initialization loads orders on mount" name="OrdersContext Provider Initialization loads orders on mount" time="0.053">
    </testcase>
    <testcase classname="OrdersContext Provider Initialization handles loading error gracefully" name="OrdersContext Provider Initialization handles loading error gracefully" time="1.009">
      <failure>Error: expect(received).toBe(expected) // Object.is equality

Expected: &quot;Database connection failed&quot;
Received: null

Ignored nodes: comments, script, style
&lt;html&gt;
  &lt;head&gt;
    &lt;title&gt;
      Test
    &lt;/title&gt;
  &lt;/head&gt;
  &lt;body&gt;
    &lt;div /&gt;
  &lt;/body&gt;
&lt;/html&gt;
    at toBe (/Users/mike/Plate-Restaurant-System-App/__tests__/unit/lib/state/domains/orders-context.test.tsx:126:44)
    at runWithExpensiveErrorDiagnosticsDisabled (/Users/mike/Plate-Restaurant-System-App/node_modules/@testing-library/dom/dist/config.js:47:12)
    at checkCallback (/Users/mike/Plate-Restaurant-System-App/node_modules/@testing-library/dom/dist/wait-for.js:124:77)
    at checkRealTimersCallback (/Users/mike/Plate-Restaurant-System-App/node_modules/@testing-library/dom/dist/wait-for.js:118:16)
    at Timeout.task [as _onTimeout] (/Users/mike/Plate-Restaurant-System-App/node_modules/jsdom/lib/jsdom/browser/Window.js:579:19)
    at listOnTimeout (node:internal/timers:608:17)
    at processTimers (node:internal/timers:543:7)</failure>
    </testcase>
    <testcase classname="OrdersContext Order Operations creates new order" name="OrdersContext Order Operations creates new order" time="0.006">
    </testcase>
    <testcase classname="OrdersContext Order Operations updates existing order" name="OrdersContext Order Operations updates existing order" time="1.013">
      <failure>Error: expect(received).toHaveLength(expected)

Expected length: 1
Received length: 0
Received array:  []

Ignored nodes: comments, script, style
&lt;html&gt;
  &lt;head&gt;
    &lt;title&gt;
      Test
    &lt;/title&gt;
  &lt;/head&gt;
  &lt;body&gt;
    &lt;div /&gt;
  &lt;/body&gt;
&lt;/html&gt;
    at toHaveLength (/Users/mike/Plate-Restaurant-System-App/__tests__/unit/lib/state/domains/orders-context.test.tsx:165:39)
    at runWithExpensiveErrorDiagnosticsDisabled (/Users/mike/Plate-Restaurant-System-App/node_modules/@testing-library/dom/dist/config.js:47:12)
    at checkCallback (/Users/mike/Plate-Restaurant-System-App/node_modules/@testing-library/dom/dist/wait-for.js:124:77)
    at checkRealTimersCallback (/Users/mike/Plate-Restaurant-System-App/node_modules/@testing-library/dom/dist/wait-for.js:118:16)
    at Timeout.task [as _onTimeout] (/Users/mike/Plate-Restaurant-System-App/node_modules/jsdom/lib/jsdom/browser/Window.js:579:19)
    at listOnTimeout (node:internal/timers:608:17)
    at processTimers (node:internal/timers:543:7)</failure>
    </testcase>
    <testcase classname="OrdersContext Order Operations removes order" name="OrdersContext Order Operations removes order" time="1.004">
      <failure>Error: expect(received).toHaveLength(expected)

Expected length: 2
Received length: 0
Received array:  []

Ignored nodes: comments, script, style
&lt;html&gt;
  &lt;head&gt;
    &lt;title&gt;
      Test
    &lt;/title&gt;
  &lt;/head&gt;
  &lt;body&gt;
    &lt;div /&gt;
  &lt;/body&gt;
&lt;/html&gt;
    at toHaveLength (/Users/mike/Plate-Restaurant-System-App/__tests__/unit/lib/state/domains/orders-context.test.tsx:192:39)
    at runWithExpensiveErrorDiagnosticsDisabled (/Users/mike/Plate-Restaurant-System-App/node_modules/@testing-library/dom/dist/config.js:47:12)
    at checkCallback (/Users/mike/Plate-Restaurant-System-App/node_modules/@testing-library/dom/dist/wait-for.js:124:77)
    at checkRealTimersCallback (/Users/mike/Plate-Restaurant-System-App/node_modules/@testing-library/dom/dist/wait-for.js:118:16)
    at Timeout.task [as _onTimeout] (/Users/mike/Plate-Restaurant-System-App/node_modules/jsdom/lib/jsdom/browser/Window.js:579:19)
    at listOnTimeout (node:internal/timers:608:17)
    at processTimers (node:internal/timers:543:7)</failure>
    </testcase>
    <testcase classname="OrdersContext Order Operations handles operation errors" name="OrdersContext Order Operations handles operation errors" time="0.031">
    </testcase>
    <testcase classname="OrdersContext Optimistic Updates applies optimistic updates immediately" name="OrdersContext Optimistic Updates applies optimistic updates immediately" time="1.006">
      <failure>Error: expect(received).toHaveLength(expected)

Expected length: 1
Received length: 0
Received array:  []

Ignored nodes: comments, script, style
&lt;html&gt;
  &lt;head&gt;
    &lt;title&gt;
      Test
    &lt;/title&gt;
  &lt;/head&gt;
  &lt;body&gt;
    &lt;div /&gt;
  &lt;/body&gt;
&lt;/html&gt;
    at toHaveLength (/Users/mike/Plate-Restaurant-System-App/__tests__/unit/lib/state/domains/orders-context.test.tsx:229:39)
    at runWithExpensiveErrorDiagnosticsDisabled (/Users/mike/Plate-Restaurant-System-App/node_modules/@testing-library/dom/dist/config.js:47:12)
    at checkCallback (/Users/mike/Plate-Restaurant-System-App/node_modules/@testing-library/dom/dist/wait-for.js:124:77)
    at checkRealTimersCallback (/Users/mike/Plate-Restaurant-System-App/node_modules/@testing-library/dom/dist/wait-for.js:118:16)
    at Timeout.task [as _onTimeout] (/Users/mike/Plate-Restaurant-System-App/node_modules/jsdom/lib/jsdom/browser/Window.js:579:19)
    at listOnTimeout (node:internal/timers:608:17)
    at processTimers (node:internal/timers:543:7)</failure>
    </testcase>
    <testcase classname="OrdersContext Optimistic Updates clears optimistic updates on successful real update" name="OrdersContext Optimistic Updates clears optimistic updates on successful real update" time="1.009">
      <failure>Error: expect(received).toHaveLength(expected)

Expected length: 1
Received length: 0
Received array:  []

Ignored nodes: comments, script, style
&lt;html&gt;
  &lt;head&gt;
    &lt;title&gt;
      Test
    &lt;/title&gt;
  &lt;/head&gt;
  &lt;body&gt;
    &lt;div /&gt;
  &lt;/body&gt;
&lt;/html&gt;
    at toHaveLength (/Users/mike/Plate-Restaurant-System-App/__tests__/unit/lib/state/domains/orders-context.test.tsx:249:39)
    at runWithExpensiveErrorDiagnosticsDisabled (/Users/mike/Plate-Restaurant-System-App/node_modules/@testing-library/dom/dist/config.js:47:12)
    at checkCallback (/Users/mike/Plate-Restaurant-System-App/node_modules/@testing-library/dom/dist/wait-for.js:124:77)
    at checkRealTimersCallback (/Users/mike/Plate-Restaurant-System-App/node_modules/@testing-library/dom/dist/wait-for.js:118:16)
    at Timeout.task [as _onTimeout] (/Users/mike/Plate-Restaurant-System-App/node_modules/jsdom/lib/jsdom/browser/Window.js:579:19)
    at listOnTimeout (node:internal/timers:608:17)
    at processTimers (node:internal/timers:543:7)</failure>
    </testcase>
    <testcase classname="OrdersContext Optimistic Updates clears optimistic updates on operation error" name="OrdersContext Optimistic Updates clears optimistic updates on operation error" time="1.006">
      <failure>Error: expect(received).toHaveLength(expected)

Expected length: 1
Received length: 0
Received array:  []

Ignored nodes: comments, script, style
&lt;html&gt;
  &lt;head&gt;
    &lt;title&gt;
      Test
    &lt;/title&gt;
  &lt;/head&gt;
  &lt;body&gt;
    &lt;div /&gt;
  &lt;/body&gt;
&lt;/html&gt;
    at toHaveLength (/Users/mike/Plate-Restaurant-System-App/__tests__/unit/lib/state/domains/orders-context.test.tsx:280:39)
    at runWithExpensiveErrorDiagnosticsDisabled (/Users/mike/Plate-Restaurant-System-App/node_modules/@testing-library/dom/dist/config.js:47:12)
    at checkCallback (/Users/mike/Plate-Restaurant-System-App/node_modules/@testing-library/dom/dist/wait-for.js:124:77)
    at checkRealTimersCallback (/Users/mike/Plate-Restaurant-System-App/node_modules/@testing-library/dom/dist/wait-for.js:118:16)
    at Timeout.task [as _onTimeout] (/Users/mike/Plate-Restaurant-System-App/node_modules/jsdom/lib/jsdom/browser/Window.js:579:19)
    at listOnTimeout (node:internal/timers:608:17)
    at processTimers (node:internal/timers:543:7)</failure>
    </testcase>
    <testcase classname="OrdersContext Optimistic Updates merges multiple optimistic updates" name="OrdersContext Optimistic Updates merges multiple optimistic updates" time="1.005">
      <failure>Error: expect(received).toHaveLength(expected)

Expected length: 1
Received length: 0
Received array:  []

Ignored nodes: comments, script, style
&lt;html&gt;
  &lt;head&gt;
    &lt;title&gt;
      Test
    &lt;/title&gt;
  &lt;/head&gt;
  &lt;body&gt;
    &lt;div /&gt;
  &lt;/body&gt;
&lt;/html&gt;
    at toHaveLength (/Users/mike/Plate-Restaurant-System-App/__tests__/unit/lib/state/domains/orders-context.test.tsx:309:39)
    at runWithExpensiveErrorDiagnosticsDisabled (/Users/mike/Plate-Restaurant-System-App/node_modules/@testing-library/dom/dist/config.js:47:12)
    at checkCallback (/Users/mike/Plate-Restaurant-System-App/node_modules/@testing-library/dom/dist/wait-for.js:124:77)
    at checkRealTimersCallback (/Users/mike/Plate-Restaurant-System-App/node_modules/@testing-library/dom/dist/wait-for.js:118:16)
    at Timeout.task [as _onTimeout] (/Users/mike/Plate-Restaurant-System-App/node_modules/jsdom/lib/jsdom/browser/Window.js:579:19)
    at listOnTimeout (node:internal/timers:608:17)
    at processTimers (node:internal/timers:543:7)</failure>
    </testcase>
    <testcase classname="OrdersContext Query Functions gets order by ID" name="OrdersContext Query Functions gets order by ID" time="0.008">
    </testcase>
    <testcase classname="OrdersContext Query Functions gets orders by status" name="OrdersContext Query Functions gets orders by status" time="1.005">
      <failure>Error: expect(received).toHaveLength(expected)

Expected length: 3
Received length: 0
Received array:  []

Ignored nodes: comments, script, style
&lt;html&gt;
  &lt;head&gt;
    &lt;title&gt;
      Test
    &lt;/title&gt;
  &lt;/head&gt;
  &lt;body&gt;
    &lt;div /&gt;
  &lt;/body&gt;
&lt;/html&gt;
    at toHaveLength (/Users/mike/Plate-Restaurant-System-App/__tests__/unit/lib/state/domains/orders-context.test.tsx:362:39)
    at runWithExpensiveErrorDiagnosticsDisabled (/Users/mike/Plate-Restaurant-System-App/node_modules/@testing-library/dom/dist/config.js:47:12)
    at checkCallback (/Users/mike/Plate-Restaurant-System-App/node_modules/@testing-library/dom/dist/wait-for.js:124:77)
    at checkRealTimersCallback (/Users/mike/Plate-Restaurant-System-App/node_modules/@testing-library/dom/dist/wait-for.js:118:16)
    at Timeout.task [as _onTimeout] (/Users/mike/Plate-Restaurant-System-App/node_modules/jsdom/lib/jsdom/browser/Window.js:579:19)
    at listOnTimeout (node:internal/timers:608:17)
    at processTimers (node:internal/timers:543:7)</failure>
    </testcase>
    <testcase classname="OrdersContext Query Functions gets orders by table" name="OrdersContext Query Functions gets orders by table" time="1.004">
      <failure>Error: expect(received).toHaveLength(expected)

Expected length: 3
Received length: 0
Received array:  []

Ignored nodes: comments, script, style
&lt;html&gt;
  &lt;head&gt;
    &lt;title&gt;
      Test
    &lt;/title&gt;
  &lt;/head&gt;
  &lt;body&gt;
    &lt;div /&gt;
  &lt;/body&gt;
&lt;/html&gt;
    at toHaveLength (/Users/mike/Plate-Restaurant-System-App/__tests__/unit/lib/state/domains/orders-context.test.tsx:378:39)
    at runWithExpensiveErrorDiagnosticsDisabled (/Users/mike/Plate-Restaurant-System-App/node_modules/@testing-library/dom/dist/config.js:47:12)
    at checkCallback (/Users/mike/Plate-Restaurant-System-App/node_modules/@testing-library/dom/dist/wait-for.js:124:77)
    at checkRealTimersCallback (/Users/mike/Plate-Restaurant-System-App/node_modules/@testing-library/dom/dist/wait-for.js:118:16)
    at Timeout.task [as _onTimeout] (/Users/mike/Plate-Restaurant-System-App/node_modules/jsdom/lib/jsdom/browser/Window.js:579:19)
    at listOnTimeout (node:internal/timers:608:17)
    at processTimers (node:internal/timers:543:7)</failure>
    </testcase>
    <testcase classname="OrdersContext Query Functions gets orders by resident" name="OrdersContext Query Functions gets orders by resident" time="1.004">
      <failure>Error: expect(received).toHaveLength(expected)

Expected length: 3
Received length: 0
Received array:  []

Ignored nodes: comments, script, style
&lt;html&gt;
  &lt;head&gt;
    &lt;title&gt;
      Test
    &lt;/title&gt;
  &lt;/head&gt;
  &lt;body&gt;
    &lt;div /&gt;
  &lt;/body&gt;
&lt;/html&gt;
    at toHaveLength (/Users/mike/Plate-Restaurant-System-App/__tests__/unit/lib/state/domains/orders-context.test.tsx:394:39)
    at runWithExpensiveErrorDiagnosticsDisabled (/Users/mike/Plate-Restaurant-System-App/node_modules/@testing-library/dom/dist/config.js:47:12)
    at checkCallback (/Users/mike/Plate-Restaurant-System-App/node_modules/@testing-library/dom/dist/wait-for.js:124:77)
    at checkRealTimersCallback (/Users/mike/Plate-Restaurant-System-App/node_modules/@testing-library/dom/dist/wait-for.js:118:16)
    at Timeout.task [as _onTimeout] (/Users/mike/Plate-Restaurant-System-App/node_modules/jsdom/lib/jsdom/browser/Window.js:579:19)
    at listOnTimeout (node:internal/timers:608:17)
    at processTimers (node:internal/timers:543:7)</failure>
    </testcase>
    <testcase classname="OrdersContext Query Functions gets active orders" name="OrdersContext Query Functions gets active orders" time="0.007">
    </testcase>
    <testcase classname="OrdersContext Order Statistics calculates order statistics correctly" name="OrdersContext Order Statistics calculates order statistics correctly" time="0.009">
      <failure>Error: expect(received).toBe(expected) // Object.is equality

Expected: 0
Received: 0.00005
    at Object.toBe (/Users/mike/Plate-Restaurant-System-App/__tests__/unit/lib/state/domains/orders-context.test.tsx:435:33)</failure>
    </testcase>
    <testcase classname="OrdersContext Order Statistics handles empty order list" name="OrdersContext Order Statistics handles empty order list" time="0.004">
    </testcase>
    <testcase classname="OrdersContext Convenience Hooks useOrdersData provides read-only data" name="OrdersContext Convenience Hooks useOrdersData provides read-only data" time="0.007">
      <failure>Error: expect(received).toEqual(expected) // deep equality

- Expected  - 20
+ Received  +  1

- Array [
-   Object {
-     &quot;actual_time&quot;: null,
-     &quot;created_at&quot;: &quot;2025-06-14T22:11:11.988Z&quot;,
-     &quot;id&quot;: &quot;order-1&quot;,
-     &quot;items&quot;: Array [
-       &quot;Test Item 1&quot;,
-       &quot;Test Item 2&quot;,
-     ],
-     &quot;priority&quot;: 1,
-     &quot;resident_id&quot;: &quot;test-resident-id&quot;,
-     &quot;seat_id&quot;: &quot;test-seat-id&quot;,
-     &quot;server_id&quot;: &quot;test-server-id&quot;,
-     &quot;status&quot;: &quot;new&quot;,
-     &quot;table_id&quot;: &quot;test-table-id&quot;,
-     &quot;transcript&quot;: &quot;Test order transcript&quot;,
-     &quot;type&quot;: &quot;food&quot;,
-     &quot;updated_at&quot;: &quot;2025-06-14T22:11:11.988Z&quot;,
-   },
- ]
+ Array []
    at Object.toEqual (/Users/mike/Plate-Restaurant-System-App/__tests__/unit/lib/state/domains/orders-context.test.tsx:465:37)</failure>
    </testcase>
    <testcase classname="OrdersContext Convenience Hooks useActiveOrders provides active orders only" name="OrdersContext Convenience Hooks useActiveOrders provides active orders only" time="1.008">
      <failure>Error: expect(received).toHaveLength(expected)

Expected length: 2
Received length: 0
Received array:  []

Ignored nodes: comments, script, style
&lt;html&gt;
  &lt;head&gt;
    &lt;title&gt;
      Test
    &lt;/title&gt;
  &lt;/head&gt;
  &lt;body&gt;
    &lt;div /&gt;
    &lt;div /&gt;
  &lt;/body&gt;
&lt;/html&gt;
    at toHaveLength (/Users/mike/Plate-Restaurant-System-App/__tests__/unit/lib/state/domains/orders-context.test.tsx:486:45)
    at runWithExpensiveErrorDiagnosticsDisabled (/Users/mike/Plate-Restaurant-System-App/node_modules/@testing-library/dom/dist/config.js:47:12)
    at checkCallback (/Users/mike/Plate-Restaurant-System-App/node_modules/@testing-library/dom/dist/wait-for.js:124:77)
    at checkRealTimersCallback (/Users/mike/Plate-Restaurant-System-App/node_modules/@testing-library/dom/dist/wait-for.js:118:16)
    at Timeout.task [as _onTimeout] (/Users/mike/Plate-Restaurant-System-App/node_modules/jsdom/lib/jsdom/browser/Window.js:579:19)
    at listOnTimeout (node:internal/timers:608:17)
    at processTimers (node:internal/timers:543:7)</failure>
    </testcase>
    <testcase classname="OrdersContext Error Handling throws error when used outside provider" name="OrdersContext Error Handling throws error when used outside provider" time="0.028">
    </testcase>
    <testcase classname="OrdersContext Error Handling handles concurrent operations gracefully" name="OrdersContext Error Handling handles concurrent operations gracefully" time="0.009">
    </testcase>
    <testcase classname="OrdersContext Error Handling maintains state consistency on partial failures" name="OrdersContext Error Handling maintains state consistency on partial failures" time="1.004">
      <failure>Error: expect(received).toHaveLength(expected)

Expected length: 1
Received length: 0
Received array:  []

Ignored nodes: comments, script, style
&lt;html&gt;
  &lt;head&gt;
    &lt;title&gt;
      Test
    &lt;/title&gt;
  &lt;/head&gt;
  &lt;body&gt;
    &lt;div /&gt;
  &lt;/body&gt;
&lt;/html&gt;
    at toHaveLength (/Users/mike/Plate-Restaurant-System-App/__tests__/unit/lib/state/domains/orders-context.test.tsx:533:39)
    at runWithExpensiveErrorDiagnosticsDisabled (/Users/mike/Plate-Restaurant-System-App/node_modules/@testing-library/dom/dist/config.js:47:12)
    at checkCallback (/Users/mike/Plate-Restaurant-System-App/node_modules/@testing-library/dom/dist/wait-for.js:124:77)
    at checkRealTimersCallback (/Users/mike/Plate-Restaurant-System-App/node_modules/@testing-library/dom/dist/wait-for.js:118:16)
    at Timeout.task [as _onTimeout] (/Users/mike/Plate-Restaurant-System-App/node_modules/jsdom/lib/jsdom/browser/Window.js:579:19)
    at listOnTimeout (node:internal/timers:608:17)
    at processTimers (node:internal/timers:543:7)</failure>
    </testcase>
    <testcase classname="OrdersContext Performance memoizes computed values correctly" name="OrdersContext Performance memoizes computed values correctly" time="1.004">
      <failure>Error: expect(received).toHaveLength(expected)

Expected length: 1
Received length: 0
Received array:  []

Ignored nodes: comments, script, style
&lt;html&gt;
  &lt;head&gt;
    &lt;title&gt;
      Test
    &lt;/title&gt;
  &lt;/head&gt;
  &lt;body&gt;
    &lt;div /&gt;
  &lt;/body&gt;
&lt;/html&gt;
    at toHaveLength (/Users/mike/Plate-Restaurant-System-App/__tests__/unit/lib/state/domains/orders-context.test.tsx:566:39)
    at runWithExpensiveErrorDiagnosticsDisabled (/Users/mike/Plate-Restaurant-System-App/node_modules/@testing-library/dom/dist/config.js:47:12)
    at checkCallback (/Users/mike/Plate-Restaurant-System-App/node_modules/@testing-library/dom/dist/wait-for.js:124:77)
    at checkRealTimersCallback (/Users/mike/Plate-Restaurant-System-App/node_modules/@testing-library/dom/dist/wait-for.js:118:16)
    at Timeout.task [as _onTimeout] (/Users/mike/Plate-Restaurant-System-App/node_modules/jsdom/lib/jsdom/browser/Window.js:579:19)
    at listOnTimeout (node:internal/timers:608:17)
    at processTimers (node:internal/timers:543:7)</failure>
    </testcase>
    <testcase classname="OrdersContext Performance handles large datasets efficiently" name="OrdersContext Performance handles large datasets efficiently" time="1.009">
      <failure>Error: expect(received).toHaveLength(expected)

Expected length: 1000
Received length: 0
Received array:  []

Ignored nodes: comments, script, style
&lt;html&gt;
  &lt;head&gt;
    &lt;title&gt;
      Test
    &lt;/title&gt;
  &lt;/head&gt;
  &lt;body&gt;
    &lt;div /&gt;
  &lt;/body&gt;
&lt;/html&gt;
    at toHaveLength (/Users/mike/Plate-Restaurant-System-App/__tests__/unit/lib/state/domains/orders-context.test.tsx:591:39)
    at runWithExpensiveErrorDiagnosticsDisabled (/Users/mike/Plate-Restaurant-System-App/node_modules/@testing-library/dom/dist/config.js:47:12)
    at checkCallback (/Users/mike/Plate-Restaurant-System-App/node_modules/@testing-library/dom/dist/wait-for.js:124:77)
    at checkRealTimersCallback (/Users/mike/Plate-Restaurant-System-App/node_modules/@testing-library/dom/dist/wait-for.js:118:16)
    at Timeout.task [as _onTimeout] (/Users/mike/Plate-Restaurant-System-App/node_modules/jsdom/lib/jsdom/browser/Window.js:579:19)
    at listOnTimeout (node:internal/timers:608:17)
    at processTimers (node:internal/timers:543:7)</failure>
    </testcase>
    <testcase classname="OrdersContext Real-time Updates configures real-time subscription when enabled" name="OrdersContext Real-time Updates configures real-time subscription when enabled" time="0.004">
    </testcase>
    <testcase classname="OrdersContext Real-time Updates configures auto-refresh when enabled" name="OrdersContext Real-time Updates configures auto-refresh when enabled" time="0.002">
    </testcase>
  </testsuite>
  <testsuite name="AudioOptimizer" errors="0" failures="2" skipped="0" timestamp="2025-06-14T22:11:01" time="19.291" tests="21">
    <testcase classname="AudioOptimizer Audio Analysis should analyze audio file properties correctly" name="AudioOptimizer Audio Analysis should analyze audio file properties correctly" time="0.041">
    </testcase>
    <testcase classname="AudioOptimizer Audio Analysis should detect different audio formats" name="AudioOptimizer Audio Analysis should detect different audio formats" time="0.002">
    </testcase>
    <testcase classname="AudioOptimizer Audio Analysis should calculate estimated transcription cost" name="AudioOptimizer Audio Analysis should calculate estimated transcription cost" time="0.001">
    </testcase>
    <testcase classname="AudioOptimizer Optimization Detection should identify files that need optimization" name="AudioOptimizer Optimization Detection should identify files that need optimization" time="0.012">
    </testcase>
    <testcase classname="AudioOptimizer Optimization Detection should not optimize files that are already optimal" name="AudioOptimizer Optimization Detection should not optimize files that are already optimal" time="0">
    </testcase>
    <testcase classname="AudioOptimizer Audio Optimization should compress large audio files" name="AudioOptimizer Audio Optimization should compress large audio files" time="2.442">
    </testcase>
    <testcase classname="AudioOptimizer Audio Optimization should skip optimization for already optimal files" name="AudioOptimizer Audio Optimization should skip optimization for already optimal files" time="0.002">
    </testcase>
    <testcase classname="AudioOptimizer Audio Optimization should apply multiple optimizations when needed" name="AudioOptimizer Audio Optimization should apply multiple optimizations when needed" time="0.021">
    </testcase>
    <testcase classname="AudioOptimizer Audio Optimization should handle optimization failures gracefully" name="AudioOptimizer Audio Optimization should handle optimization failures gracefully" time="0.008">
      <failure>Error: expect(received).toContain(expected) // indexOf

Expected value: &quot;optimization-failed&quot;
Received array: [&quot;compression&quot;]
    at Object.toContain (/Users/mike/Plate-Restaurant-System-App/__tests__/unit/lib/voice-ordering/audio-optimization.test.ts:175:42)
    at processTicksAndRejections (node:internal/process/task_queues:105:5)</failure>
    </testcase>
    <testcase classname="AudioOptimizer Compression Effectiveness should achieve target compression ratios" name="AudioOptimizer Compression Effectiveness should achieve target compression ratios" time="4.049">
    </testcase>
    <testcase classname="AudioOptimizer Compression Effectiveness should reduce file sizes by at least 30% for large files" name="AudioOptimizer Compression Effectiveness should reduce file sizes by at least 30% for large files" time="2.171">
    </testcase>
    <testcase classname="AudioOptimizer Cost Optimization should calculate cost savings from optimization" name="AudioOptimizer Cost Optimization should calculate cost savings from optimization" time="2.03">
    </testcase>
    <testcase classname="AudioOptimizer Cost Optimization should maintain transcription quality while reducing costs" name="AudioOptimizer Cost Optimization should maintain transcription quality while reducing costs" time="2.013">
    </testcase>
    <testcase classname="AudioOptimizer Format Optimization should convert to optimal formats" name="AudioOptimizer Format Optimization should convert to optimal formats" time="0.002">
    </testcase>
    <testcase classname="AudioOptimizer Performance Requirements should optimize audio files quickly" name="AudioOptimizer Performance Requirements should optimize audio files quickly" time="0.003">
    </testcase>
    <testcase classname="AudioOptimizer Performance Requirements should handle multiple file sizes efficiently" name="AudioOptimizer Performance Requirements should handle multiple file sizes efficiently" time="2.02">
    </testcase>
    <testcase classname="AudioOptimizer Edge Cases should handle very small audio files" name="AudioOptimizer Edge Cases should handle very small audio files" time="0">
    </testcase>
    <testcase classname="AudioOptimizer Edge Cases should handle unsupported formats gracefully" name="AudioOptimizer Edge Cases should handle unsupported formats gracefully" time="0.002">
      <failure>Error: expect(received).toBe(expected) // Object.is equality

Expected: &quot;unknown&quot;
Received: &quot;mp3&quot;
    at Object.toBe (/Users/mike/Plate-Restaurant-System-App/__tests__/unit/lib/voice-ordering/audio-optimization.test.ts:286:38)
    at processTicksAndRejections (node:internal/process/task_queues:105:5)</failure>
    </testcase>
    <testcase classname="AudioOptimizer Edge Cases should handle corrupted audio data" name="AudioOptimizer Edge Cases should handle corrupted audio data" time="0">
    </testcase>
    <testcase classname="AudioOptimizer Integration with Transcription Pipeline should integrate with the convenience function" name="AudioOptimizer Integration with Transcription Pipeline should integrate with the convenience function" time="2.043">
    </testcase>
    <testcase classname="AudioOptimizer Integration with Transcription Pipeline should provide detailed metadata for tracking" name="AudioOptimizer Integration with Transcription Pipeline should provide detailed metadata for tracking" time="2.003">
    </testcase>
  </testsuite>
</testsuites>